2025-06-13 10:21:06 error: StatusCode : 400, Message : form_title must be a string, form_title should not be empty, form_data should not be empty, created_by must be a number conforming to the specified constraints, created_by should not be empty
2025-06-13 10:50:43 error: StatusCode : 400, Message : form_title must be a string, form_title should not be empty, form_data should not be empty, created_by must be a number conforming to the specified constraints, created_by should not be empty
2025-06-13 11:26:04 error: StatusCode : 400, Message : form_title must be a string, form_title should not be empty, form_data should not be empty, created_by must be a number conforming to the specified constraints, created_by should not be empty
2025-06-13 11:31:57 error: StatusCode : 400, Message : form_title must be a string, form_title should not be empty, form_data should not be empty, created_by must be a number conforming to the specified constraints, created_by should not be empty
2025-06-13 11:32:27 error: uncaughtException: IsOptional is not defined
ReferenceError: IsOptional is not defined
    at Object.<anonymous> (D:\React Apps\Event Management\Event Management Backend\itw-backend\src\dtos\dynamicform.dto.ts:6:5)
    at Module._compile (node:internal/modules/cjs/loader:1469:14)
    at Module.m._compile (D:\React Apps\Event Management\Event Management Backend\itw-backend\node_modules\ts-node\src\index.ts:1618:23)
    at Module._extensions..js (node:internal/modules/cjs/loader:1548:10)
    at Object.require.extensions.<computed> [as .ts] (D:\React Apps\Event Management\Event Management Backend\itw-backend\node_modules\ts-node\src\index.ts:1621:12)
    at Module.load (node:internal/modules/cjs/loader:1288:32)
    at Function.Module._load (node:internal/modules/cjs/loader:1104:12)
    at Module.require (node:internal/modules/cjs/loader:1311:19)
    at require (node:internal/modules/helpers:179:18)
    at Object.<anonymous> (D:\React Apps\Event Management\Event Management Backend\itw-backend\src\routes\dynamicform.route.ts:5:1)
2025-06-13 11:32:43 error: StatusCode : 400, Message : id must be a string, form_title must be a string, form_title should not be empty, form_data should not be empty, created_by must be a number conforming to the specified constraints, created_by should not be empty
2025-06-13 11:35:02 error: StatusCode : 400, Message : id must be a string, form_title must be a string, form_title should not be empty, form_data should not be empty, created_by must be a number conforming to the specified constraints, created_by should not be empty
2025-06-13 11:37:46 error: StatusCode : 400, Message : form_title must be a string, form_title should not be empty, form_data should not be empty, created_by must be a number conforming to the specified constraints, created_by should not be empty
2025-06-13 17:01:40 error: StatusCode : 400, Message : id must be a number conforming to the specified constraints, form_data should not be empty, created_by must be a number conforming to the specified constraints, created_by should not be empty
2025-06-13 17:01:48 error: StatusCode : 400, Message : id must be a number conforming to the specified constraints, form_data should not be empty, created_by must be a number conforming to the specified constraints, created_by should not be empty
2025-06-13 17:02:28 error: StatusCode : 401, Message : Wrong authentication token
2025-06-13 17:03:15 error: StatusCode : 400, Message : id must be a number conforming to the specified constraints, form_data should not be empty, created_by must be a number conforming to the specified constraints, created_by should not be empty
2025-06-13 17:05:05 error: StatusCode : 400, Message : id must be a number conforming to the specified constraints, form_data should not be empty, created_by must be a number conforming to the specified constraints, created_by should not be empty
2025-06-13 17:05:11 error: StatusCode : 400, Message : id must be a number conforming to the specified constraints, form_data should not be empty, created_by must be a number conforming to the specified constraints, created_by should not be empty
2025-06-13 17:07:51 error: StatusCode : 400, Message : form_data must be a json string, form_data should not be empty, created_by must be a number conforming to the specified constraints, created_by should not be empty
2025-06-13 17:08:17 error: StatusCode : 400, Message : form_data must be a json string, form_data should not be empty
2025-06-13 17:08:30 error: StatusCode : 400, Message : form_data must be a json string
2025-06-13 17:08:34 error: StatusCode : 400, Message : form_data must be a json string
2025-06-13 17:10:16 error: StatusCode : 400, Message : form_data must be a json string, created_by must be a number conforming to the specified constraints, created_by should not be empty
2025-06-13 17:13:58 error: StatusCode : 400, Message : created_by must be a number conforming to the specified constraints, created_by should not be empty
2025-06-13 17:15:31 error: StatusCode : 400, Message : created_by must be a number conforming to the specified constraints, created_by should not be empty
