2025-06-04 11:27:44 error: StatusCode : 500, Message : insert into "tags" ("created_by", "is_active", "tag_name", "tag_value") values ($1, $2, $3, $4) returning * - null value in column "tag_type" of relation "tags" violates not-null constraint
2025-06-04 11:28:19 error: StatusCode : 500, Message : insert into "tags" ("created_by", "is_active", "tag_name", "tag_value") values ($1, $2, $3, $4) returning * - null value in column "tag_type" of relation "tags" violates not-null constraint
2025-06-04 11:30:11 error: StatusCode : 500, Message : insert into "tags" ("created_by", "is_active", "tag_name", "tag_value") values ($1, $2, $3, $4) returning * - null value in column "tag_type" of relation "tags" violates not-null constraint
2025-06-04 13:06:55 error: StatusCode : 500, Message : insert into "event" ("address_line_1", "address_line_2", "agenda", "all_day", "banner_image", "city", "created_at", "created_by", "currency", "date", "deleted_at", "deleted_by", "event_description", "event_title", "gate_no", "is_active", "is_deleted", "map_integration", "meta_description", "meta_title", "meta_url", "more_images", "our_partners", "pincode", "promo_video", "seats_remaining", "seats_remaining_indicator", "speaker_details", "sponsors", "state", "tags", "ticket_price", "time", "time_zone_selector", "total_seats", "updated_by", "venue_name") values ($1, $2, $3, $4, $5, $6, $7, $8, $9, $10, $11, $12, $13, $14, $15, $16, $17, $18, $19, $20, $21, $22, $23, $24, $25, $26, $27, $28, $29, $30, $31, $32, $33, $34, $35, $36, $37) returning * - duplicate key value violates unique constraint "event_pkey"
2025-06-04 13:14:23 error: StatusCode : 500, Message : insert into "event" ("address_line_1", "address_line_2", "agenda", "all_day", "banner_image", "city", "created_at", "created_by", "currency", "date", "deleted_at", "deleted_by", "event_description", "event_title", "gate_no", "is_active", "is_deleted", "map_integration", "meta_description", "meta_title", "meta_url", "more_images", "our_partners", "pincode", "promo_video", "seats_remaining", "seats_remaining_indicator", "speaker_details", "sponsors", "state", "tags", "ticket_price", "time", "time_zone_selector", "total_seats", "updated_by", "venue_name") values ($1, $2, $3, $4, $5, $6, $7, $8, $9, $10, $11, $12, $13, $14, $15, $16, $17, $18, $19, $20, $21, $22, $23, $24, $25, $26, $27, $28, $29, $30, $31, $32, $33, $34, $35, $36, $37) returning * - duplicate key value violates unique constraint "event_pkey"
2025-06-04 14:41:51 error: StatusCode : 500, Message : insert into "event" ("address_line_1", "address_line_2", "agenda", "all_day", "banner_image", "city", "created_at", "created_by", "currency", "date", "deleted_at", "deleted_by", "event_description", "event_title", "gate_no", "is_active", "is_deleted", "map_integration", "meta_description", "meta_title", "meta_url", "more_images", "our_partners", "pincode", "promo_video", "seats_remaining", "seats_remaining_indicator", "speaker_details", "sponsors", "state", "tags", "ticket_price", "time", "time_zone_selector", "total_seats", "updated_by", "venue_name") values ($1, $2, $3, $4, $5, $6, $7, $8, $9, $10, $11, $12, $13, $14, $15, $16, $17, $18, $19, $20, $21, $22, $23, $24, $25, $26, $27, $28, $29, $30, $31, $32, $33, $34, $35, $36, $37) returning * - duplicate key value violates unique constraint "event_pkey"
2025-06-04 15:17:12 error: StatusCode : 400, Message : Expected double-quoted property name in JSON at position 1770
2025-06-04 15:18:12 error: StatusCode : 400, Message : Expected double-quoted property name in JSON at position 1772
2025-06-04 15:18:31 error: StatusCode : 400, Message : Expected double-quoted property name in JSON at position 1759
2025-06-04 15:21:16 error: StatusCode : 400, Message : more_images must be a string, agenda must be a string, speaker_details must be a json string, sponsors must be a string, our_partners must be a string
2025-06-04 17:05:40 error: StatusCode : 500, Message : insert into "event" ("address_line_1", "address_line_2", "agenda", "all_day", "banner_image", "city", "created_at", "created_by", "currency", "date", "deleted_at", "deleted_by", "event_description", "event_title", "gate_no", "is_active", "is_deleted", "map_integration", "meta_description", "meta_title", "meta_url", "more_images", "our_partners", "pincode", "promo_video", "seats_remaining", "seats_remaining_indicator", "speaker_details", "sponsors", "state", "tags", "ticket_price", "time", "time_zone_selector", "total_seats", "updated_by", "venue_name") values ($1, $2, $3, $4, $5, $6, $7, $8, $9, $10, $11, $12, $13, $14, $15, $16, $17, $18, $19, $20, $21, $22, $23, $24, $25, $26, $27, $28, $29, $30, $31, $32, $33, $34, $35, $36, $37) returning * - invalid input syntax for type json
2025-06-04 17:06:09 error: StatusCode : 500, Message : insert into "event" ("address_line_1", "address_line_2", "agenda", "all_day", "banner_image", "city", "created_at", "created_by", "currency", "date", "deleted_at", "deleted_by", "event_description", "event_title", "gate_no", "is_active", "is_deleted", "map_integration", "meta_description", "meta_title", "meta_url", "more_images", "our_partners", "pincode", "promo_video", "seats_remaining", "seats_remaining_indicator", "speaker_details", "sponsors", "state", "tags", "ticket_price", "time", "time_zone_selector", "total_seats", "updated_by", "venue_name") values ($1, $2, $3, $4, $5, $6, $7, $8, $9, $10, $11, $12, $13, $14, $15, $16, $17, $18, $19, $20, $21, $22, $23, $24, $25, $26, $27, $28, $29, $30, $31, $32, $33, $34, $35, $36, $37) returning * - invalid input syntax for type json
2025-06-04 17:06:48 error: StatusCode : 500, Message : insert into "event" ("address_line_1", "address_line_2", "agenda", "all_day", "banner_image", "city", "created_at", "created_by", "currency", "date", "deleted_at", "deleted_by", "event_description", "event_title", "gate_no", "is_active", "is_deleted", "map_integration", "meta_description", "meta_title", "meta_url", "more_images", "our_partners", "pincode", "promo_video", "seats_remaining", "seats_remaining_indicator", "speaker_details", "sponsors", "state", "tags", "ticket_price", "time", "time_zone_selector", "total_seats", "updated_by", "venue_name") values ($1, $2, $3, $4, $5, $6, $7, $8, $9, $10, $11, $12, $13, $14, $15, $16, $17, $18, $19, $20, $21, $22, $23, $24, $25, $26, $27, $28, $29, $30, $31, $32, $33, $34, $35, $36, $37) returning * - invalid input syntax for type json
2025-06-04 17:09:50 error: StatusCode : 500, Message : insert into "event" ("address_line_1", "address_line_2", "agenda", "all_day", "banner_image", "city", "created_at", "created_by", "currency", "date", "deleted_at", "deleted_by", "event_description", "event_title", "gate_no", "is_active", "is_deleted", "map_integration", "meta_description", "meta_title", "meta_url", "more_images", "our_partners", "pincode", "promo_video", "seats_remaining", "seats_remaining_indicator", "speaker_details", "sponsors", "state", "tags", "ticket_price", "time", "time_zone_selector", "total_seats", "updated_by", "venue_name") values ($1, $2, $3, $4, $5, $6, $7, $8, $9, $10, $11, $12, $13, $14, $15, $16, $17, $18, $19, $20, $21, $22, $23, $24, $25, $26, $27, $28, $29, $30, $31, $32, $33, $34, $35, $36, $37) returning * - invalid input syntax for type json
2025-06-04 17:09:54 error: StatusCode : 500, Message : insert into "event" ("address_line_1", "address_line_2", "agenda", "all_day", "banner_image", "city", "created_at", "created_by", "currency", "date", "deleted_at", "deleted_by", "event_description", "event_title", "gate_no", "is_active", "is_deleted", "map_integration", "meta_description", "meta_title", "meta_url", "more_images", "our_partners", "pincode", "promo_video", "seats_remaining", "seats_remaining_indicator", "speaker_details", "sponsors", "state", "tags", "ticket_price", "time", "time_zone_selector", "total_seats", "updated_by", "venue_name") values ($1, $2, $3, $4, $5, $6, $7, $8, $9, $10, $11, $12, $13, $14, $15, $16, $17, $18, $19, $20, $21, $22, $23, $24, $25, $26, $27, $28, $29, $30, $31, $32, $33, $34, $35, $36, $37) returning * - invalid input syntax for type json
2025-06-04 17:11:21 error: StatusCode : 500, Message : insert into "event" ("address_line_1", "address_line_2", "agenda", "all_day", "banner_image", "city", "created_at", "created_by", "currency", "date", "deleted_at", "deleted_by", "event_description", "event_title", "gate_no", "is_active", "is_deleted", "map_integration", "meta_description", "meta_title", "meta_url", "more_images", "our_partners", "pincode", "promo_video", "seats_remaining", "seats_remaining_indicator", "speaker_details", "sponsors", "state", "tags", "ticket_price", "time", "time_zone_selector", "total_seats", "updated_by", "venue_name") values ($1, $2, $3, $4, $5, $6, $7, $8, $9, $10, $11, $12, $13, $14, $15, $16, $17, $18, $19, $20, $21, $22, $23, $24, $25, $26, $27, $28, $29, $30, $31, $32, $33, $34, $35, $36, $37) returning * - invalid input syntax for type json
2025-06-04 17:13:27 error: StatusCode : 500, Message : insert into "event" ("address_line_1", "address_line_2", "agenda", "all_day", "banner_image", "city", "created_at", "created_by", "currency", "date", "deleted_at", "deleted_by", "event_description", "event_title", "gate_no", "is_active", "is_deleted", "map_integration", "meta_description", "meta_title", "meta_url", "more_images", "our_partners", "pincode", "promo_video", "seats_remaining", "seats_remaining_indicator", "speaker_details", "sponsors", "state", "tags", "ticket_price", "time", "time_zone_selector", "total_seats", "updated_by", "venue_name") values ($1, $2, $3, $4, $5, $6, $7, $8, $9, $10, $11, $12, $13, $14, $15, $16, $17, $18, $19, $20, $21, $22, $23, $24, $25, $26, $27, $28, $29, $30, $31, $32, $33, $34, $35, $36, $37) returning * - invalid input syntax for type json
2025-06-04 17:13:44 error: StatusCode : 500, Message : insert into "event" ("address_line_1", "address_line_2", "agenda", "all_day", "banner_image", "city", "created_at", "created_by", "currency", "date", "deleted_at", "deleted_by", "event_description", "event_title", "gate_no", "is_active", "is_deleted", "map_integration", "meta_description", "meta_title", "meta_url", "more_images", "our_partners", "pincode", "promo_video", "seats_remaining", "seats_remaining_indicator", "speaker_details", "sponsors", "state", "tags", "ticket_price", "time", "time_zone_selector", "total_seats", "updated_by", "venue_name") values ($1, $2, $3, $4, $5, $6, $7, $8, $9, $10, $11, $12, $13, $14, $15, $16, $17, $18, $19, $20, $21, $22, $23, $24, $25, $26, $27, $28, $29, $30, $31, $32, $33, $34, $35, $36, $37) returning * - invalid input syntax for type json
2025-06-04 17:14:40 error: StatusCode : 400, Message : speaker_details must be a json string
2025-06-04 17:16:15 error: uncaughtException: Reflect.getMetadata is not a function
TypeError: Reflect.getMetadata is not a function
    at D:\React Apps\Event Management\Event Management Backend\itw-backend\node_modules\src\decorators\type.decorator.ts:15:44
    at __decorate (D:\React Apps\Event Management\Event Management Backend\itw-backend\src\dtos\event.dto.ts:5:110)
    at Object.<anonymous> (D:\React Apps\Event Management\Event Management Backend\itw-backend\src\dtos\event.dto.ts:36:5)
    at Module._compile (node:internal/modules/cjs/loader:1469:14)
    at Module.m._compile (D:\React Apps\Event Management\Event Management Backend\itw-backend\node_modules\ts-node\src\index.ts:1618:23)
    at Module._extensions..js (node:internal/modules/cjs/loader:1548:10)
    at Object.require.extensions.<computed> [as .ts] (D:\React Apps\Event Management\Event Management Backend\itw-backend\node_modules\ts-node\src\index.ts:1621:12)
    at Module.load (node:internal/modules/cjs/loader:1288:32)
    at Function.Module._load (node:internal/modules/cjs/loader:1104:12)
    at Module.require (node:internal/modules/cjs/loader:1311:19)
2025-06-04 17:20:04 error: uncaughtException: Reflect.getMetadata is not a function
TypeError: Reflect.getMetadata is not a function
    at D:\React Apps\Event Management\Event Management Backend\itw-backend\node_modules\src\decorators\type.decorator.ts:15:44
    at __decorate (D:\React Apps\Event Management\Event Management Backend\itw-backend\src\dtos\event.dto.ts:5:110)
    at Object.<anonymous> (D:\React Apps\Event Management\Event Management Backend\itw-backend\src\dtos\event.dto.ts:36:5)
    at Module._compile (node:internal/modules/cjs/loader:1469:14)
    at Module.m._compile (D:\React Apps\Event Management\Event Management Backend\itw-backend\node_modules\ts-node\src\index.ts:1618:23)
    at Module._extensions..js (node:internal/modules/cjs/loader:1548:10)
    at Object.require.extensions.<computed> [as .ts] (D:\React Apps\Event Management\Event Management Backend\itw-backend\node_modules\ts-node\src\index.ts:1621:12)
    at Module.load (node:internal/modules/cjs/loader:1288:32)
    at Function.Module._load (node:internal/modules/cjs/loader:1104:12)
    at Module.require (node:internal/modules/cjs/loader:1311:19)
2025-06-04 17:20:18 error: uncaughtException: Reflect.getMetadata is not a function
TypeError: Reflect.getMetadata is not a function
    at D:\React Apps\Event Management\Event Management Backend\itw-backend\node_modules\src\decorators\type.decorator.ts:15:44
    at __decorate (D:\React Apps\Event Management\Event Management Backend\itw-backend\src\dtos\event.dto.ts:5:110)
    at Object.<anonymous> (D:\React Apps\Event Management\Event Management Backend\itw-backend\src\dtos\event.dto.ts:36:5)
    at Module._compile (node:internal/modules/cjs/loader:1469:14)
    at Module.m._compile (D:\React Apps\Event Management\Event Management Backend\itw-backend\node_modules\ts-node\src\index.ts:1618:23)
    at Module._extensions..js (node:internal/modules/cjs/loader:1548:10)
    at Object.require.extensions.<computed> [as .ts] (D:\React Apps\Event Management\Event Management Backend\itw-backend\node_modules\ts-node\src\index.ts:1621:12)
    at Module.load (node:internal/modules/cjs/loader:1288:32)
    at Function.Module._load (node:internal/modules/cjs/loader:1104:12)
    at Module.require (node:internal/modules/cjs/loader:1311:19)
2025-06-04 17:38:59 error: uncaughtException: Reflect.getMetadata is not a function
TypeError: Reflect.getMetadata is not a function
    at D:\React Apps\Event Management\Event Management Backend\itw-backend\node_modules\src\decorators\type.decorator.ts:15:44
    at __decorate (D:\React Apps\Event Management\Event Management Backend\itw-backend\src\dtos\event.dto.ts:5:110)
    at Object.<anonymous> (D:\React Apps\Event Management\Event Management Backend\itw-backend\src\dtos\event.dto.ts:27:5)
    at Module._compile (node:internal/modules/cjs/loader:1469:14)
    at Module.m._compile (D:\React Apps\Event Management\Event Management Backend\itw-backend\node_modules\ts-node\src\index.ts:1618:23)
    at Module._extensions..js (node:internal/modules/cjs/loader:1548:10)
    at Object.require.extensions.<computed> [as .ts] (D:\React Apps\Event Management\Event Management Backend\itw-backend\node_modules\ts-node\src\index.ts:1621:12)
    at Module.load (node:internal/modules/cjs/loader:1288:32)
    at Function.Module._load (node:internal/modules/cjs/loader:1104:12)
    at Module.require (node:internal/modules/cjs/loader:1311:19)
2025-06-04 17:39:20 error: uncaughtException: Reflect.getMetadata is not a function
TypeError: Reflect.getMetadata is not a function
    at D:\React Apps\Event Management\Event Management Backend\itw-backend\node_modules\src\decorators\type.decorator.ts:15:44
    at __decorate (D:\React Apps\Event Management\Event Management Backend\itw-backend\src\dtos\event.dto.ts:5:110)
    at Object.<anonymous> (D:\React Apps\Event Management\Event Management Backend\itw-backend\src\dtos\event.dto.ts:27:5)
    at Module._compile (node:internal/modules/cjs/loader:1469:14)
    at Module.m._compile (D:\React Apps\Event Management\Event Management Backend\itw-backend\node_modules\ts-node\src\index.ts:1618:23)
    at Module._extensions..js (node:internal/modules/cjs/loader:1548:10)
    at Object.require.extensions.<computed> [as .ts] (D:\React Apps\Event Management\Event Management Backend\itw-backend\node_modules\ts-node\src\index.ts:1621:12)
    at Module.load (node:internal/modules/cjs/loader:1288:32)
    at Function.Module._load (node:internal/modules/cjs/loader:1104:12)
    at Module.require (node:internal/modules/cjs/loader:1311:19)
2025-06-04 17:39:38 error: uncaughtException: Reflect.getMetadata is not a function
TypeError: Reflect.getMetadata is not a function
    at D:\React Apps\Event Management\Event Management Backend\itw-backend\node_modules\src\decorators\type.decorator.ts:15:44
    at __decorate (D:\React Apps\Event Management\Event Management Backend\itw-backend\src\dtos\event.dto.ts:5:110)
    at Object.<anonymous> (D:\React Apps\Event Management\Event Management Backend\itw-backend\src\dtos\event.dto.ts:27:5)
    at Module._compile (node:internal/modules/cjs/loader:1469:14)
    at Module.m._compile (D:\React Apps\Event Management\Event Management Backend\itw-backend\node_modules\ts-node\src\index.ts:1618:23)
    at Module._extensions..js (node:internal/modules/cjs/loader:1548:10)
    at Object.require.extensions.<computed> [as .ts] (D:\React Apps\Event Management\Event Management Backend\itw-backend\node_modules\ts-node\src\index.ts:1621:12)
    at Module.load (node:internal/modules/cjs/loader:1288:32)
    at Function.Module._load (node:internal/modules/cjs/loader:1104:12)
    at Module.require (node:internal/modules/cjs/loader:1311:19)
2025-06-04 17:42:24 error: uncaughtException: Reflect.getMetadata is not a function
TypeError: Reflect.getMetadata is not a function
    at D:\React Apps\Event Management\Event Management Backend\itw-backend\node_modules\src\decorators\type.decorator.ts:15:44
    at __decorate (D:\React Apps\Event Management\Event Management Backend\itw-backend\src\dtos\event.dto.ts:5:110)
    at Object.<anonymous> (D:\React Apps\Event Management\Event Management Backend\itw-backend\src\dtos\event.dto.ts:27:5)
    at Module._compile (node:internal/modules/cjs/loader:1469:14)
    at Module.m._compile (D:\React Apps\Event Management\Event Management Backend\itw-backend\node_modules\ts-node\src\index.ts:1618:23)
    at Module._extensions..js (node:internal/modules/cjs/loader:1548:10)
    at Object.require.extensions.<computed> [as .ts] (D:\React Apps\Event Management\Event Management Backend\itw-backend\node_modules\ts-node\src\index.ts:1621:12)
    at Module.load (node:internal/modules/cjs/loader:1288:32)
    at Function.Module._load (node:internal/modules/cjs/loader:1104:12)
    at Module.require (node:internal/modules/cjs/loader:1311:19)
2025-06-04 17:44:23 error: uncaughtException: Reflect.getMetadata is not a function
TypeError: Reflect.getMetadata is not a function
    at D:\React Apps\Event Management\Event Management Backend\itw-backend\node_modules\src\decorators\type.decorator.ts:15:44
    at __decorate (D:\React Apps\Event Management\Event Management Backend\itw-backend\src\dtos\event.dto.ts:5:110)
    at Object.<anonymous> (D:\React Apps\Event Management\Event Management Backend\itw-backend\src\dtos\event.dto.ts:27:5)
    at Module._compile (node:internal/modules/cjs/loader:1469:14)
    at Module.m._compile (D:\React Apps\Event Management\Event Management Backend\itw-backend\node_modules\ts-node\src\index.ts:1618:23)
    at Module._extensions..js (node:internal/modules/cjs/loader:1548:10)
    at Object.require.extensions.<computed> [as .ts] (D:\React Apps\Event Management\Event Management Backend\itw-backend\node_modules\ts-node\src\index.ts:1621:12)
    at Module.load (node:internal/modules/cjs/loader:1288:32)
    at Function.Module._load (node:internal/modules/cjs/loader:1104:12)
    at Module.require (node:internal/modules/cjs/loader:1311:19)
2025-06-04 17:44:33 error: uncaughtException: Reflect.getMetadata is not a function
TypeError: Reflect.getMetadata is not a function
    at D:\React Apps\Event Management\Event Management Backend\itw-backend\node_modules\src\decorators\type.decorator.ts:15:44
    at __decorate (D:\React Apps\Event Management\Event Management Backend\itw-backend\src\dtos\event.dto.ts:5:110)
    at Object.<anonymous> (D:\React Apps\Event Management\Event Management Backend\itw-backend\src\dtos\event.dto.ts:27:5)
    at Module._compile (node:internal/modules/cjs/loader:1469:14)
    at Module.m._compile (D:\React Apps\Event Management\Event Management Backend\itw-backend\node_modules\ts-node\src\index.ts:1618:23)
    at Module._extensions..js (node:internal/modules/cjs/loader:1548:10)
    at Object.require.extensions.<computed> [as .ts] (D:\React Apps\Event Management\Event Management Backend\itw-backend\node_modules\ts-node\src\index.ts:1621:12)
    at Module.load (node:internal/modules/cjs/loader:1288:32)
    at Function.Module._load (node:internal/modules/cjs/loader:1104:12)
    at Module.require (node:internal/modules/cjs/loader:1311:19)
2025-06-04 17:45:24 error: uncaughtException: Reflect.getMetadata is not a function
TypeError: Reflect.getMetadata is not a function
    at D:\React Apps\Event Management\Event Management Backend\itw-backend\node_modules\src\decorators\type.decorator.ts:15:44
    at __decorate (D:\React Apps\Event Management\Event Management Backend\itw-backend\src\dtos\event.dto.ts:5:110)
    at Object.<anonymous> (D:\React Apps\Event Management\Event Management Backend\itw-backend\src\dtos\event.dto.ts:27:5)
    at Module._compile (node:internal/modules/cjs/loader:1469:14)
    at Module.m._compile (D:\React Apps\Event Management\Event Management Backend\itw-backend\node_modules\ts-node\src\index.ts:1618:23)
    at Module._extensions..js (node:internal/modules/cjs/loader:1548:10)
    at Object.require.extensions.<computed> [as .ts] (D:\React Apps\Event Management\Event Management Backend\itw-backend\node_modules\ts-node\src\index.ts:1621:12)
    at Module.load (node:internal/modules/cjs/loader:1288:32)
    at Function.Module._load (node:internal/modules/cjs/loader:1104:12)
    at Module.require (node:internal/modules/cjs/loader:1311:19)
2025-06-04 17:45:41 error: uncaughtException: Reflect.getMetadata is not a function
TypeError: Reflect.getMetadata is not a function
    at D:\React Apps\Event Management\Event Management Backend\itw-backend\node_modules\src\decorators\type.decorator.ts:15:44
    at __decorate (D:\React Apps\Event Management\Event Management Backend\itw-backend\src\dtos\event.dto.ts:5:110)
    at Object.<anonymous> (D:\React Apps\Event Management\Event Management Backend\itw-backend\src\dtos\event.dto.ts:27:5)
    at Module._compile (node:internal/modules/cjs/loader:1469:14)
    at Module.m._compile (D:\React Apps\Event Management\Event Management Backend\itw-backend\node_modules\ts-node\src\index.ts:1618:23)
    at Module._extensions..js (node:internal/modules/cjs/loader:1548:10)
    at Object.require.extensions.<computed> [as .ts] (D:\React Apps\Event Management\Event Management Backend\itw-backend\node_modules\ts-node\src\index.ts:1621:12)
    at Module.load (node:internal/modules/cjs/loader:1288:32)
    at Function.Module._load (node:internal/modules/cjs/loader:1104:12)
    at Module.require (node:internal/modules/cjs/loader:1311:19)
2025-06-04 18:00:22 error: StatusCode : 404, Message : Authentication token missing
2025-06-04 18:01:11 error: StatusCode : 400, Message : ticket_id must be a string
2025-06-04 18:02:26 error: StatusCode : 500, Message : insert into "bookings" ("booking_status", "created_by", "email_address", "event_id", "is_active", "location", "name", "notes", "notify_via_email_sms", "payment_method", "phone_number", "promo_code", "quantity", "tags", "terms_and_conditions", "ticket_id", "ticket_price", "ticket_type", "total_amount") values ($1, $2, $3, $4, $5, $6, $7, $8, $9, $10, $11, $12, $13, $14, $15, $16, $17, $18, $19) returning * - invalid input syntax for type json
2025-06-04 19:06:44 error: StatusCode : 404, Message : Authentication token missing
2025-06-04 19:06:56 error: StatusCode : 404, Message : Authentication token missing
2025-06-04 19:07:35 error: StatusCode : 404, Message : Authentication token missing
2025-06-04 19:08:44 error: StatusCode : 400, Message : Ticket ID not found
2025-06-04 19:09:31 error: StatusCode : 500, Message : update "bookings" set "is_present" = $1, "check_in_time" = $2 where "ticket_id" = $3 returning * - column "is_present" of relation "bookings" does not exist
2025-06-04 19:10:23 error: StatusCode : 500, Message : update "bookings" set "is_present" = $1, "check_in_time" = $2 where "ticket_id" = $3 returning * - column "check_in_time" of relation "bookings" does not exist
2025-06-04 19:11:46 error: StatusCode : 409, Message : Already checked in
