2025-06-12 16:40:10 error: StatusCode : 400, Message : created_by must be a number conforming to the specified constraints, created_by should not be empty
2025-06-12 16:40:34 error: StatusCode : 400, Message : Expected ',' or '}' after property value in JSON at position 1353
2025-06-12 19:17:52 error: uncaughtException: Route.post() requires a callback function but got a [object Undefined]
Error: Route.post() requires a callback function but got a [object Undefined]
    at Route.<computed> [as post] (D:\React Apps\Event Management\Event Management Backend\itw-backend\node_modules\express\lib\router\route.js:216:15)
    at Function.proto.<computed> [as post] (D:\React Apps\Event Management\Event Management Backend\itw-backend\node_modules\express\lib\router\index.js:521:19)
    at DynamicFormRoute.initializeRoutes (D:\React Apps\Event Management\Event Management Backend\itw-backend\src\routes\dynamicform.route.ts:19:21)
    at new DynamicFormRoute (D:\React Apps\Event Management\Event Management Backend\itw-backend\src\routes\dynamicform.route.ts:13:14)
    at Object.<anonymous> (D:\React Apps\Event Management\Event Management Backend\itw-backend\src\server.ts:13:115)
    at Module._compile (node:internal/modules/cjs/loader:1469:14)
    at Module.m._compile (D:\React Apps\Event Management\Event Management Backend\itw-backend\node_modules\ts-node\src\index.ts:1618:23)
    at Module._extensions..js (node:internal/modules/cjs/loader:1548:10)
    at Object.require.extensions.<computed> [as .ts] (D:\React Apps\Event Management\Event Management Backend\itw-backend\node_modules\ts-node\src\index.ts:1621:12)
    at Module.load (node:internal/modules/cjs/loader:1288:32)
2025-06-12 19:19:57 error: StatusCode : 401, Message : Wrong authentication token
2025-06-12 19:22:41 error: StatusCode : 400, Message : form_title must be a string, form_title should not be empty, form_data should not be empty, created_by must be a number conforming to the specified constraints, created_by should not be empty
2025-06-12 19:22:47 error: StatusCode : 400, Message : form_title must be a string, form_title should not be empty, form_data should not be empty, created_by must be a number conforming to the specified constraints, created_by should not be empty
2025-06-12 19:23:25 error: StatusCode : 400, Message : form_title must be a string, form_title should not be empty, form_data should not be empty, created_by must be a number conforming to the specified constraints, created_by should not be empty
2025-06-12 19:23:45 error: StatusCode : 400, Message : form_title must be a string, form_title should not be empty, form_data should not be empty, created_by must be a number conforming to the specified constraints, created_by should not be empty
2025-06-12 19:25:10 error: StatusCode : 400, Message : form_title must be a string, form_title should not be empty, form_data should not be empty, created_by must be a number conforming to the specified constraints, created_by should not be empty
2025-06-12 19:27:36 error: StatusCode : 400, Message : form_title must be a string, form_title should not be empty, form_data should not be empty, created_by must be a number conforming to the specified constraints, created_by should not be empty
2025-06-12 19:27:40 error: StatusCode : 400, Message : form_title must be a string, form_title should not be empty, form_data should not be empty, created_by must be a number conforming to the specified constraints, created_by should not be empty
2025-06-12 19:29:10 error: StatusCode : 400, Message : form_title must be a string, form_title should not be empty, form_data should not be empty, created_by must be a number conforming to the specified constraints, created_by should not be empty
