2025-05-23 11:53:51 error: uncaughtException: AWS is not defined
ReferenceError: AWS is not defined
    at Object.<anonymous> (D:\React Apps\Event Management\Event Management Backend\itw-backend\src\utils\util.ts:51:23)
    at Module._compile (node:internal/modules/cjs/loader:1469:14)
    at Module.m._compile (D:\React Apps\Event Management\Event Management Backend\itw-backend\node_modules\ts-node\src\index.ts:1618:23)
    at Module._extensions..js (node:internal/modules/cjs/loader:1548:10)
    at Object.require.extensions.<computed> [as .ts] (D:\React Apps\Event Management\Event Management Backend\itw-backend\node_modules\ts-node\src\index.ts:1621:12)
    at Module.load (node:internal/modules/cjs/loader:1288:32)
    at Function.Module._load (node:internal/modules/cjs/loader:1104:12)
    at Module.require (node:internal/modules/cjs/loader:1311:19)
    at require (node:internal/modules/helpers:179:18)
    at Object.<anonymous> (D:\React Apps\Event Management\Event Management Backend\itw-backend\src\services\employee.service.ts:5:1)
2025-05-23 11:56:28 error: StatusCode : 500, Message : Cannot read properties of undefined (reading 'eventService')
2025-05-23 12:02:17 error: StatusCode : 500, Message : Cannot read properties of undefined (reading 'eventService')
2025-05-23 12:03:09 error: uncaughtException: listen EADDRINUSE: address already in use :::8000
Error: listen EADDRINUSE: address already in use :::8000
    at Server.setupListenHandle [as _listen2] (node:net:1904:16)
    at listenInCluster (node:net:1961:12)
    at Server.listen (node:net:2063:7)
    at Function.listen (D:\React Apps\Event Management\Event Management Backend\itw-backend\node_modules\express\lib\application.js:635:24)
    at App.listen (D:\React Apps\Event Management\Event Management Backend\itw-backend\src\app.ts:46:14)
    at Object.<anonymous> (D:\React Apps\Event Management\Event Management Backend\itw-backend\src\server.ts:11:5)
    at Module._compile (node:internal/modules/cjs/loader:1469:14)
    at Module.m._compile (D:\React Apps\Event Management\Event Management Backend\itw-backend\node_modules\ts-node\src\index.ts:1618:23)
    at Module._extensions..js (node:internal/modules/cjs/loader:1548:10)
    at Object.require.extensions.<computed> [as .ts] (D:\React Apps\Event Management\Event Management Backend\itw-backend\node_modules\ts-node\src\index.ts:1621:12)
2025-05-23 12:03:48 error: uncaughtException: listen EADDRINUSE: address already in use :::8000
Error: listen EADDRINUSE: address already in use :::8000
    at Server.setupListenHandle [as _listen2] (node:net:1904:16)
    at listenInCluster (node:net:1961:12)
    at Server.listen (node:net:2063:7)
    at Function.listen (D:\React Apps\Event Management\Event Management Backend\itw-backend\node_modules\express\lib\application.js:635:24)
    at App.listen (D:\React Apps\Event Management\Event Management Backend\itw-backend\src\app.ts:46:14)
    at Object.<anonymous> (D:\React Apps\Event Management\Event Management Backend\itw-backend\src\server.ts:11:5)
    at Module._compile (node:internal/modules/cjs/loader:1469:14)
    at Module.m._compile (D:\React Apps\Event Management\Event Management Backend\itw-backend\node_modules\ts-node\src\index.ts:1618:23)
    at Module._extensions..js (node:internal/modules/cjs/loader:1548:10)
    at Object.require.extensions.<computed> [as .ts] (D:\React Apps\Event Management\Event Management Backend\itw-backend\node_modules\ts-node\src\index.ts:1621:12)
2025-05-23 12:04:09 error: uncaughtException: listen EADDRINUSE: address already in use :::8000
Error: listen EADDRINUSE: address already in use :::8000
    at Server.setupListenHandle [as _listen2] (node:net:1904:16)
    at listenInCluster (node:net:1961:12)
    at Server.listen (node:net:2063:7)
    at Function.listen (D:\React Apps\Event Management\Event Management Backend\itw-backend\node_modules\express\lib\application.js:635:24)
    at App.listen (D:\React Apps\Event Management\Event Management Backend\itw-backend\src\app.ts:46:14)
    at Object.<anonymous> (D:\React Apps\Event Management\Event Management Backend\itw-backend\src\server.ts:11:5)
    at Module._compile (node:internal/modules/cjs/loader:1469:14)
    at Module.m._compile (D:\React Apps\Event Management\Event Management Backend\itw-backend\node_modules\ts-node\src\index.ts:1618:23)
    at Module._extensions..js (node:internal/modules/cjs/loader:1548:10)
    at Object.require.extensions.<computed> [as .ts] (D:\React Apps\Event Management\Event Management Backend\itw-backend\node_modules\ts-node\src\index.ts:1621:12)
2025-05-23 12:04:23 error: uncaughtException: listen EADDRINUSE: address already in use :::8000
Error: listen EADDRINUSE: address already in use :::8000
    at Server.setupListenHandle [as _listen2] (node:net:1904:16)
    at listenInCluster (node:net:1961:12)
    at Server.listen (node:net:2063:7)
    at Function.listen (D:\React Apps\Event Management\Event Management Backend\itw-backend\node_modules\express\lib\application.js:635:24)
    at App.listen (D:\React Apps\Event Management\Event Management Backend\itw-backend\src\app.ts:46:14)
    at Object.<anonymous> (D:\React Apps\Event Management\Event Management Backend\itw-backend\src\server.ts:11:5)
    at Module._compile (node:internal/modules/cjs/loader:1469:14)
    at Module.m._compile (D:\React Apps\Event Management\Event Management Backend\itw-backend\node_modules\ts-node\src\index.ts:1618:23)
    at Module._extensions..js (node:internal/modules/cjs/loader:1548:10)
    at Object.require.extensions.<computed> [as .ts] (D:\React Apps\Event Management\Event Management Backend\itw-backend\node_modules\ts-node\src\index.ts:1621:12)
2025-05-23 12:44:38 error: uncaughtException: listen EADDRINUSE: address already in use :::8000
Error: listen EADDRINUSE: address already in use :::8000
    at Server.setupListenHandle [as _listen2] (node:net:1904:16)
    at listenInCluster (node:net:1961:12)
    at Server.listen (node:net:2063:7)
    at Function.listen (D:\React Apps\Event Management\Event Management Backend\itw-backend\node_modules\express\lib\application.js:635:24)
    at App.listen (D:\React Apps\Event Management\Event Management Backend\itw-backend\src\app.ts:46:14)
    at Object.<anonymous> (D:\React Apps\Event Management\Event Management Backend\itw-backend\src\server.ts:11:5)
    at Module._compile (node:internal/modules/cjs/loader:1469:14)
    at Module.m._compile (D:\React Apps\Event Management\Event Management Backend\itw-backend\node_modules\ts-node\src\index.ts:1618:23)
    at Module._extensions..js (node:internal/modules/cjs/loader:1548:10)
    at Object.require.extensions.<computed> [as .ts] (D:\React Apps\Event Management\Event Management Backend\itw-backend\node_modules\ts-node\src\index.ts:1621:12)
2025-05-23 12:48:16 error: uncaughtException: listen EADDRINUSE: address already in use :::8000
Error: listen EADDRINUSE: address already in use :::8000
    at Server.setupListenHandle [as _listen2] (node:net:1904:16)
    at listenInCluster (node:net:1961:12)
    at Server.listen (node:net:2063:7)
    at Function.listen (D:\React Apps\Event Management\Event Management Backend\itw-backend\node_modules\express\lib\application.js:635:24)
    at App.listen (D:\React Apps\Event Management\Event Management Backend\itw-backend\src\app.ts:46:14)
    at Object.<anonymous> (D:\React Apps\Event Management\Event Management Backend\itw-backend\src\server.ts:11:5)
    at Module._compile (node:internal/modules/cjs/loader:1469:14)
    at Module.m._compile (D:\React Apps\Event Management\Event Management Backend\itw-backend\node_modules\ts-node\src\index.ts:1618:23)
    at Module._extensions..js (node:internal/modules/cjs/loader:1548:10)
    at Object.require.extensions.<computed> [as .ts] (D:\React Apps\Event Management\Event Management Backend\itw-backend\node_modules\ts-node\src\index.ts:1621:12)
2025-05-23 12:48:24 error: uncaughtException: listen EADDRINUSE: address already in use :::8000
Error: listen EADDRINUSE: address already in use :::8000
    at Server.setupListenHandle [as _listen2] (node:net:1904:16)
    at listenInCluster (node:net:1961:12)
    at Server.listen (node:net:2063:7)
    at Function.listen (D:\React Apps\Event Management\Event Management Backend\itw-backend\node_modules\express\lib\application.js:635:24)
    at App.listen (D:\React Apps\Event Management\Event Management Backend\itw-backend\src\app.ts:46:14)
    at Object.<anonymous> (D:\React Apps\Event Management\Event Management Backend\itw-backend\src\server.ts:11:5)
    at Module._compile (node:internal/modules/cjs/loader:1469:14)
    at Module.m._compile (D:\React Apps\Event Management\Event Management Backend\itw-backend\node_modules\ts-node\src\index.ts:1618:23)
    at Module._extensions..js (node:internal/modules/cjs/loader:1548:10)
    at Object.require.extensions.<computed> [as .ts] (D:\React Apps\Event Management\Event Management Backend\itw-backend\node_modules\ts-node\src\index.ts:1621:12)
2025-05-23 12:49:56 error: uncaughtException: listen EADDRINUSE: address already in use :::8000
Error: listen EADDRINUSE: address already in use :::8000
    at Server.setupListenHandle [as _listen2] (node:net:1904:16)
    at listenInCluster (node:net:1961:12)
    at Server.listen (node:net:2063:7)
    at Function.listen (D:\React Apps\Event Management\Event Management Backend\itw-backend\node_modules\express\lib\application.js:635:24)
    at App.listen (D:\React Apps\Event Management\Event Management Backend\itw-backend\src\app.ts:46:14)
    at Object.<anonymous> (D:\React Apps\Event Management\Event Management Backend\itw-backend\src\server.ts:11:5)
    at Module._compile (node:internal/modules/cjs/loader:1469:14)
    at Module.m._compile (D:\React Apps\Event Management\Event Management Backend\itw-backend\node_modules\ts-node\src\index.ts:1618:23)
    at Module._extensions..js (node:internal/modules/cjs/loader:1548:10)
    at Object.require.extensions.<computed> [as .ts] (D:\React Apps\Event Management\Event Management Backend\itw-backend\node_modules\ts-node\src\index.ts:1621:12)
2025-05-23 12:51:06 error: uncaughtException: listen EADDRINUSE: address already in use :::8000
Error: listen EADDRINUSE: address already in use :::8000
    at Server.setupListenHandle [as _listen2] (node:net:1904:16)
    at listenInCluster (node:net:1961:12)
    at Server.listen (node:net:2063:7)
    at Function.listen (D:\React Apps\Event Management\Event Management Backend\itw-backend\node_modules\express\lib\application.js:635:24)
    at App.listen (D:\React Apps\Event Management\Event Management Backend\itw-backend\src\app.ts:46:14)
    at Object.<anonymous> (D:\React Apps\Event Management\Event Management Backend\itw-backend\src\server.ts:11:5)
    at Module._compile (node:internal/modules/cjs/loader:1469:14)
    at Module.m._compile (D:\React Apps\Event Management\Event Management Backend\itw-backend\node_modules\ts-node\src\index.ts:1618:23)
    at Module._extensions..js (node:internal/modules/cjs/loader:1548:10)
    at Object.require.extensions.<computed> [as .ts] (D:\React Apps\Event Management\Event Management Backend\itw-backend\node_modules\ts-node\src\index.ts:1621:12)
2025-05-23 12:51:41 error: uncaughtException: listen EADDRINUSE: address already in use :::8000
Error: listen EADDRINUSE: address already in use :::8000
    at Server.setupListenHandle [as _listen2] (node:net:1904:16)
    at listenInCluster (node:net:1961:12)
    at Server.listen (node:net:2063:7)
    at Function.listen (D:\React Apps\Event Management\Event Management Backend\itw-backend\node_modules\express\lib\application.js:635:24)
    at App.listen (D:\React Apps\Event Management\Event Management Backend\itw-backend\src\app.ts:46:14)
    at Object.<anonymous> (D:\React Apps\Event Management\Event Management Backend\itw-backend\src\server.ts:11:5)
    at Module._compile (node:internal/modules/cjs/loader:1469:14)
    at Module.m._compile (D:\React Apps\Event Management\Event Management Backend\itw-backend\node_modules\ts-node\src\index.ts:1618:23)
    at Module._extensions..js (node:internal/modules/cjs/loader:1548:10)
    at Object.require.extensions.<computed> [as .ts] (D:\React Apps\Event Management\Event Management Backend\itw-backend\node_modules\ts-node\src\index.ts:1621:12)
2025-05-23 12:51:46 error: uncaughtException: listen EADDRINUSE: address already in use :::8000
Error: listen EADDRINUSE: address already in use :::8000
    at Server.setupListenHandle [as _listen2] (node:net:1904:16)
    at listenInCluster (node:net:1961:12)
    at Server.listen (node:net:2063:7)
    at Function.listen (D:\React Apps\Event Management\Event Management Backend\itw-backend\node_modules\express\lib\application.js:635:24)
    at App.listen (D:\React Apps\Event Management\Event Management Backend\itw-backend\src\app.ts:46:14)
    at Object.<anonymous> (D:\React Apps\Event Management\Event Management Backend\itw-backend\src\server.ts:11:5)
    at Module._compile (node:internal/modules/cjs/loader:1469:14)
    at Module.m._compile (D:\React Apps\Event Management\Event Management Backend\itw-backend\node_modules\ts-node\src\index.ts:1618:23)
    at Module._extensions..js (node:internal/modules/cjs/loader:1548:10)
    at Object.require.extensions.<computed> [as .ts] (D:\React Apps\Event Management\Event Management Backend\itw-backend\node_modules\ts-node\src\index.ts:1621:12)
2025-05-23 12:51:54 error: uncaughtException: listen EADDRINUSE: address already in use :::8000
Error: listen EADDRINUSE: address already in use :::8000
    at Server.setupListenHandle [as _listen2] (node:net:1904:16)
    at listenInCluster (node:net:1961:12)
    at Server.listen (node:net:2063:7)
    at Function.listen (D:\React Apps\Event Management\Event Management Backend\itw-backend\node_modules\express\lib\application.js:635:24)
    at App.listen (D:\React Apps\Event Management\Event Management Backend\itw-backend\src\app.ts:46:14)
    at Object.<anonymous> (D:\React Apps\Event Management\Event Management Backend\itw-backend\src\server.ts:11:5)
    at Module._compile (node:internal/modules/cjs/loader:1469:14)
    at Module.m._compile (D:\React Apps\Event Management\Event Management Backend\itw-backend\node_modules\ts-node\src\index.ts:1618:23)
    at Module._extensions..js (node:internal/modules/cjs/loader:1548:10)
    at Object.require.extensions.<computed> [as .ts] (D:\React Apps\Event Management\Event Management Backend\itw-backend\node_modules\ts-node\src\index.ts:1621:12)
2025-05-23 12:52:00 error: uncaughtException: listen EADDRINUSE: address already in use :::8000
Error: listen EADDRINUSE: address already in use :::8000
    at Server.setupListenHandle [as _listen2] (node:net:1904:16)
    at listenInCluster (node:net:1961:12)
    at Server.listen (node:net:2063:7)
    at Function.listen (D:\React Apps\Event Management\Event Management Backend\itw-backend\node_modules\express\lib\application.js:635:24)
    at App.listen (D:\React Apps\Event Management\Event Management Backend\itw-backend\src\app.ts:46:14)
    at Object.<anonymous> (D:\React Apps\Event Management\Event Management Backend\itw-backend\src\server.ts:11:5)
    at Module._compile (node:internal/modules/cjs/loader:1469:14)
    at Module.m._compile (D:\React Apps\Event Management\Event Management Backend\itw-backend\node_modules\ts-node\src\index.ts:1618:23)
    at Module._extensions..js (node:internal/modules/cjs/loader:1548:10)
    at Object.require.extensions.<computed> [as .ts] (D:\React Apps\Event Management\Event Management Backend\itw-backend\node_modules\ts-node\src\index.ts:1621:12)
2025-05-23 12:52:05 error: uncaughtException: listen EADDRINUSE: address already in use :::8000
Error: listen EADDRINUSE: address already in use :::8000
    at Server.setupListenHandle [as _listen2] (node:net:1904:16)
    at listenInCluster (node:net:1961:12)
    at Server.listen (node:net:2063:7)
    at Function.listen (D:\React Apps\Event Management\Event Management Backend\itw-backend\node_modules\express\lib\application.js:635:24)
    at App.listen (D:\React Apps\Event Management\Event Management Backend\itw-backend\src\app.ts:46:14)
    at Object.<anonymous> (D:\React Apps\Event Management\Event Management Backend\itw-backend\src\server.ts:11:5)
    at Module._compile (node:internal/modules/cjs/loader:1469:14)
    at Module.m._compile (D:\React Apps\Event Management\Event Management Backend\itw-backend\node_modules\ts-node\src\index.ts:1618:23)
    at Module._extensions..js (node:internal/modules/cjs/loader:1548:10)
    at Object.require.extensions.<computed> [as .ts] (D:\React Apps\Event Management\Event Management Backend\itw-backend\node_modules\ts-node\src\index.ts:1621:12)
2025-05-23 12:54:53 error: uncaughtException: listen EADDRINUSE: address already in use :::8000
Error: listen EADDRINUSE: address already in use :::8000
    at Server.setupListenHandle [as _listen2] (node:net:1904:16)
    at listenInCluster (node:net:1961:12)
    at Server.listen (node:net:2063:7)
    at Function.listen (D:\React Apps\Event Management\Event Management Backend\itw-backend\node_modules\express\lib\application.js:635:24)
    at App.listen (D:\React Apps\Event Management\Event Management Backend\itw-backend\src\app.ts:46:14)
    at Object.<anonymous> (D:\React Apps\Event Management\Event Management Backend\itw-backend\src\server.ts:11:5)
    at Module._compile (node:internal/modules/cjs/loader:1469:14)
    at Module.m._compile (D:\React Apps\Event Management\Event Management Backend\itw-backend\node_modules\ts-node\src\index.ts:1618:23)
    at Module._extensions..js (node:internal/modules/cjs/loader:1548:10)
    at Object.require.extensions.<computed> [as .ts] (D:\React Apps\Event Management\Event Management Backend\itw-backend\node_modules\ts-node\src\index.ts:1621:12)
2025-05-23 12:54:53 error: StatusCode : 500, Message : Cannot read properties of undefined (reading 'eventService')
2025-05-23 12:54:53 error: uncaughtException: write EPIPE
Error: write EPIPE
    at afterWriteDispatched (node:internal/stream_base_commons:161:15)
    at writeGeneric (node:internal/stream_base_commons:152:3)
    at WriteStream.Socket._writeGeneric (node:net:954:11)
    at WriteStream.Socket._write (node:net:966:8)
    at writeOrBuffer (node:internal/streams/writable:570:12)
    at _write (node:internal/streams/writable:499:10)
    at WriteStream.Writable.write (node:internal/streams/writable:508:10)
    at Console.log (D:\React Apps\Event Management\Event Management Backend\itw-backend\node_modules\winston\lib\winston\transports\console.js:87:23)
    at Console._write (D:\React Apps\Event Management\Event Management Backend\itw-backend\node_modules\winston-transport\modern.js:103:17)
    at doWrite (D:\React Apps\Event Management\Event Management Backend\itw-backend\node_modules\readable-stream\lib\_stream_writable.js:390:139)
2025-05-23 12:54:53 error: uncaughtException: write EPIPE
Error: write EPIPE
    at afterWriteDispatched (node:internal/stream_base_commons:161:15)
    at writeGeneric (node:internal/stream_base_commons:152:3)
    at WriteStream.Socket._writeGeneric (node:net:954:11)
    at WriteStream.Socket._write (node:net:966:8)
    at writeOrBuffer (node:internal/streams/writable:570:12)
    at _write (node:internal/streams/writable:499:10)
    at WriteStream.Writable.write (node:internal/streams/writable:508:10)
    at Console.log (D:\React Apps\Event Management\Event Management Backend\itw-backend\node_modules\winston\lib\winston\transports\console.js:87:23)
    at Console._write (D:\React Apps\Event Management\Event Management Backend\itw-backend\node_modules\winston-transport\modern.js:103:17)
    at doWrite (D:\React Apps\Event Management\Event Management Backend\itw-backend\node_modules\readable-stream\lib\_stream_writable.js:390:139)
2025-05-23 13:01:49 error: StatusCode : 500, Message : insert into "event" ("agenda", "banner_image", "date_and_time", "event_description", "event_title", "gate_no", "location", "map_integration", "more_images", "our_partners", "promo_video", "speaker_details", "sponsors", "ticket_price", "time_zone_selector", "total_seats", "updated_by", "venue_name") values ($1, $2, $3, $4, $5, $6, $7, $8, $9, $10, $11, $12, $13, $14, $15, $16, $17, $18) returning * - invalid input syntax for type boolean: "https://maps.google.com/?q=Global+Expo+Center+Pune"
2025-05-23 13:13:50 error: StatusCode : 500, Message : select * from "event" where "id" = $1 limit $2 - column "id" does not exist
2025-05-23 13:15:14 error: StatusCode : 400, Message : Event ID is required
2025-05-23 15:59:00 error: StatusCode : 500, Message : update "event" set "status" = $1, "deleted_at" = $2, "is_deleted" = $3, "updated_at" = $4 where "event_id" = $5 returning * - invalid input syntax for type timestamp with time zone: "null"
2025-05-23 16:23:15 error: StatusCode : 500, Message : insert into "employee" ("email", "first_name", "is_deleted", "last_name", "password", "phone_number", "profile_picture") values ($1, $2, $3, $4, $5, $6, $7) returning * - duplicate key value violates unique constraint "employee_pkey"
2025-05-23 17:46:14 error: StatusCode : 401, Message : Incorrect password
2025-05-23 17:46:28 error: StatusCode : 404, Message : Email not registered
