2025-06-05 10:38:39 error: StatusCode : 409, Message : Already checked in
2025-06-05 12:46:03 error: StatusCode : 401, Message : Wrong authentication token
2025-06-05 12:46:23 error: StatusCode : 409, Message : Already checked in
2025-06-05 13:09:57 error: StatusCode : 409, Message : Already checked in
2025-06-05 13:10:00 error: StatusCode : 409, Message : Already checked in
2025-06-05 13:27:13 error: StatusCode : 409, Message : Already checked in
2025-06-05 13:30:13 error: StatusCode : 409, Message : Already checked in
2025-06-05 15:01:55 error: StatusCode : 401, Message : Wrong authentication token
2025-06-05 15:03:40 error: StatusCode : 404, Message : Event not found
2025-06-05 15:53:15 error: StatusCode : 500, Message : insert into "bookings" ("booking_status", "created_by", "email_address", "event_id", "is_active", "location", "name", "notes", "notify_via_email_sms", "payment_method", "phone_number", "promo_code", "quantity", "terms_and_conditions", "ticket_details", "ticket_price", "ticket_type", "total_amount") values ($1, $2, $3, $4, $5, $6, $7, $8, $9, $10, $11, $12, $13, $14, $15, $16, $17, $18) returning * - column "ticket_details" of relation "bookings" does not exist
2025-06-05 15:55:12 error: StatusCode : 500, Message : insert into "bookings" ("booking_status", "created_by", "email_address", "event_id", "is_active", "location", "name", "notes", "notify_via_email_sms", "payment_method", "phone_number", "promo_code", "quantity", "terms_and_conditions", "ticket_price", "ticket_type", "total_amount") values ($1, $2, $3, $4, $5, $6, $7, $8, $9, $10, $11, $12, $13, $14, $15, $16, $17) returning * - null value in column "ticket_id" of relation "bookings" violates not-null constraint
2025-06-05 15:57:06 error: StatusCode : 500, Message : Undefined binding(s) detected when compiling UPDATE. Undefined column(s): [ticket_id] query: update "ticket_details" set "ticket_image_path" = ? where "ticket_id" = ?
2025-06-05 16:00:11 error: StatusCode : 500, Message : Undefined binding(s) detected when compiling UPDATE. Undefined column(s): [ticket_id] query: update "ticket_details" set "ticket_image_path" = ? where "ticket_id" = ?
2025-06-05 16:00:18 error: StatusCode : 500, Message : Undefined binding(s) detected when compiling UPDATE. Undefined column(s): [ticket_id] query: update "ticket_details" set "ticket_image_path" = ? where "ticket_id" = ?
2025-06-05 16:06:20 error: StatusCode : 500, Message : update "ticket_details" set "ticket_image_path" = $1 where "ticket_id" = $2 - column "ticket_image_path" of relation "ticket_details" does not exist
2025-06-05 16:17:27 error: StatusCode : 500, Message : insert into "bookings" ("email_address", "event_id", "name", "notify_via_email_sms", "phone_number", "quantity", "terms_and_conditions", "ticket_id", "ticket_type") values ($1, $2, $3, $4, $5, $6, $7, $8, $9) returning * - column "ticket_id" of relation "bookings" does not exist
2025-06-05 16:17:50 error: StatusCode : 500, Message : insert into "bookings" ("email_address", "event_id", "name", "notify_via_email_sms", "phone_number", "quantity", "terms_and_conditions", "ticket_type") values ($1, $2, $3, $4, $5, $6, $7, $8) returning * - null value in column "ticket_price" of relation "bookings" violates not-null constraint
2025-06-05 16:21:25 error: StatusCode : 500, Message : insert into "bookings" ("booking_status", "created_by", "email_address", "event_id", "is_active", "location", "name", "notes", "notify_via_email_sms", "payment_method", "phone_number", "promo_code", "quantity", "terms_and_conditions", "ticket_id", "ticket_price", "ticket_type", "total_amount") values ($1, $2, $3, $4, $5, $6, $7, $8, $9, $10, $11, $12, $13, $14, $15, $16, $17, $18) returning * - column "ticket_id" of relation "bookings" does not exist
2025-06-05 16:21:42 error: StatusCode : 500, Message : insert into "bookings" ("booking_status", "created_by", "email_address", "event_id", "is_active", "location", "name", "notes", "notify_via_email_sms", "payment_method", "phone_number", "promo_code", "quantity", "terms_and_conditions", "ticket_id", "ticket_price", "ticket_type", "total_amount") values ($1, $2, $3, $4, $5, $6, $7, $8, $9, $10, $11, $12, $13, $14, $15, $16, $17, $18) returning * - column "ticket_id" of relation "bookings" does not exist
2025-06-05 16:27:29 error: StatusCode : 500, Message : update "bookings" set "is_present" = $1, "check_in_time" = $2 where "ticket_id" = $3 returning * - column "check_in_time" of relation "bookings" does not exist
2025-06-05 16:30:10 error: StatusCode : 409, Message : Already checked in
2025-06-05 19:26:53 error: StatusCode : 404, Message : Booking not found
2025-06-05 19:28:04 error: StatusCode : 500, Message : update "ticket_details" set "is_present" = $1, "check_in_time" = $2 where "ticket_id" = $3 returning * - column "check_in_time" of relation "ticket_details" does not exist
