2025-06-22 09:45:34 error: uncaughtException: listen EADDRINUSE: address already in use :::8000
Error: listen EADDRINUSE: address already in use :::8000
    at Server.setupListenHandle [as _listen2] (node:net:1904:16)
    at listenInCluster (node:net:1961:12)
    at Server.listen (node:net:2063:7)
    at Function.listen (D:\React Apps\Event Management\Event Management Backend\event-backend\node_modules\express\lib\application.js:635:24)
    at App.listen (D:\React Apps\Event Management\Event Management Backend\event-backend\src\app.ts:52:14)
    at Object.<anonymous> (D:\React Apps\Event Management\Event Management Backend\event-backend\src\server.ts:15:5)
    at Module._compile (node:internal/modules/cjs/loader:1469:14)
    at Module.m._compile (D:\React Apps\Event Management\Event Management Backend\event-backend\node_modules\ts-node\src\index.ts:1618:23)
    at Module._extensions..js (node:internal/modules/cjs/loader:1548:10)
    at Object.require.extensions.<computed> [as .ts] (D:\React Apps\Event Management\Event Management Backend\event-backend\node_modules\ts-node\src\index.ts:1621:12)
2025-06-22 10:35:12 error: uncaughtException: listen EADDRINUSE: address already in use :::8000
Error: listen EADDRINUSE: address already in use :::8000
    at Server.setupListenHandle [as _listen2] (node:net:1904:16)
    at listenInCluster (node:net:1961:12)
    at Server.listen (node:net:2063:7)
    at Function.listen (D:\React Apps\Event Management\Event Management Backend\event-backend\node_modules\express\lib\application.js:635:24)
    at App.listen (D:\React Apps\Event Management\Event Management Backend\event-backend\src\app.ts:52:14)
    at Object.<anonymous> (D:\React Apps\Event Management\Event Management Backend\event-backend\src\server.ts:15:5)
    at Module._compile (node:internal/modules/cjs/loader:1469:14)
    at Module.m._compile (D:\React Apps\Event Management\Event Management Backend\event-backend\node_modules\ts-node\src\index.ts:1618:23)
    at Module._extensions..js (node:internal/modules/cjs/loader:1548:10)
    at Object.require.extensions.<computed> [as .ts] (D:\React Apps\Event Management\Event Management Backend\event-backend\node_modules\ts-node\src\index.ts:1621:12)
2025-06-22 10:35:35 error: uncaughtException: listen EADDRINUSE: address already in use :::8000
Error: listen EADDRINUSE: address already in use :::8000
    at Server.setupListenHandle [as _listen2] (node:net:1904:16)
    at listenInCluster (node:net:1961:12)
    at Server.listen (node:net:2063:7)
    at Function.listen (D:\React Apps\Event Management\Event Management Backend\event-backend\node_modules\express\lib\application.js:635:24)
    at App.listen (D:\React Apps\Event Management\Event Management Backend\event-backend\src\app.ts:52:14)
    at Object.<anonymous> (D:\React Apps\Event Management\Event Management Backend\event-backend\src\server.ts:15:5)
    at Module._compile (node:internal/modules/cjs/loader:1469:14)
    at Module.m._compile (D:\React Apps\Event Management\Event Management Backend\event-backend\node_modules\ts-node\src\index.ts:1618:23)
    at Module._extensions..js (node:internal/modules/cjs/loader:1548:10)
    at Object.require.extensions.<computed> [as .ts] (D:\React Apps\Event Management\Event Management Backend\event-backend\node_modules\ts-node\src\index.ts:1621:12)
2025-06-22 10:35:49 error: uncaughtException: listen EADDRINUSE: address already in use :::8000
Error: listen EADDRINUSE: address already in use :::8000
    at Server.setupListenHandle [as _listen2] (node:net:1904:16)
    at listenInCluster (node:net:1961:12)
    at Server.listen (node:net:2063:7)
    at Function.listen (D:\React Apps\Event Management\Event Management Backend\event-backend\node_modules\express\lib\application.js:635:24)
    at App.listen (D:\React Apps\Event Management\Event Management Backend\event-backend\src\app.ts:52:14)
    at Object.<anonymous> (D:\React Apps\Event Management\Event Management Backend\event-backend\src\server.ts:15:5)
    at Module._compile (node:internal/modules/cjs/loader:1469:14)
    at Module.m._compile (D:\React Apps\Event Management\Event Management Backend\event-backend\node_modules\ts-node\src\index.ts:1618:23)
    at Module._extensions..js (node:internal/modules/cjs/loader:1548:10)
    at Object.require.extensions.<computed> [as .ts] (D:\React Apps\Event Management\Event Management Backend\event-backend\node_modules\ts-node\src\index.ts:1621:12)
2025-06-22 10:35:53 error: uncaughtException: listen EADDRINUSE: address already in use :::8000
Error: listen EADDRINUSE: address already in use :::8000
    at Server.setupListenHandle [as _listen2] (node:net:1904:16)
    at listenInCluster (node:net:1961:12)
    at Server.listen (node:net:2063:7)
    at Function.listen (D:\React Apps\Event Management\Event Management Backend\event-backend\node_modules\express\lib\application.js:635:24)
    at App.listen (D:\React Apps\Event Management\Event Management Backend\event-backend\src\app.ts:52:14)
    at Object.<anonymous> (D:\React Apps\Event Management\Event Management Backend\event-backend\src\server.ts:15:5)
    at Module._compile (node:internal/modules/cjs/loader:1469:14)
    at Module.m._compile (D:\React Apps\Event Management\Event Management Backend\event-backend\node_modules\ts-node\src\index.ts:1618:23)
    at Module._extensions..js (node:internal/modules/cjs/loader:1548:10)
    at Object.require.extensions.<computed> [as .ts] (D:\React Apps\Event Management\Event Management Backend\event-backend\node_modules\ts-node\src\index.ts:1621:12)
2025-06-22 10:36:25 error: uncaughtException: listen EADDRINUSE: address already in use :::8000
Error: listen EADDRINUSE: address already in use :::8000
    at Server.setupListenHandle [as _listen2] (node:net:1904:16)
    at listenInCluster (node:net:1961:12)
    at Server.listen (node:net:2063:7)
    at Function.listen (D:\React Apps\Event Management\Event Management Backend\event-backend\node_modules\express\lib\application.js:635:24)
    at App.listen (D:\React Apps\Event Management\Event Management Backend\event-backend\src\app.ts:52:14)
    at Object.<anonymous> (D:\React Apps\Event Management\Event Management Backend\event-backend\src\server.ts:15:5)
    at Module._compile (node:internal/modules/cjs/loader:1469:14)
    at Module.m._compile (D:\React Apps\Event Management\Event Management Backend\event-backend\node_modules\ts-node\src\index.ts:1618:23)
    at Module._extensions..js (node:internal/modules/cjs/loader:1548:10)
    at Object.require.extensions.<computed> [as .ts] (D:\React Apps\Event Management\Event Management Backend\event-backend\node_modules\ts-node\src\index.ts:1621:12)
2025-06-22 10:36:35 error: uncaughtException: listen EADDRINUSE: address already in use :::8000
Error: listen EADDRINUSE: address already in use :::8000
    at Server.setupListenHandle [as _listen2] (node:net:1904:16)
    at listenInCluster (node:net:1961:12)
    at Server.listen (node:net:2063:7)
    at Function.listen (D:\React Apps\Event Management\Event Management Backend\event-backend\node_modules\express\lib\application.js:635:24)
    at App.listen (D:\React Apps\Event Management\Event Management Backend\event-backend\src\app.ts:52:14)
    at Object.<anonymous> (D:\React Apps\Event Management\Event Management Backend\event-backend\src\server.ts:15:5)
    at Module._compile (node:internal/modules/cjs/loader:1469:14)
    at Module.m._compile (D:\React Apps\Event Management\Event Management Backend\event-backend\node_modules\ts-node\src\index.ts:1618:23)
    at Module._extensions..js (node:internal/modules/cjs/loader:1548:10)
    at Object.require.extensions.<computed> [as .ts] (D:\React Apps\Event Management\Event Management Backend\event-backend\node_modules\ts-node\src\index.ts:1621:12)
2025-06-22 10:36:45 error: uncaughtException: listen EADDRINUSE: address already in use :::8000
Error: listen EADDRINUSE: address already in use :::8000
    at Server.setupListenHandle [as _listen2] (node:net:1904:16)
    at listenInCluster (node:net:1961:12)
    at Server.listen (node:net:2063:7)
    at Function.listen (D:\React Apps\Event Management\Event Management Backend\event-backend\node_modules\express\lib\application.js:635:24)
    at App.listen (D:\React Apps\Event Management\Event Management Backend\event-backend\src\app.ts:52:14)
    at Object.<anonymous> (D:\React Apps\Event Management\Event Management Backend\event-backend\src\server.ts:15:5)
    at Module._compile (node:internal/modules/cjs/loader:1469:14)
    at Module.m._compile (D:\React Apps\Event Management\Event Management Backend\event-backend\node_modules\ts-node\src\index.ts:1618:23)
    at Module._extensions..js (node:internal/modules/cjs/loader:1548:10)
    at Object.require.extensions.<computed> [as .ts] (D:\React Apps\Event Management\Event Management Backend\event-backend\node_modules\ts-node\src\index.ts:1621:12)
2025-06-22 14:51:13 error: uncaughtException: listen EADDRINUSE: address already in use :::8000
Error: listen EADDRINUSE: address already in use :::8000
    at Server.setupListenHandle [as _listen2] (node:net:1904:16)
    at listenInCluster (node:net:1961:12)
    at Server.listen (node:net:2063:7)
    at Function.listen (D:\React Apps\Event Management\Event Management Backend\event-backend\node_modules\express\lib\application.js:635:24)
    at App.listen (D:\React Apps\Event Management\Event Management Backend\event-backend\src\app.ts:52:14)
    at Object.<anonymous> (D:\React Apps\Event Management\Event Management Backend\event-backend\src\server.ts:15:5)
    at Module._compile (node:internal/modules/cjs/loader:1469:14)
    at Module.m._compile (D:\React Apps\Event Management\Event Management Backend\event-backend\node_modules\ts-node\src\index.ts:1618:23)
    at Module._extensions..js (node:internal/modules/cjs/loader:1548:10)
    at Object.require.extensions.<computed> [as .ts] (D:\React Apps\Event Management\Event Management Backend\event-backend\node_modules\ts-node\src\index.ts:1621:12)
2025-06-22 19:33:49 error: uncaughtException: listen EADDRINUSE: address already in use :::8000
Error: listen EADDRINUSE: address already in use :::8000
    at Server.setupListenHandle [as _listen2] (node:net:1904:16)
    at listenInCluster (node:net:1961:12)
    at Server.listen (node:net:2063:7)
    at Function.listen (D:\React Apps\Event Management\Event Management Backend\event-backend\node_modules\express\lib\application.js:635:24)
    at App.listen (D:\React Apps\Event Management\Event Management Backend\event-backend\src\app.ts:52:14)
    at Object.<anonymous> (D:\React Apps\Event Management\Event Management Backend\event-backend\src\server.ts:15:5)
    at Module._compile (node:internal/modules/cjs/loader:1469:14)
    at Module.m._compile (D:\React Apps\Event Management\Event Management Backend\event-backend\node_modules\ts-node\src\index.ts:1618:23)
    at Module._extensions..js (node:internal/modules/cjs/loader:1548:10)
    at Object.require.extensions.<computed> [as .ts] (D:\React Apps\Event Management\Event Management Backend\event-backend\node_modules\ts-node\src\index.ts:1621:12)
