2025-06-11 09:55:15 error: StatusCode : 500, Message : Error uploading file to S3
2025-06-11 09:56:32 error: StatusCode : 500, Message : Error uploading file to S3
2025-06-11 10:21:31 error: StatusCode : 500, Message : Error uploading file to S3
2025-06-11 10:22:17 error: StatusCode : 500, Message : Error uploading file to S3
2025-06-11 10:26:06 error: StatusCode : 500, Message : Error uploading file to S3
2025-06-11 18:36:27 error: StatusCode : 400, Message : form_data should not be empty, created_by must be a number conforming to the specified constraints, created_by should not be empty
2025-06-11 18:37:12 error: StatusCode : 400, Message : created_by must be a number conforming to the specified constraints, created_by should not be empty
2025-06-11 18:42:56 error: uncaughtException: Route.get() requires a callback function but got a [object Undefined]
Error: Route.get() requires a callback function but got a [object Undefined]
    at Route.<computed> [as get] (D:\React Apps\Event Management\Event Management Backend\itw-backend\node_modules\express\lib\router\route.js:216:15)
    at Function.proto.<computed> [as get] (D:\React Apps\Event Management\Event Management Backend\itw-backend\node_modules\express\lib\router\index.js:521:19)
    at DynamicFormRoute.initializeRoutes (D:\React Apps\Event Management\Event Management Backend\itw-backend\src\routes\dynamicform.route.ts:18:21)
    at new DynamicFormRoute (D:\React Apps\Event Management\Event Management Backend\itw-backend\src\routes\dynamicform.route.ts:13:14)
    at Object.<anonymous> (D:\React Apps\Event Management\Event Management Backend\itw-backend\src\server.ts:13:115)
    at Module._compile (node:internal/modules/cjs/loader:1469:14)
    at Module.m._compile (D:\React Apps\Event Management\Event Management Backend\itw-backend\node_modules\ts-node\src\index.ts:1618:23)
    at Module._extensions..js (node:internal/modules/cjs/loader:1548:10)
    at Object.require.extensions.<computed> [as .ts] (D:\React Apps\Event Management\Event Management Backend\itw-backend\node_modules\ts-node\src\index.ts:1621:12)
    at Module.load (node:internal/modules/cjs/loader:1288:32)
2025-06-11 18:43:04 error: uncaughtException: Route.get() requires a callback function but got a [object Undefined]
Error: Route.get() requires a callback function but got a [object Undefined]
    at Route.<computed> [as get] (D:\React Apps\Event Management\Event Management Backend\itw-backend\node_modules\express\lib\router\route.js:216:15)
    at Function.proto.<computed> [as get] (D:\React Apps\Event Management\Event Management Backend\itw-backend\node_modules\express\lib\router\index.js:521:19)
    at DynamicFormRoute.initializeRoutes (D:\React Apps\Event Management\Event Management Backend\itw-backend\src\routes\dynamicform.route.ts:18:21)
    at new DynamicFormRoute (D:\React Apps\Event Management\Event Management Backend\itw-backend\src\routes\dynamicform.route.ts:13:14)
    at Object.<anonymous> (D:\React Apps\Event Management\Event Management Backend\itw-backend\src\server.ts:13:115)
    at Module._compile (node:internal/modules/cjs/loader:1469:14)
    at Module.m._compile (D:\React Apps\Event Management\Event Management Backend\itw-backend\node_modules\ts-node\src\index.ts:1618:23)
    at Module._extensions..js (node:internal/modules/cjs/loader:1548:10)
    at Object.require.extensions.<computed> [as .ts] (D:\React Apps\Event Management\Event Management Backend\itw-backend\node_modules\ts-node\src\index.ts:1621:12)
    at Module.load (node:internal/modules/cjs/loader:1288:32)
