2025-06-10 10:20:26 error: StatusCode : 400, Message : filename should not be empty, filename must be a string, base64String should not be empty, base64String must be a string
2025-06-10 11:11:04 error: StatusCode : 400, Message : filename should not be empty, filename must be a string, base64String should not be empty, base64String must be a string
2025-06-10 11:14:45 error: StatusCode : 400, Message : filename should not be empty, filename must be a string, base64String should not be empty, base64String must be a string
2025-06-10 12:23:20 error: StatusCode : 400, Message : banner_image must be a string
2025-06-10 12:24:36 error: StatusCode : 400, Message : banner_image must be a string
2025-06-10 13:51:06 error: StatusCode : 500, Message : insert into "event" ("address_line_1", "address_line_2", "agenda", "all_day", "banner_image", "city", "created_at", "currency", "date", "deleted_at", "deleted_by", "event_description", "event_title", "gate_no", "is_active", "is_deleted", "map_integration", "meta_description", "meta_title", "meta_url", "more_images", "our_partners", "pincode", "promo_video", "seats_remaining", "seats_remaining_indicator", "speaker_details", "sponsors", "state", "tags", "ticket_price", "time", "time_zone_selector", "total_seats", "updated_by", "venue_name") values ($1, $2, $3, $4, $5, $6, $7, $8, $9, $10, $11, $12, $13, $14, $15, $16, $17, $18, $19, $20, $21, $22, $23, $24, $25, $26, $27, $28, $29, $30, $31, $32, $33, $34, $35, $36) returning * - null value in column "created_by" of relation "event" violates not-null constraint
2025-06-10 14:01:26 error: StatusCode : 500, Message : insert into "event" ("address_line_1", "address_line_2", "agenda", "all_day", "banner_image", "city", "created_at", "currency", "date", "deleted_at", "deleted_by", "event_description", "event_title", "gate_no", "is_active", "is_deleted", "map_integration", "meta_description", "meta_title", "meta_url", "more_images", "our_partners", "pincode", "promo_video", "seats_remaining", "seats_remaining_indicator", "speaker_details", "sponsors", "state", "tags", "ticket_price", "time", "time_zone_selector", "total_seats", "updated_by", "venue_name") values ($1, $2, $3, $4, $5, $6, $7, $8, $9, $10, $11, $12, $13, $14, $15, $16, $17, $18, $19, $20, $21, $22, $23, $24, $25, $26, $27, $28, $29, $30, $31, $32, $33, $34, $35, $36) returning * - null value in column "created_by" of relation "event" violates not-null constraint
2025-06-10 16:10:43 error: StatusCode : 500, Message : Error uploading file to S3
2025-06-10 16:23:14 error: StatusCode : 500, Message : Error uploading file to S3
2025-06-10 16:23:22 error: StatusCode : 500, Message : Error uploading file to S3
2025-06-10 16:23:44 error: StatusCode : 500, Message : Error uploading file to S3
2025-06-10 16:39:35 error: StatusCode : 500, Message : Error uploading file to S3
2025-06-10 16:43:31 error: StatusCode : 500, Message : Error uploading file to S3
2025-06-10 16:46:01 error: StatusCode : 500, Message : Error uploading file to S3
2025-06-10 16:46:16 error: StatusCode : 500, Message : Error uploading file to S3
2025-06-10 16:47:35 error: StatusCode : 500, Message : Error uploading file to S3
2025-06-10 16:58:57 error: StatusCode : 500, Message : Error uploading file to S3
2025-06-10 17:00:42 error: StatusCode : 500, Message : Error uploading file to S3
2025-06-10 17:01:37 error: StatusCode : 500, Message : Error uploading file to S3
2025-06-10 17:02:55 error: StatusCode : 500, Message : Error uploading file to S3
2025-06-10 17:04:16 error: StatusCode : 500, Message : Error uploading file to S3
2025-06-10 17:04:37 error: StatusCode : 401, Message : Wrong authentication token
2025-06-10 17:04:55 error: StatusCode : 500, Message : Error uploading file to S3
2025-06-10 17:06:09 error: StatusCode : 500, Message : Error uploading file to S3
2025-06-10 17:08:31 error: StatusCode : 500, Message : Error uploading file to S3
2025-06-10 17:10:23 error: StatusCode : 500, Message : Error uploading file to S3
2025-06-10 17:10:33 error: StatusCode : 500, Message : Error uploading file to S3
2025-06-10 17:13:41 error: StatusCode : 500, Message : Error uploading file to S3
2025-06-10 17:15:50 error: StatusCode : 500, Message : Error uploading file to S3
2025-06-10 17:16:21 error: StatusCode : 500, Message : Error uploading file to S3
2025-06-10 17:18:25 error: StatusCode : 500, Message : Error uploading file to S3
2025-06-10 17:19:36 error: StatusCode : 500, Message : Error uploading file to S3
2025-06-10 17:20:51 error: StatusCode : 500, Message : Error uploading file to S3
2025-06-10 17:23:03 error: StatusCode : 500, Message : Error uploading file to S3
2025-06-10 17:28:54 error: StatusCode : 400, Message : banner_image must be a string, promo_video must be a string
2025-06-10 17:29:04 error: StatusCode : 400, Message : banner_image must be a string, promo_video must be a string
2025-06-10 17:39:56 error: uncaughtException: тип Unable to compile TypeScript:
[96msrc/utils/util.ts[0m:[93m53[0m:[93m26[0m - [91merror[0m[90m TS1005: [0m',' expected.

[7m53[0m     const fileUrl = https://${process.env.AWS_BUCKET_NAME}.s3.${process.env.AWS_REGION}.amazonaws.com/${fileKey};
[7m  [0m [91m                         ~[0m

TSError: тип Unable to compile TypeScript:
[96msrc/utils/util.ts[0m:[93m53[0m:[93m26[0m - [91merror[0m[90m TS1005: [0m',' expected.

[7m53[0m     const fileUrl = https://${process.env.AWS_BUCKET_NAME}.s3.${process.env.AWS_REGION}.amazonaws.com/${fileKey};
[7m  [0m [91m                         ~[0m

    at createTSError (D:\React Apps\Event Management\Event Management Backend\itw-backend\node_modules\ts-node\src\index.ts:859:12)
    at reportTSError (D:\React Apps\Event Management\Event Management Backend\itw-backend\node_modules\ts-node\src\index.ts:863:19)
    at D:\React Apps\Event Management\Event Management Backend\itw-backend\node_modules\ts-node\src\index.ts:1379:34
    at Object.compile (D:\React Apps\Event Management\Event Management Backend\itw-backend\node_modules\ts-node\src\index.ts:1458:13)
    at Module.m._compile (D:\React Apps\Event Management\Event Management Backend\itw-backend\node_modules\ts-node\src\index.ts:1617:30)
    at Module._extensions..js (node:internal/modules/cjs/loader:1548:10)
    at Object.require.extensions.<computed> [as .ts] (D:\React Apps\Event Management\Event Management Backend\itw-backend\node_modules\ts-node\src\index.ts:1621:12)
    at Module.load (node:internal/modules/cjs/loader:1288:32)
    at Function.Module._load (node:internal/modules/cjs/loader:1104:12)
    at Module.require (node:internal/modules/cjs/loader:1311:19)
2025-06-10 18:03:22 error: StatusCode : 400, Message : Filename and base64 string are required
2025-06-10 18:04:09 error: StatusCode : 400, Message : Filename and base64 string are required
2025-06-10 19:23:58 error: StatusCode : 500, Message : Error uploading file to S3
2025-06-10 19:24:10 error: StatusCode : 500, Message : Error uploading file to S3
