2025-06-10 09:32:11 info: 🚀 App listening on the port 8000. Current Env development.
2025-06-10 09:34:40 info: [0mOPTIONS /api/v1/users/login [32m204[0m 1.186 ms - 0[0m
2025-06-10 09:34:40 info: [0mPOST /api/v1/users/login [32m200[0m 174.318 ms - -[0m
2025-06-10 09:34:54 info: [0mOPTIONS /api/v1/event/activeevents [32m204[0m 0.148 ms - 0[0m
2025-06-10 09:34:54 info: [0mOPTIONS /api/v1/event/activeevents [32m204[0m 0.310 ms - 0[0m
2025-06-10 09:34:54 info: [0mGET /api/v1/event/activeevents [36m304[0m 16.286 ms - -[0m
2025-06-10 09:34:54 info: [0mGET /api/v1/event/activeevents [36m304[0m 7.148 ms - -[0m
2025-06-10 09:34:56 info: [0mOPTIONS /api/v1/tags/geteventtags [32m204[0m 0.129 ms - 0[0m
2025-06-10 09:34:56 info: [0mOPTIONS /api/v1/tags/geteventtags [32m204[0m 0.103 ms - 0[0m
2025-06-10 09:34:56 info: [0mGET /api/v1/tags/geteventtags [36m304[0m 6.907 ms - -[0m
2025-06-10 09:34:56 info: [0mGET /api/v1/tags/geteventtags [36m304[0m 5.688 ms - -[0m
2025-06-10 09:54:22 info: 🚀 App listening on the port 8000. Current Env development.
2025-06-10 10:11:24 info: 🚀 App listening on the port 8000. Current Env development.
2025-06-10 10:11:26 info: 🚀 App listening on the port 8000. Current Env development.
2025-06-10 10:11:45 info: 🚀 App listening on the port 8000. Current Env development.
2025-06-10 10:15:47 info: 🚀 App listening on the port 8000. Current Env development.
2025-06-10 10:17:40 info: [0mOPTIONS /api/v1/tags/geteventtags [32m204[0m 1.154 ms - 0[0m
2025-06-10 10:17:40 info: [0mOPTIONS /api/v1/tags/geteventtags [32m204[0m 0.133 ms - 0[0m
2025-06-10 10:17:40 info: [0mGET /api/v1/tags/geteventtags [36m304[0m 97.333 ms - -[0m
2025-06-10 10:17:40 info: [0mGET /api/v1/tags/geteventtags [36m304[0m 6.398 ms - -[0m
2025-06-10 10:19:58 info: [0mOPTIONS /api/v1/tags/geteventtags [32m204[0m 0.123 ms - 0[0m
2025-06-10 10:19:58 info: [0mGET /api/v1/tags/geteventtags [36m304[0m 5.147 ms - -[0m
2025-06-10 10:20:14 info: [0mOPTIONS /api/v1/tags/geteventtags [32m204[0m 0.162 ms - 0[0m
2025-06-10 10:20:14 info: [0mGET /api/v1/tags/geteventtags [36m304[0m 4.082 ms - -[0m
2025-06-10 10:20:19 info: [0mOPTIONS /api/v1/tags/geteventtags [32m204[0m 0.615 ms - 0[0m
2025-06-10 10:20:19 info: [0mOPTIONS /api/v1/tags/geteventtags [32m204[0m 0.347 ms - 0[0m
2025-06-10 10:20:19 info: [0mGET /api/v1/tags/geteventtags [36m304[0m 18.397 ms - -[0m
2025-06-10 10:20:19 info: [0mGET /api/v1/tags/geteventtags [36m304[0m 8.541 ms - -[0m
2025-06-10 10:20:26 info: [0mOPTIONS /api/v1/files/uploadtoaws [32m204[0m 0.782 ms - 0[0m
2025-06-10 10:20:26 error: StatusCode : 400, Message : filename should not be empty, filename must be a string, base64String should not be empty, base64String must be a string
2025-06-10 10:20:26 info: [0mPOST /api/v1/files/uploadtoaws [33m400[0m 40.429 ms - 134[0m
2025-06-10 10:38:59 info: [0mPOST /api/v1/users/login [32m200[0m 87.963 ms - -[0m
2025-06-10 11:07:07 info: [0mOPTIONS /api/v1/tags/geteventtags [32m204[0m 0.398 ms - 0[0m
2025-06-10 11:07:07 info: [0mOPTIONS /api/v1/tags/geteventtags [32m204[0m 0.296 ms - 0[0m
2025-06-10 11:07:07 info: [0mGET /api/v1/tags/geteventtags [36m304[0m 7.042 ms - -[0m
2025-06-10 11:07:07 info: [0mGET /api/v1/tags/geteventtags [36m304[0m 6.554 ms - -[0m
2025-06-10 11:09:10 info: [0mOPTIONS /api/v1/tags/geteventtags [32m204[0m 0.142 ms - 0[0m
2025-06-10 11:09:10 info: [0mGET /api/v1/tags/geteventtags [36m304[0m 5.371 ms - -[0m
2025-06-10 11:10:19 info: [0mOPTIONS /api/v1/tags/geteventtags [32m204[0m 0.160 ms - 0[0m
2025-06-10 11:10:19 info: [0mGET /api/v1/tags/geteventtags [36m304[0m 4.197 ms - -[0m
2025-06-10 11:11:04 info: [0mOPTIONS /api/v1/files/uploadtoaws [32m204[0m 1.332 ms - 0[0m
2025-06-10 11:11:04 error: StatusCode : 400, Message : filename should not be empty, filename must be a string, base64String should not be empty, base64String must be a string
2025-06-10 11:11:04 info: [0mPOST /api/v1/files/uploadtoaws [33m400[0m 11.423 ms - 134[0m
2025-06-10 11:12:36 info: [0mOPTIONS /api/v1/tags/geteventtags [32m204[0m 3.466 ms - 0[0m
2025-06-10 11:12:36 info: [0mOPTIONS /api/v1/tags/geteventtags [32m204[0m 0.179 ms - 0[0m
2025-06-10 11:12:36 info: [0mGET /api/v1/tags/geteventtags [36m304[0m 17.632 ms - -[0m
2025-06-10 11:12:36 info: [0mGET /api/v1/tags/geteventtags [36m304[0m 9.599 ms - -[0m
2025-06-10 11:14:45 info: [0mOPTIONS /api/v1/files/uploadtoaws [32m204[0m 0.378 ms - 0[0m
2025-06-10 11:14:45 error: StatusCode : 400, Message : filename should not be empty, filename must be a string, base64String should not be empty, base64String must be a string
2025-06-10 11:14:45 info: [0mPOST /api/v1/files/uploadtoaws [33m400[0m 13.357 ms - 134[0m
2025-06-10 11:15:44 info: [0mOPTIONS /api/v1/tags/geteventtags [32m204[0m 0.242 ms - 0[0m
2025-06-10 11:15:44 info: [0mOPTIONS /api/v1/tags/geteventtags [32m204[0m 2.530 ms - 0[0m
2025-06-10 11:15:44 info: [0mGET /api/v1/tags/geteventtags [36m304[0m 46.827 ms - -[0m
2025-06-10 11:15:45 info: [0mGET /api/v1/tags/geteventtags [36m304[0m 7.913 ms - -[0m
2025-06-10 11:15:56 info: [0mOPTIONS /api/v1/files/uploadtoaws [32m204[0m 0.138 ms - 0[0m
2025-06-10 11:15:56 info: [0mPOST /api/v1/files/uploadtoaws [32m200[0m 377.417 ms - 158[0m
2025-06-10 11:18:27 info: [0mOPTIONS /api/v1/files/uploadtoaws [32m204[0m 0.172 ms - 0[0m
2025-06-10 11:18:28 info: [0mPOST /api/v1/files/uploadtoaws [32m200[0m 614.640 ms - 155[0m
2025-06-10 11:26:19 info: [0mOPTIONS /api/v1/tags/geteventtags [32m204[0m 0.240 ms - 0[0m
2025-06-10 11:26:19 info: [0mGET /api/v1/tags/geteventtags [36m304[0m 8.788 ms - -[0m
2025-06-10 11:26:24 info: [0mGET /api/v1/tags/geteventtags [36m304[0m 7.864 ms - -[0m
2025-06-10 11:26:24 info: [0mGET /api/v1/tags/geteventtags [36m304[0m 8.859 ms - -[0m
2025-06-10 11:28:24 info: [0mOPTIONS /api/v1/tags/geteventtags [32m204[0m 0.281 ms - 0[0m
2025-06-10 11:28:24 info: [0mOPTIONS /api/v1/tags/geteventtags [32m204[0m 0.157 ms - 0[0m
2025-06-10 11:28:24 info: [0mGET /api/v1/tags/geteventtags [36m304[0m 4.120 ms - -[0m
2025-06-10 11:28:24 info: [0mGET /api/v1/tags/geteventtags [36m304[0m 3.346 ms - -[0m
2025-06-10 11:42:51 info: [0mOPTIONS /api/v1/tags/geteventtags [32m204[0m 1.483 ms - 0[0m
2025-06-10 11:42:51 info: [0mOPTIONS /api/v1/tags/geteventtags [32m204[0m 0.271 ms - 0[0m
2025-06-10 11:42:52 info: [0mGET /api/v1/tags/geteventtags [36m304[0m 9.309 ms - -[0m
2025-06-10 11:42:52 info: [0mGET /api/v1/tags/geteventtags [36m304[0m 6.809 ms - -[0m
2025-06-10 11:43:03 info: [0mOPTIONS /api/v1/files/uploadtoaws [32m204[0m 0.880 ms - 0[0m
2025-06-10 11:43:04 info: [0mPOST /api/v1/files/uploadtoaws [32m200[0m 221.975 ms - 154[0m
2025-06-10 11:43:04 info: [0mPOST /api/v1/files/uploadtoaws [32m200[0m 112.481 ms - 152[0m
2025-06-10 11:44:34 info: [0mOPTIONS /api/v1/tags/geteventtags [32m204[0m 0.118 ms - 0[0m
2025-06-10 11:44:34 info: [0mOPTIONS /api/v1/tags/geteventtags [32m204[0m 0.137 ms - 0[0m
2025-06-10 11:44:34 info: [0mGET /api/v1/tags/geteventtags [36m304[0m 6.033 ms - -[0m
2025-06-10 11:44:34 info: [0mGET /api/v1/tags/geteventtags [36m304[0m 3.234 ms - -[0m
2025-06-10 11:44:52 info: [0mOPTIONS /api/v1/files/uploadtoaws [32m204[0m 0.359 ms - 0[0m
2025-06-10 11:44:52 info: [0mPOST /api/v1/files/uploadtoaws [32m200[0m 96.778 ms - 154[0m
2025-06-10 11:44:53 info: [0mPOST /api/v1/files/uploadtoaws [32m200[0m 201.063 ms - 155[0m
2025-06-10 11:45:47 info: [0mOPTIONS /api/v1/tags/geteventtags [32m204[0m 0.167 ms - 0[0m
2025-06-10 11:45:47 info: [0mOPTIONS /api/v1/tags/geteventtags [32m204[0m 0.110 ms - 0[0m
2025-06-10 11:45:47 info: [0mGET /api/v1/tags/geteventtags [36m304[0m 3.449 ms - -[0m
2025-06-10 11:45:47 info: [0mGET /api/v1/tags/geteventtags [36m304[0m 4.502 ms - -[0m
2025-06-10 11:45:54 info: [0mOPTIONS /api/v1/files/uploadtoaws [32m204[0m 0.134 ms - 0[0m
2025-06-10 11:45:55 info: [0mPOST /api/v1/files/uploadtoaws [32m200[0m 182.912 ms - 154[0m
2025-06-10 11:45:55 info: [0mPOST /api/v1/files/uploadtoaws [32m200[0m 180.459 ms - 155[0m
2025-06-10 11:52:57 info: [0mOPTIONS /api/v1/tags/geteventtags [32m204[0m 0.123 ms - 0[0m
2025-06-10 11:52:57 info: [0mOPTIONS /api/v1/tags/geteventtags [32m204[0m 0.173 ms - 0[0m
2025-06-10 11:52:57 info: [0mGET /api/v1/tags/geteventtags [36m304[0m 3.860 ms - -[0m
2025-06-10 11:52:57 info: [0mGET /api/v1/tags/geteventtags [36m304[0m 5.538 ms - -[0m
2025-06-10 11:53:03 info: [0mOPTIONS /api/v1/files/uploadtoaws [32m204[0m 0.125 ms - 0[0m
2025-06-10 11:53:03 info: [0mPOST /api/v1/files/uploadtoaws [32m200[0m 271.644 ms - 158[0m
2025-06-10 11:53:09 info: [0mOPTIONS /api/v1/files/uploadtoaws [32m204[0m 0.214 ms - 0[0m
2025-06-10 11:53:10 info: [0mPOST /api/v1/files/uploadtoaws [32m200[0m 632.810 ms - 155[0m
2025-06-10 12:05:21 info: [0mOPTIONS /api/v1/tags/geteventtags [32m204[0m 0.190 ms - 0[0m
2025-06-10 12:05:21 info: [0mGET /api/v1/tags/geteventtags [36m304[0m 6.516 ms - -[0m
2025-06-10 12:06:14 info: [0mOPTIONS /api/v1/tags/geteventtags [32m204[0m 0.144 ms - 0[0m
2025-06-10 12:06:14 info: [0mGET /api/v1/tags/geteventtags [36m304[0m 7.118 ms - -[0m
2025-06-10 12:06:32 info: [0mOPTIONS /api/v1/tags/geteventtags [32m204[0m 0.131 ms - 0[0m
2025-06-10 12:06:32 info: [0mGET /api/v1/tags/geteventtags [36m304[0m 5.005 ms - -[0m
2025-06-10 12:06:37 info: [0mOPTIONS /api/v1/tags/geteventtags [32m204[0m 0.239 ms - 0[0m
2025-06-10 12:06:37 info: [0mOPTIONS /api/v1/tags/geteventtags [32m204[0m 0.096 ms - 0[0m
2025-06-10 12:06:37 info: [0mGET /api/v1/tags/geteventtags [36m304[0m 3.746 ms - -[0m
2025-06-10 12:06:37 info: [0mGET /api/v1/tags/geteventtags [36m304[0m 3.165 ms - -[0m
2025-06-10 12:19:31 info: [0mOPTIONS /api/v1/files/uploadtoaws [32m204[0m 0.145 ms - 0[0m
2025-06-10 12:19:31 info: [0mPOST /api/v1/files/uploadtoaws [32m200[0m 294.594 ms - 158[0m
2025-06-10 12:19:37 info: [0mOPTIONS /api/v1/files/uploadtoaws [32m204[0m 0.122 ms - 0[0m
2025-06-10 12:19:37 info: [0mPOST /api/v1/files/uploadtoaws [32m200[0m 639.373 ms - 155[0m
2025-06-10 12:19:54 info: [0mOPTIONS /api/v1/files/uploadtoaws [32m204[0m 0.330 ms - 0[0m
2025-06-10 12:19:54 info: [0mPOST /api/v1/files/uploadtoaws [32m200[0m 155.316 ms - 154[0m
2025-06-10 12:19:54 info: [0mPOST /api/v1/files/uploadtoaws [32m200[0m 154.487 ms - 155[0m
2025-06-10 12:23:17 info: [0mOPTIONS /api/v1/tags/geteventtags [32m204[0m 0.087 ms - 0[0m
2025-06-10 12:23:17 info: [0mGET /api/v1/tags/geteventtags [36m304[0m 4.118 ms - -[0m
2025-06-10 12:23:20 info: [0mOPTIONS /api/v1/event/insertevent [32m204[0m 0.140 ms - 0[0m
2025-06-10 12:23:20 error: StatusCode : 400, Message : banner_image must be a string
2025-06-10 12:23:20 info: [0mPOST /api/v1/event/insertevent [33m400[0m 6.847 ms - 43[0m
2025-06-10 12:24:00 info: [0mOPTIONS /api/v1/files/uploadtoaws [32m204[0m 0.160 ms - 0[0m
2025-06-10 12:24:01 info: [0mPOST /api/v1/files/uploadtoaws [32m200[0m 786.481 ms - 155[0m
2025-06-10 12:24:21 info: [0mOPTIONS /api/v1/files/uploadtoaws [32m204[0m 0.185 ms - 0[0m
2025-06-10 12:24:21 info: [0mPOST /api/v1/files/uploadtoaws [32m200[0m 474.978 ms - 158[0m
2025-06-10 12:24:36 info: [0mOPTIONS /api/v1/event/insertevent [32m204[0m 0.131 ms - 0[0m
2025-06-10 12:24:36 error: StatusCode : 400, Message : banner_image must be a string
2025-06-10 12:24:36 info: [0mPOST /api/v1/event/insertevent [33m400[0m 6.321 ms - 43[0m
2025-06-10 13:46:21 info: 🚀 App listening on the port 8000. Current Env development.
2025-06-10 13:46:23 info: [0mOPTIONS /api/v1/tags/geteventtags [32m204[0m 1.770 ms - 0[0m
2025-06-10 13:46:23 info: [0mOPTIONS /api/v1/tags/geteventtags [32m204[0m 0.202 ms - 0[0m
2025-06-10 13:46:23 info: [0mGET /api/v1/tags/geteventtags [32m200[0m 557.471 ms - -[0m
2025-06-10 13:46:23 info: [0mGET /api/v1/tags/geteventtags [32m200[0m 229.502 ms - -[0m
2025-06-10 13:46:55 info: [0mOPTIONS /api/v1/files/uploadtoaws [32m204[0m 0.531 ms - 0[0m
2025-06-10 13:46:55 info: [0mPOST /api/v1/files/uploadtoaws [32m200[0m 368.275 ms - 158[0m
2025-06-10 13:47:00 info: [0mOPTIONS /api/v1/files/uploadtoaws [32m204[0m 0.295 ms - 0[0m
2025-06-10 13:47:01 info: [0mPOST /api/v1/files/uploadtoaws [32m200[0m 523.794 ms - 155[0m
2025-06-10 13:47:14 info: [0mOPTIONS /api/v1/files/uploadtoaws [32m204[0m 0.589 ms - 0[0m
2025-06-10 13:47:15 info: [0mPOST /api/v1/files/uploadtoaws [32m200[0m 103.281 ms - 154[0m
2025-06-10 13:47:15 info: [0mPOST /api/v1/files/uploadtoaws [32m200[0m 224.624 ms - 155[0m
2025-06-10 13:49:53 info: [0mPOST /api/v1/booking/insertbooking [32m201[0m 7000.058 ms - -[0m
2025-06-10 13:51:06 info: [0mOPTIONS /api/v1/event/insertevent [32m204[0m 0.153 ms - 0[0m
2025-06-10 13:51:06 error: StatusCode : 500, Message : insert into "event" ("address_line_1", "address_line_2", "agenda", "all_day", "banner_image", "city", "created_at", "currency", "date", "deleted_at", "deleted_by", "event_description", "event_title", "gate_no", "is_active", "is_deleted", "map_integration", "meta_description", "meta_title", "meta_url", "more_images", "our_partners", "pincode", "promo_video", "seats_remaining", "seats_remaining_indicator", "speaker_details", "sponsors", "state", "tags", "ticket_price", "time", "time_zone_selector", "total_seats", "updated_by", "venue_name") values ($1, $2, $3, $4, $5, $6, $7, $8, $9, $10, $11, $12, $13, $14, $15, $16, $17, $18, $19, $20, $21, $22, $23, $24, $25, $26, $27, $28, $29, $30, $31, $32, $33, $34, $35, $36) returning * - null value in column "created_by" of relation "event" violates not-null constraint
2025-06-10 13:51:06 info: [0mPOST /api/v1/event/insertevent [31m500[0m 22.940 ms - 912[0m
2025-06-10 13:59:45 info: [0mOPTIONS /api/v1/tags/geteventtags [32m204[0m 0.262 ms - 0[0m
2025-06-10 13:59:45 info: [0mGET /api/v1/tags/geteventtags [36m304[0m 8.695 ms - -[0m
2025-06-10 14:00:00 info: [0mOPTIONS /api/v1/tags/geteventtags [32m204[0m 0.147 ms - 0[0m
2025-06-10 14:00:00 info: [0mGET /api/v1/tags/geteventtags [36m304[0m 7.189 ms - -[0m
2025-06-10 14:00:02 info: [0mGET /api/v1/tags/geteventtags [36m304[0m 7.579 ms - -[0m
2025-06-10 14:00:03 info: [0mGET /api/v1/tags/geteventtags [36m304[0m 34.895 ms - -[0m
2025-06-10 14:00:28 info: [0mOPTIONS /api/v1/files/uploadtoaws [32m204[0m 0.589 ms - 0[0m
2025-06-10 14:00:28 info: [0mPOST /api/v1/files/uploadtoaws [32m200[0m 181.974 ms - 154[0m
2025-06-10 14:00:28 info: [0mPOST /api/v1/files/uploadtoaws [32m200[0m 197.968 ms - 155[0m
2025-06-10 14:00:51 info: [0mOPTIONS /api/v1/files/uploadtoaws [32m204[0m 0.501 ms - 0[0m
2025-06-10 14:00:51 info: [0mPOST /api/v1/files/uploadtoaws [32m200[0m 272.710 ms - 158[0m
2025-06-10 14:00:57 info: [0mOPTIONS /api/v1/files/uploadtoaws [32m204[0m 0.401 ms - 0[0m
2025-06-10 14:00:58 info: [0mPOST /api/v1/files/uploadtoaws [32m200[0m 804.611 ms - 155[0m
2025-06-10 14:01:26 info: [0mOPTIONS /api/v1/event/insertevent [32m204[0m 0.155 ms - 0[0m
2025-06-10 14:01:26 error: StatusCode : 500, Message : insert into "event" ("address_line_1", "address_line_2", "agenda", "all_day", "banner_image", "city", "created_at", "currency", "date", "deleted_at", "deleted_by", "event_description", "event_title", "gate_no", "is_active", "is_deleted", "map_integration", "meta_description", "meta_title", "meta_url", "more_images", "our_partners", "pincode", "promo_video", "seats_remaining", "seats_remaining_indicator", "speaker_details", "sponsors", "state", "tags", "ticket_price", "time", "time_zone_selector", "total_seats", "updated_by", "venue_name") values ($1, $2, $3, $4, $5, $6, $7, $8, $9, $10, $11, $12, $13, $14, $15, $16, $17, $18, $19, $20, $21, $22, $23, $24, $25, $26, $27, $28, $29, $30, $31, $32, $33, $34, $35, $36) returning * - null value in column "created_by" of relation "event" violates not-null constraint
2025-06-10 14:01:26 info: [0mPOST /api/v1/event/insertevent [31m500[0m 7.641 ms - 912[0m
2025-06-10 14:02:11 info: [0mOPTIONS /api/v1/tags/geteventtags [32m204[0m 0.170 ms - 0[0m
2025-06-10 14:02:11 info: [0mGET /api/v1/tags/geteventtags [36m304[0m 4.726 ms - -[0m
2025-06-10 14:02:11 info: [0mOPTIONS /api/v1/event/insertevent [32m204[0m 0.200 ms - 0[0m
2025-06-10 14:02:11 info: [0mPOST /api/v1/event/insertevent [32m201[0m 9.447 ms - -[0m
2025-06-10 14:02:11 info: [0mOPTIONS /api/v1/event/activeevents [32m204[0m 0.234 ms - 0[0m
2025-06-10 14:02:11 info: [0mOPTIONS /api/v1/event/activeevents [32m204[0m 0.558 ms - 0[0m
2025-06-10 14:02:11 info: [0mGET /api/v1/event/activeevents [32m200[0m 20.405 ms - -[0m
2025-06-10 14:02:11 info: [0mGET /api/v1/event/activeevents [36m304[0m 9.549 ms - -[0m
2025-06-10 14:02:56 info: [0mOPTIONS /api/v1/event/editevent/7 [32m204[0m 0.116 ms - 0[0m
2025-06-10 14:02:56 info: [0mOPTIONS /api/v1/tags/geteventtags [32m204[0m 0.150 ms - 0[0m
2025-06-10 14:02:56 info: [0mOPTIONS /api/v1/event/editevent/7 [32m204[0m 0.157 ms - 0[0m
2025-06-10 14:02:56 info: [0mOPTIONS /api/v1/tags/geteventtags [32m204[0m 0.090 ms - 0[0m
2025-06-10 14:02:56 info: [0mGET /api/v1/tags/geteventtags [36m304[0m 9.851 ms - -[0m
2025-06-10 14:02:56 info: [0mGET /api/v1/event/editevent/7 [32m200[0m 15.705 ms - -[0m
2025-06-10 14:02:56 info: [0mGET /api/v1/tags/geteventtags [36m304[0m 22.966 ms - -[0m
2025-06-10 14:02:56 info: [0mGET /api/v1/event/editevent/7 [36m304[0m 10.180 ms - -[0m
2025-06-10 15:15:56 info: 🚀 App listening on the port 8000. Current Env development.
2025-06-10 15:16:01 info: [0mOPTIONS /api/v1/event/activeevents [32m204[0m 2.176 ms - 0[0m
2025-06-10 15:16:01 info: [0mOPTIONS /api/v1/event/activeevents [32m204[0m 0.186 ms - 0[0m
2025-06-10 15:16:01 info: [0mGET /api/v1/event/activeevents [36m304[0m 170.909 ms - -[0m
2025-06-10 15:16:01 info: [0mGET /api/v1/event/activeevents [36m304[0m 9.064 ms - -[0m
2025-06-10 15:16:03 info: [0mOPTIONS /api/v1/tags/geteventtags [32m204[0m 0.206 ms - 0[0m
2025-06-10 15:16:03 info: [0mOPTIONS /api/v1/tags/geteventtags [32m204[0m 0.140 ms - 0[0m
2025-06-10 15:16:03 info: [0mGET /api/v1/tags/geteventtags [36m304[0m 10.325 ms - -[0m
2025-06-10 15:16:03 info: [0mGET /api/v1/tags/geteventtags [36m304[0m 8.551 ms - -[0m
2025-06-10 15:16:13 info: 🚀 App listening on the port 8000. Current Env development.
2025-06-10 15:30:48 info: 🚀 App listening on the port 8000. Current Env development.
2025-06-10 15:37:23 info: [0mOPTIONS /api/v1/tags/geteventtags [32m204[0m 1.560 ms - 0[0m
2025-06-10 15:37:23 info: [0mGET /api/v1/tags/geteventtags [36m304[0m 164.255 ms - -[0m
2025-06-10 15:38:11 info: [0mOPTIONS /api/v1/tags/geteventtags [32m204[0m 0.615 ms - 0[0m
2025-06-10 15:38:11 info: [0mOPTIONS /api/v1/tags/geteventtags [32m204[0m 0.215 ms - 0[0m
2025-06-10 15:38:11 info: [0mGET /api/v1/tags/geteventtags [36m304[0m 7.324 ms - -[0m
2025-06-10 15:38:11 info: [0mGET /api/v1/tags/geteventtags [36m304[0m 4.350 ms - -[0m
2025-06-10 15:43:02 info: [0mOPTIONS /api/v1/tags/geteventtags [32m204[0m 0.266 ms - 0[0m
2025-06-10 15:43:02 info: [0mOPTIONS /api/v1/tags/geteventtags [32m204[0m 0.174 ms - 0[0m
2025-06-10 15:43:02 info: [0mGET /api/v1/tags/geteventtags [36m304[0m 7.086 ms - -[0m
2025-06-10 15:43:02 info: [0mGET /api/v1/tags/geteventtags [36m304[0m 5.333 ms - -[0m
2025-06-10 15:44:13 info: [0mOPTIONS /api/v1/tags/geteventtags [32m204[0m 0.544 ms - 0[0m
2025-06-10 15:44:13 info: [0mOPTIONS /api/v1/tags/geteventtags [32m204[0m 0.131 ms - 0[0m
2025-06-10 15:44:13 info: [0mGET /api/v1/tags/geteventtags [36m304[0m 7.668 ms - -[0m
2025-06-10 15:44:13 info: [0mGET /api/v1/tags/geteventtags [36m304[0m 5.443 ms - -[0m
2025-06-10 15:46:55 info: [0mOPTIONS /api/v1/tags/geteventtags [32m204[0m 0.187 ms - 0[0m
2025-06-10 15:46:55 info: [0mGET /api/v1/tags/geteventtags [36m304[0m 8.369 ms - -[0m
2025-06-10 15:46:59 info: [0mGET /api/v1/tags/geteventtags [36m304[0m 9.345 ms - -[0m
2025-06-10 15:46:59 info: [0mGET /api/v1/tags/geteventtags [36m304[0m 3.783 ms - -[0m
2025-06-10 15:49:35 info: [0mOPTIONS /api/v1/files/uploadtoaws [32m204[0m 0.485 ms - 0[0m
2025-06-10 15:49:35 info: [0mPOST /api/v1/files/uploadtoaws [32m200[0m 311.952 ms - 151[0m
2025-06-10 15:49:54 info: [0mOPTIONS /api/v1/files/uploadtoaws [32m204[0m 0.402 ms - 0[0m
2025-06-10 15:49:54 info: [0mPOST /api/v1/files/uploadtoaws [32m200[0m 109.819 ms - 154[0m
2025-06-10 15:54:50 info: 🚀 App listening on the port 8000. Current Env development.
2025-06-10 15:55:36 info: 🚀 App listening on the port 8000. Current Env development.
2025-06-10 15:55:36 info: [0mOPTIONS /api/v1/tags/geteventtags [32m204[0m 2.004 ms - 0[0m
2025-06-10 15:55:36 info: [0mOPTIONS /api/v1/tags/geteventtags [32m204[0m 0.226 ms - 0[0m
2025-06-10 15:55:36 info: [0mGET /api/v1/tags/geteventtags [36m304[0m 91.644 ms - -[0m
2025-06-10 15:55:36 info: [0mGET /api/v1/tags/geteventtags [36m304[0m 13.403 ms - -[0m
2025-06-10 15:55:45 info: [0mOPTIONS /api/v1/files/uploadtoaws [32m204[0m 0.593 ms - 0[0m
2025-06-10 15:55:45 info: [0mPOST /api/v1/files/uploadtoaws [32m200[0m 202.323 ms - 154[0m
2025-06-10 16:01:56 info: 🚀 App listening on the port 8000. Current Env development.
2025-06-10 16:01:56 info: [0mOPTIONS /api/v1/tags/geteventtags [32m204[0m 1.468 ms - 0[0m
2025-06-10 16:01:56 info: [0mOPTIONS /api/v1/tags/geteventtags [32m204[0m 0.245 ms - 0[0m
2025-06-10 16:01:56 info: [0mGET /api/v1/tags/geteventtags [36m304[0m 81.979 ms - -[0m
2025-06-10 16:01:56 info: [0mGET /api/v1/tags/geteventtags [36m304[0m 6.688 ms - -[0m
2025-06-10 16:02:05 info: [0mOPTIONS /api/v1/files/uploadtoaws [32m204[0m 0.171 ms - 0[0m
2025-06-10 16:02:06 info: [0mPOST /api/v1/files/uploadtoaws [32m200[0m 545.790 ms - 158[0m
2025-06-10 16:03:56 info: 🚀 App listening on the port 8000. Current Env development.
2025-06-10 16:03:59 info: [0mOPTIONS /api/v1/tags/geteventtags [32m204[0m 1.632 ms - 0[0m
2025-06-10 16:03:59 info: [0mOPTIONS /api/v1/tags/geteventtags [32m204[0m 0.261 ms - 0[0m
2025-06-10 16:03:59 info: [0mGET /api/v1/tags/geteventtags [36m304[0m 156.007 ms - -[0m
2025-06-10 16:03:59 info: [0mGET /api/v1/tags/geteventtags [36m304[0m 9.023 ms - -[0m
2025-06-10 16:04:07 info: [0mOPTIONS /api/v1/files/uploadtoaws [32m204[0m 0.164 ms - 0[0m
2025-06-10 16:04:07 info: [0mPOST /api/v1/files/uploadtoaws [32m200[0m 399.431 ms - 155[0m
2025-06-10 16:04:37 info: 🚀 App listening on the port 8000. Current Env development.
2025-06-10 16:04:41 info: [0mOPTIONS /api/v1/tags/geteventtags [32m204[0m 1.826 ms - 0[0m
2025-06-10 16:04:41 info: [0mOPTIONS /api/v1/tags/geteventtags [32m204[0m 0.386 ms - 0[0m
2025-06-10 16:04:41 info: [0mGET /api/v1/tags/geteventtags [36m304[0m 152.418 ms - -[0m
2025-06-10 16:04:41 info: [0mGET /api/v1/tags/geteventtags [36m304[0m 9.069 ms - -[0m
2025-06-10 16:04:48 info: [0mOPTIONS /api/v1/files/uploadtoaws [32m204[0m 0.317 ms - 0[0m
2025-06-10 16:04:48 info: [0mPOST /api/v1/files/uploadtoaws [32m200[0m 227.980 ms - 147[0m
2025-06-10 16:05:47 info: 🚀 App listening on the port 8000. Current Env development.
2025-06-10 16:06:08 info: 🚀 App listening on the port 8000. Current Env development.
2025-06-10 16:06:08 info: [0mOPTIONS /api/v1/tags/geteventtags [32m204[0m 2.599 ms - 0[0m
2025-06-10 16:06:08 info: [0mOPTIONS /api/v1/tags/geteventtags [32m204[0m 2.060 ms - 0[0m
2025-06-10 16:06:08 info: [0mGET /api/v1/tags/geteventtags [36m304[0m 146.347 ms - -[0m
2025-06-10 16:06:08 info: [0mGET /api/v1/tags/geteventtags [36m304[0m 9.015 ms - -[0m
2025-06-10 16:06:13 info: [0mOPTIONS /api/v1/files/uploadtoaws [32m204[0m 0.244 ms - 0[0m
2025-06-10 16:06:13 info: [0mPOST /api/v1/files/uploadtoaws [32m200[0m 224.899 ms - 133[0m
2025-06-10 16:06:33 info: 🚀 App listening on the port 8000. Current Env development.
2025-06-10 16:06:33 info: [0mOPTIONS /api/v1/tags/geteventtags [32m204[0m 1.103 ms - 0[0m
2025-06-10 16:06:33 info: [0mOPTIONS /api/v1/tags/geteventtags [32m204[0m 0.123 ms - 0[0m
2025-06-10 16:06:33 info: [0mGET /api/v1/tags/geteventtags [36m304[0m 69.546 ms - -[0m
2025-06-10 16:06:33 info: [0mGET /api/v1/tags/geteventtags [36m304[0m 6.783 ms - -[0m
2025-06-10 16:06:37 info: [0mOPTIONS /api/v1/files/uploadtoaws [32m204[0m 2.269 ms - 0[0m
2025-06-10 16:06:38 info: [0mPOST /api/v1/files/uploadtoaws [32m200[0m 176.375 ms - 134[0m
2025-06-10 16:07:15 info: 🚀 App listening on the port 8000. Current Env development.
2025-06-10 16:07:15 info: [0mOPTIONS /api/v1/tags/geteventtags [32m204[0m 1.103 ms - 0[0m
2025-06-10 16:07:15 info: [0mOPTIONS /api/v1/tags/geteventtags [32m204[0m 0.200 ms - 0[0m
2025-06-10 16:07:15 info: [0mGET /api/v1/tags/geteventtags [36m304[0m 62.386 ms - -[0m
2025-06-10 16:07:15 info: [0mGET /api/v1/tags/geteventtags [36m304[0m 8.986 ms - -[0m
2025-06-10 16:07:19 info: [0mOPTIONS /api/v1/files/uploadtoaws [32m204[0m 0.226 ms - 0[0m
2025-06-10 16:07:19 info: [0mPOST /api/v1/files/uploadtoaws [32m200[0m 234.002 ms - 148[0m
2025-06-10 16:09:40 info: 🚀 App listening on the port 8000. Current Env development.
2025-06-10 16:09:40 info: [0mOPTIONS /api/v1/tags/geteventtags [32m204[0m 1.145 ms - 0[0m
2025-06-10 16:09:40 info: [0mOPTIONS /api/v1/tags/geteventtags [32m204[0m 0.223 ms - 0[0m
2025-06-10 16:09:40 info: [0mGET /api/v1/tags/geteventtags [36m304[0m 61.076 ms - -[0m
2025-06-10 16:09:40 info: [0mGET /api/v1/tags/geteventtags [36m304[0m 6.128 ms - -[0m
2025-06-10 16:10:36 info: [0mOPTIONS /api/v1/tags/geteventtags [32m204[0m 0.279 ms - 0[0m
2025-06-10 16:10:36 info: [0mOPTIONS /api/v1/tags/geteventtags [32m204[0m 0.459 ms - 0[0m
2025-06-10 16:10:36 info: [0mGET /api/v1/tags/geteventtags [36m304[0m 9.249 ms - -[0m
2025-06-10 16:10:36 info: [0mGET /api/v1/tags/geteventtags [36m304[0m 7.097 ms - -[0m
2025-06-10 16:10:43 info: [0mOPTIONS /api/v1/files/uploadtoaws [32m204[0m 1.927 ms - 0[0m
2025-06-10 16:10:43 error: StatusCode : 500, Message : Error uploading file to S3
2025-06-10 16:10:43 info: [0mPOST /api/v1/files/uploadtoaws [31m500[0m 45.025 ms - 40[0m
2025-06-10 16:10:54 info: 🚀 App listening on the port 8000. Current Env development.
2025-06-10 16:11:02 info: 🚀 App listening on the port 8000. Current Env development.
2025-06-10 16:11:10 info: 🚀 App listening on the port 8000. Current Env development.
2025-06-10 16:11:10 info: [0mOPTIONS /api/v1/tags/geteventtags [32m204[0m 1.085 ms - 0[0m
2025-06-10 16:11:10 info: [0mOPTIONS /api/v1/tags/geteventtags [32m204[0m 0.192 ms - 0[0m
2025-06-10 16:11:10 info: [0mGET /api/v1/tags/geteventtags [36m304[0m 63.922 ms - -[0m
2025-06-10 16:11:10 info: [0mGET /api/v1/tags/geteventtags [36m304[0m 7.961 ms - -[0m
2025-06-10 16:11:14 info: [0mOPTIONS /api/v1/files/uploadtoaws [32m204[0m 0.785 ms - 0[0m
2025-06-10 16:11:14 info: [0mPOST /api/v1/files/uploadtoaws [32m200[0m 233.076 ms - 145[0m
2025-06-10 16:11:52 info: 🚀 App listening on the port 8000. Current Env development.
2025-06-10 16:21:46 info: [0mOPTIONS /api/v1/tags/geteventtags [32m204[0m 1.728 ms - 0[0m
2025-06-10 16:21:46 info: [0mGET /api/v1/tags/geteventtags [36m304[0m 159.676 ms - -[0m
2025-06-10 16:22:29 info: [0mOPTIONS /api/v1/tags/geteventtags [32m204[0m 0.126 ms - 0[0m
2025-06-10 16:22:29 info: [0mGET /api/v1/tags/geteventtags [36m304[0m 5.409 ms - -[0m
2025-06-10 16:22:45 info: [0mOPTIONS /api/v1/tags/geteventtags [32m204[0m 0.336 ms - 0[0m
2025-06-10 16:22:45 info: [0mGET /api/v1/tags/geteventtags [36m304[0m 3.563 ms - -[0m
2025-06-10 16:22:46 info: [0mGET /api/v1/tags/geteventtags [36m304[0m 8.412 ms - -[0m
2025-06-10 16:22:46 info: [0mGET /api/v1/tags/geteventtags [36m304[0m 6.464 ms - -[0m
2025-06-10 16:23:02 info: [0mOPTIONS /api/v1/files/uploadtoaws [32m204[0m 0.095 ms - 0[0m
2025-06-10 16:23:02 info: [0mPOST /api/v1/files/uploadtoaws [32m200[0m 343.576 ms - 152[0m
2025-06-10 16:23:14 info: [0mOPTIONS /api/v1/files/uploadtoaws [32m204[0m 0.437 ms - 0[0m
2025-06-10 16:23:14 error: StatusCode : 500, Message : Error uploading file to S3
2025-06-10 16:23:14 info: [0mPOST /api/v1/files/uploadtoaws [31m500[0m 87.194 ms - 40[0m
2025-06-10 16:23:22 info: [0mOPTIONS /api/v1/files/uploadtoaws [32m204[0m 0.142 ms - 0[0m
2025-06-10 16:23:22 error: StatusCode : 500, Message : Error uploading file to S3
2025-06-10 16:23:22 info: [0mPOST /api/v1/files/uploadtoaws [31m500[0m 37.986 ms - 40[0m
2025-06-10 16:23:44 info: [0mOPTIONS /api/v1/files/uploadtoaws [32m204[0m 1.201 ms - 0[0m
2025-06-10 16:23:44 error: StatusCode : 500, Message : Error uploading file to S3
2025-06-10 16:23:44 info: [0mPOST /api/v1/files/uploadtoaws [31m500[0m 95.826 ms - 40[0m
2025-06-10 16:38:12 info: [0mOPTIONS /api/v1/tags/geteventtags [32m204[0m 0.125 ms - 0[0m
2025-06-10 16:38:12 info: [0mGET /api/v1/tags/geteventtags [36m304[0m 5.976 ms - -[0m
2025-06-10 16:39:21 info: [0mOPTIONS /api/v1/tags/geteventtags [32m204[0m 0.218 ms - 0[0m
2025-06-10 16:39:21 info: [0mOPTIONS /api/v1/tags/geteventtags [32m204[0m 0.153 ms - 0[0m
2025-06-10 16:39:21 info: [0mGET /api/v1/tags/geteventtags [36m304[0m 17.664 ms - -[0m
2025-06-10 16:39:21 info: [0mGET /api/v1/tags/geteventtags [36m304[0m 14.652 ms - -[0m
2025-06-10 16:39:35 info: [0mOPTIONS /api/v1/files/uploadtoaws [32m204[0m 0.443 ms - 0[0m
2025-06-10 16:39:35 error: StatusCode : 500, Message : Error uploading file to S3
2025-06-10 16:39:35 info: [0mPOST /api/v1/files/uploadtoaws [31m500[0m 96.627 ms - 40[0m
2025-06-10 16:41:32 info: 🚀 App listening on the port 8000. Current Env development.
2025-06-10 16:42:20 info: 🚀 App listening on the port 8000. Current Env development.
2025-06-10 16:42:21 info: [0mOPTIONS /api/v1/tags/geteventtags [32m204[0m 1.132 ms - 0[0m
2025-06-10 16:42:21 info: [0mOPTIONS /api/v1/tags/geteventtags [32m204[0m 0.215 ms - 0[0m
2025-06-10 16:42:21 info: [0mGET /api/v1/tags/geteventtags [36m304[0m 150.821 ms - -[0m
2025-06-10 16:42:21 info: [0mGET /api/v1/tags/geteventtags [36m304[0m 7.797 ms - -[0m
2025-06-10 16:43:07 info: 🚀 App listening on the port 8000. Current Env development.
2025-06-10 16:43:12 info: 🚀 App listening on the port 8000. Current Env development.
2025-06-10 16:43:25 info: 🚀 App listening on the port 8000. Current Env development.
2025-06-10 16:43:26 info: [0mOPTIONS /api/v1/tags/geteventtags [32m204[0m 3.120 ms - 0[0m
2025-06-10 16:43:26 info: [0mOPTIONS /api/v1/tags/geteventtags [32m204[0m 0.236 ms - 0[0m
2025-06-10 16:43:26 info: [0mGET /api/v1/tags/geteventtags [36m304[0m 176.034 ms - -[0m
2025-06-10 16:43:26 info: [0mGET /api/v1/tags/geteventtags [36m304[0m 11.310 ms - -[0m
2025-06-10 16:43:31 info: [0mOPTIONS /api/v1/files/uploadtoaws [32m204[0m 0.193 ms - 0[0m
2025-06-10 16:43:31 error: StatusCode : 500, Message : Error uploading file to S3
2025-06-10 16:43:31 info: [0mPOST /api/v1/files/uploadtoaws [31m500[0m 83.597 ms - 40[0m
2025-06-10 16:44:37 info: 🚀 App listening on the port 8000. Current Env development.
2025-06-10 16:45:31 info: 🚀 App listening on the port 8000. Current Env development.
2025-06-10 16:45:52 info: 🚀 App listening on the port 8000. Current Env development.
2025-06-10 16:45:53 info: [0mOPTIONS /api/v1/tags/geteventtags [32m204[0m 1.938 ms - 0[0m
2025-06-10 16:45:53 info: [0mOPTIONS /api/v1/tags/geteventtags [32m204[0m 0.446 ms - 0[0m
2025-06-10 16:45:54 info: [0mGET /api/v1/tags/geteventtags [36m304[0m 209.219 ms - -[0m
2025-06-10 16:45:54 info: [0mGET /api/v1/tags/geteventtags [36m304[0m 6.615 ms - -[0m
2025-06-10 16:46:00 info: [0mOPTIONS /api/v1/files/uploadtoaws [32m204[0m 0.443 ms - 0[0m
2025-06-10 16:46:01 error: StatusCode : 500, Message : Error uploading file to S3
2025-06-10 16:46:01 info: [0mPOST /api/v1/files/uploadtoaws [31m500[0m 863.109 ms - 40[0m
2025-06-10 16:46:16 info: [0mOPTIONS /api/v1/files/uploadtoaws [32m204[0m 0.181 ms - 0[0m
2025-06-10 16:46:16 error: StatusCode : 500, Message : Error uploading file to S3
2025-06-10 16:46:16 info: [0mPOST /api/v1/files/uploadtoaws [31m500[0m 218.533 ms - 40[0m
2025-06-10 16:46:55 info: 🚀 App listening on the port 8000. Current Env development.
2025-06-10 16:47:27 info: 🚀 App listening on the port 8000. Current Env development.
2025-06-10 16:47:29 info: [0mOPTIONS /api/v1/tags/geteventtags [32m204[0m 1.649 ms - 0[0m
2025-06-10 16:47:29 info: [0mOPTIONS /api/v1/tags/geteventtags [32m204[0m 2.506 ms - 0[0m
2025-06-10 16:47:29 info: [0mGET /api/v1/tags/geteventtags [36m304[0m 140.325 ms - -[0m
2025-06-10 16:47:29 info: [0mGET /api/v1/tags/geteventtags [36m304[0m 11.835 ms - -[0m
2025-06-10 16:47:34 info: [0mOPTIONS /api/v1/files/uploadtoaws [32m204[0m 0.400 ms - 0[0m
2025-06-10 16:47:35 error: StatusCode : 500, Message : Error uploading file to S3
2025-06-10 16:47:35 info: [0mPOST /api/v1/files/uploadtoaws [31m500[0m 262.223 ms - 40[0m
2025-06-10 16:57:34 info: 🚀 App listening on the port 8000. Current Env development.
2025-06-10 16:57:50 info: 🚀 App listening on the port 8000. Current Env development.
2025-06-10 16:57:54 info: 🚀 App listening on the port 8000. Current Env development.
2025-06-10 16:58:36 info: 🚀 App listening on the port 8000. Current Env development.
2025-06-10 16:58:40 info: 🚀 App listening on the port 8000. Current Env development.
2025-06-10 16:58:46 info: 🚀 App listening on the port 8000. Current Env development.
2025-06-10 16:58:46 info: [0mOPTIONS /api/v1/tags/geteventtags [32m204[0m 1.185 ms - 0[0m
2025-06-10 16:58:46 info: [0mOPTIONS /api/v1/tags/geteventtags [32m204[0m 0.266 ms - 0[0m
2025-06-10 16:58:47 info: [0mGET /api/v1/tags/geteventtags [36m304[0m 98.648 ms - -[0m
2025-06-10 16:58:47 info: [0mGET /api/v1/tags/geteventtags [36m304[0m 6.833 ms - -[0m
2025-06-10 16:58:57 info: [0mOPTIONS /api/v1/files/uploadtoaws [32m204[0m 0.176 ms - 0[0m
2025-06-10 16:58:57 error: StatusCode : 500, Message : Error uploading file to S3
2025-06-10 16:58:57 info: [0mPOST /api/v1/files/uploadtoaws [31m500[0m 58.022 ms - 40[0m
2025-06-10 16:59:15 info: 🚀 App listening on the port 8000. Current Env development.
2025-06-10 16:59:59 info: 🚀 App listening on the port 8000. Current Env development.
2025-06-10 17:00:12 info: 🚀 App listening on the port 8000. Current Env development.
2025-06-10 17:00:25 info: 🚀 App listening on the port 8000. Current Env development.
2025-06-10 17:00:37 info: 🚀 App listening on the port 8000. Current Env development.
2025-06-10 17:00:37 info: [0mOPTIONS /api/v1/tags/geteventtags [32m204[0m 1.091 ms - 0[0m
2025-06-10 17:00:37 info: [0mOPTIONS /api/v1/tags/geteventtags [32m204[0m 0.225 ms - 0[0m
2025-06-10 17:00:37 info: [0mGET /api/v1/tags/geteventtags [36m304[0m 60.509 ms - -[0m
2025-06-10 17:00:37 info: [0mGET /api/v1/tags/geteventtags [36m304[0m 5.716 ms - -[0m
2025-06-10 17:00:42 info: [0mOPTIONS /api/v1/files/uploadtoaws [32m204[0m 0.182 ms - 0[0m
2025-06-10 17:00:42 error: StatusCode : 500, Message : Error uploading file to S3
2025-06-10 17:00:42 info: [0mPOST /api/v1/files/uploadtoaws [31m500[0m 65.563 ms - 40[0m
2025-06-10 17:01:12 info: 🚀 App listening on the port 8000. Current Env development.
2025-06-10 17:01:32 info: [0mOPTIONS /api/v1/tags/geteventtags [32m204[0m 2.994 ms - 0[0m
2025-06-10 17:01:32 info: [0mOPTIONS /api/v1/tags/geteventtags [32m204[0m 0.237 ms - 0[0m
2025-06-10 17:01:32 info: [0mGET /api/v1/tags/geteventtags [36m304[0m 221.936 ms - -[0m
2025-06-10 17:01:32 info: [0mGET /api/v1/tags/geteventtags [36m304[0m 12.340 ms - -[0m
2025-06-10 17:01:37 info: [0mOPTIONS /api/v1/files/uploadtoaws [32m204[0m 0.315 ms - 0[0m
2025-06-10 17:01:37 error: StatusCode : 500, Message : Error uploading file to S3
2025-06-10 17:01:37 info: [0mPOST /api/v1/files/uploadtoaws [31m500[0m 47.556 ms - 40[0m
2025-06-10 17:02:02 info: [0mOPTIONS /api/v1/tags/geteventtags [32m204[0m 1.076 ms - 0[0m
2025-06-10 17:02:02 info: [0mOPTIONS /api/v1/tags/geteventtags [32m204[0m 0.155 ms - 0[0m
2025-06-10 17:02:02 info: [0mGET /api/v1/tags/geteventtags [32m200[0m 20.577 ms - -[0m
2025-06-10 17:02:02 info: [0mGET /api/v1/tags/geteventtags [32m200[0m 20.493 ms - -[0m
2025-06-10 17:02:45 info: [0mOPTIONS /api/v1/event/activeevents [32m204[0m 0.322 ms - 0[0m
2025-06-10 17:02:45 info: [0mOPTIONS /api/v1/event/activeevents [32m204[0m 1.062 ms - 0[0m
2025-06-10 17:02:46 info: [0mOPTIONS /api/v1/tags/geteventtags [32m204[0m 0.782 ms - 0[0m
2025-06-10 17:02:46 info: [0mOPTIONS /api/v1/tags/geteventtags [32m204[0m 0.125 ms - 0[0m
2025-06-10 17:02:55 info: [0mOPTIONS /api/v1/files/uploadtoaws [32m204[0m 0.284 ms - 0[0m
2025-06-10 17:02:55 error: StatusCode : 500, Message : Error uploading file to S3
2025-06-10 17:02:55 info: [0mPOST /api/v1/files/uploadtoaws [31m500[0m 267.643 ms - 40[0m
2025-06-10 17:04:10 info: [0mOPTIONS /api/v1/tags/geteventtags [32m204[0m 0.941 ms - 0[0m
2025-06-10 17:04:10 info: [0mOPTIONS /api/v1/tags/geteventtags [32m204[0m 0.418 ms - 0[0m
2025-06-10 17:04:10 info: [0mGET /api/v1/tags/geteventtags [36m304[0m 20.561 ms - -[0m
2025-06-10 17:04:10 info: [0mGET /api/v1/tags/geteventtags [36m304[0m 9.920 ms - -[0m
2025-06-10 17:04:16 info: [0mOPTIONS /api/v1/files/uploadtoaws [32m204[0m 0.371 ms - 0[0m
2025-06-10 17:04:16 error: StatusCode : 500, Message : Error uploading file to S3
2025-06-10 17:04:16 info: [0mPOST /api/v1/files/uploadtoaws [31m500[0m 264.387 ms - 40[0m
2025-06-10 17:04:37 error: StatusCode : 401, Message : Wrong authentication token
2025-06-10 17:04:37 info: [0mPOST /api/v1/files/uploadtoaws [33m401[0m 7.315 ms - 40[0m
2025-06-10 17:04:55 error: StatusCode : 500, Message : Error uploading file to S3
2025-06-10 17:04:55 info: [0mPOST /api/v1/files/uploadtoaws [31m500[0m 8.298 ms - 40[0m
2025-06-10 17:06:02 info: 🚀 App listening on the port 8000. Current Env development.
2025-06-10 17:06:07 info: 🚀 App listening on the port 8000. Current Env development.
2025-06-10 17:06:09 error: StatusCode : 500, Message : Error uploading file to S3
2025-06-10 17:06:09 info: [0mPOST /api/v1/files/uploadtoaws [31m500[0m 85.616 ms - 40[0m
2025-06-10 17:06:22 info: 🚀 App listening on the port 8000. Current Env development.
2025-06-10 17:08:23 info: 🚀 App listening on the port 8000. Current Env development.
2025-06-10 17:08:24 info: [0mOPTIONS /api/v1/tags/geteventtags [32m204[0m 1.235 ms - 0[0m
2025-06-10 17:08:24 info: [0mOPTIONS /api/v1/tags/geteventtags [32m204[0m 0.186 ms - 0[0m
2025-06-10 17:08:24 info: [0mGET /api/v1/tags/geteventtags [36m304[0m 127.327 ms - -[0m
2025-06-10 17:08:24 info: [0mGET /api/v1/tags/geteventtags [36m304[0m 9.152 ms - -[0m
2025-06-10 17:08:31 info: [0mOPTIONS /api/v1/files/uploadtoaws [32m204[0m 0.332 ms - 0[0m
2025-06-10 17:08:31 error: StatusCode : 500, Message : Error uploading file to S3
2025-06-10 17:08:31 info: [0mPOST /api/v1/files/uploadtoaws [31m500[0m 276.756 ms - 40[0m
2025-06-10 17:10:03 info: [0mOPTIONS /api/v1/tags/geteventtags [32m204[0m 1.002 ms - 0[0m
2025-06-10 17:10:03 info: [0mOPTIONS /api/v1/tags/geteventtags [32m204[0m 0.184 ms - 0[0m
2025-06-10 17:10:03 info: [0mGET /api/v1/tags/geteventtags [36m304[0m 14.883 ms - -[0m
2025-06-10 17:10:03 info: [0mGET /api/v1/tags/geteventtags [36m304[0m 32.259 ms - -[0m
2025-06-10 17:10:23 error: StatusCode : 500, Message : Error uploading file to S3
2025-06-10 17:10:23 info: [0mPOST /api/v1/files/uploadtoaws [31m500[0m 7.366 ms - 40[0m
2025-06-10 17:10:33 info: [0mOPTIONS /api/v1/files/uploadtoaws [32m204[0m 0.548 ms - 0[0m
2025-06-10 17:10:33 error: StatusCode : 500, Message : Error uploading file to S3
2025-06-10 17:10:33 info: [0mPOST /api/v1/files/uploadtoaws [31m500[0m 278.807 ms - 40[0m
2025-06-10 17:12:57 info: 🚀 App listening on the port 8000. Current Env development.
2025-06-10 17:13:06 info: 🚀 App listening on the port 8000. Current Env development.
2025-06-10 17:13:31 info: 🚀 App listening on the port 8000. Current Env development.
2025-06-10 17:13:36 info: [0mOPTIONS /api/v1/tags/geteventtags [32m204[0m 1.486 ms - 0[0m
2025-06-10 17:13:36 info: [0mOPTIONS /api/v1/tags/geteventtags [32m204[0m 0.233 ms - 0[0m
2025-06-10 17:13:36 info: [0mGET /api/v1/tags/geteventtags [36m304[0m 145.091 ms - -[0m
2025-06-10 17:13:36 info: [0mGET /api/v1/tags/geteventtags [36m304[0m 4.724 ms - -[0m
2025-06-10 17:13:41 info: [0mOPTIONS /api/v1/files/uploadtoaws [32m204[0m 0.255 ms - 0[0m
2025-06-10 17:13:41 error: StatusCode : 500, Message : Error uploading file to S3
2025-06-10 17:13:41 info: [0mPOST /api/v1/files/uploadtoaws [31m500[0m 38.071 ms - 40[0m
2025-06-10 17:14:15 info: 🚀 App listening on the port 8000. Current Env development.
2025-06-10 17:15:43 info: 🚀 App listening on the port 8000. Current Env development.
2025-06-10 17:15:45 info: [0mOPTIONS /api/v1/tags/geteventtags [32m204[0m 1.314 ms - 0[0m
2025-06-10 17:15:45 info: [0mOPTIONS /api/v1/tags/geteventtags [32m204[0m 0.224 ms - 0[0m
2025-06-10 17:15:45 info: [0mGET /api/v1/tags/geteventtags [36m304[0m 127.516 ms - -[0m
2025-06-10 17:15:45 info: [0mGET /api/v1/tags/geteventtags [36m304[0m 11.824 ms - -[0m
2025-06-10 17:15:50 info: [0mOPTIONS /api/v1/files/uploadtoaws [32m204[0m 0.244 ms - 0[0m
2025-06-10 17:15:50 error: StatusCode : 500, Message : Error uploading file to S3
2025-06-10 17:15:50 info: [0mPOST /api/v1/files/uploadtoaws [31m500[0m 277.393 ms - 40[0m
2025-06-10 17:16:12 info: 🚀 App listening on the port 8000. Current Env development.
2025-06-10 17:16:20 info: [0mOPTIONS /api/v1/files/uploadtoaws [32m204[0m 7.316 ms - 0[0m
2025-06-10 17:16:21 error: StatusCode : 500, Message : Error uploading file to S3
2025-06-10 17:16:21 info: [0mPOST /api/v1/files/uploadtoaws [31m500[0m 304.556 ms - 40[0m
2025-06-10 17:17:19 info: 🚀 App listening on the port 8000. Current Env development.
2025-06-10 17:18:18 info: 🚀 App listening on the port 8000. Current Env development.
2025-06-10 17:18:19 info: [0mOPTIONS /api/v1/tags/geteventtags [32m204[0m 1.341 ms - 0[0m
2025-06-10 17:18:19 info: [0mOPTIONS /api/v1/tags/geteventtags [32m204[0m 0.797 ms - 0[0m
2025-06-10 17:18:19 info: [0mGET /api/v1/tags/geteventtags [36m304[0m 66.371 ms - -[0m
2025-06-10 17:18:19 info: [0mGET /api/v1/tags/geteventtags [36m304[0m 5.907 ms - -[0m
2025-06-10 17:18:24 info: [0mOPTIONS /api/v1/files/uploadtoaws [32m204[0m 0.326 ms - 0[0m
2025-06-10 17:18:25 error: StatusCode : 500, Message : Error uploading file to S3
2025-06-10 17:18:25 info: [0mPOST /api/v1/files/uploadtoaws [31m500[0m 271.818 ms - 40[0m
2025-06-10 17:19:15 info: 🚀 App listening on the port 8000. Current Env development.
2025-06-10 17:19:15 info: [0mOPTIONS /api/v1/tags/geteventtags [32m204[0m 1.239 ms - 0[0m
2025-06-10 17:19:15 info: [0mOPTIONS /api/v1/tags/geteventtags [32m204[0m 0.132 ms - 0[0m
2025-06-10 17:19:15 info: [0mGET /api/v1/tags/geteventtags [36m304[0m 69.285 ms - -[0m
2025-06-10 17:19:15 info: [0mGET /api/v1/tags/geteventtags [36m304[0m 5.227 ms - -[0m
2025-06-10 17:19:35 info: [0mOPTIONS /api/v1/files/uploadtoaws [32m204[0m 0.141 ms - 0[0m
2025-06-10 17:19:36 error: StatusCode : 500, Message : Error uploading file to S3
2025-06-10 17:19:36 info: [0mPOST /api/v1/files/uploadtoaws [31m500[0m 304.304 ms - 40[0m
2025-06-10 17:20:43 info: 🚀 App listening on the port 8000. Current Env development.
2025-06-10 17:20:51 info: [0mOPTIONS /api/v1/files/uploadtoaws [32m204[0m 2.268 ms - 0[0m
2025-06-10 17:20:51 error: StatusCode : 500, Message : Error uploading file to S3
2025-06-10 17:20:51 info: [0mPOST /api/v1/files/uploadtoaws [31m500[0m 348.766 ms - 40[0m
2025-06-10 17:22:58 info: 🚀 App listening on the port 8000. Current Env development.
2025-06-10 17:22:58 info: [0mOPTIONS /api/v1/tags/geteventtags [32m204[0m 1.367 ms - 0[0m
2025-06-10 17:22:58 info: [0mOPTIONS /api/v1/tags/geteventtags [32m204[0m 0.353 ms - 0[0m
2025-06-10 17:22:58 info: [0mGET /api/v1/tags/geteventtags [36m304[0m 105.196 ms - -[0m
2025-06-10 17:22:58 info: [0mGET /api/v1/tags/geteventtags [36m304[0m 15.368 ms - -[0m
2025-06-10 17:23:02 info: [0mOPTIONS /api/v1/files/uploadtoaws [32m204[0m 0.206 ms - 0[0m
2025-06-10 17:23:03 error: StatusCode : 500, Message : Error uploading file to S3
2025-06-10 17:23:03 info: [0mPOST /api/v1/files/uploadtoaws [31m500[0m 399.217 ms - 40[0m
2025-06-10 17:24:38 info: 🚀 App listening on the port 8000. Current Env development.
2025-06-10 17:24:42 info: 🚀 App listening on the port 8000. Current Env development.
2025-06-10 17:24:46 info: 🚀 App listening on the port 8000. Current Env development.
2025-06-10 17:24:49 info: 🚀 App listening on the port 8000. Current Env development.
2025-06-10 17:24:52 info: 🚀 App listening on the port 8000. Current Env development.
2025-06-10 17:24:53 info: [0mOPTIONS /api/v1/tags/geteventtags [32m204[0m 1.618 ms - 0[0m
2025-06-10 17:24:53 info: [0mOPTIONS /api/v1/tags/geteventtags [32m204[0m 0.791 ms - 0[0m
2025-06-10 17:24:54 info: [0mGET /api/v1/tags/geteventtags [36m304[0m 150.737 ms - -[0m
2025-06-10 17:24:54 info: [0mGET /api/v1/tags/geteventtags [36m304[0m 11.026 ms - -[0m
2025-06-10 17:24:59 info: [0mOPTIONS /api/v1/files/uploadtoaws [32m204[0m 1.000 ms - 0[0m
2025-06-10 17:24:59 info: [0mPOST /api/v1/files/uploadtoaws [32m200[0m 320.231 ms - 385[0m
2025-06-10 17:26:19 info: [0mOPTIONS /api/v1/files/uploadtoaws [32m204[0m 0.591 ms - 0[0m
2025-06-10 17:26:20 info: [0mPOST /api/v1/files/uploadtoaws [32m200[0m 828.958 ms - 382[0m
2025-06-10 17:26:31 info: 🚀 App listening on the port 8000. Current Env development.
2025-06-10 17:26:36 info: [0mOPTIONS /api/v1/files/uploadtoaws [32m204[0m 2.042 ms - 0[0m
2025-06-10 17:26:36 info: [0mPOST /api/v1/files/uploadtoaws [32m200[0m 387.436 ms - 385[0m
2025-06-10 17:26:51 info: 🚀 App listening on the port 8000. Current Env development.
2025-06-10 17:27:01 info: 🚀 App listening on the port 8000. Current Env development.
2025-06-10 17:27:07 info: 🚀 App listening on the port 8000. Current Env development.
2025-06-10 17:27:14 info: 🚀 App listening on the port 8000. Current Env development.
2025-06-10 17:27:30 info: [0mOPTIONS /api/v1/files/uploadtoaws [32m204[0m 2.936 ms - 0[0m
2025-06-10 17:27:30 info: [0mPOST /api/v1/files/uploadtoaws [32m200[0m 221.834 ms - 364[0m
2025-06-10 17:27:41 info: [0mOPTIONS /api/v1/files/uploadtoaws [32m204[0m 1.428 ms - 0[0m
2025-06-10 17:27:41 info: [0mPOST /api/v1/files/uploadtoaws [32m200[0m 92.832 ms - 373[0m
2025-06-10 17:28:05 info: [0mOPTIONS /api/v1/files/uploadtoaws [32m204[0m 0.504 ms - 0[0m
2025-06-10 17:28:05 info: [0mPOST /api/v1/files/uploadtoaws [32m200[0m 134.891 ms - 373[0m
2025-06-10 17:28:06 info: [0mPOST /api/v1/files/uploadtoaws [32m200[0m 158.938 ms - 378[0m
2025-06-10 17:28:54 info: [0mOPTIONS /api/v1/event/insertevent [32m204[0m 0.120 ms - 0[0m
2025-06-10 17:28:54 error: StatusCode : 400, Message : banner_image must be a string, promo_video must be a string
2025-06-10 17:28:54 info: [0mPOST /api/v1/event/insertevent [33m400[0m 6.589 ms - 73[0m
2025-06-10 17:29:04 info: [0mOPTIONS /api/v1/event/insertevent [32m204[0m 0.126 ms - 0[0m
2025-06-10 17:29:04 error: StatusCode : 400, Message : banner_image must be a string, promo_video must be a string
2025-06-10 17:29:04 info: [0mPOST /api/v1/event/insertevent [33m400[0m 9.527 ms - 73[0m
2025-06-10 17:40:20 info: 🚀 App listening on the port 8000. Current Env development.
2025-06-10 18:02:38 info: 🚀 App listening on the port 8000. Current Env development.
2025-06-10 18:02:53 info: 🚀 App listening on the port 8000. Current Env development.
2025-06-10 18:03:00 info: 🚀 App listening on the port 8000. Current Env development.
2025-06-10 18:03:11 info: 🚀 App listening on the port 8000. Current Env development.
2025-06-10 18:03:13 info: [0mOPTIONS /api/v1/tags/geteventtags [32m204[0m 1.199 ms - 0[0m
2025-06-10 18:03:13 info: [0mOPTIONS /api/v1/tags/geteventtags [32m204[0m 0.582 ms - 0[0m
2025-06-10 18:03:13 info: [0mGET /api/v1/tags/geteventtags [36m304[0m 139.402 ms - -[0m
2025-06-10 18:03:13 info: [0mGET /api/v1/tags/geteventtags [36m304[0m 14.696 ms - -[0m
2025-06-10 18:03:22 info: [0mOPTIONS /api/v1/files/uploadtoaws [32m204[0m 0.196 ms - 0[0m
2025-06-10 18:03:22 error: StatusCode : 400, Message : Filename and base64 string are required
2025-06-10 18:03:22 info: [0mPOST /api/v1/files/uploadtoaws [33m400[0m 54.371 ms - 53[0m
2025-06-10 18:03:53 info: 🚀 App listening on the port 8000. Current Env development.
2025-06-10 18:04:01 info: 🚀 App listening on the port 8000. Current Env development.
2025-06-10 18:04:01 info: [0mOPTIONS /api/v1/tags/geteventtags [32m204[0m 1.245 ms - 0[0m
2025-06-10 18:04:01 info: [0mOPTIONS /api/v1/tags/geteventtags [32m204[0m 0.220 ms - 0[0m
2025-06-10 18:04:01 info: [0mGET /api/v1/tags/geteventtags [36m304[0m 65.836 ms - -[0m
2025-06-10 18:04:01 info: [0mGET /api/v1/tags/geteventtags [36m304[0m 9.062 ms - -[0m
2025-06-10 18:04:09 info: [0mOPTIONS /api/v1/files/uploadtoaws [32m204[0m 0.195 ms - 0[0m
2025-06-10 18:04:09 error: StatusCode : 400, Message : Filename and base64 string are required
2025-06-10 18:04:09 info: [0mPOST /api/v1/files/uploadtoaws [33m400[0m 50.840 ms - 53[0m
2025-06-10 18:04:28 info: 🚀 App listening on the port 8000. Current Env development.
2025-06-10 18:04:51 info: 🚀 App listening on the port 8000. Current Env development.
2025-06-10 18:09:16 info: [0mOPTIONS /api/v1/tags/geteventtags [32m204[0m 1.246 ms - 0[0m
2025-06-10 18:09:16 info: [0mOPTIONS /api/v1/tags/geteventtags [32m204[0m 0.158 ms - 0[0m
2025-06-10 18:09:16 info: [0mGET /api/v1/tags/geteventtags [36m304[0m 91.852 ms - -[0m
2025-06-10 18:09:16 info: [0mGET /api/v1/tags/geteventtags [36m304[0m 6.369 ms - -[0m
2025-06-10 18:09:27 info: 🚀 App listening on the port 8000. Current Env development.
2025-06-10 18:10:33 info: [0mOPTIONS /api/v1/files/uploadtoaws [32m204[0m 3.974 ms - 0[0m
2025-06-10 18:10:33 info: [0mPOST /api/v1/files/uploadtoaws [32m200[0m 431.288 ms - 141[0m
2025-06-10 18:10:45 info: [0mOPTIONS /api/v1/files/uploadtoaws [32m204[0m 1.122 ms - 0[0m
2025-06-10 18:10:46 info: [0mPOST /api/v1/files/uploadtoaws [32m200[0m 652.192 ms - 144[0m
2025-06-10 18:10:54 info: [0mOPTIONS /api/v1/files/uploadtoaws [32m204[0m 0.528 ms - 0[0m
2025-06-10 18:10:54 info: [0mPOST /api/v1/files/uploadtoaws [32m200[0m 141.951 ms - 134[0m
2025-06-10 18:11:16 info: [0mOPTIONS /api/v1/files/uploadtoaws [32m204[0m 7.897 ms - 0[0m
2025-06-10 18:11:16 info: [0mPOST /api/v1/files/uploadtoaws [32m200[0m 190.815 ms - 137[0m
2025-06-10 18:11:17 info: [0mPOST /api/v1/files/uploadtoaws [32m200[0m 166.950 ms - 140[0m
2025-06-10 18:11:37 info: [0mOPTIONS /api/v1/files/uploadtoaws [32m204[0m 6.668 ms - 0[0m
2025-06-10 18:11:37 info: [0mPOST /api/v1/files/uploadtoaws [32m200[0m 164.589 ms - 133[0m
2025-06-10 18:12:41 info: [0mOPTIONS /api/v1/event/insertevent [32m204[0m 0.257 ms - 0[0m
2025-06-10 18:12:41 info: [0mPOST /api/v1/event/insertevent [32m201[0m 26.076 ms - -[0m
2025-06-10 18:12:41 info: [0mOPTIONS /api/v1/event/activeevents [32m204[0m 0.214 ms - 0[0m
2025-06-10 18:12:41 info: [0mOPTIONS /api/v1/event/activeevents [32m204[0m 0.260 ms - 0[0m
2025-06-10 18:12:41 info: [0mGET /api/v1/event/activeevents [32m200[0m 29.434 ms - -[0m
2025-06-10 18:12:41 info: [0mGET /api/v1/event/activeevents [36m304[0m 15.474 ms - -[0m
2025-06-10 18:13:53 info: [0mOPTIONS /api/v1/event/editevent/7 [32m204[0m 0.141 ms - 0[0m
2025-06-10 18:13:53 info: [0mOPTIONS /api/v1/tags/geteventtags [32m204[0m 0.617 ms - 0[0m
2025-06-10 18:13:53 info: [0mOPTIONS /api/v1/event/editevent/7 [32m204[0m 0.139 ms - 0[0m
2025-06-10 18:13:53 info: [0mOPTIONS /api/v1/tags/geteventtags [32m204[0m 0.429 ms - 0[0m
2025-06-10 18:13:53 info: [0mGET /api/v1/tags/geteventtags [36m304[0m 21.646 ms - -[0m
2025-06-10 18:13:53 info: [0mGET /api/v1/event/editevent/7 [36m304[0m 25.752 ms - -[0m
2025-06-10 18:13:53 info: [0mGET /api/v1/tags/geteventtags [36m304[0m 19.593 ms - -[0m
2025-06-10 18:13:53 info: [0mGET /api/v1/event/editevent/7 [36m304[0m 13.121 ms - -[0m
2025-06-10 18:24:05 info: [0mOPTIONS /api/v1/event/editevent/7 [32m204[0m 0.287 ms - 0[0m
2025-06-10 18:24:05 info: [0mOPTIONS /api/v1/tags/geteventtags [32m204[0m 0.107 ms - 0[0m
2025-06-10 18:24:05 info: [0mOPTIONS /api/v1/event/editevent/7 [32m204[0m 0.141 ms - 0[0m
2025-06-10 18:24:05 info: [0mOPTIONS /api/v1/tags/geteventtags [32m204[0m 0.438 ms - 0[0m
2025-06-10 18:24:05 info: [0mGET /api/v1/tags/geteventtags [36m304[0m 10.292 ms - -[0m
2025-06-10 18:24:05 info: [0mGET /api/v1/event/editevent/7 [36m304[0m 25.193 ms - -[0m
2025-06-10 18:24:05 info: [0mGET /api/v1/event/editevent/7 [36m304[0m 8.452 ms - -[0m
2025-06-10 18:24:05 info: [0mGET /api/v1/tags/geteventtags [36m304[0m 15.925 ms - -[0m
2025-06-10 18:46:22 info: [0mPOST /api/v1/event/editevent/15 [33m404[0m 11.414 ms - 165[0m
2025-06-10 18:46:26 info: [0mGET /api/v1/event/editevent/15 [32m200[0m 9.840 ms - -[0m
2025-06-10 18:57:41 info: [0mOPTIONS /api/v1/event/activeevents [32m204[0m 0.136 ms - 0[0m
2025-06-10 18:57:41 info: [0mOPTIONS /api/v1/event/activeevents [32m204[0m 0.098 ms - 0[0m
2025-06-10 18:57:41 info: [0mGET /api/v1/event/activeevents [36m304[0m 15.685 ms - -[0m
2025-06-10 18:57:41 info: [0mGET /api/v1/event/activeevents [36m304[0m 12.230 ms - -[0m
2025-06-10 18:57:51 info: [0mOPTIONS /api/v1/event/editevent/15 [32m204[0m 0.202 ms - 0[0m
2025-06-10 18:57:51 info: [0mOPTIONS /api/v1/tags/geteventtags [32m204[0m 1.065 ms - 0[0m
2025-06-10 18:57:51 info: [0mOPTIONS /api/v1/event/editevent/15 [32m204[0m 1.549 ms - 0[0m
2025-06-10 18:57:51 info: [0mOPTIONS /api/v1/tags/geteventtags [32m204[0m 7.550 ms - 0[0m
2025-06-10 18:57:51 info: [0mGET /api/v1/event/editevent/15 [32m200[0m 94.264 ms - -[0m
2025-06-10 18:57:51 info: [0mGET /api/v1/tags/geteventtags [36m304[0m 20.441 ms - -[0m
2025-06-10 18:57:52 info: [0mGET /api/v1/event/editevent/15 [36m304[0m 9.334 ms - -[0m
2025-06-10 18:57:52 info: [0mGET /api/v1/tags/geteventtags [36m304[0m 9.792 ms - -[0m
2025-06-10 19:00:07 info: [0mOPTIONS /api/v1/event/editevent/15 [32m204[0m 0.097 ms - 0[0m
2025-06-10 19:00:07 info: [0mOPTIONS /api/v1/tags/geteventtags [32m204[0m 0.477 ms - 0[0m
2025-06-10 19:00:07 info: [0mGET /api/v1/event/editevent/15 [36m304[0m 9.413 ms - -[0m
2025-06-10 19:00:07 info: [0mGET /api/v1/tags/geteventtags [36m304[0m 7.703 ms - -[0m
2025-06-10 19:02:11 info: [0mOPTIONS /api/v1/event/editevent/15 [32m204[0m 0.169 ms - 0[0m
2025-06-10 19:02:11 info: [0mOPTIONS /api/v1/tags/geteventtags [32m204[0m 0.307 ms - 0[0m
2025-06-10 19:02:11 info: [0mOPTIONS /api/v1/event/editevent/15 [32m204[0m 0.071 ms - 0[0m
2025-06-10 19:02:11 info: [0mGET /api/v1/tags/geteventtags [36m304[0m 17.480 ms - -[0m
2025-06-10 19:02:11 info: [0mGET /api/v1/event/editevent/15 [36m304[0m 16.578 ms - -[0m
2025-06-10 19:02:11 info: [0mGET /api/v1/event/editevent/15 [36m304[0m 34.198 ms - -[0m
2025-06-10 19:02:11 info: [0mGET /api/v1/tags/geteventtags [36m304[0m 98.949 ms - -[0m
2025-06-10 19:12:27 info: [0mOPTIONS /api/v1/event/editevent/15 [32m204[0m 0.741 ms - 0[0m
2025-06-10 19:12:27 info: [0mOPTIONS /api/v1/tags/geteventtags [32m204[0m 0.219 ms - 0[0m
2025-06-10 19:12:27 info: [0mOPTIONS /api/v1/event/editevent/15 [32m204[0m 0.347 ms - 0[0m
2025-06-10 19:12:27 info: [0mOPTIONS /api/v1/tags/geteventtags [32m204[0m 0.313 ms - 0[0m
2025-06-10 19:12:27 info: [0mGET /api/v1/event/editevent/15 [36m304[0m 35.518 ms - -[0m
2025-06-10 19:12:27 info: [0mGET /api/v1/tags/geteventtags [36m304[0m 25.988 ms - -[0m
2025-06-10 19:12:27 info: [0mGET /api/v1/event/editevent/15 [36m304[0m 38.872 ms - -[0m
2025-06-10 19:12:27 info: [0mGET /api/v1/tags/geteventtags [36m304[0m 40.361 ms - -[0m
2025-06-10 19:12:33 info: [0mOPTIONS /api/v1/event/activeevents [32m204[0m 0.132 ms - 0[0m
2025-06-10 19:12:33 info: [0mOPTIONS /api/v1/event/activeevents [32m204[0m 0.913 ms - 0[0m
2025-06-10 19:12:35 info: [0mOPTIONS /api/v1/tags/geteventtags [32m204[0m 0.201 ms - 0[0m
2025-06-10 19:12:35 info: [0mOPTIONS /api/v1/tags/geteventtags [32m204[0m 0.428 ms - 0[0m
2025-06-10 19:12:35 info: [0mGET /api/v1/tags/geteventtags [36m304[0m 5.323 ms - -[0m
2025-06-10 19:12:35 info: [0mGET /api/v1/tags/geteventtags [36m304[0m 6.502 ms - -[0m
2025-06-10 19:12:38 info: [0mOPTIONS /api/v1/event/activeevents [32m204[0m 0.131 ms - 0[0m
2025-06-10 19:12:38 info: [0mOPTIONS /api/v1/event/activeevents [32m204[0m 0.183 ms - 0[0m
2025-06-10 19:12:38 info: [0mGET /api/v1/event/activeevents [36m304[0m 12.863 ms - -[0m
2025-06-10 19:12:38 info: [0mGET /api/v1/event/activeevents [36m304[0m 10.281 ms - -[0m
2025-06-10 19:12:44 info: [0mOPTIONS /api/v1/event/editevent/15 [32m204[0m 0.363 ms - 0[0m
2025-06-10 19:12:44 info: [0mOPTIONS /api/v1/tags/geteventtags [32m204[0m 0.644 ms - 0[0m
2025-06-10 19:12:44 info: [0mOPTIONS /api/v1/tags/geteventtags [32m204[0m 0.121 ms - 0[0m
2025-06-10 19:12:44 info: [0mOPTIONS /api/v1/event/editevent/15 [32m204[0m 0.200 ms - 0[0m
2025-06-10 19:12:44 info: [0mGET /api/v1/tags/geteventtags [36m304[0m 67.509 ms - -[0m
2025-06-10 19:12:44 info: [0mGET /api/v1/event/editevent/15 [36m304[0m 6.062 ms - -[0m
2025-06-10 19:12:44 info: [0mGET /api/v1/tags/geteventtags [36m304[0m 15.706 ms - -[0m
2025-06-10 19:12:44 info: [0mGET /api/v1/event/editevent/15 [36m304[0m 7.374 ms - -[0m
2025-06-10 19:13:14 info: [0mOPTIONS /api/v1/event/editevent/15 [32m204[0m 0.173 ms - 0[0m
2025-06-10 19:13:14 info: [0mOPTIONS /api/v1/tags/geteventtags [32m204[0m 0.661 ms - 0[0m
2025-06-10 19:13:14 info: [0mOPTIONS /api/v1/event/editevent/15 [32m204[0m 0.138 ms - 0[0m
2025-06-10 19:13:14 info: [0mOPTIONS /api/v1/tags/geteventtags [32m204[0m 0.080 ms - 0[0m
2025-06-10 19:13:14 info: [0mGET /api/v1/tags/geteventtags [36m304[0m 38.961 ms - -[0m
2025-06-10 19:13:14 info: [0mGET /api/v1/event/editevent/15 [36m304[0m 20.791 ms - -[0m
2025-06-10 19:13:14 info: [0mGET /api/v1/tags/geteventtags [36m304[0m 12.286 ms - -[0m
2025-06-10 19:13:14 info: [0mGET /api/v1/event/editevent/15 [36m304[0m 13.307 ms - -[0m
2025-06-10 19:14:41 info: [0mOPTIONS /api/v1/event/editevent/15 [32m204[0m 0.233 ms - 0[0m
2025-06-10 19:14:41 info: [0mOPTIONS /api/v1/tags/geteventtags [32m204[0m 0.577 ms - 0[0m
2025-06-10 19:14:41 info: [0mOPTIONS /api/v1/event/editevent/15 [32m204[0m 0.134 ms - 0[0m
2025-06-10 19:14:41 info: [0mOPTIONS /api/v1/tags/geteventtags [32m204[0m 0.108 ms - 0[0m
2025-06-10 19:14:41 info: [0mGET /api/v1/event/editevent/15 [36m304[0m 27.846 ms - -[0m
2025-06-10 19:14:41 info: [0mGET /api/v1/tags/geteventtags [36m304[0m 15.382 ms - -[0m
2025-06-10 19:14:41 info: [0mGET /api/v1/event/editevent/15 [36m304[0m 8.430 ms - -[0m
2025-06-10 19:14:41 info: [0mGET /api/v1/tags/geteventtags [36m304[0m 5.877 ms - -[0m
2025-06-10 19:14:52 info: [0mOPTIONS /api/v1/event/editevent/15 [32m204[0m 0.193 ms - 0[0m
2025-06-10 19:14:52 info: [0mOPTIONS /api/v1/tags/geteventtags [32m204[0m 0.214 ms - 0[0m
2025-06-10 19:14:52 info: [0mOPTIONS /api/v1/event/editevent/15 [32m204[0m 0.134 ms - 0[0m
2025-06-10 19:14:52 info: [0mOPTIONS /api/v1/tags/geteventtags [32m204[0m 0.128 ms - 0[0m
2025-06-10 19:14:53 info: [0mGET /api/v1/tags/geteventtags [36m304[0m 33.547 ms - -[0m
2025-06-10 19:14:53 info: [0mGET /api/v1/event/editevent/15 [36m304[0m 30.276 ms - -[0m
2025-06-10 19:14:53 info: [0mGET /api/v1/event/editevent/15 [36m304[0m 5.885 ms - -[0m
2025-06-10 19:14:53 info: [0mGET /api/v1/tags/geteventtags [36m304[0m 12.045 ms - -[0m
2025-06-10 19:15:11 info: [0mOPTIONS /api/v1/event/editevent/15 [32m204[0m 0.166 ms - 0[0m
2025-06-10 19:15:11 info: [0mOPTIONS /api/v1/tags/geteventtags [32m204[0m 0.334 ms - 0[0m
2025-06-10 19:15:11 info: [0mOPTIONS /api/v1/event/editevent/15 [32m204[0m 0.107 ms - 0[0m
2025-06-10 19:15:11 info: [0mOPTIONS /api/v1/tags/geteventtags [32m204[0m 0.571 ms - 0[0m
2025-06-10 19:15:11 info: [0mGET /api/v1/event/editevent/15 [36m304[0m 15.125 ms - -[0m
2025-06-10 19:15:11 info: [0mGET /api/v1/tags/geteventtags [36m304[0m 24.147 ms - -[0m
2025-06-10 19:15:11 info: [0mGET /api/v1/event/editevent/15 [36m304[0m 10.515 ms - -[0m
2025-06-10 19:15:11 info: [0mGET /api/v1/tags/geteventtags [36m304[0m 9.149 ms - -[0m
2025-06-10 19:15:13 info: [0mGET /api/v1/event/editevent/15 [36m304[0m 183.553 ms - -[0m
2025-06-10 19:15:13 info: [0mGET /api/v1/tags/geteventtags [36m304[0m 35.974 ms - -[0m
2025-06-10 19:15:13 info: [0mGET /api/v1/event/editevent/15 [36m304[0m 25.611 ms - -[0m
2025-06-10 19:15:13 info: [0mGET /api/v1/tags/geteventtags [36m304[0m 10.292 ms - -[0m
2025-06-10 19:19:24 info: [0mOPTIONS /api/v1/event/activeevents [32m204[0m 0.090 ms - 0[0m
2025-06-10 19:19:24 info: [0mOPTIONS /api/v1/event/activeevents [32m204[0m 0.118 ms - 0[0m
2025-06-10 19:19:24 info: [0mGET /api/v1/event/activeevents [36m304[0m 19.871 ms - -[0m
2025-06-10 19:19:24 info: [0mGET /api/v1/event/activeevents [36m304[0m 6.722 ms - -[0m
2025-06-10 19:23:08 info: 🚀 App listening on the port 8000. Current Env development.
2025-06-10 19:23:51 info: 🚀 App listening on the port 8000. Current Env development.
2025-06-10 19:23:52 info: [0mOPTIONS /api/v1/tags/geteventtags [32m204[0m 1.586 ms - 0[0m
2025-06-10 19:23:52 info: [0mOPTIONS /api/v1/tags/geteventtags [32m204[0m 0.276 ms - 0[0m
2025-06-10 19:23:52 info: [0mGET /api/v1/tags/geteventtags [36m304[0m 85.117 ms - -[0m
2025-06-10 19:23:52 info: [0mGET /api/v1/tags/geteventtags [36m304[0m 8.327 ms - -[0m
2025-06-10 19:23:58 info: [0mOPTIONS /api/v1/files/uploadtoaws [32m204[0m 0.667 ms - 0[0m
2025-06-10 19:23:58 error: StatusCode : 500, Message : Error uploading file to S3
2025-06-10 19:23:58 info: [0mPOST /api/v1/files/uploadtoaws [31m500[0m 43.526 ms - 40[0m
2025-06-10 19:24:10 info: [0mOPTIONS /api/v1/files/uploadtoaws [32m204[0m 1.280 ms - 0[0m
2025-06-10 19:24:10 error: StatusCode : 500, Message : Error uploading file to S3
2025-06-10 19:24:10 info: [0mPOST /api/v1/files/uploadtoaws [31m500[0m 36.804 ms - 40[0m
2025-06-10 19:25:00 info: 🚀 App listening on the port 8000. Current Env development.
2025-06-10 19:25:00 info: [0mOPTIONS /api/v1/tags/geteventtags [32m204[0m 1.928 ms - 0[0m
2025-06-10 19:25:00 info: [0mOPTIONS /api/v1/tags/geteventtags [32m204[0m 0.197 ms - 0[0m
2025-06-10 19:25:01 info: [0mGET /api/v1/tags/geteventtags [36m304[0m 76.227 ms - -[0m
2025-06-10 19:25:01 info: [0mGET /api/v1/tags/geteventtags [36m304[0m 16.159 ms - -[0m
2025-06-10 19:25:07 info: [0mOPTIONS /api/v1/event/activeevents [32m204[0m 0.120 ms - 0[0m
2025-06-10 19:25:07 info: [0mOPTIONS /api/v1/event/activeevents [32m204[0m 0.355 ms - 0[0m
2025-06-10 19:25:07 info: [0mGET /api/v1/event/activeevents [36m304[0m 18.849 ms - -[0m
2025-06-10 19:25:07 info: [0mGET /api/v1/event/activeevents [36m304[0m 10.100 ms - -[0m
2025-06-10 19:40:41 info: 🚀 App listening on the port 8000. Current Env development.
2025-06-10 19:40:56 info: 🚀 App listening on the port 8000. Current Env development.
