2025-06-20 09:49:59 info: 🚀 App listening on the port 8000. Current Env development.
2025-06-20 09:50:14 info: 🚀 App listening on the port 8000. Current Env development.
2025-06-20 09:50:40 info: [0mPOST /api/v1/users/login [32m200[0m 250.410 ms - -[0m
2025-06-20 09:50:58 info: [0mOPTIONS /api/v1/event/activeevents [32m204[0m 0.656 ms - 0[0m
2025-06-20 09:50:58 info: [0mOPTIONS /api/v1/event/activeevents [32m204[0m 0.173 ms - 0[0m
2025-06-20 09:50:58 info: [0mGET /api/v1/event/activeevents [36m304[0m 21.647 ms - -[0m
2025-06-20 09:50:58 info: [0mGET /api/v1/event/activeevents [36m304[0m 7.031 ms - -[0m
2025-06-20 11:07:25 info: [0mOPTIONS /api/v1/event/activeevents [32m204[0m 3.696 ms - 0[0m
2025-06-20 11:07:25 info: [0mOPTIONS /api/v1/event/activeevents [32m204[0m 0.116 ms - 0[0m
2025-06-20 11:07:25 info: [0mGET /api/v1/event/activeevents [36m304[0m 50.020 ms - -[0m
2025-06-20 11:07:25 info: [0mGET /api/v1/event/activeevents [36m304[0m 8.660 ms - -[0m
2025-06-20 11:08:17 info: [0mOPTIONS /api/v1/users/login [32m204[0m 7.602 ms - 0[0m
2025-06-20 11:08:18 info: [0mPOST /api/v1/users/login [32m200[0m 108.643 ms - -[0m
2025-06-20 11:46:37 info: 🚀 App listening on the port 8000. Current Env development.
2025-06-20 11:46:41 info: 🚀 App listening on the port 8000. Current Env development.
2025-06-20 11:47:18 info: 🚀 App listening on the port 8000. Current Env development.
2025-06-20 11:47:23 info: 🚀 App listening on the port 8000. Current Env development.
2025-06-20 11:47:27 info: 🚀 App listening on the port 8000. Current Env development.
2025-06-20 11:47:39 info: 🚀 App listening on the port 8000. Current Env development.
2025-06-20 11:47:45 info: 🚀 App listening on the port 8000. Current Env development.
2025-06-20 11:50:18 info: 🚀 App listening on the port 8000. Current Env development.
2025-06-20 11:50:48 info: 🚀 App listening on the port 8000. Current Env development.
2025-06-20 11:51:18 info: 🚀 App listening on the port 8000. Current Env development.
2025-06-20 11:51:23 info: 🚀 App listening on the port 8000. Current Env development.
2025-06-20 11:51:29 info: 🚀 App listening on the port 8000. Current Env development.
2025-06-20 11:51:39 info: 🚀 App listening on the port 8000. Current Env development.
2025-06-20 11:51:43 info: 🚀 App listening on the port 8000. Current Env development.
2025-06-20 11:51:50 info: 🚀 App listening on the port 8000. Current Env development.
2025-06-20 11:51:53 info: 🚀 App listening on the port 8000. Current Env development.
2025-06-20 11:52:06 info: 🚀 App listening on the port 8000. Current Env development.
2025-06-20 11:52:11 info: 🚀 App listening on the port 8000. Current Env development.
2025-06-20 11:52:15 info: 🚀 App listening on the port 8000. Current Env development.
2025-06-20 11:52:23 info: 🚀 App listening on the port 8000. Current Env development.
2025-06-20 11:56:34 info: 🚀 App listening on the port 8000. Current Env development.
2025-06-20 11:56:46 info: 🚀 App listening on the port 8000. Current Env development.
2025-06-20 11:57:03 info: 🚀 App listening on the port 8000. Current Env development.
2025-06-20 11:57:09 info: 🚀 App listening on the port 8000. Current Env development.
2025-06-20 11:57:16 info: 🚀 App listening on the port 8000. Current Env development.
2025-06-20 12:00:33 info: 🚀 App listening on the port 8000. Current Env development.
2025-06-20 12:03:54 info: 🚀 App listening on the port 8000. Current Env development.
2025-06-20 12:03:56 error: StatusCode : 404, Message : Authentication token missing
2025-06-20 12:03:56 info: [0mPOST /api/v1/employee/insertemployee [33m404[0m 23.477 ms - 42[0m
2025-06-20 12:04:11 error: StatusCode : 401, Message : Wrong authentication token
2025-06-20 12:04:11 info: [0mPOST /api/v1/employee/insertemployee [33m401[0m 48.428 ms - 40[0m
2025-06-20 12:04:22 error: StatusCode : 401, Message : Wrong authentication token
2025-06-20 12:04:22 info: [0mPOST /api/v1/users/login [33m401[0m 28.200 ms - 40[0m
2025-06-20 12:04:54 info: 🚀 App listening on the port 8000. Current Env development.
2025-06-20 12:09:41 info: 🚀 App listening on the port 8000. Current Env development.
2025-06-20 12:09:47 error: StatusCode : 404, Message : Authentication token missing
2025-06-20 12:09:47 info: [0mPOST /api/v1/employee/insertemployee [33m404[0m 15.993 ms - 42[0m
2025-06-20 12:09:56 info: 🚀 App listening on the port 8000. Current Env development.
2025-06-20 12:10:00 info: 🚀 App listening on the port 8000. Current Env development.
2025-06-20 12:10:05 info: 🚀 App listening on the port 8000. Current Env development.
2025-06-20 12:10:21 error: StatusCode : 409, Message : Email already registered
2025-06-20 12:10:21 info: [0mPOST /api/v1/users/insertemployee [33m409[0m 184.003 ms - 38[0m
2025-06-20 12:10:47 info: 🚀 App listening on the port 8000. Current Env development.
2025-06-20 12:10:49 error: StatusCode : 401, Message : Wrong authentication token
2025-06-20 12:10:49 info: [0mPOST /api/v1/users/insertemployee [33m401[0m 56.232 ms - 40[0m
2025-06-20 12:11:16 info: 🚀 App listening on the port 8000. Current Env development.
2025-06-20 12:11:17 error: StatusCode : 401, Message : Wrong authentication token
2025-06-20 12:11:17 info: [0mPOST /api/v1/users/insertemployee [33m401[0m 55.466 ms - 40[0m
2025-06-20 12:11:38 info: 🚀 App listening on the port 8000. Current Env development.
2025-06-20 12:11:38 error: StatusCode : 401, Message : Wrong authentication token
2025-06-20 12:11:38 info: [0mPOST /api/v1/users/insertemployee [33m401[0m 47.837 ms - 40[0m
2025-06-20 12:11:48 info: 🚀 App listening on the port 8000. Current Env development.
2025-06-20 12:11:54 error: StatusCode : 401, Message : Wrong authentication token
2025-06-20 12:11:54 info: [0mPOST /api/v1/users/insertemployee [33m401[0m 56.462 ms - 40[0m
2025-06-20 12:12:17 error: StatusCode : 401, Message : Wrong authentication token
2025-06-20 12:12:17 info: [0mPOST /api/v1/users/insertemployee [33m401[0m 28.830 ms - 40[0m
2025-06-20 12:14:00 info: 🚀 App listening on the port 8000. Current Env development.
2025-06-20 12:14:07 info: 🚀 App listening on the port 8000. Current Env development.
2025-06-20 12:14:11 info: 🚀 App listening on the port 8000. Current Env development.
2025-06-20 12:23:07 error: StatusCode : 401, Message : Wrong authentication token
2025-06-20 12:23:07 info: [0mPOST /api/v1/users/login [33m401[0m 54.695 ms - 40[0m
2025-06-20 12:26:44 info: 🚀 App listening on the port 8000. Current Env development.
2025-06-20 12:27:03 info: 🚀 App listening on the port 8000. Current Env development.
2025-06-20 12:29:29 info: 🚀 App listening on the port 8000. Current Env development.
2025-06-20 12:30:00 info: 🚀 App listening on the port 8000. Current Env development.
2025-06-20 12:30:08 info: 🚀 App listening on the port 8000. Current Env development.
2025-06-20 12:40:08 info: 🚀 App listening on the port 8000. Current Env development.
2025-06-20 13:32:02 info: 🚀 App listening on the port 8000. Current Env development.
2025-06-20 15:31:55 info: [0mOPTIONS /api/v1/users/login [32m204[0m 3.321 ms - 0[0m
2025-06-20 15:31:55 error: StatusCode : 401, Message : Wrong authentication token
2025-06-20 15:31:55 info: [0mPOST /api/v1/users/login [33m401[0m 78.575 ms - 40[0m
2025-06-20 15:31:56 error: StatusCode : 401, Message : Wrong authentication token
2025-06-20 15:31:56 info: [0mPOST /api/v1/users/login [33m401[0m 16.313 ms - 40[0m
2025-06-20 15:31:56 error: StatusCode : 401, Message : Wrong authentication token
2025-06-20 15:31:56 info: [0mPOST /api/v1/users/login [33m401[0m 15.599 ms - 40[0m
2025-06-20 15:32:04 info: [0mOPTIONS /api/v1/users/login [32m204[0m 0.263 ms - 0[0m
2025-06-20 15:32:04 error: StatusCode : 401, Message : Wrong authentication token
2025-06-20 15:32:04 info: [0mPOST /api/v1/users/login [33m401[0m 32.672 ms - 40[0m
2025-06-20 15:32:43 info: 🚀 App listening on the port 8000. Current Env development.
2025-06-20 15:32:45 info: [0mOPTIONS /api/v1/users/login [32m204[0m 4.037 ms - 0[0m
2025-06-20 15:32:45 info: [0mPOST /api/v1/users/login [32m200[0m 207.137 ms - -[0m
2025-06-20 15:32:48 info: [0mOPTIONS /api/v1/event/activeevents [32m204[0m 0.615 ms - 0[0m
2025-06-20 15:32:48 info: [0mOPTIONS /api/v1/event/activeevents [32m204[0m 0.194 ms - 0[0m
2025-06-20 15:32:48 info: [0mGET /api/v1/event/activeevents [36m304[0m 56.893 ms - -[0m
2025-06-20 15:32:48 info: [0mGET /api/v1/event/activeevents [36m304[0m 25.586 ms - -[0m
2025-06-20 15:32:54 info: [0mOPTIONS /api/v1/event/editevent/16 [32m204[0m 0.203 ms - 0[0m
2025-06-20 15:32:54 info: [0mOPTIONS /api/v1/tags/geteventtags [32m204[0m 0.103 ms - 0[0m
2025-06-20 15:32:54 info: [0mOPTIONS /api/v1/event/editevent/16 [32m204[0m 0.106 ms - 0[0m
2025-06-20 15:32:54 info: [0mOPTIONS /api/v1/tags/geteventtags [32m204[0m 0.101 ms - 0[0m
2025-06-20 15:32:54 info: [0mGET /api/v1/event/editevent/16 [36m304[0m 13.400 ms - -[0m
2025-06-20 15:32:54 info: [0mGET /api/v1/tags/geteventtags [36m304[0m 26.430 ms - -[0m
2025-06-20 15:32:54 info: [0mGET /api/v1/event/editevent/16 [36m304[0m 28.627 ms - -[0m
2025-06-20 15:32:54 info: [0mGET /api/v1/tags/geteventtags [36m304[0m 12.951 ms - -[0m
2025-06-20 15:56:48 info: 🚀 App listening on the port 8000. Current Env development.
2025-06-20 16:41:33 info: 🚀 App listening on the port 8000. Current Env development.
2025-06-20 16:42:07 info: [0mPOST /api/v1/users/login [32m200[0m 139.443 ms - -[0m
2025-06-20 16:48:30 info: 🚀 App listening on the port 8000. Current Env development.
2025-06-20 19:58:45 info: 🚀 App listening on the port 8000. Current Env development.
2025-06-20 19:59:42 info: 🚀 App listening on the port 8000. Current Env development.
2025-06-20 20:01:04 info: 🚀 App listening on the port 8000. Current Env development.
2025-06-20 20:01:30 info: 🚀 App listening on the port 8000. Current Env development.
2025-06-20 20:01:35 error: StatusCode : 409, Message : Email already registered
2025-06-20 20:01:35 info: [0mPOST /api/v1/users/insertemployee [33m409[0m 114.400 ms - 38[0m
2025-06-20 20:01:46 info: 🚀 App listening on the port 8000. Current Env development.
2025-06-20 20:01:57 info: 🚀 App listening on the port 8000. Current Env development.
2025-06-20 20:02:22 info: 🚀 App listening on the port 8000. Current Env development.
2025-06-20 20:02:28 error: StatusCode : 409, Message : Email already registered
2025-06-20 20:02:28 info: [0mPOST /api/v1/users/insertemployee [33m409[0m 106.938 ms - 38[0m
2025-06-20 20:02:46 error: StatusCode : 401, Message : Wrong authentication token
2025-06-20 20:02:46 info: [0mPOST /api/v1/dynamicforms/insertform [33m401[0m 6.212 ms - 40[0m
2025-06-20 20:02:52 error: StatusCode : 404, Message : Authentication token missing
2025-06-20 20:02:52 info: [0mPOST /api/v1/dynamicforms/insertform [33m404[0m 1.410 ms - 42[0m
2025-06-20 20:02:59 info: 🚀 App listening on the port 8000. Current Env development.
2025-06-20 20:03:04 error: StatusCode : 404, Message : Authentication token missing
2025-06-20 20:03:04 info: [0mPOST /api/v1/dynamicforms/insertform [33m404[0m 13.059 ms - 42[0m
2025-06-20 20:03:20 info: 🚀 App listening on the port 8000. Current Env development.
2025-06-20 20:03:35 info: 🚀 App listening on the port 8000. Current Env development.
2025-06-20 20:03:35 error: StatusCode : 404, Message : Authentication token missing
2025-06-20 20:03:35 info: [0mPOST /api/v1/dynamicforms/insertform [33m404[0m 14.473 ms - 42[0m
2025-06-20 20:05:13 info: 🚀 App listening on the port 8000. Current Env development.
2025-06-20 20:05:15 info: 🚀 App listening on the port 8000. Current Env development.
2025-06-20 20:05:22 info: 🚀 App listening on the port 8000. Current Env development.
2025-06-20 20:06:26 info: 🚀 App listening on the port 8000. Current Env development.
2025-06-20 20:06:38 info: 🚀 App listening on the port 8000. Current Env development.
2025-06-20 20:08:23 info: 🚀 App listening on the port 8000. Current Env development.
2025-06-20 20:08:37 info: 🚀 App listening on the port 8000. Current Env development.
