2025-05-25 11:24:30 info: 🚀 App listening on the port 8000. Current Env development.
2025-05-25 11:31:29 error: StatusCode : 404, Message : Authentication token missing
2025-05-25 11:31:29 info: [0mPOST /api/v1/insertemployee [33m404[0m 19.967 ms - 42[0m
2025-05-25 11:32:33 error: StatusCode : 404, Message : Authentication token missing
2025-05-25 11:32:33 info: [0mPOST /api/v1/employee/insertemployee [33m404[0m 3.741 ms - 42[0m
2025-05-25 11:35:16 error: StatusCode : 404, Message : Authentication token missing
2025-05-25 11:35:16 info: [0mPOST /api/v1/employee/login [33m404[0m 2.061 ms - 42[0m
2025-05-25 11:35:18 error: StatusCode : 404, Message : Authentication token missing
2025-05-25 11:35:18 info: [0mPOST /api/v1/employee/login [33m404[0m 2.685 ms - 42[0m
2025-05-25 11:36:40 error: StatusCode : 404, Message : Authentication token missing
2025-05-25 11:36:40 info: [0mPOST /api/v1/employee/login [33m404[0m 18.842 ms - 42[0m
2025-05-25 11:36:59 info: 🚀 App listening on the port 8000. Current Env development.
2025-05-25 11:38:32 info: 🚀 App listening on the port 8000. Current Env development.
2025-05-25 11:38:37 error: StatusCode : 404, Message : Authentication token missing
2025-05-25 11:38:37 info: [0mPOST /api/v1/employee/login [33m404[0m 14.209 ms - 42[0m
2025-05-25 11:40:07 info: 🚀 App listening on the port 8000. Current Env development.
2025-05-25 11:40:31 info: 🚀 App listening on the port 8000. Current Env development.
2025-05-25 11:41:46 info: [0mPOST /api/v1/employee/login [0m-[0m - ms - -[0m
2025-05-25 11:42:17 info: 🚀 App listening on the port 8000. Current Env development.
2025-05-25 11:44:18 error: StatusCode : 404, Message : Authentication token missing
2025-05-25 11:44:18 info: [0mPOST /api/v1/employee/login [33m404[0m 16.126 ms - 42[0m
2025-05-25 12:20:53 info: 🚀 App listening on the port 8000. Current Env development.
2025-05-25 12:20:56 info: [0mPOST /api/v1/employee/login [32m200[0m 129.829 ms - 852[0m
2025-05-25 12:21:35 error: StatusCode : 404, Message : Authentication token missing
2025-05-25 12:21:35 info: [0mPOST /api/v1/employee/insertemployee [33m404[0m 2.884 ms - 42[0m
2025-05-25 12:29:47 info: 🚀 App listening on the port 8000. Current Env development.
2025-05-25 12:30:54 info: 🚀 App listening on the port 8000. Current Env development.
2025-05-25 12:31:01 info: 🚀 App listening on the port 8000. Current Env development.
2025-05-25 12:31:25 error: StatusCode : 404, Message : Authentication token missing
2025-05-25 12:31:25 info: [0mPOST /api/v1/event/editevent/1 [33m404[0m 14.099 ms - 42[0m
2025-05-25 12:32:48 info: 🚀 App listening on the port 8000. Current Env development.
2025-05-25 12:33:07 info: 🚀 App listening on the port 8000. Current Env development.
2025-05-25 12:33:22 info: [0mPOST /api/v1//employee/login [32m200[0m 141.291 ms - 887[0m
2025-05-25 12:33:58 error: StatusCode : 404, Message : Authentication token missing
2025-05-25 12:33:58 info: [0mPOST /api/v1/event/editevent/1 [33m404[0m 2.473 ms - 42[0m
2025-05-25 12:34:08 info: [0mPOST /api/v1/event/editevent/1 [33m404[0m 10.238 ms - 164[0m
2025-05-25 12:34:15 info: [0mGET /api/v1/event/editevent/1 [32m200[0m 14.166 ms - -[0m
2025-05-25 13:40:46 info: [0mOPTIONS /api/v1/employee/login [32m204[0m 0.727 ms - 0[0m
2025-05-25 13:40:46 info: [0mGET /api/v1/employee/login [33m404[0m 1.442 ms - 160[0m
2025-05-25 13:41:14 info: [0mOPTIONS /api/v1/employee/login [32m204[0m 0.109 ms - 0[0m
2025-05-25 13:41:14 info: [0mGET /api/v1/employee/login [33m404[0m 1.069 ms - 160[0m
2025-05-25 13:41:23 info: [0mOPTIONS /api/v1/employee/login [32m204[0m 0.234 ms - 0[0m
2025-05-25 13:41:23 info: [0mGET /api/v1/employee/login [33m404[0m 1.118 ms - 160[0m
2025-05-25 13:42:55 info: [0mGET /api/v1/employee/login [33m404[0m 5.153 ms - 160[0m
2025-05-25 13:43:15 info: [0mPOST /api/v1/employee/login [32m200[0m 63.954 ms - 887[0m
2025-05-25 13:43:25 info: [0mOPTIONS /api/v1/employee/login [32m204[0m 0.152 ms - 0[0m
2025-05-25 13:43:25 info: [0mGET /api/v1/employee/login [33m404[0m 0.978 ms - 160[0m
2025-05-25 13:45:33 info: [0mOPTIONS /api/v1/employee/login [32m204[0m 0.550 ms - 0[0m
2025-05-25 13:45:33 info: [0mGET /api/v1/employee/login [33m404[0m 1.068 ms - 160[0m
2025-05-25 13:46:37 info: [0mOPTIONS /api/v1/employee/login [32m204[0m 0.118 ms - 0[0m
2025-05-25 13:46:37 info: [0mGET /api/v1/employee/login [33m404[0m 1.679 ms - 160[0m
2025-05-25 13:48:04 info: 🚀 App listening on the port 8000. Current Env development.
2025-05-25 13:48:09 info: [0mPOST /api/v1/employee/login [32m200[0m 142.779 ms - 887[0m
2025-05-25 13:48:20 info: [0mOPTIONS /api/v1/employee/login [32m204[0m 0.281 ms - 0[0m
2025-05-25 13:48:20 info: [0mGET /api/v1/employee/login [33m404[0m 6.181 ms - 160[0m
2025-05-25 13:48:45 info: [0mOPTIONS /api/v1/employee/login [32m204[0m 0.129 ms - 0[0m
2025-05-25 13:48:45 info: [0mGET /api/v1/employee/login [33m404[0m 7.453 ms - 160[0m
2025-05-25 13:52:45 info: 🚀 App listening on the port 8000. Current Env development.
2025-05-25 13:53:09 info: 🚀 App listening on the port 8000. Current Env development.
2025-05-25 13:53:53 info: 🚀 App listening on the port 8000. Current Env development.
2025-05-25 13:54:04 info: 🚀 App listening on the port 8000. Current Env development.
2025-05-25 13:59:52 info: [0mOPTIONS /api/v1/employee/login [32m204[0m 1.089 ms - 0[0m
2025-05-25 13:59:52 info: [0mPOST /api/v1/employee/login [32m200[0m 133.160 ms - 887[0m
2025-05-25 14:00:17 info: [0mOPTIONS /api/v1/employee/login [32m204[0m 0.171 ms - 0[0m
2025-05-25 14:00:17 info: [0mPOST /api/v1/employee/login [32m200[0m 67.984 ms - 887[0m
2025-05-25 14:02:07 info: [0mOPTIONS /api/v1/employee/login [32m204[0m 0.116 ms - 0[0m
2025-05-25 14:02:07 info: [0mPOST /api/v1/employee/login [32m200[0m 82.375 ms - 887[0m
2025-05-25 14:02:15 info: [0mOPTIONS /api/v1/employee/login [32m204[0m 0.274 ms - 0[0m
2025-05-25 14:02:16 info: [0mPOST /api/v1/employee/login [32m200[0m 68.798 ms - 887[0m
2025-05-25 14:05:06 info: [0mOPTIONS /api/v1/employee/login [32m204[0m 0.136 ms - 0[0m
2025-05-25 14:05:06 info: [0mPOST /api/v1/employee/login [32m200[0m 69.258 ms - 887[0m
2025-05-25 14:05:27 info: [0mOPTIONS /api/v1/employee/login [32m204[0m 0.165 ms - 0[0m
2025-05-25 14:05:27 info: [0mPOST /api/v1/employee/login [32m200[0m 67.582 ms - 887[0m
2025-05-25 15:06:53 info: [0mOPTIONS /api/v1/employee/login [32m204[0m 0.223 ms - 0[0m
2025-05-25 15:06:53 info: [0mPOST /api/v1/employee/login [32m200[0m 64.815 ms - 887[0m
2025-05-25 15:14:04 info: [0mOPTIONS /api/v1/employee/login [32m204[0m 0.139 ms - 0[0m
2025-05-25 15:14:04 info: [0mPOST /api/v1/employee/login [32m200[0m 66.825 ms - 887[0m
2025-05-25 15:14:08 error: StatusCode : 404, Message : Authentication token missing
2025-05-25 15:14:08 info: [0mGET /api/v1/event/activeevents [33m404[0m 1.833 ms - 42[0m
2025-05-25 15:14:08 error: StatusCode : 404, Message : Authentication token missing
2025-05-25 15:14:08 info: [0mGET /api/v1/event/activeevents [33m404[0m 1.597 ms - 42[0m
2025-05-25 15:17:12 info: [0mOPTIONS /api/v1/employee/login [32m204[0m 0.140 ms - 0[0m
2025-05-25 15:17:12 info: [0mPOST /api/v1/employee/login [32m200[0m 101.949 ms - 887[0m
2025-05-25 15:18:18 info: [0mOPTIONS /api/v1/employee/login [32m204[0m 0.256 ms - 0[0m
2025-05-25 15:18:18 info: [0mPOST /api/v1/employee/login [32m200[0m 69.906 ms - 887[0m
2025-05-25 15:33:05 info: [0mOPTIONS /api/v1/employee/login [32m204[0m 0.193 ms - 0[0m
2025-05-25 15:33:05 info: [0mPOST /api/v1/employee/login [32m200[0m 69.260 ms - 887[0m
2025-05-25 15:38:54 info: [0mOPTIONS /api/v1/employee/login [32m204[0m 0.147 ms - 0[0m
2025-05-25 15:38:54 info: [0mPOST /api/v1/employee/login [32m200[0m 71.486 ms - 887[0m
2025-05-25 15:38:56 info: [0mOPTIONS /api/v1/event/activeevents [32m204[0m 0.284 ms - 0[0m
2025-05-25 15:38:56 info: [0mOPTIONS /api/v1/event/activeevents [32m204[0m 2.337 ms - 0[0m
2025-05-25 15:38:56 info: [0mGET /api/v1/event/activeevents [32m200[0m 38.057 ms - -[0m
2025-05-25 15:38:56 info: [0mGET /api/v1/event/activeevents [36m304[0m 11.497 ms - -[0m
2025-05-25 15:44:18 info: [0mOPTIONS /api/v1/employee/login [32m204[0m 0.134 ms - 0[0m
2025-05-25 15:44:18 info: [0mPOST /api/v1/employee/login [32m200[0m 64.634 ms - 887[0m
2025-05-25 15:44:19 info: [0mOPTIONS /api/v1/event/activeevents [32m204[0m 0.611 ms - 0[0m
2025-05-25 15:44:19 info: [0mGET /api/v1/event/activeevents [36m304[0m 13.624 ms - -[0m
2025-05-25 15:44:19 info: [0mGET /api/v1/event/activeevents [36m304[0m 14.610 ms - -[0m
2025-05-25 15:54:09 info: 🚀 App listening on the port 8000. Current Env development.
2025-05-25 15:54:16 info: 🚀 App listening on the port 8000. Current Env development.
2025-05-25 15:54:34 info: [0mOPTIONS /api/v1/employee/login [32m204[0m 1.223 ms - 0[0m
2025-05-25 15:54:34 info: [0mPOST /api/v1/employee/login [32m200[0m 239.730 ms - -[0m
2025-05-25 15:54:35 info: [0mOPTIONS /api/v1/event/activeevents [32m204[0m 0.207 ms - 0[0m
2025-05-25 15:54:35 info: [0mGET /api/v1/event/activeevents [36m304[0m 21.066 ms - -[0m
2025-05-25 15:54:35 info: [0mGET /api/v1/event/activeevents [36m304[0m 10.785 ms - -[0m
2025-05-25 17:43:31 info: [0mOPTIONS /api/v1/employee/login [32m204[0m 0.570 ms - 0[0m
2025-05-25 17:43:31 info: [0mPOST /api/v1/employee/login [32m200[0m 81.580 ms - -[0m
2025-05-25 17:43:32 info: [0mOPTIONS /api/v1/event/activeevents [32m204[0m 0.166 ms - 0[0m
2025-05-25 17:43:32 info: [0mGET /api/v1/event/activeevents [36m304[0m 27.809 ms - -[0m
2025-05-25 17:43:33 info: [0mGET /api/v1/event/activeevents [36m304[0m 19.608 ms - -[0m
2025-05-25 17:43:40 info: [0mOPTIONS /api/v1/event/activeevents [32m204[0m 0.209 ms - 0[0m
2025-05-25 17:43:40 info: [0mGET /api/v1/event/activeevents [36m304[0m 9.867 ms - -[0m
2025-05-25 17:43:40 info: [0mGET /api/v1/event/activeevents [36m304[0m 10.270 ms - -[0m
2025-05-25 19:30:36 info: 🚀 App listening on the port 8000. Current Env development.
