2025-06-04 09:44:08 info: 🚀 App listening on the port 8000. Current Env development.
2025-06-04 09:45:41 info: [0mOPTIONS /api/v1/employee/login [32m204[0m 1.166 ms - 0[0m
2025-06-04 09:45:41 info: [0mPOST /api/v1/employee/login [32m200[0m 178.941 ms - -[0m
2025-06-04 09:45:46 info: [0mOPTIONS /api/v1/event/activeevents [32m204[0m 0.218 ms - 0[0m
2025-06-04 09:45:46 info: [0mOPTIONS /api/v1/event/activeevents [32m204[0m 0.174 ms - 0[0m
2025-06-04 09:45:46 info: [0mGET /api/v1/event/activeevents [36m304[0m 17.626 ms - -[0m
2025-06-04 09:45:46 info: [0mGET /api/v1/event/activeevents [36m304[0m 8.200 ms - -[0m
2025-06-04 09:45:48 info: [0mOPTIONS /api/v1/booking/activebookings [32m204[0m 0.141 ms - 0[0m
2025-06-04 09:45:48 info: [0mOPTIONS /api/v1/booking/activebookings [32m204[0m 0.158 ms - 0[0m
2025-06-04 09:45:48 info: [0mGET /api/v1/booking/activebookings [36m304[0m 12.910 ms - -[0m
2025-06-04 09:45:48 info: [0mGET /api/v1/booking/activebookings [36m304[0m 5.566 ms - -[0m
2025-06-04 09:45:49 info: [0mGET /api/v1/event/activeevents [36m304[0m 6.301 ms - -[0m
2025-06-04 09:45:49 info: [0mGET /api/v1/event/activeevents [36m304[0m 5.517 ms - -[0m
2025-06-04 09:45:50 info: [0mGET /api/v1/booking/activebookings [36m304[0m 5.323 ms - -[0m
2025-06-04 09:45:50 info: [0mGET /api/v1/booking/activebookings [36m304[0m 5.341 ms - -[0m
2025-06-04 09:45:52 info: [0mOPTIONS /api/v1/event/activeevents [32m204[0m 0.220 ms - 0[0m
2025-06-04 09:45:52 info: [0mOPTIONS /api/v1/event/activeevents [32m204[0m 0.134 ms - 0[0m
2025-06-04 09:45:52 info: [0mGET /api/v1/event/activeevents [36m304[0m 8.633 ms - -[0m
2025-06-04 09:45:52 info: [0mGET /api/v1/event/activeevents [36m304[0m 5.491 ms - -[0m
2025-06-04 10:03:58 info: [0mOPTIONS /api/v1/event/activeevents [32m204[0m 0.161 ms - 0[0m
2025-06-04 10:03:58 info: [0mOPTIONS /api/v1/event/activeevents [32m204[0m 0.322 ms - 0[0m
2025-06-04 10:03:58 info: [0mGET /api/v1/event/activeevents [36m304[0m 3.808 ms - -[0m
2025-06-04 10:03:58 info: [0mGET /api/v1/event/activeevents [36m304[0m 4.564 ms - -[0m
2025-06-04 10:04:07 info: [0mOPTIONS /api/v1/event/activeevents [32m204[0m 0.243 ms - 0[0m
2025-06-04 10:04:07 info: [0mOPTIONS /api/v1/event/activeevents [32m204[0m 0.807 ms - 0[0m
2025-06-04 10:04:07 info: [0mGET /api/v1/event/activeevents [36m304[0m 10.987 ms - -[0m
2025-06-04 10:04:07 info: [0mGET /api/v1/event/activeevents [36m304[0m 6.137 ms - -[0m
2025-06-04 10:04:09 info: [0mOPTIONS /api/v1/event/editevent/2 [32m204[0m 0.456 ms - 0[0m
2025-06-04 10:04:09 info: [0mOPTIONS /api/v1/event/editevent/2 [32m204[0m 0.178 ms - 0[0m
2025-06-04 10:04:09 info: [0mGET /api/v1/event/editevent/2 [36m304[0m 10.014 ms - -[0m
2025-06-04 10:04:09 info: [0mGET /api/v1/event/editevent/2 [36m304[0m 13.758 ms - -[0m
2025-06-04 10:09:06 info: [0mOPTIONS /api/v1/event/activeevents [32m204[0m 0.287 ms - 0[0m
2025-06-04 10:09:06 info: [0mGET /api/v1/event/activeevents [36m304[0m 6.071 ms - -[0m
2025-06-04 10:09:06 info: [0mGET /api/v1/event/activeevents [36m304[0m 10.353 ms - -[0m
2025-06-04 11:16:11 info: [0mOPTIONS /api/v1/tags/insertetag [32m204[0m 2.316 ms - 0[0m
2025-06-04 11:16:11 info: [0mPOST /api/v1/tags/insertetag [32m201[0m 125.016 ms - 282[0m
2025-06-04 11:27:44 info: [0mOPTIONS /api/v1/tags/insertetag [32m204[0m 1.098 ms - 0[0m
2025-06-04 11:27:44 error: StatusCode : 500, Message : insert into "tags" ("created_by", "is_active", "tag_name", "tag_value") values ($1, $2, $3, $4) returning * - null value in column "tag_type" of relation "tags" violates not-null constraint
2025-06-04 11:27:44 info: [0mPOST /api/v1/tags/insertetag [31m500[0m 53.239 ms - 217[0m
2025-06-04 11:28:19 info: [0mOPTIONS /api/v1/tags/insertetag [32m204[0m 0.188 ms - 0[0m
2025-06-04 11:28:19 error: StatusCode : 500, Message : insert into "tags" ("created_by", "is_active", "tag_name", "tag_value") values ($1, $2, $3, $4) returning * - null value in column "tag_type" of relation "tags" violates not-null constraint
2025-06-04 11:28:19 info: [0mPOST /api/v1/tags/insertetag [31m500[0m 7.972 ms - 217[0m
2025-06-04 11:29:16 info: 🚀 App listening on the port 8000. Current Env development.
2025-06-04 11:30:11 info: [0mOPTIONS /api/v1/tags/insertetag [32m204[0m 1.542 ms - 0[0m
2025-06-04 11:30:11 error: StatusCode : 500, Message : insert into "tags" ("created_by", "is_active", "tag_name", "tag_value") values ($1, $2, $3, $4) returning * - null value in column "tag_type" of relation "tags" violates not-null constraint
2025-06-04 11:30:11 info: [0mPOST /api/v1/tags/insertetag [31m500[0m 252.038 ms - 217[0m
2025-06-04 11:34:51 info: [0mOPTIONS /api/v1/tags/insertetag [32m204[0m 0.155 ms - 0[0m
2025-06-04 11:34:51 info: [0mPOST /api/v1/tags/insertetag [32m201[0m 10.430 ms - 290[0m
2025-06-04 11:46:54 info: 🚀 App listening on the port 8000. Current Env development.
2025-06-04 11:47:08 info: 🚀 App listening on the port 8000. Current Env development.
2025-06-04 11:47:30 info: 🚀 App listening on the port 8000. Current Env development.
2025-06-04 11:47:32 info: 🚀 App listening on the port 8000. Current Env development.
2025-06-04 11:47:48 info: 🚀 App listening on the port 8000. Current Env development.
2025-06-04 11:48:14 info: 🚀 App listening on the port 8000. Current Env development.
2025-06-04 11:48:21 info: 🚀 App listening on the port 8000. Current Env development.
2025-06-04 11:48:23 info: 🚀 App listening on the port 8000. Current Env development.
2025-06-04 11:48:54 info: [0mPOST /api/v1/employee/login [32m200[0m 140.139 ms - -[0m
2025-06-04 11:50:49 info: [0mGET /api/v1/tags/geteventtags [32m200[0m 15.738 ms - 53[0m
2025-06-04 11:52:35 info: [0mGET /api/v1/tags/geteventtags [32m200[0m 6.236 ms - 53[0m
2025-06-04 11:57:29 info: 🚀 App listening on the port 8000. Current Env development.
2025-06-04 11:57:33 info: [0mGET /api/v1/tags/geteventtags [32m200[0m 172.314 ms - 314[0m
2025-06-04 11:57:57 info: 🚀 App listening on the port 8000. Current Env development.
2025-06-04 11:59:39 info: [0mGET /api/v1/tags/geteventtag [33m404[0m 70.438 ms - 162[0m
2025-06-04 11:59:46 info: [0mGET /api/v1/tags/geteventtags [32m200[0m 17.588 ms - 314[0m
2025-06-04 12:02:49 info: [0mOPTIONS /api/v1/tags/geteventtag [32m204[0m 0.417 ms - 0[0m
2025-06-04 12:02:49 info: [0mGET /api/v1/tags/geteventtag [33m404[0m 3.113 ms - 162[0m
2025-06-04 12:29:59 info: [0mOPTIONS /api/v1/tags/geteventtag [32m204[0m 0.140 ms - 0[0m
2025-06-04 12:29:59 info: [0mOPTIONS /api/v1/tags/geteventtag [32m204[0m 0.105 ms - 0[0m
2025-06-04 12:29:59 info: [0mGET /api/v1/tags/geteventtag [33m404[0m 4.441 ms - 162[0m
2025-06-04 12:29:59 info: [0mGET /api/v1/tags/geteventtag [33m404[0m 2.732 ms - 162[0m
2025-06-04 12:31:26 info: [0mOPTIONS /api/v1/tags/geteventtag [32m204[0m 0.206 ms - 0[0m
2025-06-04 12:31:26 info: [0mOPTIONS /api/v1/tags/geteventtag [32m204[0m 0.141 ms - 0[0m
2025-06-04 12:31:26 info: [0mGET /api/v1/tags/geteventtag [33m404[0m 6.532 ms - 162[0m
2025-06-04 12:31:26 info: [0mGET /api/v1/tags/geteventtag [33m404[0m 2.794 ms - 162[0m
2025-06-04 12:31:33 info: [0mOPTIONS /api/v1/tags/geteventtag [32m204[0m 0.145 ms - 0[0m
2025-06-04 12:31:33 info: [0mOPTIONS /api/v1/tags/geteventtag [32m204[0m 0.134 ms - 0[0m
2025-06-04 12:31:33 info: [0mGET /api/v1/tags/geteventtag [33m404[0m 3.371 ms - 162[0m
2025-06-04 12:31:33 info: [0mGET /api/v1/tags/geteventtag [33m404[0m 6.360 ms - 162[0m
2025-06-04 12:32:27 info: [0mOPTIONS /api/v1/tags/geteventtags [32m204[0m 0.176 ms - 0[0m
2025-06-04 12:32:27 info: [0mGET /api/v1/tags/geteventtags [32m200[0m 10.389 ms - 314[0m
2025-06-04 12:32:27 info: [0mGET /api/v1/tags/geteventtags [36m304[0m 10.551 ms - -[0m
2025-06-04 12:35:18 info: [0mOPTIONS /api/v1/tags/geteventtags [32m204[0m 0.193 ms - 0[0m
2025-06-04 12:35:18 info: [0mOPTIONS /api/v1/tags/geteventtags [32m204[0m 0.242 ms - 0[0m
2025-06-04 12:35:18 info: [0mGET /api/v1/tags/geteventtags [36m304[0m 7.557 ms - -[0m
2025-06-04 12:35:18 info: [0mGET /api/v1/tags/geteventtags [36m304[0m 12.516 ms - -[0m
2025-06-04 12:36:01 info: [0mOPTIONS /api/v1/event/activeevents [32m204[0m 0.349 ms - 0[0m
2025-06-04 12:36:01 info: [0mOPTIONS /api/v1/event/activeevents [32m204[0m 0.201 ms - 0[0m
2025-06-04 12:36:01 info: [0mGET /api/v1/event/activeevents [36m304[0m 10.202 ms - -[0m
2025-06-04 12:36:01 info: [0mGET /api/v1/event/activeevents [36m304[0m 8.572 ms - -[0m
2025-06-04 12:36:02 info: [0mOPTIONS /api/v1/tags/geteventtags [32m204[0m 0.172 ms - 0[0m
2025-06-04 12:36:02 info: [0mOPTIONS /api/v1/tags/geteventtags [32m204[0m 0.901 ms - 0[0m
2025-06-04 12:36:02 info: [0mGET /api/v1/tags/geteventtags [36m304[0m 5.356 ms - -[0m
2025-06-04 12:36:02 info: [0mGET /api/v1/tags/geteventtags [36m304[0m 72.087 ms - -[0m
2025-06-04 13:05:35 info: [0mOPTIONS /api/v1/tags/insertetag [32m204[0m 0.293 ms - 0[0m
2025-06-04 13:05:35 info: [0mPOST /api/v1/tags/insertetag [32m201[0m 155.321 ms - 291[0m
2025-06-04 13:05:49 info: [0mOPTIONS /api/v1/tags/insertetag [32m204[0m 0.110 ms - 0[0m
2025-06-04 13:05:49 info: [0mPOST /api/v1/tags/insertetag [32m201[0m 5.383 ms - 292[0m
2025-06-04 13:06:55 info: [0mOPTIONS /api/v1/event/insertevent [32m204[0m 0.102 ms - 0[0m
2025-06-04 13:06:55 error: StatusCode : 500, Message : insert into "event" ("address_line_1", "address_line_2", "agenda", "all_day", "banner_image", "city", "created_at", "created_by", "currency", "date", "deleted_at", "deleted_by", "event_description", "event_title", "gate_no", "is_active", "is_deleted", "map_integration", "meta_description", "meta_title", "meta_url", "more_images", "our_partners", "pincode", "promo_video", "seats_remaining", "seats_remaining_indicator", "speaker_details", "sponsors", "state", "tags", "ticket_price", "time", "time_zone_selector", "total_seats", "updated_by", "venue_name") values ($1, $2, $3, $4, $5, $6, $7, $8, $9, $10, $11, $12, $13, $14, $15, $16, $17, $18, $19, $20, $21, $22, $23, $24, $25, $26, $27, $28, $29, $30, $31, $32, $33, $34, $35, $36, $37) returning * - duplicate key value violates unique constraint "event_pkey"
2025-06-04 13:06:55 info: [0mPOST /api/v1/event/insertevent [31m500[0m 14.652 ms - 908[0m
2025-06-04 13:14:23 info: [0mOPTIONS /api/v1/event/insertevent [32m204[0m 0.111 ms - 0[0m
2025-06-04 13:14:23 error: StatusCode : 500, Message : insert into "event" ("address_line_1", "address_line_2", "agenda", "all_day", "banner_image", "city", "created_at", "created_by", "currency", "date", "deleted_at", "deleted_by", "event_description", "event_title", "gate_no", "is_active", "is_deleted", "map_integration", "meta_description", "meta_title", "meta_url", "more_images", "our_partners", "pincode", "promo_video", "seats_remaining", "seats_remaining_indicator", "speaker_details", "sponsors", "state", "tags", "ticket_price", "time", "time_zone_selector", "total_seats", "updated_by", "venue_name") values ($1, $2, $3, $4, $5, $6, $7, $8, $9, $10, $11, $12, $13, $14, $15, $16, $17, $18, $19, $20, $21, $22, $23, $24, $25, $26, $27, $28, $29, $30, $31, $32, $33, $34, $35, $36, $37) returning * - duplicate key value violates unique constraint "event_pkey"
2025-06-04 13:14:23 info: [0mPOST /api/v1/event/insertevent [31m500[0m 8.348 ms - 908[0m
2025-06-04 14:25:05 info: [0mOPTIONS /api/v1/tags/geteventtags [32m204[0m 3.451 ms - 0[0m
2025-06-04 14:25:05 info: [0mOPTIONS /api/v1/tags/geteventtags [32m204[0m 0.189 ms - 0[0m
2025-06-04 14:25:05 info: [0mGET /api/v1/tags/geteventtags [32m200[0m 17.211 ms - 839[0m
2025-06-04 14:25:05 info: [0mGET /api/v1/tags/geteventtags [32m200[0m 15.369 ms - 839[0m
2025-06-04 14:26:41 info: [0mOPTIONS /api/v1/tags/geteventtags [32m204[0m 0.421 ms - 0[0m
2025-06-04 14:26:41 info: [0mOPTIONS /api/v1/tags/geteventtags [32m204[0m 0.145 ms - 0[0m
2025-06-04 14:26:41 info: [0mGET /api/v1/tags/geteventtags [32m200[0m 5.077 ms - 839[0m
2025-06-04 14:26:41 info: [0mGET /api/v1/tags/geteventtags [32m200[0m 12.368 ms - 839[0m
2025-06-04 14:41:51 info: [0mOPTIONS /api/v1/event/insertevent [32m204[0m 0.229 ms - 0[0m
2025-06-04 14:41:51 error: StatusCode : 500, Message : insert into "event" ("address_line_1", "address_line_2", "agenda", "all_day", "banner_image", "city", "created_at", "created_by", "currency", "date", "deleted_at", "deleted_by", "event_description", "event_title", "gate_no", "is_active", "is_deleted", "map_integration", "meta_description", "meta_title", "meta_url", "more_images", "our_partners", "pincode", "promo_video", "seats_remaining", "seats_remaining_indicator", "speaker_details", "sponsors", "state", "tags", "ticket_price", "time", "time_zone_selector", "total_seats", "updated_by", "venue_name") values ($1, $2, $3, $4, $5, $6, $7, $8, $9, $10, $11, $12, $13, $14, $15, $16, $17, $18, $19, $20, $21, $22, $23, $24, $25, $26, $27, $28, $29, $30, $31, $32, $33, $34, $35, $36, $37) returning * - duplicate key value violates unique constraint "event_pkey"
2025-06-04 14:41:51 info: [0mPOST /api/v1/event/insertevent [31m500[0m 12.953 ms - 908[0m
2025-06-04 14:42:05 info: [0mOPTIONS /api/v1/event/insertevent [32m204[0m 0.155 ms - 0[0m
2025-06-04 14:42:05 info: [0mPOST /api/v1/event/insertevent [32m201[0m 17.489 ms - -[0m
2025-06-04 14:42:05 info: [0mOPTIONS /api/v1/event/activeevents [32m204[0m 0.182 ms - 0[0m
2025-06-04 14:42:05 info: [0mOPTIONS /api/v1/event/activeevents [32m204[0m 0.179 ms - 0[0m
2025-06-04 14:42:05 info: [0mGET /api/v1/event/activeevents [32m200[0m 8.971 ms - -[0m
2025-06-04 14:42:05 info: [0mGET /api/v1/event/activeevents [36m304[0m 32.178 ms - -[0m
2025-06-04 14:44:13 info: [0mOPTIONS /api/v1/tags/geteventtags [32m204[0m 0.097 ms - 0[0m
2025-06-04 14:44:13 info: [0mOPTIONS /api/v1/tags/geteventtags [32m204[0m 0.245 ms - 0[0m
2025-06-04 14:44:13 info: [0mGET /api/v1/tags/geteventtags [36m304[0m 4.719 ms - -[0m
2025-06-04 14:44:13 info: [0mGET /api/v1/tags/geteventtags [36m304[0m 6.835 ms - -[0m
2025-06-04 14:49:54 info: [0mOPTIONS /api/v1/tags/insertetag [32m204[0m 0.113 ms - 0[0m
2025-06-04 14:49:54 info: [0mPOST /api/v1/tags/insertetag [32m201[0m 8.645 ms - 304[0m
2025-06-04 14:50:01 info: [0mOPTIONS /api/v1/event/insertevent [32m204[0m 0.112 ms - 0[0m
2025-06-04 14:50:01 info: [0mPOST /api/v1/event/insertevent [32m201[0m 9.498 ms - -[0m
2025-06-04 14:50:01 info: [0mOPTIONS /api/v1/event/activeevents [32m204[0m 0.120 ms - 0[0m
2025-06-04 14:50:01 info: [0mOPTIONS /api/v1/event/activeevents [32m204[0m 0.105 ms - 0[0m
2025-06-04 14:50:01 info: [0mGET /api/v1/event/activeevents [32m200[0m 8.872 ms - -[0m
2025-06-04 14:50:01 info: [0mGET /api/v1/event/activeevents [36m304[0m 8.348 ms - -[0m
2025-06-04 14:50:09 info: [0mOPTIONS /api/v1/event/editevent/7 [32m204[0m 0.112 ms - 0[0m
2025-06-04 14:50:09 info: [0mOPTIONS /api/v1/tags/geteventtags [32m204[0m 0.133 ms - 0[0m
2025-06-04 14:50:09 info: [0mOPTIONS /api/v1/event/editevent/7 [32m204[0m 0.096 ms - 0[0m
2025-06-04 14:50:09 info: [0mOPTIONS /api/v1/tags/geteventtags [32m204[0m 1.685 ms - 0[0m
2025-06-04 14:50:09 info: [0mGET /api/v1/event/editevent/7 [32m200[0m 17.749 ms - -[0m
2025-06-04 14:50:09 info: [0mGET /api/v1/tags/geteventtags [32m200[0m 19.299 ms - -[0m
2025-06-04 14:50:09 info: [0mGET /api/v1/event/editevent/7 [36m304[0m 12.088 ms - -[0m
2025-06-04 14:50:09 info: [0mGET /api/v1/tags/geteventtags [36m304[0m 11.546 ms - -[0m
2025-06-04 14:50:16 info: [0mOPTIONS /api/v1/event/activeevents [32m204[0m 0.126 ms - 0[0m
2025-06-04 14:50:16 info: [0mOPTIONS /api/v1/event/activeevents [32m204[0m 0.434 ms - 0[0m
2025-06-04 14:50:16 info: [0mGET /api/v1/event/activeevents [36m304[0m 3.638 ms - -[0m
2025-06-04 14:50:16 info: [0mGET /api/v1/event/activeevents [36m304[0m 5.316 ms - -[0m
2025-06-04 14:52:53 info: 🚀 App listening on the port 8000. Current Env development.
2025-06-04 14:53:02 info: 🚀 App listening on the port 8000. Current Env development.
2025-06-04 15:05:38 info: 🚀 App listening on the port 8000. Current Env development.
2025-06-04 15:08:05 info: 🚀 App listening on the port 8000. Current Env development.
2025-06-04 15:08:26 info: 🚀 App listening on the port 8000. Current Env development.
2025-06-04 15:08:43 info: 🚀 App listening on the port 8000. Current Env development.
2025-06-04 15:09:31 info: [0mOPTIONS /api/v1/tags/geteventtags [32m204[0m 5.392 ms - 0[0m
2025-06-04 15:09:31 info: [0mOPTIONS /api/v1/tags/geteventtags [32m204[0m 0.146 ms - 0[0m
2025-06-04 15:09:31 info: [0mGET /api/v1/tags/geteventtags [36m304[0m 83.418 ms - -[0m
2025-06-04 15:09:31 info: [0mGET /api/v1/tags/geteventtags [36m304[0m 6.656 ms - -[0m
2025-06-04 15:17:12 error: StatusCode : 400, Message : Expected double-quoted property name in JSON at position 1770
2025-06-04 15:17:12 info: [0mPOST /api/v1/events/insertevent [33m400[0m 30.137 ms - 75[0m
2025-06-04 15:18:12 error: StatusCode : 400, Message : Expected double-quoted property name in JSON at position 1772
2025-06-04 15:18:12 info: [0mPOST /api/v1/events/insertevent [33m400[0m 6.614 ms - 75[0m
2025-06-04 15:18:31 error: StatusCode : 400, Message : Expected double-quoted property name in JSON at position 1759
2025-06-04 15:18:31 info: [0mPOST /api/v1/events/insertevent [33m400[0m 2.746 ms - 75[0m
2025-06-04 15:19:46 info: [0mPOST /api/v1/events/insertevent [33m404[0m 7.978 ms - 165[0m
2025-06-04 15:20:41 info: 🚀 App listening on the port 8000. Current Env development.
2025-06-04 15:20:44 info: [0mPOST /api/v1/events/insertevent [33m404[0m 174.070 ms - 165[0m
2025-06-04 15:21:16 error: StatusCode : 400, Message : more_images must be a string, agenda must be a string, speaker_details must be a json string, sponsors must be a string, our_partners must be a string
2025-06-04 15:21:16 info: [0mPOST /api/v1/event/insertevent [33m400[0m 14.534 ms - 164[0m
2025-06-04 15:22:08 info: [0mPOST /api/v1/event/insertevent [32m201[0m 17.406 ms - -[0m
2025-06-04 15:55:36 info: [0mOPTIONS /api/v1/tags/geteventtags [32m204[0m 2.081 ms - 0[0m
2025-06-04 15:55:36 info: [0mGET /api/v1/tags/geteventtags [36m304[0m 24.826 ms - -[0m
2025-06-04 15:55:36 info: [0mGET /api/v1/tags/geteventtags [36m304[0m 8.188 ms - -[0m
2025-06-04 16:06:50 info: [0mOPTIONS /api/v1/tags/geteventtags [32m204[0m 0.209 ms - 0[0m
2025-06-04 16:06:50 info: [0mOPTIONS /api/v1/tags/geteventtags [32m204[0m 1.021 ms - 0[0m
2025-06-04 16:06:50 info: [0mGET /api/v1/tags/geteventtags [32m200[0m 77.603 ms - -[0m
2025-06-04 16:06:50 info: [0mGET /api/v1/tags/geteventtags [32m200[0m 40.883 ms - -[0m
2025-06-04 16:07:33 info: [0mOPTIONS /api/v1/tags/geteventtags [32m204[0m 0.145 ms - 0[0m
2025-06-04 16:07:33 info: [0mOPTIONS /api/v1/tags/geteventtags [32m204[0m 0.318 ms - 0[0m
2025-06-04 16:07:33 info: [0mGET /api/v1/tags/geteventtags [32m200[0m 27.537 ms - -[0m
2025-06-04 16:07:33 info: [0mGET /api/v1/tags/geteventtags [32m200[0m 36.933 ms - -[0m
2025-06-04 16:11:01 info: [0mOPTIONS /api/v1/tags/geteventtags [32m204[0m 0.203 ms - 0[0m
2025-06-04 16:11:01 info: [0mOPTIONS /api/v1/tags/geteventtags [32m204[0m 0.192 ms - 0[0m
2025-06-04 16:11:01 info: [0mGET /api/v1/tags/geteventtags [32m200[0m 10.691 ms - -[0m
2025-06-04 16:11:01 info: [0mGET /api/v1/tags/geteventtags [32m200[0m 15.593 ms - -[0m
2025-06-04 16:15:27 info: [0mOPTIONS /api/v1/event/insertevent [32m204[0m 0.232 ms - 0[0m
2025-06-04 16:15:27 info: [0mPOST /api/v1/event/insertevent [32m201[0m 19.987 ms - -[0m
2025-06-04 16:15:28 info: [0mOPTIONS /api/v1/event/activeevents [32m204[0m 0.144 ms - 0[0m
2025-06-04 16:15:28 info: [0mOPTIONS /api/v1/event/activeevents [32m204[0m 0.158 ms - 0[0m
2025-06-04 16:15:28 info: [0mGET /api/v1/event/activeevents [32m200[0m 10.772 ms - -[0m
2025-06-04 16:15:28 info: [0mGET /api/v1/event/activeevents [36m304[0m 6.741 ms - -[0m
2025-06-04 16:15:39 info: [0mOPTIONS /api/v1/tags/geteventtags [32m204[0m 0.194 ms - 0[0m
2025-06-04 16:15:39 info: [0mOPTIONS /api/v1/tags/geteventtags [32m204[0m 0.445 ms - 0[0m
2025-06-04 16:15:39 info: [0mGET /api/v1/tags/geteventtags [36m304[0m 4.795 ms - -[0m
2025-06-04 16:15:39 info: [0mGET /api/v1/tags/geteventtags [36m304[0m 6.056 ms - -[0m
2025-06-04 16:23:42 info: [0mOPTIONS /api/v1/event/insertevent [32m204[0m 0.190 ms - 0[0m
2025-06-04 16:23:42 info: [0mPOST /api/v1/event/insertevent [32m201[0m 8.539 ms - -[0m
2025-06-04 16:23:42 info: [0mOPTIONS /api/v1/event/activeevents [32m204[0m 0.241 ms - 0[0m
2025-06-04 16:23:42 info: [0mOPTIONS /api/v1/event/activeevents [32m204[0m 0.167 ms - 0[0m
2025-06-04 16:23:42 info: [0mGET /api/v1/event/activeevents [32m200[0m 10.403 ms - -[0m
2025-06-04 16:23:42 info: [0mGET /api/v1/event/activeevents [36m304[0m 15.065 ms - -[0m
2025-06-04 16:31:10 info: 🚀 App listening on the port 8000. Current Env development.
2025-06-04 16:31:22 info: 🚀 App listening on the port 8000. Current Env development.
2025-06-04 16:31:42 info: 🚀 App listening on the port 8000. Current Env development.
2025-06-04 16:32:37 info: 🚀 App listening on the port 8000. Current Env development.
2025-06-04 16:33:10 info: 🚀 App listening on the port 8000. Current Env development.
2025-06-04 16:46:12 info: 🚀 App listening on the port 8000. Current Env development.
2025-06-04 16:47:03 info: 🚀 App listening on the port 8000. Current Env development.
2025-06-04 16:47:10 info: 🚀 App listening on the port 8000. Current Env development.
2025-06-04 16:48:27 info: 🚀 App listening on the port 8000. Current Env development.
2025-06-04 16:51:17 info: 🚀 App listening on the port 8000. Current Env development.
2025-06-04 16:59:47 info: 🚀 App listening on the port 8000. Current Env development.
2025-06-04 17:00:04 info: 🚀 App listening on the port 8000. Current Env development.
2025-06-04 17:01:31 info: 🚀 App listening on the port 8000. Current Env development.
2025-06-04 17:01:40 info: [0mOPTIONS /api/v1/tags/geteventtags [32m204[0m 2.575 ms - 0[0m
2025-06-04 17:01:40 info: [0mOPTIONS /api/v1/tags/geteventtags [32m204[0m 0.160 ms - 0[0m
2025-06-04 17:01:40 info: [0mGET /api/v1/tags/geteventtags [36m304[0m 206.915 ms - -[0m
2025-06-04 17:01:40 info: [0mGET /api/v1/tags/geteventtags [36m304[0m 5.720 ms - -[0m
2025-06-04 17:05:40 info: [0mOPTIONS /api/v1/event/insertevent [32m204[0m 0.178 ms - 0[0m
2025-06-04 17:05:40 error: StatusCode : 500, Message : insert into "event" ("address_line_1", "address_line_2", "agenda", "all_day", "banner_image", "city", "created_at", "created_by", "currency", "date", "deleted_at", "deleted_by", "event_description", "event_title", "gate_no", "is_active", "is_deleted", "map_integration", "meta_description", "meta_title", "meta_url", "more_images", "our_partners", "pincode", "promo_video", "seats_remaining", "seats_remaining_indicator", "speaker_details", "sponsors", "state", "tags", "ticket_price", "time", "time_zone_selector", "total_seats", "updated_by", "venue_name") values ($1, $2, $3, $4, $5, $6, $7, $8, $9, $10, $11, $12, $13, $14, $15, $16, $17, $18, $19, $20, $21, $22, $23, $24, $25, $26, $27, $28, $29, $30, $31, $32, $33, $34, $35, $36, $37) returning * - invalid input syntax for type json
2025-06-04 17:05:40 info: [0mPOST /api/v1/event/insertevent [31m500[0m 41.630 ms - 881[0m
2025-06-04 17:06:09 info: [0mOPTIONS /api/v1/event/insertevent [32m204[0m 0.283 ms - 0[0m
2025-06-04 17:06:09 error: StatusCode : 500, Message : insert into "event" ("address_line_1", "address_line_2", "agenda", "all_day", "banner_image", "city", "created_at", "created_by", "currency", "date", "deleted_at", "deleted_by", "event_description", "event_title", "gate_no", "is_active", "is_deleted", "map_integration", "meta_description", "meta_title", "meta_url", "more_images", "our_partners", "pincode", "promo_video", "seats_remaining", "seats_remaining_indicator", "speaker_details", "sponsors", "state", "tags", "ticket_price", "time", "time_zone_selector", "total_seats", "updated_by", "venue_name") values ($1, $2, $3, $4, $5, $6, $7, $8, $9, $10, $11, $12, $13, $14, $15, $16, $17, $18, $19, $20, $21, $22, $23, $24, $25, $26, $27, $28, $29, $30, $31, $32, $33, $34, $35, $36, $37) returning * - invalid input syntax for type json
2025-06-04 17:06:09 info: [0mPOST /api/v1/event/insertevent [31m500[0m 10.440 ms - 881[0m
2025-06-04 17:06:48 info: [0mOPTIONS /api/v1/event/insertevent [32m204[0m 0.129 ms - 0[0m
2025-06-04 17:06:48 error: StatusCode : 500, Message : insert into "event" ("address_line_1", "address_line_2", "agenda", "all_day", "banner_image", "city", "created_at", "created_by", "currency", "date", "deleted_at", "deleted_by", "event_description", "event_title", "gate_no", "is_active", "is_deleted", "map_integration", "meta_description", "meta_title", "meta_url", "more_images", "our_partners", "pincode", "promo_video", "seats_remaining", "seats_remaining_indicator", "speaker_details", "sponsors", "state", "tags", "ticket_price", "time", "time_zone_selector", "total_seats", "updated_by", "venue_name") values ($1, $2, $3, $4, $5, $6, $7, $8, $9, $10, $11, $12, $13, $14, $15, $16, $17, $18, $19, $20, $21, $22, $23, $24, $25, $26, $27, $28, $29, $30, $31, $32, $33, $34, $35, $36, $37) returning * - invalid input syntax for type json
2025-06-04 17:06:48 info: [0mPOST /api/v1/event/insertevent [31m500[0m 8.051 ms - 881[0m
2025-06-04 17:09:50 info: [0mOPTIONS /api/v1/event/insertevent [32m204[0m 0.163 ms - 0[0m
2025-06-04 17:09:50 error: StatusCode : 500, Message : insert into "event" ("address_line_1", "address_line_2", "agenda", "all_day", "banner_image", "city", "created_at", "created_by", "currency", "date", "deleted_at", "deleted_by", "event_description", "event_title", "gate_no", "is_active", "is_deleted", "map_integration", "meta_description", "meta_title", "meta_url", "more_images", "our_partners", "pincode", "promo_video", "seats_remaining", "seats_remaining_indicator", "speaker_details", "sponsors", "state", "tags", "ticket_price", "time", "time_zone_selector", "total_seats", "updated_by", "venue_name") values ($1, $2, $3, $4, $5, $6, $7, $8, $9, $10, $11, $12, $13, $14, $15, $16, $17, $18, $19, $20, $21, $22, $23, $24, $25, $26, $27, $28, $29, $30, $31, $32, $33, $34, $35, $36, $37) returning * - invalid input syntax for type json
2025-06-04 17:09:50 info: [0mPOST /api/v1/event/insertevent [31m500[0m 6.488 ms - 881[0m
2025-06-04 17:09:54 error: StatusCode : 500, Message : insert into "event" ("address_line_1", "address_line_2", "agenda", "all_day", "banner_image", "city", "created_at", "created_by", "currency", "date", "deleted_at", "deleted_by", "event_description", "event_title", "gate_no", "is_active", "is_deleted", "map_integration", "meta_description", "meta_title", "meta_url", "more_images", "our_partners", "pincode", "promo_video", "seats_remaining", "seats_remaining_indicator", "speaker_details", "sponsors", "state", "tags", "ticket_price", "time", "time_zone_selector", "total_seats", "updated_by", "venue_name") values ($1, $2, $3, $4, $5, $6, $7, $8, $9, $10, $11, $12, $13, $14, $15, $16, $17, $18, $19, $20, $21, $22, $23, $24, $25, $26, $27, $28, $29, $30, $31, $32, $33, $34, $35, $36, $37) returning * - invalid input syntax for type json
2025-06-04 17:09:54 info: [0mPOST /api/v1/event/insertevent [31m500[0m 9.079 ms - 881[0m
2025-06-04 17:11:21 info: [0mOPTIONS /api/v1/event/insertevent [32m204[0m 0.236 ms - 0[0m
2025-06-04 17:11:21 error: StatusCode : 500, Message : insert into "event" ("address_line_1", "address_line_2", "agenda", "all_day", "banner_image", "city", "created_at", "created_by", "currency", "date", "deleted_at", "deleted_by", "event_description", "event_title", "gate_no", "is_active", "is_deleted", "map_integration", "meta_description", "meta_title", "meta_url", "more_images", "our_partners", "pincode", "promo_video", "seats_remaining", "seats_remaining_indicator", "speaker_details", "sponsors", "state", "tags", "ticket_price", "time", "time_zone_selector", "total_seats", "updated_by", "venue_name") values ($1, $2, $3, $4, $5, $6, $7, $8, $9, $10, $11, $12, $13, $14, $15, $16, $17, $18, $19, $20, $21, $22, $23, $24, $25, $26, $27, $28, $29, $30, $31, $32, $33, $34, $35, $36, $37) returning * - invalid input syntax for type json
2025-06-04 17:11:21 info: [0mPOST /api/v1/event/insertevent [31m500[0m 7.375 ms - 881[0m
2025-06-04 17:13:27 info: [0mOPTIONS /api/v1/event/insertevent [32m204[0m 0.133 ms - 0[0m
2025-06-04 17:13:27 error: StatusCode : 500, Message : insert into "event" ("address_line_1", "address_line_2", "agenda", "all_day", "banner_image", "city", "created_at", "created_by", "currency", "date", "deleted_at", "deleted_by", "event_description", "event_title", "gate_no", "is_active", "is_deleted", "map_integration", "meta_description", "meta_title", "meta_url", "more_images", "our_partners", "pincode", "promo_video", "seats_remaining", "seats_remaining_indicator", "speaker_details", "sponsors", "state", "tags", "ticket_price", "time", "time_zone_selector", "total_seats", "updated_by", "venue_name") values ($1, $2, $3, $4, $5, $6, $7, $8, $9, $10, $11, $12, $13, $14, $15, $16, $17, $18, $19, $20, $21, $22, $23, $24, $25, $26, $27, $28, $29, $30, $31, $32, $33, $34, $35, $36, $37) returning * - invalid input syntax for type json
2025-06-04 17:13:27 info: [0mPOST /api/v1/event/insertevent [31m500[0m 6.897 ms - 881[0m
2025-06-04 17:13:44 info: [0mOPTIONS /api/v1/event/insertevent [32m204[0m 0.226 ms - 0[0m
2025-06-04 17:13:44 error: StatusCode : 500, Message : insert into "event" ("address_line_1", "address_line_2", "agenda", "all_day", "banner_image", "city", "created_at", "created_by", "currency", "date", "deleted_at", "deleted_by", "event_description", "event_title", "gate_no", "is_active", "is_deleted", "map_integration", "meta_description", "meta_title", "meta_url", "more_images", "our_partners", "pincode", "promo_video", "seats_remaining", "seats_remaining_indicator", "speaker_details", "sponsors", "state", "tags", "ticket_price", "time", "time_zone_selector", "total_seats", "updated_by", "venue_name") values ($1, $2, $3, $4, $5, $6, $7, $8, $9, $10, $11, $12, $13, $14, $15, $16, $17, $18, $19, $20, $21, $22, $23, $24, $25, $26, $27, $28, $29, $30, $31, $32, $33, $34, $35, $36, $37) returning * - invalid input syntax for type json
2025-06-04 17:13:44 info: [0mPOST /api/v1/event/insertevent [31m500[0m 5.120 ms - 881[0m
2025-06-04 17:14:40 info: [0mOPTIONS /api/v1/event/insertevent [32m204[0m 0.240 ms - 0[0m
2025-06-04 17:14:40 error: StatusCode : 400, Message : speaker_details must be a json string
2025-06-04 17:14:40 info: [0mPOST /api/v1/event/insertevent [33m400[0m 4.186 ms - 51[0m
2025-06-04 17:46:08 info: 🚀 App listening on the port 8000. Current Env development.
2025-06-04 17:46:11 info: 🚀 App listening on the port 8000. Current Env development.
2025-06-04 17:46:33 info: 🚀 App listening on the port 8000. Current Env development.
2025-06-04 17:47:34 info: 🚀 App listening on the port 8000. Current Env development.
2025-06-04 17:47:56 info: 🚀 App listening on the port 8000. Current Env development.
2025-06-04 17:48:18 info: 🚀 App listening on the port 8000. Current Env development.
2025-06-04 17:56:21 info: 🚀 App listening on the port 8000. Current Env development.
2025-06-04 17:56:45 info: 🚀 App listening on the port 8000. Current Env development.
2025-06-04 17:56:57 info: 🚀 App listening on the port 8000. Current Env development.
2025-06-04 17:57:37 info: 🚀 App listening on the port 8000. Current Env development.
2025-06-04 17:59:42 info: 🚀 App listening on the port 8000. Current Env development.
2025-06-04 18:00:22 error: StatusCode : 404, Message : Authentication token missing
2025-06-04 18:00:22 info: [0mPOST /api/v1/booking/insertbooking [33m404[0m 19.092 ms - 42[0m
2025-06-04 18:01:11 error: StatusCode : 400, Message : ticket_id must be a string
2025-06-04 18:01:11 info: [0mPOST /api/v1/booking/insertbooking [33m400[0m 15.770 ms - 40[0m
2025-06-04 18:02:24 info: 🚀 App listening on the port 8000. Current Env development.
2025-06-04 18:02:26 error: StatusCode : 500, Message : insert into "bookings" ("booking_status", "created_by", "email_address", "event_id", "is_active", "location", "name", "notes", "notify_via_email_sms", "payment_method", "phone_number", "promo_code", "quantity", "tags", "terms_and_conditions", "ticket_id", "ticket_price", "ticket_type", "total_amount") values ($1, $2, $3, $4, $5, $6, $7, $8, $9, $10, $11, $12, $13, $14, $15, $16, $17, $18, $19) returning * - invalid input syntax for type json
2025-06-04 18:02:26 info: [0mPOST /api/v1/booking/insertbooking [31m500[0m 57.287 ms - 499[0m
2025-06-04 18:03:49 info: [0mPOST /api/v1/booking/insertbooking [32m201[0m 8036.885 ms - 839[0m
2025-06-04 18:22:03 info: 🚀 App listening on the port 8000. Current Env development.
2025-06-04 18:22:12 info: 🚀 App listening on the port 8000. Current Env development.
2025-06-04 18:22:23 info: 🚀 App listening on the port 8000. Current Env development.
2025-06-04 18:22:51 info: 🚀 App listening on the port 8000. Current Env development.
2025-06-04 18:25:38 info: 🚀 App listening on the port 8000. Current Env development.
2025-06-04 18:26:18 info: 🚀 App listening on the port 8000. Current Env development.
2025-06-04 18:26:51 info: 🚀 App listening on the port 8000. Current Env development.
2025-06-04 18:32:01 info: 🚀 App listening on the port 8000. Current Env development.
2025-06-04 18:32:34 info: 🚀 App listening on the port 8000. Current Env development.
2025-06-04 18:33:49 info: 🚀 App listening on the port 8000. Current Env development.
2025-06-04 18:36:16 info: 🚀 App listening on the port 8000. Current Env development.
2025-06-04 18:36:26 info: 🚀 App listening on the port 8000. Current Env development.
2025-06-04 18:36:49 info: 🚀 App listening on the port 8000. Current Env development.
2025-06-04 18:36:57 info: 🚀 App listening on the port 8000. Current Env development.
2025-06-04 18:37:24 info: 🚀 App listening on the port 8000. Current Env development.
2025-06-04 18:38:18 info: 🚀 App listening on the port 8000. Current Env development.
2025-06-04 18:38:26 info: 🚀 App listening on the port 8000. Current Env development.
2025-06-04 18:46:58 info: 🚀 App listening on the port 8000. Current Env development.
2025-06-04 18:47:03 info: 🚀 App listening on the port 8000. Current Env development.
2025-06-04 18:47:37 info: 🚀 App listening on the port 8000. Current Env development.
2025-06-04 18:52:11 info: 🚀 App listening on the port 8000. Current Env development.
2025-06-04 18:52:58 info: 🚀 App listening on the port 8000. Current Env development.
2025-06-04 18:55:14 info: 🚀 App listening on the port 8000. Current Env development.
2025-06-04 18:55:29 info: 🚀 App listening on the port 8000. Current Env development.
2025-06-04 18:55:53 info: 🚀 App listening on the port 8000. Current Env development.
2025-06-04 18:57:07 info: 🚀 App listening on the port 8000. Current Env development.
2025-06-04 19:04:41 info: 🚀 App listening on the port 8000. Current Env development.
2025-06-04 19:06:44 error: StatusCode : 404, Message : Authentication token missing
2025-06-04 19:06:44 info: [0mGET /api/v1/booking/scan [33m404[0m 10.566 ms - 42[0m
2025-06-04 19:06:56 error: StatusCode : 404, Message : Authentication token missing
2025-06-04 19:06:56 info: [0mGET /api/v1/booking/scan [33m404[0m 1.974 ms - 42[0m
2025-06-04 19:07:35 error: StatusCode : 404, Message : Authentication token missing
2025-06-04 19:07:35 info: [0mGET /api/v1/booking/scan [33m404[0m 4.452 ms - 42[0m
2025-06-04 19:08:25 info: [0mGET /api/v1/booking/scan [33m404[0m 9.771 ms - 158[0m
2025-06-04 19:08:44 error: StatusCode : 400, Message : Ticket ID not found
2025-06-04 19:08:44 info: [0mPOST /api/v1/booking/scan [33m400[0m 7.097 ms - 33[0m
2025-06-04 19:09:31 error: StatusCode : 500, Message : update "bookings" set "is_present" = $1, "check_in_time" = $2 where "ticket_id" = $3 returning * - column "is_present" of relation "bookings" does not exist
2025-06-04 19:09:31 info: [0mPOST /api/v1/booking/scan [31m500[0m 28.115 ms - 182[0m
2025-06-04 19:10:23 error: StatusCode : 500, Message : update "bookings" set "is_present" = $1, "check_in_time" = $2 where "ticket_id" = $3 returning * - column "check_in_time" of relation "bookings" does not exist
2025-06-04 19:10:23 info: [0mPOST /api/v1/booking/scan [31m500[0m 9.383 ms - 185[0m
2025-06-04 19:11:40 info: [0mPOST /api/v1/booking/scan [32m200[0m 12.655 ms - 839[0m
2025-06-04 19:11:46 error: StatusCode : 409, Message : Already checked in
2025-06-04 19:11:46 info: [0mPOST /api/v1/booking/scan [33m409[0m 8.062 ms - 32[0m
2025-06-04 19:27:21 info: 🚀 App listening on the port 8000. Current Env development.
