2025-06-17 11:01:46 info: 🚀 App listening on the port 8000. Current Env development.
2025-06-17 11:03:09 info: [0mOPTIONS /api/v1/users/login [32m204[0m 1.608 ms - 0[0m
2025-06-17 11:03:09 info: [0mPOST /api/v1/users/login [32m200[0m 146.886 ms - -[0m
2025-06-17 11:03:11 info: [0mOPTIONS /api/v1/event/activeevents [32m204[0m 0.239 ms - 0[0m
2025-06-17 11:03:11 info: [0mOPTIONS /api/v1/event/activeevents [32m204[0m 0.233 ms - 0[0m
2025-06-17 11:03:11 info: [0mGET /api/v1/event/activeevents [36m304[0m 14.431 ms - -[0m
2025-06-17 11:03:11 info: [0mGET /api/v1/event/activeevents [36m304[0m 14.260 ms - -[0m
2025-06-17 11:03:18 info: [0mOPTIONS /api/v1/tags/geteventtags [32m204[0m 0.123 ms - 0[0m
2025-06-17 11:03:18 info: [0mOPTIONS /api/v1/tags/geteventtags [32m204[0m 0.104 ms - 0[0m
2025-06-17 11:03:18 info: [0mGET /api/v1/tags/geteventtags [36m304[0m 7.762 ms - -[0m
2025-06-17 11:03:18 info: [0mGET /api/v1/tags/geteventtags [36m304[0m 5.777 ms - -[0m
2025-06-17 11:08:11 info: [0mOPTIONS /api/v1/event/activeevents [32m204[0m 0.833 ms - 0[0m
2025-06-17 11:08:11 info: [0mOPTIONS /api/v1/event/activeevents [32m204[0m 0.121 ms - 0[0m
2025-06-17 11:08:11 info: [0mGET /api/v1/event/activeevents [36m304[0m 11.271 ms - -[0m
2025-06-17 11:08:11 info: [0mGET /api/v1/event/activeevents [36m304[0m 9.358 ms - -[0m
2025-06-17 11:08:14 info: [0mOPTIONS /api/v1/event/editevent/16 [32m204[0m 0.253 ms - 0[0m
2025-06-17 11:08:14 info: [0mOPTIONS /api/v1/tags/geteventtags [32m204[0m 0.569 ms - 0[0m
2025-06-17 11:08:14 info: [0mOPTIONS /api/v1/tags/geteventtags [32m204[0m 0.218 ms - 0[0m
2025-06-17 11:08:14 info: [0mOPTIONS /api/v1/event/editevent/16 [32m204[0m 0.565 ms - 0[0m
2025-06-17 11:08:14 info: [0mGET /api/v1/event/editevent/16 [36m304[0m 20.245 ms - -[0m
2025-06-17 11:08:14 info: [0mGET /api/v1/tags/geteventtags [36m304[0m 11.088 ms - -[0m
2025-06-17 11:08:14 info: [0mGET /api/v1/event/editevent/16 [36m304[0m 17.764 ms - -[0m
2025-06-17 11:08:14 info: [0mGET /api/v1/tags/geteventtags [36m304[0m 12.237 ms - -[0m
2025-06-17 11:17:10 info: [0mOPTIONS /api/v1/event/activeevents [32m204[0m 0.344 ms - 0[0m
2025-06-17 11:17:10 info: [0mOPTIONS /api/v1/event/activeevents [32m204[0m 0.268 ms - 0[0m
2025-06-17 11:17:10 info: [0mGET /api/v1/event/activeevents [36m304[0m 11.667 ms - -[0m
2025-06-17 11:17:10 info: [0mGET /api/v1/event/activeevents [36m304[0m 7.972 ms - -[0m
2025-06-17 11:17:11 info: [0mOPTIONS /api/v1/tags/geteventtags [32m204[0m 0.139 ms - 0[0m
2025-06-17 11:17:11 info: [0mOPTIONS /api/v1/tags/geteventtags [32m204[0m 0.125 ms - 0[0m
2025-06-17 11:17:11 info: [0mGET /api/v1/tags/geteventtags [36m304[0m 6.264 ms - -[0m
2025-06-17 11:17:11 info: [0mGET /api/v1/tags/geteventtags [36m304[0m 4.523 ms - -[0m
2025-06-17 11:26:10 info: [0mOPTIONS /api/v1/tags/geteventtags [32m204[0m 0.158 ms - 0[0m
2025-06-17 11:26:10 info: [0mOPTIONS /api/v1/tags/geteventtags [32m204[0m 0.152 ms - 0[0m
2025-06-17 11:26:32 info: [0mOPTIONS /api/v1/tags/geteventtags [32m204[0m 0.170 ms - 0[0m
2025-06-17 11:26:32 info: [0mOPTIONS /api/v1/tags/geteventtags [32m204[0m 0.193 ms - 0[0m
2025-06-17 11:26:32 info: [0mGET /api/v1/tags/geteventtags [32m200[0m 20.774 ms - -[0m
2025-06-17 11:26:32 info: [0mGET /api/v1/tags/geteventtags [32m200[0m 14.943 ms - -[0m
2025-06-17 11:27:50 info: [0mOPTIONS /api/v1/tags/geteventtags [32m204[0m 0.206 ms - 0[0m
2025-06-17 11:27:50 info: [0mOPTIONS /api/v1/tags/geteventtags [32m204[0m 0.211 ms - 0[0m
2025-06-17 11:27:50 info: [0mGET /api/v1/tags/geteventtags [36m304[0m 16.239 ms - -[0m
2025-06-17 11:27:50 info: [0mGET /api/v1/tags/geteventtags [36m304[0m 4.718 ms - -[0m
2025-06-17 11:27:54 info: [0mGET /api/v1/tags/geteventtags [36m304[0m 32.597 ms - -[0m
2025-06-17 11:27:54 info: [0mGET /api/v1/tags/geteventtags [36m304[0m 11.857 ms - -[0m
2025-06-17 11:30:15 info: [0mOPTIONS /api/v1/tags/geteventtags [32m204[0m 0.266 ms - 0[0m
2025-06-17 11:30:15 info: [0mOPTIONS /api/v1/tags/geteventtags [32m204[0m 0.176 ms - 0[0m
2025-06-17 11:30:15 info: [0mGET /api/v1/tags/geteventtags [32m200[0m 37.120 ms - -[0m
2025-06-17 11:30:15 info: [0mGET /api/v1/tags/geteventtags [32m200[0m 29.858 ms - -[0m
2025-06-17 11:35:47 info: [0mOPTIONS /api/v1/tags/geteventtags [32m204[0m 0.225 ms - 0[0m
2025-06-17 11:35:47 info: [0mOPTIONS /api/v1/tags/geteventtags [32m204[0m 0.182 ms - 0[0m
2025-06-17 11:35:47 info: [0mGET /api/v1/tags/geteventtags [36m304[0m 8.098 ms - -[0m
2025-06-17 11:35:47 info: [0mGET /api/v1/tags/geteventtags [36m304[0m 3.439 ms - -[0m
2025-06-17 11:37:05 info: [0mOPTIONS /api/v1/tags/geteventtags [32m204[0m 0.200 ms - 0[0m
2025-06-17 11:37:05 info: [0mOPTIONS /api/v1/tags/geteventtags [32m204[0m 0.181 ms - 0[0m
2025-06-17 11:37:05 info: [0mGET /api/v1/tags/geteventtags [36m304[0m 7.639 ms - -[0m
2025-06-17 11:37:05 info: [0mGET /api/v1/tags/geteventtags [36m304[0m 10.632 ms - -[0m
2025-06-17 11:39:13 info: [0mOPTIONS /api/v1/tags/geteventtags [32m204[0m 0.203 ms - 0[0m
2025-06-17 11:39:13 info: [0mGET /api/v1/tags/geteventtags [36m304[0m 7.925 ms - -[0m
2025-06-17 11:44:05 info: [0mOPTIONS /api/v1/tags/geteventtags [32m204[0m 0.114 ms - 0[0m
2025-06-17 11:44:05 info: [0mGET /api/v1/tags/geteventtags [36m304[0m 5.606 ms - -[0m
2025-06-17 11:44:12 info: [0mOPTIONS /api/v1/tags/geteventtags [32m204[0m 1.128 ms - 0[0m
2025-06-17 11:44:12 info: [0mOPTIONS /api/v1/tags/geteventtags [32m204[0m 0.181 ms - 0[0m
2025-06-17 11:44:12 info: [0mGET /api/v1/tags/geteventtags [32m200[0m 14.710 ms - -[0m
2025-06-17 11:44:12 info: [0mGET /api/v1/tags/geteventtags [32m200[0m 21.498 ms - -[0m
2025-06-17 11:46:02 info: [0mOPTIONS /api/v1/tags/geteventtags [32m204[0m 0.357 ms - 0[0m
2025-06-17 11:46:02 info: [0mOPTIONS /api/v1/tags/geteventtags [32m204[0m 0.179 ms - 0[0m
2025-06-17 11:46:02 info: [0mGET /api/v1/tags/geteventtags [36m304[0m 23.398 ms - -[0m
2025-06-17 11:46:02 info: [0mGET /api/v1/tags/geteventtags [36m304[0m 6.576 ms - -[0m
2025-06-17 11:47:55 info: [0mOPTIONS /api/v1/tags/geteventtags [32m204[0m 0.135 ms - 0[0m
2025-06-17 11:47:55 info: [0mGET /api/v1/tags/geteventtags [36m304[0m 5.846 ms - -[0m
2025-06-17 11:51:48 info: [0mOPTIONS /api/v1/tags/geteventtags [32m204[0m 0.148 ms - 0[0m
2025-06-17 11:51:48 info: [0mGET /api/v1/tags/geteventtags [36m304[0m 5.793 ms - -[0m
2025-06-17 11:58:09 info: [0mOPTIONS /api/v1/event/editevent/16 [32m204[0m 0.367 ms - 0[0m
2025-06-17 11:58:09 info: [0mOPTIONS /api/v1/tags/geteventtags [32m204[0m 0.300 ms - 0[0m
2025-06-17 11:58:09 info: [0mOPTIONS /api/v1/event/editevent/16 [32m204[0m 0.129 ms - 0[0m
2025-06-17 11:58:09 info: [0mOPTIONS /api/v1/tags/geteventtags [32m204[0m 0.286 ms - 0[0m
2025-06-17 11:58:09 info: [0mGET /api/v1/event/editevent/16 [36m304[0m 12.854 ms - -[0m
2025-06-17 11:58:09 info: [0mGET /api/v1/tags/geteventtags [36m304[0m 8.107 ms - -[0m
2025-06-17 11:58:09 info: [0mGET /api/v1/event/editevent/16 [36m304[0m 16.252 ms - -[0m
2025-06-17 11:58:09 info: [0mGET /api/v1/tags/geteventtags [36m304[0m 8.552 ms - -[0m
2025-06-17 12:32:41 info: [0mOPTIONS /api/v1/event/editevent/16 [32m204[0m 0.347 ms - 0[0m
2025-06-17 12:32:41 info: [0mOPTIONS /api/v1/tags/geteventtags [32m204[0m 0.659 ms - 0[0m
2025-06-17 12:32:41 info: [0mOPTIONS /api/v1/event/editevent/16 [32m204[0m 0.092 ms - 0[0m
2025-06-17 12:32:41 info: [0mOPTIONS /api/v1/tags/geteventtags [32m204[0m 0.086 ms - 0[0m
2025-06-17 12:32:41 info: [0mGET /api/v1/event/editevent/16 [36m304[0m 17.772 ms - -[0m
2025-06-17 12:32:41 info: [0mGET /api/v1/tags/geteventtags [36m304[0m 8.541 ms - -[0m
2025-06-17 12:32:42 info: [0mGET /api/v1/event/editevent/16 [36m304[0m 10.274 ms - -[0m
2025-06-17 12:32:42 info: [0mGET /api/v1/tags/geteventtags [36m304[0m 8.690 ms - -[0m
2025-06-17 12:32:59 info: [0mOPTIONS /api/v1/event/editevent/16 [32m204[0m 0.094 ms - 0[0m
2025-06-17 12:32:59 info: [0mOPTIONS /api/v1/tags/geteventtags [32m204[0m 0.077 ms - 0[0m
2025-06-17 12:32:59 info: [0mOPTIONS /api/v1/event/editevent/16 [32m204[0m 0.109 ms - 0[0m
2025-06-17 12:32:59 info: [0mOPTIONS /api/v1/tags/geteventtags [32m204[0m 0.077 ms - 0[0m
2025-06-17 12:32:59 info: [0mGET /api/v1/event/editevent/16 [36m304[0m 11.632 ms - -[0m
2025-06-17 12:32:59 info: [0mGET /api/v1/tags/geteventtags [36m304[0m 13.690 ms - -[0m
2025-06-17 12:32:59 info: [0mGET /api/v1/event/editevent/16 [36m304[0m 9.931 ms - -[0m
2025-06-17 12:32:59 info: [0mGET /api/v1/tags/geteventtags [36m304[0m 8.125 ms - -[0m
2025-06-17 12:34:43 info: [0mOPTIONS /api/v1/event/editevent/16 [32m204[0m 0.114 ms - 0[0m
2025-06-17 12:34:43 info: [0mOPTIONS /api/v1/tags/geteventtags [32m204[0m 0.110 ms - 0[0m
2025-06-17 12:34:43 info: [0mGET /api/v1/tags/geteventtags [36m304[0m 8.076 ms - -[0m
2025-06-17 12:34:43 info: [0mGET /api/v1/event/editevent/16 [36m304[0m 7.791 ms - -[0m
2025-06-17 12:35:36 info: [0mOPTIONS /api/v1/event/editevent/16 [32m204[0m 0.218 ms - 0[0m
2025-06-17 12:35:36 info: [0mOPTIONS /api/v1/tags/geteventtags [32m204[0m 0.341 ms - 0[0m
2025-06-17 12:35:36 info: [0mGET /api/v1/event/editevent/16 [36m304[0m 13.837 ms - -[0m
2025-06-17 12:35:36 info: [0mGET /api/v1/tags/geteventtags [36m304[0m 7.522 ms - -[0m
2025-06-17 12:35:50 info: [0mOPTIONS /api/v1/event/activeevents [32m204[0m 0.354 ms - 0[0m
2025-06-17 12:35:50 info: [0mOPTIONS /api/v1/event/activeevents [32m204[0m 0.403 ms - 0[0m
2025-06-17 12:35:50 info: [0mGET /api/v1/event/activeevents [36m304[0m 187.573 ms - -[0m
2025-06-17 12:35:50 info: [0mGET /api/v1/event/activeevents [36m304[0m 12.524 ms - -[0m
2025-06-17 12:35:54 info: [0mOPTIONS /api/v1/tags/geteventtags [32m204[0m 0.222 ms - 0[0m
2025-06-17 12:35:54 info: [0mOPTIONS /api/v1/tags/geteventtags [32m204[0m 0.473 ms - 0[0m
2025-06-17 12:35:54 info: [0mGET /api/v1/tags/geteventtags [36m304[0m 5.907 ms - -[0m
2025-06-17 12:35:54 info: [0mGET /api/v1/tags/geteventtags [36m304[0m 10.871 ms - -[0m
2025-06-17 12:37:53 info: [0mOPTIONS /api/v1/tags/geteventtags [32m204[0m 0.218 ms - 0[0m
2025-06-17 12:37:53 info: [0mGET /api/v1/tags/geteventtags [36m304[0m 8.230 ms - -[0m
2025-06-17 12:37:53 info: [0mGET /api/v1/tags/geteventtags [36m304[0m 4.616 ms - -[0m
2025-06-17 12:38:14 info: [0mOPTIONS /api/v1/tags/geteventtags [32m204[0m 0.165 ms - 0[0m
2025-06-17 12:38:14 info: [0mGET /api/v1/tags/geteventtags [36m304[0m 3.854 ms - -[0m
2025-06-17 12:40:12 info: [0mOPTIONS /api/v1/tags/geteventtags [32m204[0m 0.386 ms - 0[0m
2025-06-17 12:40:12 info: [0mOPTIONS /api/v1/tags/geteventtags [32m204[0m 0.456 ms - 0[0m
2025-06-17 12:40:12 info: [0mGET /api/v1/tags/geteventtags [36m304[0m 58.514 ms - -[0m
2025-06-17 12:40:12 info: [0mGET /api/v1/tags/geteventtags [36m304[0m 18.523 ms - -[0m
2025-06-17 12:43:08 info: [0mOPTIONS /api/v1/tags/geteventtags [32m204[0m 0.275 ms - 0[0m
2025-06-17 12:43:08 info: [0mOPTIONS /api/v1/tags/geteventtags [32m204[0m 0.135 ms - 0[0m
2025-06-17 12:43:08 info: [0mGET /api/v1/tags/geteventtags [36m304[0m 24.206 ms - -[0m
2025-06-17 12:43:08 info: [0mGET /api/v1/tags/geteventtags [36m304[0m 20.484 ms - -[0m
2025-06-17 12:47:49 info: [0mOPTIONS /api/v1/tags/geteventtags [32m204[0m 0.096 ms - 0[0m
2025-06-17 12:47:49 info: [0mGET /api/v1/tags/geteventtags [36m304[0m 3.580 ms - -[0m
2025-06-17 12:47:53 info: [0mOPTIONS /api/v1/tags/geteventtags [32m204[0m 0.327 ms - 0[0m
2025-06-17 12:47:53 info: [0mOPTIONS /api/v1/tags/geteventtags [32m204[0m 0.248 ms - 0[0m
2025-06-17 12:47:54 info: [0mGET /api/v1/tags/geteventtags [32m200[0m 18.182 ms - -[0m
2025-06-17 12:47:54 info: [0mGET /api/v1/tags/geteventtags [32m200[0m 21.865 ms - -[0m
2025-06-17 12:54:02 info: [0mOPTIONS /api/v1/tags/geteventtags [32m204[0m 0.160 ms - 0[0m
2025-06-17 12:54:02 info: [0mGET /api/v1/tags/geteventtags [36m304[0m 5.323 ms - -[0m
2025-06-17 12:54:10 info: [0mOPTIONS /api/v1/tags/geteventtags [32m204[0m 0.149 ms - 0[0m
2025-06-17 12:54:10 info: [0mOPTIONS /api/v1/tags/geteventtags [32m204[0m 0.264 ms - 0[0m
2025-06-17 12:54:10 info: [0mGET /api/v1/tags/geteventtags [32m200[0m 72.359 ms - -[0m
2025-06-17 12:54:10 info: [0mGET /api/v1/tags/geteventtags [32m200[0m 233.821 ms - -[0m
2025-06-17 12:56:55 info: [0mOPTIONS /api/v1/tags/geteventtags [32m204[0m 3.355 ms - 0[0m
2025-06-17 12:56:55 info: [0mOPTIONS /api/v1/tags/geteventtags [32m204[0m 0.262 ms - 0[0m
2025-06-17 12:56:55 info: [0mGET /api/v1/tags/geteventtags [36m304[0m 31.969 ms - -[0m
2025-06-17 12:56:55 info: [0mGET /api/v1/tags/geteventtags [36m304[0m 48.620 ms - -[0m
2025-06-17 12:57:25 info: [0mOPTIONS /api/v1/tags/geteventtags [32m204[0m 0.090 ms - 0[0m
2025-06-17 12:57:25 info: [0mGET /api/v1/tags/geteventtags [36m304[0m 2.761 ms - -[0m
2025-06-17 12:57:38 info: [0mOPTIONS /api/v1/tags/geteventtags [32m204[0m 0.269 ms - 0[0m
2025-06-17 12:57:38 info: [0mGET /api/v1/tags/geteventtags [36m304[0m 11.539 ms - -[0m
2025-06-17 12:57:38 info: [0mGET /api/v1/tags/geteventtags [36m304[0m 11.018 ms - -[0m
2025-06-17 14:17:41 info: [0mOPTIONS /api/v1/tags/geteventtags [32m204[0m 0.124 ms - 0[0m
2025-06-17 14:17:41 info: [0mOPTIONS /api/v1/tags/geteventtags [32m204[0m 0.186 ms - 0[0m
2025-06-17 14:17:41 info: [0mGET /api/v1/tags/geteventtags [36m304[0m 6.323 ms - -[0m
2025-06-17 14:17:41 info: [0mGET /api/v1/tags/geteventtags [36m304[0m 8.662 ms - -[0m
2025-06-17 14:19:40 info: [0mOPTIONS /api/v1/files/uploadtoaws [32m204[0m 0.456 ms - 0[0m
2025-06-17 14:19:40 info: [0mPOST /api/v1/files/uploadtoaws [32m200[0m 268.716 ms - 181[0m
2025-06-17 14:23:34 info: [0mOPTIONS /api/v1/files/uploadtoaws [32m204[0m 0.189 ms - 0[0m
2025-06-17 14:23:34 info: [0mPOST /api/v1/files/uploadtoaws [32m200[0m 159.786 ms - 147[0m
2025-06-17 14:23:42 info: [0mOPTIONS /api/v1/files/uploadtoaws [32m204[0m 0.150 ms - 0[0m
2025-06-17 14:23:46 info: [0mPOST /api/v1/files/uploadtoaws [32m200[0m 3961.780 ms - 223[0m
2025-06-17 14:25:28 info: [0mOPTIONS /api/v1/tags/geteventtags [32m204[0m 0.130 ms - 0[0m
2025-06-17 14:25:28 info: [0mGET /api/v1/tags/geteventtags [36m304[0m 6.435 ms - -[0m
2025-06-17 14:26:55 info: [0mOPTIONS /api/v1/files/uploadtoaws [32m204[0m 0.460 ms - 0[0m
2025-06-17 14:26:56 info: [0mPOST /api/v1/files/uploadtoaws [32m200[0m 119.669 ms - 139[0m
2025-06-17 14:26:56 info: [0mPOST /api/v1/files/uploadtoaws [32m200[0m 268.152 ms - 171[0m
2025-06-17 14:26:56 info: [0mPOST /api/v1/files/uploadtoaws [32m200[0m 253.393 ms - 213[0m
2025-06-17 15:07:08 info: [0mOPTIONS /api/v1/event/activeevents [32m204[0m 0.187 ms - 0[0m
2025-06-17 15:07:08 info: [0mOPTIONS /api/v1/event/activeevents [32m204[0m 0.139 ms - 0[0m
2025-06-17 15:07:08 info: [0mGET /api/v1/event/activeevents [36m304[0m 12.556 ms - -[0m
2025-06-17 15:07:08 info: [0mGET /api/v1/event/activeevents [36m304[0m 8.881 ms - -[0m
2025-06-17 15:07:09 info: [0mOPTIONS /api/v1/tags/geteventtags [32m204[0m 0.108 ms - 0[0m
2025-06-17 15:07:09 info: [0mOPTIONS /api/v1/tags/geteventtags [32m204[0m 0.116 ms - 0[0m
2025-06-17 15:07:09 info: [0mGET /api/v1/tags/geteventtags [36m304[0m 3.389 ms - -[0m
2025-06-17 15:07:09 info: [0mGET /api/v1/tags/geteventtags [36m304[0m 5.337 ms - -[0m
2025-06-17 15:07:12 info: [0mGET /api/v1/event/activeevents [36m304[0m 20.180 ms - -[0m
2025-06-17 15:07:12 info: [0mGET /api/v1/event/activeevents [36m304[0m 7.290 ms - -[0m
2025-06-17 15:07:19 info: [0mOPTIONS /api/v1/booking/activebookings [32m204[0m 0.146 ms - 0[0m
2025-06-17 15:07:19 info: [0mOPTIONS /api/v1/booking/activebookings [32m204[0m 0.159 ms - 0[0m
2025-06-17 15:07:19 info: [0mGET /api/v1/booking/activebookings [36m304[0m 12.550 ms - -[0m
2025-06-17 15:07:19 info: [0mGET /api/v1/booking/activebookings [36m304[0m 6.171 ms - -[0m
2025-06-17 15:07:22 info: [0mOPTIONS /api/v1/booking/purchasedtickets [32m204[0m 0.124 ms - 0[0m
2025-06-17 15:07:22 info: [0mOPTIONS /api/v1/booking/purchasedtickets [32m204[0m 0.184 ms - 0[0m
2025-06-17 15:07:22 info: [0mGET /api/v1/booking/purchasedtickets [36m304[0m 9.517 ms - -[0m
2025-06-17 15:07:22 info: [0mGET /api/v1/booking/purchasedtickets [36m304[0m 6.397 ms - -[0m
2025-06-17 15:07:24 info: [0mGET /api/v1/booking/purchasedtickets [36m304[0m 17.686 ms - -[0m
2025-06-17 15:07:24 info: [0mGET /api/v1/booking/purchasedtickets [36m304[0m 7.831 ms - -[0m
2025-06-17 15:07:30 info: [0mOPTIONS /api/v1/dynamicforms/all [32m204[0m 0.181 ms - 0[0m
2025-06-17 15:07:30 info: [0mOPTIONS /api/v1/dynamicforms/all [32m204[0m 0.211 ms - 0[0m
2025-06-17 15:07:30 info: [0mGET /api/v1/dynamicforms/all [36m304[0m 9.727 ms - -[0m
2025-06-17 15:07:30 info: [0mGET /api/v1/dynamicforms/all [36m304[0m 6.183 ms - -[0m
2025-06-17 15:07:35 info: [0mOPTIONS /api/v1/dynamicforms/all [32m204[0m 0.138 ms - 0[0m
2025-06-17 15:07:35 info: [0mOPTIONS /api/v1/dynamicforms/all [32m204[0m 0.177 ms - 0[0m
2025-06-17 15:07:35 info: [0mGET /api/v1/dynamicforms/all [36m304[0m 6.175 ms - -[0m
2025-06-17 15:07:35 info: [0mGET /api/v1/dynamicforms/all [36m304[0m 6.905 ms - -[0m
2025-06-17 15:07:52 info: [0mOPTIONS /api/v1/event/activeevents [32m204[0m 0.176 ms - 0[0m
2025-06-17 15:07:52 info: [0mOPTIONS /api/v1/event/activeevents [32m204[0m 0.120 ms - 0[0m
2025-06-17 15:07:52 info: [0mGET /api/v1/event/activeevents [36m304[0m 6.691 ms - -[0m
2025-06-17 15:07:52 info: [0mGET /api/v1/event/activeevents [36m304[0m 5.988 ms - -[0m
2025-06-17 16:23:22 info: [0mOPTIONS /api/v1/tags/geteventtags [32m204[0m 2.507 ms - 0[0m
2025-06-17 16:23:22 error: StatusCode : 404, Message : Authentication token missing
2025-06-17 16:23:22 info: [0mGET /api/v1/tags/geteventtags [33m404[0m 9.682 ms - 42[0m
2025-06-17 16:47:02 info: [0mOPTIONS /api/v1/tags/geteventtags [32m204[0m 1.359 ms - 0[0m
2025-06-17 16:47:02 info: [0mOPTIONS /api/v1/tags/geteventtags [32m204[0m 0.260 ms - 0[0m
2025-06-17 16:47:02 info: [0mGET /api/v1/tags/geteventtags [36m304[0m 142.944 ms - -[0m
2025-06-17 16:47:02 info: [0mGET /api/v1/tags/geteventtags [36m304[0m 8.610 ms - -[0m
2025-06-17 16:47:46 info: [0mOPTIONS /api/v1/files/uploadtoaws [32m204[0m 0.190 ms - 0[0m
2025-06-17 16:47:46 info: [0mPOST /api/v1/files/uploadtoaws [32m200[0m 257.313 ms - 181[0m
2025-06-17 16:47:53 info: [0mOPTIONS /api/v1/files/uploadtoaws [32m204[0m 0.150 ms - 0[0m
2025-06-17 16:47:57 info: [0mPOST /api/v1/files/uploadtoaws [32m200[0m 4505.710 ms - 223[0m
2025-06-17 16:48:12 info: [0mOPTIONS /api/v1/files/uploadtoaws [32m204[0m 0.210 ms - 0[0m
2025-06-17 16:48:12 info: [0mPOST /api/v1/files/uploadtoaws [32m200[0m 131.712 ms - 139[0m
2025-06-17 16:48:13 info: [0mPOST /api/v1/files/uploadtoaws [32m200[0m 306.747 ms - 171[0m
2025-06-17 16:48:13 info: [0mPOST /api/v1/files/uploadtoaws [32m200[0m 183.758 ms - 213[0m
2025-06-17 16:48:50 info: [0mOPTIONS /api/v1/event/insertevent [32m204[0m 0.133 ms - 0[0m
2025-06-17 16:48:50 error: StatusCode : 400, Message : time must be a string
2025-06-17 16:48:50 info: [0mPOST /api/v1/event/insertevent [33m400[0m 6.549 ms - 35[0m
2025-06-17 16:49:53 info: 🚀 App listening on the port 8000. Current Env development.
2025-06-17 16:50:00 info: [0mOPTIONS /api/v1/event/insertevent [32m204[0m 2.677 ms - 0[0m
2025-06-17 16:50:01 error: StatusCode : 500, Message : insert into "event" ("address_line_1", "address_line_2", "agenda", "all_day", "banner_image", "city", "created_at", "created_by", "currency", "date", "deleted_at", "deleted_by", "event_description", "event_title", "gate_no", "is_active", "is_deleted", "map_integration", "meta_description", "meta_title", "meta_url", "more_images", "our_partners", "pincode", "promo_video", "seats_remaining", "seats_remaining_indicator", "speaker_details", "sponsors", "state", "tags", "ticket_price", "time", "time_zone_selector", "total_seats", "updated_by", "venue_name") values ($1, $2, $3, $4, $5, $6, $7, $8, $9, $10, $11, $12, $13, $14, $15, $16, $17, $18, $19, $20, $21, $22, $23, $24, $25, $26, $27, $28, $29, $30, $31, $32, $33, $34, $35, $36, $37) returning * - null value in column "time" of relation "event" violates not-null constraint
2025-06-17 16:50:01 info: [0mPOST /api/v1/event/insertevent [31m500[0m 252.068 ms - 927[0m
2025-06-17 16:50:46 info: 🚀 App listening on the port 8000. Current Env development.
2025-06-17 16:51:03 info: 🚀 App listening on the port 8000. Current Env development.
2025-06-17 16:51:48 info: 🚀 App listening on the port 8000. Current Env development.
2025-06-17 16:51:52 info: [0mOPTIONS /api/v1/event/insertevent [32m204[0m 1.418 ms - 0[0m
2025-06-17 16:51:52 info: [0mPOST /api/v1/event/insertevent [32m201[0m 220.857 ms - -[0m
2025-06-17 16:51:53 info: [0mOPTIONS /api/v1/event/activeevents [32m204[0m 0.221 ms - 0[0m
2025-06-17 16:51:53 info: [0mOPTIONS /api/v1/event/activeevents [32m204[0m 0.167 ms - 0[0m
2025-06-17 16:51:53 info: [0mGET /api/v1/event/activeevents [32m200[0m 14.830 ms - -[0m
2025-06-17 16:51:53 info: [0mGET /api/v1/event/activeevents [36m304[0m 10.532 ms - -[0m
2025-06-17 16:52:05 info: [0mOPTIONS /api/v1/event/editevent/18 [32m204[0m 1.087 ms - 0[0m
2025-06-17 16:52:05 info: [0mOPTIONS /api/v1/tags/geteventtags [32m204[0m 0.138 ms - 0[0m
2025-06-17 16:52:05 info: [0mOPTIONS /api/v1/event/editevent/18 [32m204[0m 0.221 ms - 0[0m
2025-06-17 16:52:05 info: [0mOPTIONS /api/v1/tags/geteventtags [32m204[0m 0.275 ms - 0[0m
2025-06-17 16:52:05 info: [0mGET /api/v1/event/editevent/18 [32m200[0m 94.605 ms - -[0m
2025-06-17 16:52:05 info: [0mGET /api/v1/tags/geteventtags [36m304[0m 37.128 ms - -[0m
2025-06-17 16:52:05 info: [0mGET /api/v1/event/editevent/18 [36m304[0m 61.246 ms - -[0m
2025-06-17 16:52:05 info: [0mGET /api/v1/tags/geteventtags [36m304[0m 36.768 ms - -[0m
2025-06-17 17:08:27 info: [0mOPTIONS /api/v1/event/activeevents [32m204[0m 0.551 ms - 0[0m
2025-06-17 17:08:27 info: [0mOPTIONS /api/v1/event/activeevents [32m204[0m 0.270 ms - 0[0m
2025-06-17 17:08:33 info: [0mOPTIONS /api/v1/event/editevent/16 [32m204[0m 0.138 ms - 0[0m
2025-06-17 17:08:33 info: [0mOPTIONS /api/v1/tags/geteventtags [32m204[0m 0.329 ms - 0[0m
2025-06-17 17:08:33 info: [0mOPTIONS /api/v1/event/editevent/16 [32m204[0m 3.064 ms - 0[0m
2025-06-17 17:08:33 info: [0mOPTIONS /api/v1/tags/geteventtags [32m204[0m 0.108 ms - 0[0m
2025-06-17 17:08:34 info: [0mGET /api/v1/event/editevent/16 [36m304[0m 43.957 ms - -[0m
2025-06-17 17:08:34 info: [0mGET /api/v1/tags/geteventtags [36m304[0m 105.228 ms - -[0m
2025-06-17 17:08:34 info: [0mGET /api/v1/tags/geteventtags [36m304[0m 15.696 ms - -[0m
2025-06-17 17:08:34 info: [0mGET /api/v1/event/editevent/16 [36m304[0m 23.982 ms - -[0m
2025-06-17 17:08:55 info: [0mOPTIONS /api/v1/event/updateevent/16 [32m204[0m 0.103 ms - 0[0m
2025-06-17 17:08:55 info: [0mPUT /api/v1/event/updateevent/16 [32m200[0m 22.301 ms - -[0m
2025-06-17 17:08:55 info: [0mOPTIONS /api/v1/event/activeevents [32m204[0m 0.610 ms - 0[0m
2025-06-17 17:08:55 info: [0mOPTIONS /api/v1/event/activeevents [32m204[0m 0.100 ms - 0[0m
2025-06-17 17:08:55 info: [0mGET /api/v1/event/activeevents [32m200[0m 8.288 ms - -[0m
2025-06-17 17:08:55 info: [0mGET /api/v1/event/activeevents [36m304[0m 13.663 ms - -[0m
2025-06-17 17:09:01 info: [0mOPTIONS /api/v1/event/editevent/16 [32m204[0m 0.244 ms - 0[0m
2025-06-17 17:09:01 info: [0mOPTIONS /api/v1/tags/geteventtags [32m204[0m 0.530 ms - 0[0m
2025-06-17 17:09:01 info: [0mOPTIONS /api/v1/event/editevent/16 [32m204[0m 0.330 ms - 0[0m
2025-06-17 17:09:01 info: [0mOPTIONS /api/v1/tags/geteventtags [32m204[0m 0.181 ms - 0[0m
2025-06-17 17:09:01 info: [0mGET /api/v1/tags/geteventtags [36m304[0m 13.441 ms - -[0m
2025-06-17 17:09:01 info: [0mGET /api/v1/event/editevent/16 [32m200[0m 12.338 ms - -[0m
2025-06-17 17:09:02 info: [0mGET /api/v1/tags/geteventtags [36m304[0m 222.124 ms - -[0m
2025-06-17 17:09:02 info: [0mGET /api/v1/event/editevent/16 [36m304[0m 48.776 ms - -[0m
2025-06-17 17:09:18 info: [0mOPTIONS /api/v1/event/updateevent/16 [32m204[0m 0.096 ms - 0[0m
2025-06-17 17:09:18 info: [0mPUT /api/v1/event/updateevent/16 [32m200[0m 6.051 ms - -[0m
2025-06-17 17:09:18 info: [0mOPTIONS /api/v1/event/activeevents [32m204[0m 0.420 ms - 0[0m
2025-06-17 17:09:18 info: [0mOPTIONS /api/v1/event/activeevents [32m204[0m 0.138 ms - 0[0m
2025-06-17 17:09:18 info: [0mGET /api/v1/event/activeevents [32m200[0m 7.715 ms - -[0m
2025-06-17 17:09:18 info: [0mGET /api/v1/event/activeevents [36m304[0m 8.306 ms - -[0m
2025-06-17 17:09:22 info: [0mOPTIONS /api/v1/event/editevent/16 [32m204[0m 0.207 ms - 0[0m
2025-06-17 17:09:22 info: [0mOPTIONS /api/v1/tags/geteventtags [32m204[0m 0.144 ms - 0[0m
2025-06-17 17:09:22 info: [0mOPTIONS /api/v1/event/editevent/16 [32m204[0m 0.064 ms - 0[0m
2025-06-17 17:09:22 info: [0mOPTIONS /api/v1/tags/geteventtags [32m204[0m 0.167 ms - 0[0m
2025-06-17 17:09:22 info: [0mGET /api/v1/tags/geteventtags [36m304[0m 44.458 ms - -[0m
2025-06-17 17:09:22 info: [0mGET /api/v1/tags/geteventtags [36m304[0m 31.033 ms - -[0m
2025-06-17 17:09:22 info: [0mGET /api/v1/event/editevent/16 [32m200[0m 62.743 ms - -[0m
2025-06-17 17:09:22 info: [0mGET /api/v1/event/editevent/16 [36m304[0m 8.052 ms - -[0m
2025-06-17 17:09:51 info: [0mOPTIONS /api/v1/event/editevent/16 [32m204[0m 0.100 ms - 0[0m
2025-06-17 17:09:51 info: [0mOPTIONS /api/v1/tags/geteventtags [32m204[0m 0.077 ms - 0[0m
2025-06-17 17:09:51 info: [0mGET /api/v1/event/editevent/16 [36m304[0m 5.515 ms - -[0m
2025-06-17 17:09:51 info: [0mGET /api/v1/tags/geteventtags [36m304[0m 4.594 ms - -[0m
2025-06-17 17:10:53 info: [0mOPTIONS /api/v1/event/editevent/16 [32m204[0m 0.099 ms - 0[0m
2025-06-17 17:10:53 info: [0mOPTIONS /api/v1/tags/geteventtags [32m204[0m 0.134 ms - 0[0m
2025-06-17 17:10:53 info: [0mGET /api/v1/event/editevent/16 [36m304[0m 6.102 ms - -[0m
2025-06-17 17:10:53 info: [0mGET /api/v1/tags/geteventtags [36m304[0m 4.909 ms - -[0m
2025-06-17 17:11:00 info: [0mOPTIONS /api/v1/event/updateevent/16 [32m204[0m 0.124 ms - 0[0m
2025-06-17 17:11:00 info: [0mPUT /api/v1/event/updateevent/16 [32m200[0m 11.818 ms - -[0m
2025-06-17 17:11:01 info: [0mOPTIONS /api/v1/event/activeevents [32m204[0m 0.260 ms - 0[0m
2025-06-17 17:11:01 info: [0mOPTIONS /api/v1/event/activeevents [32m204[0m 0.811 ms - 0[0m
2025-06-17 17:11:01 info: [0mGET /api/v1/event/activeevents [32m200[0m 8.755 ms - -[0m
2025-06-17 17:11:01 info: [0mGET /api/v1/event/activeevents [36m304[0m 8.902 ms - -[0m
2025-06-17 17:11:06 info: [0mOPTIONS /api/v1/event/editevent/14 [32m204[0m 0.153 ms - 0[0m
2025-06-17 17:11:06 info: [0mOPTIONS /api/v1/tags/geteventtags [32m204[0m 0.278 ms - 0[0m
2025-06-17 17:11:06 info: [0mOPTIONS /api/v1/event/editevent/14 [32m204[0m 0.104 ms - 0[0m
2025-06-17 17:11:06 info: [0mOPTIONS /api/v1/tags/geteventtags [32m204[0m 0.190 ms - 0[0m
2025-06-17 17:11:06 info: [0mGET /api/v1/tags/geteventtags [36m304[0m 38.317 ms - -[0m
2025-06-17 17:11:06 info: [0mGET /api/v1/event/editevent/14 [36m304[0m 17.381 ms - -[0m
2025-06-17 17:11:06 info: [0mGET /api/v1/tags/geteventtags [36m304[0m 17.874 ms - -[0m
2025-06-17 17:11:06 info: [0mGET /api/v1/event/editevent/14 [36m304[0m 12.702 ms - -[0m
2025-06-17 17:11:08 info: [0mOPTIONS /api/v1/event/activeevents [32m204[0m 0.176 ms - 0[0m
2025-06-17 17:11:12 info: [0mOPTIONS /api/v1/event/editevent/16 [32m204[0m 0.152 ms - 0[0m
2025-06-17 17:11:13 info: [0mOPTIONS /api/v1/tags/geteventtags [32m204[0m 0.934 ms - 0[0m
2025-06-17 17:11:13 info: [0mOPTIONS /api/v1/event/editevent/16 [32m204[0m 0.141 ms - 0[0m
2025-06-17 17:11:13 info: [0mOPTIONS /api/v1/tags/geteventtags [32m204[0m 0.508 ms - 0[0m
2025-06-17 17:11:13 info: [0mGET /api/v1/tags/geteventtags [36m304[0m 17.655 ms - -[0m
2025-06-17 17:11:13 info: [0mGET /api/v1/event/editevent/16 [32m200[0m 21.120 ms - -[0m
2025-06-17 17:11:13 info: [0mGET /api/v1/event/editevent/16 [36m304[0m 15.625 ms - -[0m
2025-06-17 17:11:13 info: [0mGET /api/v1/tags/geteventtags [36m304[0m 29.445 ms - -[0m
2025-06-17 17:14:07 info: [0mOPTIONS /api/v1/event/updateevent/16 [32m204[0m 0.083 ms - 0[0m
2025-06-17 17:14:07 info: [0mPUT /api/v1/event/updateevent/16 [32m200[0m 6.177 ms - -[0m
2025-06-17 17:14:07 info: [0mOPTIONS /api/v1/event/activeevents [32m204[0m 0.129 ms - 0[0m
2025-06-17 17:14:07 info: [0mOPTIONS /api/v1/event/activeevents [32m204[0m 0.138 ms - 0[0m
2025-06-17 17:14:07 info: [0mGET /api/v1/event/activeevents [32m200[0m 7.474 ms - -[0m
2025-06-17 17:14:07 info: [0mGET /api/v1/event/activeevents [36m304[0m 5.177 ms - -[0m
2025-06-17 17:14:45 info: [0mOPTIONS /api/v1/event/editevent/14 [32m204[0m 0.141 ms - 0[0m
2025-06-17 17:14:45 info: [0mOPTIONS /api/v1/tags/geteventtags [32m204[0m 0.281 ms - 0[0m
2025-06-17 17:14:45 info: [0mOPTIONS /api/v1/event/editevent/14 [32m204[0m 0.149 ms - 0[0m
2025-06-17 17:14:45 info: [0mOPTIONS /api/v1/tags/geteventtags [32m204[0m 0.078 ms - 0[0m
2025-06-17 17:14:45 info: [0mGET /api/v1/tags/geteventtags [36m304[0m 98.306 ms - -[0m
2025-06-17 17:14:45 info: [0mGET /api/v1/event/editevent/14 [36m304[0m 108.594 ms - -[0m
2025-06-17 17:14:45 info: [0mGET /api/v1/tags/geteventtags [36m304[0m 147.231 ms - -[0m
2025-06-17 17:14:45 info: [0mGET /api/v1/event/editevent/14 [36m304[0m 176.423 ms - -[0m
2025-06-17 17:14:49 info: [0mOPTIONS /api/v1/event/activeevents [32m204[0m 1.609 ms - 0[0m
2025-06-17 17:14:49 info: [0mOPTIONS /api/v1/event/activeevents [32m204[0m 0.422 ms - 0[0m
2025-06-17 17:14:49 info: [0mGET /api/v1/event/activeevents [36m304[0m 12.444 ms - -[0m
2025-06-17 17:14:49 info: [0mGET /api/v1/event/activeevents [36m304[0m 12.518 ms - -[0m
2025-06-17 17:14:54 info: [0mOPTIONS /api/v1/event/editevent/16 [32m204[0m 0.149 ms - 0[0m
2025-06-17 17:14:55 info: [0mOPTIONS /api/v1/tags/geteventtags [32m204[0m 0.152 ms - 0[0m
2025-06-17 17:14:55 info: [0mOPTIONS /api/v1/tags/geteventtags [32m204[0m 0.130 ms - 0[0m
2025-06-17 17:14:55 info: [0mOPTIONS /api/v1/event/editevent/16 [32m204[0m 0.183 ms - 0[0m
2025-06-17 17:14:55 info: [0mGET /api/v1/tags/geteventtags [36m304[0m 23.172 ms - -[0m
2025-06-17 17:14:55 info: [0mGET /api/v1/event/editevent/16 [32m200[0m 27.941 ms - -[0m
2025-06-17 17:14:55 info: [0mGET /api/v1/tags/geteventtags [36m304[0m 83.841 ms - -[0m
2025-06-17 17:14:55 info: [0mGET /api/v1/event/editevent/16 [36m304[0m 6.546 ms - -[0m
2025-06-17 17:16:23 info: [0mOPTIONS /api/v1/tags/insertetag [32m204[0m 0.165 ms - 0[0m
2025-06-17 17:16:23 info: [0mPOST /api/v1/tags/insertetag [32m201[0m 9.045 ms - 292[0m
2025-06-17 17:17:03 info: [0mOPTIONS /api/v1/event/editevent/16 [32m204[0m 0.198 ms - 0[0m
2025-06-17 17:17:03 info: [0mOPTIONS /api/v1/tags/geteventtags [32m204[0m 0.117 ms - 0[0m
2025-06-17 17:17:03 info: [0mOPTIONS /api/v1/event/editevent/16 [32m204[0m 0.279 ms - 0[0m
2025-06-17 17:17:03 info: [0mOPTIONS /api/v1/tags/geteventtags [32m204[0m 0.230 ms - 0[0m
2025-06-17 17:17:03 info: [0mGET /api/v1/event/editevent/16 [36m304[0m 6.640 ms - -[0m
2025-06-17 17:17:03 info: [0mGET /api/v1/tags/geteventtags [32m200[0m 7.076 ms - -[0m
2025-06-17 17:17:03 info: [0mGET /api/v1/event/editevent/16 [36m304[0m 30.585 ms - -[0m
2025-06-17 17:17:03 info: [0mGET /api/v1/tags/geteventtags [36m304[0m 285.938 ms - -[0m
2025-06-17 17:18:31 info: [0mOPTIONS /api/v1/event/editevent/16 [32m204[0m 0.218 ms - 0[0m
2025-06-17 17:18:31 info: [0mOPTIONS /api/v1/tags/geteventtags [32m204[0m 0.112 ms - 0[0m
2025-06-17 17:18:31 info: [0mOPTIONS /api/v1/event/editevent/16 [32m204[0m 0.946 ms - 0[0m
2025-06-17 17:18:31 info: [0mOPTIONS /api/v1/tags/geteventtags [32m204[0m 0.173 ms - 0[0m
2025-06-17 17:18:31 info: [0mGET /api/v1/tags/geteventtags [36m304[0m 65.320 ms - -[0m
2025-06-17 17:18:31 info: [0mGET /api/v1/event/editevent/16 [36m304[0m 21.517 ms - -[0m
2025-06-17 17:18:31 info: [0mGET /api/v1/tags/geteventtags [36m304[0m 51.461 ms - -[0m
2025-06-17 17:18:31 info: [0mGET /api/v1/event/editevent/16 [36m304[0m 27.605 ms - -[0m
2025-06-17 17:18:38 info: [0mOPTIONS /api/v1/event/activeevents [32m204[0m 0.135 ms - 0[0m
2025-06-17 17:18:38 info: [0mOPTIONS /api/v1/event/activeevents [32m204[0m 0.158 ms - 0[0m
2025-06-17 17:18:38 info: [0mGET /api/v1/event/activeevents [36m304[0m 11.093 ms - -[0m
2025-06-17 17:18:38 info: [0mGET /api/v1/event/activeevents [36m304[0m 8.448 ms - -[0m
2025-06-17 17:18:39 info: [0mOPTIONS /api/v1/dynamicforms/all [32m204[0m 0.144 ms - 0[0m
2025-06-17 17:18:39 info: [0mOPTIONS /api/v1/dynamicforms/all [32m204[0m 0.133 ms - 0[0m
2025-06-17 17:18:39 info: [0mGET /api/v1/dynamicforms/all [36m304[0m 19.519 ms - -[0m
2025-06-17 17:18:39 info: [0mGET /api/v1/dynamicforms/all [36m304[0m 19.592 ms - -[0m
2025-06-17 17:19:03 info: [0mOPTIONS /api/v1/dynamicforms/getformbyid [32m204[0m 0.166 ms - 0[0m
2025-06-17 17:19:03 info: [0mOPTIONS /api/v1/dynamicforms/getformbyid [32m204[0m 0.179 ms - 0[0m
2025-06-17 17:19:03 info: [0mPOST /api/v1/dynamicforms/getformbyid [32m200[0m 19.028 ms - -[0m
2025-06-17 17:19:04 info: [0mPOST /api/v1/dynamicforms/getformbyid [32m200[0m 18.272 ms - -[0m
2025-06-17 17:48:41 info: [0mOPTIONS /api/v1/event/editevent/16 [32m204[0m 0.624 ms - 0[0m
2025-06-17 17:48:41 info: [0mOPTIONS /api/v1/tags/geteventtags [32m204[0m 0.162 ms - 0[0m
2025-06-17 17:48:41 info: [0mOPTIONS /api/v1/event/editevent/16 [32m204[0m 0.151 ms - 0[0m
2025-06-17 17:48:41 info: [0mOPTIONS /api/v1/tags/geteventtags [32m204[0m 0.107 ms - 0[0m
2025-06-17 17:48:41 info: [0mGET /api/v1/tags/geteventtags [36m304[0m 9.057 ms - -[0m
2025-06-17 17:48:41 info: [0mGET /api/v1/event/editevent/16 [36m304[0m 6.520 ms - -[0m
2025-06-17 17:48:41 info: [0mGET /api/v1/tags/geteventtags [36m304[0m 17.450 ms - -[0m
2025-06-17 17:48:41 info: [0mGET /api/v1/event/editevent/16 [36m304[0m 13.139 ms - -[0m
2025-06-17 17:54:52 info: [0mOPTIONS /api/v1/event/editevent/16 [32m204[0m 0.131 ms - 0[0m
2025-06-17 17:54:52 info: [0mOPTIONS /api/v1/tags/geteventtags [32m204[0m 0.091 ms - 0[0m
2025-06-17 17:54:52 info: [0mGET /api/v1/event/editevent/16 [36m304[0m 5.680 ms - -[0m
2025-06-17 17:54:52 info: [0mGET /api/v1/tags/geteventtags [36m304[0m 4.370 ms - -[0m
2025-06-17 17:55:31 info: [0mOPTIONS /api/v1/tags/geteventtags [32m204[0m 1.565 ms - 0[0m
2025-06-17 17:55:31 info: [0mOPTIONS /api/v1/event/editevent/16 [32m204[0m 0.113 ms - 0[0m
2025-06-17 17:55:31 info: [0mGET /api/v1/tags/geteventtags [36m304[0m 18.795 ms - -[0m
2025-06-17 17:55:31 info: [0mGET /api/v1/event/editevent/16 [36m304[0m 12.881 ms - -[0m
2025-06-17 17:56:13 info: [0mOPTIONS /api/v1/event/editevent/16 [32m204[0m 0.075 ms - 0[0m
2025-06-17 17:56:13 info: [0mOPTIONS /api/v1/tags/geteventtags [32m204[0m 0.070 ms - 0[0m
2025-06-17 17:56:13 info: [0mGET /api/v1/event/editevent/16 [36m304[0m 6.571 ms - -[0m
2025-06-17 17:56:13 info: [0mGET /api/v1/tags/geteventtags [36m304[0m 4.058 ms - -[0m
2025-06-17 17:56:24 info: [0mOPTIONS /api/v1/event/editevent/16 [32m204[0m 0.119 ms - 0[0m
2025-06-17 17:56:24 info: [0mOPTIONS /api/v1/tags/geteventtags [32m204[0m 0.129 ms - 0[0m
2025-06-17 17:56:24 info: [0mGET /api/v1/event/editevent/16 [36m304[0m 29.500 ms - -[0m
2025-06-17 17:56:24 info: [0mGET /api/v1/tags/geteventtags [36m304[0m 10.649 ms - -[0m
2025-06-17 18:00:34 info: [0mOPTIONS /api/v1/event/editevent/16 [32m204[0m 0.325 ms - 0[0m
2025-06-17 18:00:34 info: [0mOPTIONS /api/v1/tags/geteventtags [32m204[0m 0.120 ms - 0[0m
2025-06-17 18:00:34 info: [0mGET /api/v1/event/editevent/16 [36m304[0m 5.867 ms - -[0m
2025-06-17 18:00:34 info: [0mGET /api/v1/tags/geteventtags [36m304[0m 3.727 ms - -[0m
2025-06-17 18:00:37 info: [0mOPTIONS /api/v1/event/updateevent/16 [32m204[0m 0.062 ms - 0[0m
2025-06-17 18:00:37 info: [0mPUT /api/v1/event/updateevent/16 [32m200[0m 7.508 ms - -[0m
2025-06-17 18:00:37 info: [0mOPTIONS /api/v1/event/activeevents [32m204[0m 0.104 ms - 0[0m
2025-06-17 18:00:37 info: [0mOPTIONS /api/v1/event/activeevents [32m204[0m 0.274 ms - 0[0m
2025-06-17 18:00:37 info: [0mGET /api/v1/event/activeevents [32m200[0m 5.693 ms - -[0m
2025-06-17 18:00:37 info: [0mGET /api/v1/event/activeevents [36m304[0m 6.427 ms - -[0m
2025-06-17 18:01:19 info: [0mOPTIONS /api/v1/event/editevent/16 [32m204[0m 0.142 ms - 0[0m
2025-06-17 18:01:19 info: [0mOPTIONS /api/v1/tags/geteventtags [32m204[0m 0.201 ms - 0[0m
2025-06-17 18:01:19 info: [0mOPTIONS /api/v1/event/editevent/16 [32m204[0m 0.143 ms - 0[0m
2025-06-17 18:01:19 info: [0mOPTIONS /api/v1/tags/geteventtags [32m204[0m 0.121 ms - 0[0m
2025-06-17 18:01:19 info: [0mGET /api/v1/tags/geteventtags [36m304[0m 12.040 ms - -[0m
2025-06-17 18:01:19 info: [0mGET /api/v1/event/editevent/16 [32m200[0m 25.534 ms - -[0m
2025-06-17 18:01:19 info: [0mGET /api/v1/tags/geteventtags [36m304[0m 11.104 ms - -[0m
2025-06-17 18:01:19 info: [0mGET /api/v1/event/editevent/16 [36m304[0m 7.163 ms - -[0m
2025-06-17 18:03:22 info: [0mOPTIONS /api/v1/event/editevent/16 [32m204[0m 0.082 ms - 0[0m
2025-06-17 18:03:22 info: [0mOPTIONS /api/v1/tags/geteventtags [32m204[0m 0.060 ms - 0[0m
2025-06-17 18:03:22 info: [0mGET /api/v1/event/editevent/16 [36m304[0m 5.726 ms - -[0m
2025-06-17 18:03:22 info: [0mGET /api/v1/tags/geteventtags [36m304[0m 5.189 ms - -[0m
2025-06-17 18:10:48 error: StatusCode : 401, Message : Wrong authentication token
2025-06-17 18:10:48 info: [0mPOST /api/v1/event/deleteevent [33m401[0m 8.692 ms - 40[0m
2025-06-17 18:10:54 info: [0mPOST /api/v1/users/login [32m200[0m 82.902 ms - -[0m
2025-06-17 18:11:09 error: StatusCode : 400, Message : Event ID is required
2025-06-17 18:11:09 info: [0mPOST /api/v1/event/deleteevent [33m400[0m 10.219 ms - 34[0m
2025-06-17 18:11:53 info: 🚀 App listening on the port 8000. Current Env development.
2025-06-17 18:12:28 error: StatusCode : 400, Message : Event ID is required
2025-06-17 18:12:28 info: [0mPOST /api/v1/event/deleteevent [33m400[0m 80.522 ms - 34[0m
2025-06-17 18:20:02 info: 🚀 App listening on the port 8000. Current Env development.
2025-06-17 18:20:07 info: 🚀 App listening on the port 8000. Current Env development.
2025-06-17 18:20:11 info: 🚀 App listening on the port 8000. Current Env development.
2025-06-17 18:20:14 error: StatusCode : 400, Message : Unexpected token '}', ..."ed_at": 
}" is not valid JSON
2025-06-17 18:20:14 info: [0mPOST /api/v1/event/deleteevent [33m400[0m 20.182 ms - 75[0m
2025-06-17 18:20:40 error: StatusCode : 500, Message : update "event" set "is_deleted" = $1, "status" = $2, "deleted_by" = $3, "deleted_at" = $4 where "event_id" = $5 returning * - column "status" of relation "event" does not exist
2025-06-17 18:20:40 info: [0mPOST /api/v1/event/deleteevent [31m500[0m 72.436 ms - 206[0m
2025-06-17 18:22:53 info: 🚀 App listening on the port 8000. Current Env development.
2025-06-17 19:00:14 info: 🚀 App listening on the port 8000. Current Env development.
2025-06-17 19:01:06 info: 🚀 App listening on the port 8000. Current Env development.
2025-06-17 19:01:15 info: [0mPOST /api/v1/event/deleteevent [32m200[0m 79.437 ms - -[0m
2025-06-17 19:01:27 info: 🚀 App listening on the port 8000. Current Env development.
2025-06-17 19:01:33 info: 🚀 App listening on the port 8000. Current Env development.
2025-06-17 19:05:08 info: [0mOPTIONS /api/v1/event/editevent/16 [32m204[0m 1.125 ms - 0[0m
2025-06-17 19:05:08 info: [0mOPTIONS /api/v1/tags/geteventtags [32m204[0m 0.160 ms - 0[0m
2025-06-17 19:05:09 info: [0mGET /api/v1/event/editevent/16 [36m304[0m 70.975 ms - -[0m
2025-06-17 19:05:09 info: [0mGET /api/v1/tags/geteventtags [36m304[0m 53.421 ms - -[0m
2025-06-17 19:05:34 info: [0mOPTIONS /api/v1/event/editevent/16 [32m204[0m 0.194 ms - 0[0m
2025-06-17 19:05:34 info: [0mOPTIONS /api/v1/tags/geteventtags [32m204[0m 0.131 ms - 0[0m
2025-06-17 19:05:34 info: [0mGET /api/v1/event/editevent/16 [36m304[0m 8.455 ms - -[0m
2025-06-17 19:05:34 info: [0mGET /api/v1/tags/geteventtags [36m304[0m 7.532 ms - -[0m
2025-06-17 19:06:26 info: [0mOPTIONS /api/v1/event/editevent/16 [32m204[0m 0.210 ms - 0[0m
2025-06-17 19:06:26 info: [0mOPTIONS /api/v1/tags/geteventtags [32m204[0m 0.364 ms - 0[0m
2025-06-17 19:06:26 info: [0mOPTIONS /api/v1/event/editevent/16 [32m204[0m 0.326 ms - 0[0m
2025-06-17 19:06:26 info: [0mOPTIONS /api/v1/tags/geteventtags [32m204[0m 0.335 ms - 0[0m
2025-06-17 19:06:26 info: [0mGET /api/v1/tags/geteventtags [36m304[0m 53.436 ms - -[0m
2025-06-17 19:06:26 info: [0mGET /api/v1/event/editevent/16 [36m304[0m 32.188 ms - -[0m
2025-06-17 19:06:26 info: [0mGET /api/v1/tags/geteventtags [36m304[0m 16.391 ms - -[0m
2025-06-17 19:06:26 info: [0mGET /api/v1/event/editevent/16 [36m304[0m 11.478 ms - -[0m
2025-06-17 19:06:46 info: [0mOPTIONS /api/v1/event/editevent/16 [32m204[0m 0.327 ms - 0[0m
2025-06-17 19:06:46 info: [0mOPTIONS /api/v1/tags/geteventtags [32m204[0m 0.458 ms - 0[0m
2025-06-17 19:06:46 info: [0mOPTIONS /api/v1/tags/geteventtags [32m204[0m 0.277 ms - 0[0m
2025-06-17 19:06:46 info: [0mOPTIONS /api/v1/event/editevent/16 [32m204[0m 1.470 ms - 0[0m
2025-06-17 19:06:46 info: [0mGET /api/v1/event/editevent/16 [36m304[0m 29.490 ms - -[0m
2025-06-17 19:06:46 info: [0mGET /api/v1/tags/geteventtags [36m304[0m 27.236 ms - -[0m
2025-06-17 19:06:46 info: [0mGET /api/v1/event/editevent/16 [36m304[0m 37.508 ms - -[0m
2025-06-17 19:06:46 info: [0mGET /api/v1/tags/geteventtags [36m304[0m 32.005 ms - -[0m
2025-06-17 19:06:47 info: [0mOPTIONS /api/v1/event/activeevents [32m204[0m 0.512 ms - 0[0m
2025-06-17 19:06:47 info: [0mOPTIONS /api/v1/event/activeevents [32m204[0m 0.238 ms - 0[0m
2025-06-17 19:06:47 info: [0mGET /api/v1/event/activeevents [32m200[0m 12.213 ms - -[0m
2025-06-17 19:06:47 info: [0mGET /api/v1/event/activeevents [36m304[0m 16.903 ms - -[0m
2025-06-17 19:07:30 info: [0mOPTIONS /api/v1/event/editevent/18 [32m204[0m 0.385 ms - 0[0m
2025-06-17 19:07:30 info: [0mOPTIONS /api/v1/tags/geteventtags [32m204[0m 0.835 ms - 0[0m
2025-06-17 19:07:30 info: [0mOPTIONS /api/v1/event/editevent/18 [32m204[0m 0.379 ms - 0[0m
2025-06-17 19:07:30 info: [0mOPTIONS /api/v1/tags/geteventtags [32m204[0m 0.264 ms - 0[0m
2025-06-17 19:07:30 info: [0mGET /api/v1/event/editevent/18 [36m304[0m 38.890 ms - -[0m
2025-06-17 19:07:30 info: [0mGET /api/v1/tags/geteventtags [36m304[0m 27.905 ms - -[0m
2025-06-17 19:07:30 info: [0mGET /api/v1/event/editevent/18 [36m304[0m 14.612 ms - -[0m
2025-06-17 19:07:30 info: [0mGET /api/v1/tags/geteventtags [36m304[0m 12.725 ms - -[0m
2025-06-17 19:07:59 info: [0mOPTIONS /api/v1/event/deleteevent [32m204[0m 0.170 ms - 0[0m
2025-06-17 19:07:59 error: StatusCode : 400, Message : deleted_at must be a Date instance
2025-06-17 19:07:59 info: [0mPOST /api/v1/event/deleteevent [33m400[0m 20.338 ms - 48[0m
2025-06-17 19:08:19 info: [0mOPTIONS /api/v1/event/editevent/18 [32m204[0m 0.547 ms - 0[0m
2025-06-17 19:08:19 info: [0mOPTIONS /api/v1/tags/geteventtags [32m204[0m 0.165 ms - 0[0m
2025-06-17 19:08:19 info: [0mOPTIONS /api/v1/event/editevent/18 [32m204[0m 0.161 ms - 0[0m
2025-06-17 19:08:19 info: [0mOPTIONS /api/v1/tags/geteventtags [32m204[0m 0.240 ms - 0[0m
2025-06-17 19:08:19 info: [0mGET /api/v1/event/editevent/18 [36m304[0m 52.729 ms - -[0m
2025-06-17 19:08:19 info: [0mGET /api/v1/tags/geteventtags [36m304[0m 17.794 ms - -[0m
2025-06-17 19:08:20 info: [0mGET /api/v1/event/editevent/18 [36m304[0m 16.410 ms - -[0m
2025-06-17 19:08:20 info: [0mGET /api/v1/tags/geteventtags [36m304[0m 17.064 ms - -[0m
2025-06-17 19:08:22 info: [0mOPTIONS /api/v1/event/deleteevent [32m204[0m 0.220 ms - 0[0m
2025-06-17 19:08:22 error: StatusCode : 400, Message : deleted_at must be a Date instance
2025-06-17 19:08:22 info: [0mPOST /api/v1/event/deleteevent [33m400[0m 9.814 ms - 48[0m
2025-06-17 19:09:37 info: 🚀 App listening on the port 8000. Current Env development.
2025-06-17 19:09:39 info: [0mOPTIONS /api/v1/event/editevent/18 [32m204[0m 1.934 ms - 0[0m
2025-06-17 19:09:39 info: [0mOPTIONS /api/v1/tags/geteventtags [32m204[0m 0.187 ms - 0[0m
2025-06-17 19:09:39 info: [0mOPTIONS /api/v1/event/editevent/18 [32m204[0m 0.317 ms - 0[0m
2025-06-17 19:09:39 info: [0mOPTIONS /api/v1/tags/geteventtags [32m204[0m 0.298 ms - 0[0m
2025-06-17 19:09:39 info: [0mGET /api/v1/event/editevent/18 [36m304[0m 269.828 ms - -[0m
2025-06-17 19:09:39 info: [0mGET /api/v1/tags/geteventtags [36m304[0m 144.749 ms - -[0m
2025-06-17 19:09:39 info: [0mGET /api/v1/event/editevent/18 [36m304[0m 25.738 ms - -[0m
2025-06-17 19:09:39 info: [0mGET /api/v1/tags/geteventtags [36m304[0m 18.495 ms - -[0m
2025-06-17 19:09:42 info: [0mOPTIONS /api/v1/event/deleteevent [32m204[0m 0.155 ms - 0[0m
2025-06-17 19:09:42 error: StatusCode : 400, Message : deleted_at must be a Date instance
2025-06-17 19:09:42 info: [0mPOST /api/v1/event/deleteevent [33m400[0m 48.868 ms - 48[0m
2025-06-17 19:10:27 info: 🚀 App listening on the port 8000. Current Env development.
2025-06-17 19:10:45 info: 🚀 App listening on the port 8000. Current Env development.
2025-06-17 19:10:50 info: [0mOPTIONS /api/v1/event/editevent/18 [32m204[0m 1.610 ms - 0[0m
2025-06-17 19:10:50 info: [0mOPTIONS /api/v1/tags/geteventtags [32m204[0m 0.307 ms - 0[0m
2025-06-17 19:10:50 info: [0mOPTIONS /api/v1/event/editevent/18 [32m204[0m 0.462 ms - 0[0m
2025-06-17 19:10:50 info: [0mOPTIONS /api/v1/tags/geteventtags [32m204[0m 0.240 ms - 0[0m
2025-06-17 19:10:50 info: [0mGET /api/v1/event/editevent/18 [36m304[0m 150.959 ms - -[0m
2025-06-17 19:10:50 info: [0mGET /api/v1/tags/geteventtags [36m304[0m 83.829 ms - -[0m
2025-06-17 19:10:50 info: [0mGET /api/v1/event/editevent/18 [36m304[0m 18.797 ms - -[0m
2025-06-17 19:10:50 info: [0mGET /api/v1/tags/geteventtags [36m304[0m 17.991 ms - -[0m
2025-06-17 19:10:53 info: [0mOPTIONS /api/v1/event/deleteevent [32m204[0m 0.195 ms - 0[0m
2025-06-17 19:10:53 error: StatusCode : 400, Message : deleted_at must be a Date instance
2025-06-17 19:10:53 info: [0mPOST /api/v1/event/deleteevent [33m400[0m 41.285 ms - 48[0m
2025-06-17 19:12:57 info: 🚀 App listening on the port 8000. Current Env development.
2025-06-17 19:12:57 info: [0mOPTIONS /api/v1/event/deleteevent [32m204[0m 1.134 ms - 0[0m
2025-06-17 19:12:57 info: [0mPOST /api/v1/event/deleteevent [32m200[0m 167.309 ms - -[0m
2025-06-17 19:12:58 info: [0mOPTIONS /api/v1/event/activeevents [32m204[0m 0.554 ms - 0[0m
2025-06-17 19:12:58 info: [0mOPTIONS /api/v1/event/activeevents [32m204[0m 0.492 ms - 0[0m
2025-06-17 19:12:58 info: [0mGET /api/v1/event/activeevents [32m200[0m 40.305 ms - -[0m
2025-06-17 19:12:58 info: [0mGET /api/v1/event/activeevents [36m304[0m 16.668 ms - -[0m
2025-06-17 19:13:13 info: [0mOPTIONS /api/v1/event/editevent/7 [32m204[0m 0.374 ms - 0[0m
2025-06-17 19:13:13 info: [0mOPTIONS /api/v1/tags/geteventtags [32m204[0m 0.308 ms - 0[0m
2025-06-17 19:13:13 info: [0mOPTIONS /api/v1/event/editevent/7 [32m204[0m 0.290 ms - 0[0m
2025-06-17 19:13:13 info: [0mOPTIONS /api/v1/tags/geteventtags [32m204[0m 0.166 ms - 0[0m
2025-06-17 19:13:13 info: [0mGET /api/v1/tags/geteventtags [36m304[0m 36.803 ms - -[0m
2025-06-17 19:13:13 info: [0mGET /api/v1/event/editevent/7 [36m304[0m 50.835 ms - -[0m
2025-06-17 19:13:13 info: [0mGET /api/v1/tags/geteventtags [36m304[0m 23.867 ms - -[0m
2025-06-17 19:13:13 info: [0mGET /api/v1/event/editevent/7 [36m304[0m 13.741 ms - -[0m
2025-06-17 19:13:15 info: [0mOPTIONS /api/v1/event/deleteevent [32m204[0m 0.182 ms - 0[0m
2025-06-17 19:13:15 info: [0mPOST /api/v1/event/deleteevent [32m200[0m 28.703 ms - -[0m
2025-06-17 19:13:16 info: [0mOPTIONS /api/v1/event/activeevents [32m204[0m 0.602 ms - 0[0m
2025-06-17 19:13:16 info: [0mOPTIONS /api/v1/event/activeevents [32m204[0m 1.693 ms - 0[0m
2025-06-17 19:13:16 info: [0mGET /api/v1/event/activeevents [32m200[0m 50.519 ms - -[0m
2025-06-17 19:13:16 info: [0mGET /api/v1/event/activeevents [36m304[0m 23.356 ms - -[0m
2025-06-17 19:13:58 info: [0mOPTIONS /api/v1/event/editevent/11 [32m204[0m 0.707 ms - 0[0m
2025-06-17 19:13:58 info: [0mOPTIONS /api/v1/tags/geteventtags [32m204[0m 0.456 ms - 0[0m
2025-06-17 19:13:58 info: [0mOPTIONS /api/v1/event/editevent/11 [32m204[0m 0.183 ms - 0[0m
2025-06-17 19:13:58 info: [0mOPTIONS /api/v1/tags/geteventtags [32m204[0m 0.232 ms - 0[0m
2025-06-17 19:13:58 info: [0mGET /api/v1/event/editevent/11 [36m304[0m 29.057 ms - -[0m
2025-06-17 19:13:58 info: [0mGET /api/v1/tags/geteventtags [36m304[0m 21.072 ms - -[0m
2025-06-17 19:13:58 info: [0mGET /api/v1/event/editevent/11 [36m304[0m 27.861 ms - -[0m
2025-06-17 19:13:58 info: [0mGET /api/v1/tags/geteventtags [36m304[0m 18.180 ms - -[0m
2025-06-17 19:14:00 info: [0mOPTIONS /api/v1/event/deleteevent [32m204[0m 0.416 ms - 0[0m
2025-06-17 19:14:00 info: [0mPOST /api/v1/event/deleteevent [32m200[0m 21.943 ms - -[0m
2025-06-17 19:14:00 info: [0mOPTIONS /api/v1/event/activeevents [32m204[0m 0.385 ms - 0[0m
2025-06-17 19:14:00 info: [0mOPTIONS /api/v1/event/activeevents [32m204[0m 0.472 ms - 0[0m
2025-06-17 19:14:00 info: [0mGET /api/v1/event/activeevents [32m200[0m 14.299 ms - -[0m
2025-06-17 19:14:00 info: [0mGET /api/v1/event/activeevents [36m304[0m 17.143 ms - -[0m
2025-06-17 19:14:04 info: [0mOPTIONS /api/v1/event/editevent/10 [32m204[0m 0.208 ms - 0[0m
2025-06-17 19:14:04 info: [0mOPTIONS /api/v1/tags/geteventtags [32m204[0m 0.114 ms - 0[0m
2025-06-17 19:14:04 info: [0mOPTIONS /api/v1/event/editevent/10 [32m204[0m 0.100 ms - 0[0m
2025-06-17 19:14:04 info: [0mOPTIONS /api/v1/tags/geteventtags [32m204[0m 0.261 ms - 0[0m
2025-06-17 19:14:04 info: [0mGET /api/v1/tags/geteventtags [36m304[0m 13.574 ms - -[0m
2025-06-17 19:14:04 info: [0mGET /api/v1/event/editevent/10 [32m200[0m 33.294 ms - -[0m
2025-06-17 19:14:04 info: [0mGET /api/v1/event/editevent/10 [36m304[0m 15.183 ms - -[0m
2025-06-17 19:14:04 info: [0mGET /api/v1/tags/geteventtags [36m304[0m 25.576 ms - -[0m
2025-06-17 19:14:06 info: [0mOPTIONS /api/v1/event/deleteevent [32m204[0m 0.152 ms - 0[0m
2025-06-17 19:14:06 info: [0mPOST /api/v1/event/deleteevent [32m200[0m 8.668 ms - -[0m
2025-06-17 19:14:06 info: [0mOPTIONS /api/v1/event/activeevents [32m204[0m 0.497 ms - 0[0m
2025-06-17 19:14:06 info: [0mOPTIONS /api/v1/event/activeevents [32m204[0m 0.254 ms - 0[0m
2025-06-17 19:14:06 info: [0mGET /api/v1/event/activeevents [32m200[0m 12.337 ms - -[0m
2025-06-17 19:14:06 info: [0mGET /api/v1/event/activeevents [36m304[0m 19.375 ms - -[0m
2025-06-17 19:14:09 info: [0mOPTIONS /api/v1/event/editevent/8 [32m204[0m 0.234 ms - 0[0m
2025-06-17 19:14:09 info: [0mOPTIONS /api/v1/event/editevent/8 [32m204[0m 0.169 ms - 0[0m
2025-06-17 19:14:09 info: [0mGET /api/v1/tags/geteventtags [36m304[0m 17.213 ms - -[0m
2025-06-17 19:14:09 info: [0mGET /api/v1/event/editevent/8 [32m200[0m 35.817 ms - -[0m
2025-06-17 19:14:09 info: [0mGET /api/v1/tags/geteventtags [36m304[0m 16.089 ms - -[0m
2025-06-17 19:14:09 info: [0mGET /api/v1/event/editevent/8 [36m304[0m 9.689 ms - -[0m
2025-06-17 19:14:11 info: [0mPOST /api/v1/event/deleteevent [32m200[0m 7.662 ms - -[0m
2025-06-17 19:14:11 info: [0mGET /api/v1/event/activeevents [32m200[0m 20.303 ms - -[0m
2025-06-17 19:14:11 info: [0mGET /api/v1/event/activeevents [36m304[0m 7.357 ms - -[0m
2025-06-17 19:14:21 info: [0mOPTIONS /api/v1/event/editevent/15 [32m204[0m 0.242 ms - 0[0m
2025-06-17 19:14:21 info: [0mOPTIONS /api/v1/tags/geteventtags [32m204[0m 0.373 ms - 0[0m
2025-06-17 19:14:21 info: [0mOPTIONS /api/v1/event/editevent/15 [32m204[0m 0.677 ms - 0[0m
2025-06-17 19:14:21 info: [0mOPTIONS /api/v1/tags/geteventtags [32m204[0m 0.152 ms - 0[0m
2025-06-17 19:14:21 info: [0mGET /api/v1/tags/geteventtags [36m304[0m 38.884 ms - -[0m
2025-06-17 19:14:21 info: [0mGET /api/v1/event/editevent/15 [36m304[0m 18.906 ms - -[0m
2025-06-17 19:14:21 info: [0mGET /api/v1/tags/geteventtags [36m304[0m 17.795 ms - -[0m
2025-06-17 19:14:21 info: [0mGET /api/v1/event/editevent/15 [36m304[0m 15.466 ms - -[0m
2025-06-17 19:14:23 info: [0mOPTIONS /api/v1/event/deleteevent [32m204[0m 0.163 ms - 0[0m
2025-06-17 19:14:23 info: [0mPOST /api/v1/event/deleteevent [32m200[0m 7.537 ms - -[0m
2025-06-17 19:14:23 info: [0mOPTIONS /api/v1/event/activeevents [32m204[0m 0.219 ms - 0[0m
2025-06-17 19:14:23 info: [0mOPTIONS /api/v1/event/activeevents [32m204[0m 1.024 ms - 0[0m
2025-06-17 19:14:23 info: [0mGET /api/v1/event/activeevents [32m200[0m 34.416 ms - -[0m
2025-06-17 19:14:23 info: [0mGET /api/v1/event/activeevents [36m304[0m 11.564 ms - -[0m
2025-06-17 19:14:34 info: 🚀 App listening on the port 8000. Current Env development.
2025-06-17 19:22:32 info: 🚀 App listening on the port 8000. Current Env development.
