2025-05-29 09:28:35 info: 🚀 App listening on the port 8000. Current Env development.
2025-05-29 09:28:48 info: 🚀 App listening on the port 8000. Current Env development.
2025-05-29 09:50:17 info: [0mOPTIONS /api/v1/employee/login [32m204[0m 2.815 ms - 0[0m
2025-05-29 09:50:17 info: [0mPOST /api/v1/employee/login [32m200[0m 431.197 ms - -[0m
2025-05-29 09:51:49 info: [0mOPTIONS /api/v1/event/activeevents [32m204[0m 0.598 ms - 0[0m
2025-05-29 09:51:49 info: [0mOPTIONS /api/v1/event/activeevents [32m204[0m 0.318 ms - 0[0m
2025-05-29 09:51:49 info: [0mGET /api/v1/event/activeevents [32m200[0m 24.022 ms - 45[0m
2025-05-29 09:51:49 info: [0mGET /api/v1/event/activeevents [36m304[0m 10.979 ms - -[0m
2025-05-29 10:10:20 info: [0mOPTIONS /api/v1/employee/login [32m204[0m 1.087 ms - 0[0m
2025-05-29 10:10:20 info: [0mPOST /api/v1/employee/login [32m200[0m 68.198 ms - -[0m
2025-05-29 10:16:12 info: [0mOPTIONS /api/v1/employee/login [32m204[0m 0.151 ms - 0[0m
2025-05-29 10:16:13 info: [0mPOST /api/v1/employee/login [32m200[0m 77.080 ms - -[0m
2025-05-29 10:18:26 info: [0mOPTIONS /api/v1/employee/login [32m204[0m 0.225 ms - 0[0m
2025-05-29 10:18:26 info: [0mPOST /api/v1/employee/login [32m200[0m 66.826 ms - -[0m
2025-05-29 10:23:33 info: [0mOPTIONS /api/v1/employee/login [32m204[0m 0.116 ms - 0[0m
2025-05-29 10:23:33 info: [0mPOST /api/v1/employee/login [32m200[0m 65.621 ms - -[0m
2025-05-29 10:24:17 info: [0mOPTIONS /api/v1/employee/login [32m204[0m 0.132 ms - 0[0m
2025-05-29 10:24:17 info: [0mPOST /api/v1/employee/login [32m200[0m 68.199 ms - -[0m
2025-05-29 10:26:32 info: [0mOPTIONS /api/v1/employee/login [32m204[0m 0.366 ms - 0[0m
2025-05-29 10:26:32 info: [0mPOST /api/v1/employee/login [32m200[0m 66.347 ms - -[0m
2025-05-29 10:28:50 info: [0mOPTIONS /api/v1/employee/login [32m204[0m 0.265 ms - 0[0m
2025-05-29 10:28:50 info: [0mPOST /api/v1/employee/login [32m200[0m 68.918 ms - -[0m
2025-05-29 10:37:22 info: [0mOPTIONS /api/v1/employee/login [32m204[0m 0.321 ms - 0[0m
2025-05-29 10:37:22 info: [0mPOST /api/v1/employee/login [32m200[0m 68.941 ms - -[0m
2025-05-29 10:49:12 info: [0mOPTIONS /api/v1/employee/login [32m204[0m 0.264 ms - 0[0m
2025-05-29 10:49:12 info: [0mPOST /api/v1/employee/login [32m200[0m 70.331 ms - -[0m
2025-05-29 10:50:13 info: [0mOPTIONS /api/v1/employee/login [32m204[0m 0.137 ms - 0[0m
2025-05-29 10:50:13 info: [0mPOST /api/v1/employee/login [32m200[0m 66.608 ms - -[0m
2025-05-29 10:50:15 info: [0mOPTIONS /api/v1/event/activeevents [32m204[0m 0.268 ms - 0[0m
2025-05-29 10:50:15 info: [0mOPTIONS /api/v1/event/activeevents [32m204[0m 0.201 ms - 0[0m
2025-05-29 10:50:15 info: [0mGET /api/v1/event/activeevents [32m200[0m 5.942 ms - 45[0m
2025-05-29 10:50:15 info: [0mGET /api/v1/event/activeevents [36m304[0m 7.343 ms - -[0m
2025-05-29 11:08:03 info: 🚀 App listening on the port 8000. Current Env development.
2025-05-29 11:17:23 info: [0mPOST /api/v1/employee/login [32m200[0m 269.559 ms - -[0m
2025-05-29 11:22:58 info: [0mOPTIONS /api/v1/employee/login [32m204[0m 0.380 ms - 0[0m
2025-05-29 11:22:58 info: [0mPOST /api/v1/employee/login [32m200[0m 66.086 ms - -[0m
2025-05-29 11:23:28 info: [0mOPTIONS /api/v1/event/insertevent [32m204[0m 0.379 ms - 0[0m
2025-05-29 11:23:28 error: StatusCode : 400, Message : venue_name must be a string, date must be a valid ISO 8601 date string, total_seats must be an integer number, ticket_price must be a number conforming to the specified constraints
2025-05-29 11:23:28 info: [0mPOST /api/v1/event/insertevent [33m400[0m 13.241 ms - 194[0m
2025-05-29 11:30:37 info: [0mOPTIONS /api/v1/employee/login [32m204[0m 0.128 ms - 0[0m
2025-05-29 11:30:38 info: [0mPOST /api/v1/employee/login [32m200[0m 65.838 ms - -[0m
2025-05-29 11:37:31 info: [0mOPTIONS /api/v1/employee/login [32m204[0m 0.156 ms - 0[0m
2025-05-29 11:37:31 info: [0mPOST /api/v1/employee/login [32m200[0m 68.110 ms - -[0m
2025-05-29 11:37:52 info: [0mOPTIONS /api/v1/employee/login [32m204[0m 0.207 ms - 0[0m
2025-05-29 11:37:52 info: [0mPOST /api/v1/employee/login [32m200[0m 68.548 ms - -[0m
2025-05-29 11:41:16 info: [0mOPTIONS /api/v1/employee/login [32m204[0m 0.142 ms - 0[0m
2025-05-29 11:41:17 info: [0mPOST /api/v1/employee/login [32m200[0m 68.874 ms - -[0m
2025-05-29 11:50:32 info: [0mOPTIONS /api/v1/employee/login [32m204[0m 0.174 ms - 0[0m
2025-05-29 11:50:32 info: [0mPOST /api/v1/employee/login [32m200[0m 65.863 ms - -[0m
2025-05-29 12:02:00 info: [0mOPTIONS /api/v1/employee/login [32m204[0m 0.184 ms - 0[0m
2025-05-29 12:02:00 info: [0mPOST /api/v1/employee/login [32m200[0m 67.363 ms - -[0m
2025-05-29 12:02:21 info: [0mOPTIONS /api/v1/event/insertevent [32m204[0m 0.871 ms - 0[0m
2025-05-29 12:02:21 error: StatusCode : 400, Message : venue_name must be a string, date must be a valid ISO 8601 date string, total_seats must be an integer number, ticket_price must be a number conforming to the specified constraints
2025-05-29 12:02:21 info: [0mPOST /api/v1/event/insertevent [33m400[0m 5.747 ms - 194[0m
2025-05-29 12:05:01 info: [0mOPTIONS /api/v1/employee/login [32m204[0m 0.120 ms - 0[0m
2025-05-29 12:05:01 info: [0mPOST /api/v1/employee/login [32m200[0m 65.924 ms - -[0m
2025-05-29 12:05:13 info: 🚀 App listening on the port 8000. Current Env development.
2025-05-29 12:07:21 info: [0mOPTIONS /api/v1/employee/login [32m204[0m 3.188 ms - 0[0m
2025-05-29 12:07:21 info: [0mPOST /api/v1/employee/login [32m200[0m 146.439 ms - -[0m
2025-05-29 12:08:16 info: 🚀 App listening on the port 8000. Current Env development.
2025-05-29 12:10:51 info: [0mOPTIONS /api/v1/employee/login [32m204[0m 1.681 ms - 0[0m
2025-05-29 12:10:51 info: [0mPOST /api/v1/employee/login [32m200[0m 158.032 ms - -[0m
2025-05-29 12:11:23 info: [0mOPTIONS /api/v1/employee/login [32m204[0m 0.120 ms - 0[0m
2025-05-29 12:11:24 info: [0mPOST /api/v1/employee/login [32m200[0m 73.380 ms - -[0m
2025-05-29 12:12:26 info: [0mOPTIONS /api/v1/employee/login [32m204[0m 0.128 ms - 0[0m
2025-05-29 12:12:26 info: [0mPOST /api/v1/employee/login [32m200[0m 64.771 ms - -[0m
2025-05-29 12:23:50 info: [0mOPTIONS /api/v1/employee/login [32m204[0m 0.923 ms - 0[0m
2025-05-29 12:23:50 info: [0mPOST /api/v1/employee/login [32m200[0m 87.004 ms - -[0m
2025-05-29 12:27:19 info: [0mOPTIONS /api/v1/employee/login [32m204[0m 0.135 ms - 0[0m
2025-05-29 12:27:19 info: [0mPOST /api/v1/employee/login [32m200[0m 77.341 ms - -[0m
2025-05-29 12:41:29 info: [0mOPTIONS /api/v1/employee/login [32m204[0m 0.145 ms - 0[0m
2025-05-29 12:41:29 info: [0mPOST /api/v1/employee/login [32m200[0m 76.047 ms - -[0m
2025-05-29 12:47:10 info: [0mOPTIONS /api/v1/employee/login [32m204[0m 0.124 ms - 0[0m
2025-05-29 12:47:10 info: [0mPOST /api/v1/employee/login [32m200[0m 80.932 ms - -[0m
2025-05-29 12:57:24 info: [0mOPTIONS /api/v1/employee/login [32m204[0m 0.490 ms - 0[0m
2025-05-29 12:57:24 info: [0mPOST /api/v1/employee/login [32m200[0m 68.017 ms - -[0m
2025-05-29 14:33:11 info: [0mOPTIONS /api/v1/event/insertevent [32m204[0m 0.163 ms - 0[0m
2025-05-29 14:33:11 error: StatusCode : 500, Message : insert into "event" ("address_line_1", "address_line_2", "agenda", "all_day", "banner_image", "city", "created_by", "currency", "date", "deleted_at", "deleted_by", "event_description", "event_title", "gate_no", "is_deleted", "map_integration", "meta_description", "meta_title", "meta_url", "more_images", "our_partners", "pincode", "promo_video", "seats_remaning", "seats_remaning_indicater", "speaker_details", "sponsors", "state", "status", "tags", "ticket_price", "time", "time_zone_selector", "total_seats", "updated_by", "venue_name") values ($1, $2, $3, $4, $5, $6, $7, $8, $9, $10, $11, $12, $13, $14, $15, $16, $17, $18, $19, $20, $21, $22, $23, $24, $25, $26, $27, $28, $29, $30, $31, $32, $33, $34, $35, $36) returning * - invalid input syntax for type integer: "true"
2025-05-29 14:33:11 info: [0mPOST /api/v1/event/insertevent [31m500[0m 50.672 ms - 868[0m
2025-05-29 14:37:59 info: 🚀 App listening on the port 8000. Current Env development.
2025-05-29 14:38:21 info: 🚀 App listening on the port 8000. Current Env development.
2025-05-29 14:38:27 info: 🚀 App listening on the port 8000. Current Env development.
2025-05-29 14:38:41 info: 🚀 App listening on the port 8000. Current Env development.
2025-05-29 14:38:58 info: [0mOPTIONS /api/v1/event/insertevent [32m204[0m 1.816 ms - 0[0m
2025-05-29 14:38:58 error: StatusCode : 500, Message : insert into "event" ("address_line_1", "address_line_2", "agenda", "all_day", "banner_image", "city", "created_by", "currency", "date", "deleted_at", "deleted_by", "event_description", "event_title", "gate_no", "is_deleted", "map_integration", "meta_description", "meta_title", "meta_url", "more_images", "our_partners", "pincode", "promo_video", "seats_remaning", "seats_remaning_indicater", "speaker_details", "sponsors", "state", "status", "tags", "ticket_price", "time", "time_zone_selector", "total_seats", "updated_by", "venue_name") values ($1, $2, $3, $4, $5, $6, $7, $8, $9, $10, $11, $12, $13, $14, $15, $16, $17, $18, $19, $20, $21, $22, $23, $24, $25, $26, $27, $28, $29, $30, $31, $32, $33, $34, $35, $36) returning * - invalid input syntax for type integer: "true"
2025-05-29 14:38:58 info: [0mPOST /api/v1/event/insertevent [31m500[0m 37.969 ms - 868[0m
2025-05-29 14:39:51 info: 🚀 App listening on the port 8000. Current Env development.
2025-05-29 14:39:54 info: [0mOPTIONS /api/v1/event/insertevent [32m204[0m 1.604 ms - 0[0m
2025-05-29 14:39:54 error: StatusCode : 500, Message : insert into "event" ("address_line_1", "address_line_2", "agenda", "all_day", "banner_image", "city", "created_by", "currency", "date", "deleted_at", "deleted_by", "event_description", "event_title", "gate_no", "is_deleted", "map_integration", "meta_description", "meta_title", "meta_url", "more_images", "our_partners", "pincode", "promo_video", "seats_remaning", "seats_remaning_indicater", "speaker_details", "sponsors", "state", "status", "tags", "ticket_price", "time", "time_zone_selector", "total_seats", "updated_by", "venue_name") values ($1, $2, $3, $4, $5, $6, $7, $8, $9, $10, $11, $12, $13, $14, $15, $16, $17, $18, $19, $20, $21, $22, $23, $24, $25, $26, $27, $28, $29, $30, $31, $32, $33, $34, $35, $36) returning * - invalid input syntax for type integer: "true"
2025-05-29 14:39:54 info: [0mPOST /api/v1/event/insertevent [31m500[0m 73.118 ms - 868[0m
2025-05-29 14:44:02 info: [0mOPTIONS /api/v1/event/insertevent [32m204[0m 0.181 ms - 0[0m
2025-05-29 14:44:02 error: StatusCode : 500, Message : insert into "event" ("address_line_1", "address_line_2", "agenda", "all_day", "banner_image", "city", "created_by", "currency", "date", "deleted_at", "deleted_by", "event_description", "event_title", "gate_no", "is_deleted", "map_integration", "meta_description", "meta_title", "meta_url", "more_images", "our_partners", "pincode", "promo_video", "seats_remaning", "seats_remaning_indicater", "speaker_details", "sponsors", "state", "status", "tags", "ticket_price", "time", "time_zone_selector", "total_seats", "updated_by", "venue_name") values ($1, $2, $3, $4, $5, $6, $7, $8, $9, $10, $11, $12, $13, $14, $15, $16, $17, $18, $19, $20, $21, $22, $23, $24, $25, $26, $27, $28, $29, $30, $31, $32, $33, $34, $35, $36) returning * - invalid input syntax for type integer: "true"
2025-05-29 14:44:02 info: [0mPOST /api/v1/event/insertevent [31m500[0m 10.294 ms - 868[0m
2025-05-29 14:47:58 info: 🚀 App listening on the port 8000. Current Env development.
2025-05-29 14:48:03 info: 🚀 App listening on the port 8000. Current Env development.
2025-05-29 14:48:05 info: 🚀 App listening on the port 8000. Current Env development.
2025-05-29 14:48:42 info: 🚀 App listening on the port 8000. Current Env development.
2025-05-29 14:48:46 info: 🚀 App listening on the port 8000. Current Env development.
2025-05-29 14:49:29 info: 🚀 App listening on the port 8000. Current Env development.
2025-05-29 14:53:36 info: 🚀 App listening on the port 8000. Current Env development.
2025-05-29 14:54:37 info: 🚀 App listening on the port 8000. Current Env development.
2025-05-29 14:54:39 info: 🚀 App listening on the port 8000. Current Env development.
2025-05-29 14:55:12 info: [0mOPTIONS /api/v1/event/insertevent [32m204[0m 1.143 ms - 0[0m
2025-05-29 14:55:12 error: StatusCode : 400, Message : venue_name must be a string, date must be a valid ISO 8601 date string, total_seats must be an integer number, ticket_price must be a number conforming to the specified constraints
2025-05-29 14:55:12 info: [0mPOST /api/v1/event/insertevent [33m400[0m 68.755 ms - 194[0m
2025-05-29 14:55:18 info: [0mOPTIONS /api/v1/event/insertevent [32m204[0m 0.261 ms - 0[0m
2025-05-29 14:55:18 error: StatusCode : 400, Message : venue_name must be a string, date must be a valid ISO 8601 date string, total_seats must be an integer number, ticket_price must be a number conforming to the specified constraints
2025-05-29 14:55:18 info: [0mPOST /api/v1/event/insertevent [33m400[0m 8.936 ms - 194[0m
2025-05-29 15:11:22 info: [0mOPTIONS /api/v1/event/insertevent [32m204[0m 0.141 ms - 0[0m
2025-05-29 15:11:22 error: StatusCode : 500, Message : insert into "event" ("address_line_1", "address_line_2", "agenda", "all_day", "banner_image", "city", "created_by", "currency", "date", "deleted_at", "deleted_by", "event_description", "event_title", "gate_no", "is_deleted", "map_integration", "meta_description", "meta_title", "meta_url", "more_images", "our_partners", "pincode", "promo_video", "seats_remaning", "seats_remaning_indicater", "speaker_details", "sponsors", "state", "status", "tags", "ticket_price", "time", "time_zone_selector", "total_seats", "updated_by", "venue_name") values ($1, $2, $3, $4, $5, $6, $7, $8, $9, $10, $11, $12, $13, $14, $15, $16, $17, $18, $19, $20, $21, $22, $23, $24, $25, $26, $27, $28, $29, $30, $31, $32, $33, $34, $35, $36) returning * - column "status" of relation "event" does not exist
2025-05-29 15:11:22 info: [0mPOST /api/v1/event/insertevent [31m500[0m 10.955 ms - 875[0m
2025-05-29 15:12:06 info: [0mOPTIONS /api/v1/event/insertevent [32m204[0m 0.234 ms - 0[0m
2025-05-29 15:12:06 error: StatusCode : 500, Message : insert into "event" ("address_line_1", "address_line_2", "agenda", "all_day", "banner_image", "city", "created_by", "currency", "date", "deleted_at", "deleted_by", "event_description", "event_title", "gate_no", "is_active", "is_deleted", "map_integration", "meta_description", "meta_title", "meta_url", "more_images", "our_partners", "pincode", "promo_video", "seats_remaning", "seats_remaning_indicater", "speaker_details", "sponsors", "state", "tags", "ticket_price", "time", "time_zone_selector", "total_seats", "updated_by", "venue_name") values ($1, $2, $3, $4, $5, $6, $7, $8, $9, $10, $11, $12, $13, $14, $15, $16, $17, $18, $19, $20, $21, $22, $23, $24, $25, $26, $27, $28, $29, $30, $31, $32, $33, $34, $35, $36) returning * - invalid input syntax for type integer: "true"
2025-05-29 15:12:06 info: [0mPOST /api/v1/event/insertevent [31m500[0m 6.932 ms - 871[0m
2025-05-29 15:12:31 info: [0mOPTIONS /api/v1/event/insertevent [32m204[0m 0.108 ms - 0[0m
2025-05-29 15:12:31 error: StatusCode : 500, Message : insert into "event" ("address_line_1", "address_line_2", "agenda", "all_day", "banner_image", "city", "created_by", "currency", "date", "deleted_at", "deleted_by", "event_description", "event_title", "gate_no", "is_active", "map_integration", "meta_description", "meta_title", "meta_url", "more_images", "our_partners", "pincode", "promo_video", "seats_remaning", "seats_remaning_indicater", "speaker_details", "sponsors", "state", "tags", "ticket_price", "time", "time_zone_selector", "total_seats", "updated_by", "venue_name") values ($1, $2, $3, $4, $5, $6, $7, $8, $9, $10, $11, $12, $13, $14, $15, $16, $17, $18, $19, $20, $21, $22, $23, $24, $25, $26, $27, $28, $29, $30, $31, $32, $33, $34, $35) returning * - invalid input syntax for type integer: "true"
2025-05-29 15:12:31 info: [0mPOST /api/v1/event/insertevent [31m500[0m 9.874 ms - 850[0m
2025-05-29 15:16:49 info: [0mOPTIONS /api/v1/event/insertevent [32m204[0m 0.212 ms - 0[0m
2025-05-29 15:16:49 error: StatusCode : 400, Message : venue_name must be a string, date must be a valid ISO 8601 date string, total_seats must be an integer number, ticket_price must be a number conforming to the specified constraints
2025-05-29 15:16:49 info: [0mPOST /api/v1/event/insertevent [33m400[0m 6.031 ms - 194[0m
2025-05-29 15:21:11 info: [0mOPTIONS /api/v1/event/insertevent [32m204[0m 0.225 ms - 0[0m
2025-05-29 15:21:11 error: StatusCode : 500, Message : insert into "event" ("address_line_1", "address_line_2", "agenda", "all_day", "banner_image", "city", "created_by", "currency", "date", "deleted_at", "deleted_by", "event_description", "event_title", "gate_no", "is_active", "map_integration", "meta_description", "meta_title", "meta_url", "more_images", "our_partners", "pincode", "promo_video", "seats_remaning", "seats_remaning_indicater", "speaker_details", "sponsors", "state", "tags", "ticket_price", "time", "time_zone_selector", "total_seats", "updated_by", "venue_name") values ($1, $2, $3, $4, $5, $6, $7, $8, $9, $10, $11, $12, $13, $14, $15, $16, $17, $18, $19, $20, $21, $22, $23, $24, $25, $26, $27, $28, $29, $30, $31, $32, $33, $34, $35) returning * - invalid input syntax for type integer: "true"
2025-05-29 15:21:11 info: [0mPOST /api/v1/event/insertevent [31m500[0m 17.905 ms - 850[0m
2025-05-29 15:21:39 info: [0mOPTIONS /api/v1/event/insertevent [32m204[0m 0.134 ms - 0[0m
2025-05-29 15:21:39 error: StatusCode : 500, Message : insert into "event" ("address_line_1", "address_line_2", "agenda", "all_day", "banner_image", "city", "created_by", "currency", "date", "deleted_at", "deleted_by", "event_description", "event_title", "gate_no", "is_active", "map_integration", "meta_description", "meta_title", "meta_url", "more_images", "our_partners", "pincode", "promo_video", "seats_remaning", "seats_remaning_indicater", "speaker_details", "sponsors", "state", "tags", "ticket_price", "time", "time_zone_selector", "total_seats", "updated_by", "venue_name") values ($1, $2, $3, $4, $5, $6, $7, $8, $9, $10, $11, $12, $13, $14, $15, $16, $17, $18, $19, $20, $21, $22, $23, $24, $25, $26, $27, $28, $29, $30, $31, $32, $33, $34, $35) returning * - invalid input syntax for type integer: "true"
2025-05-29 15:21:39 info: [0mPOST /api/v1/event/insertevent [31m500[0m 6.257 ms - 850[0m
2025-05-29 15:30:16 info: [0mOPTIONS /api/v1/event/insertevent [32m204[0m 0.206 ms - 0[0m
2025-05-29 15:30:16 error: StatusCode : 400, Message : venue_name must be a string, date must be a valid ISO 8601 date string, total_seats must be an integer number, ticket_price must be a number conforming to the specified constraints
2025-05-29 15:30:16 info: [0mPOST /api/v1/event/insertevent [33m400[0m 6.392 ms - 194[0m
2025-05-29 15:34:12 info: [0mOPTIONS /api/v1/event/insertevent [32m204[0m 0.210 ms - 0[0m
2025-05-29 15:34:12 error: StatusCode : 500, Message : insert into "event" ("address_line_1", "address_line_2", "agenda", "all_day", "banner_image", "city", "created_by", "currency", "date", "deleted_at", "deleted_by", "event_description", "event_title", "gate_no", "is_active", "map_integration", "meta_description", "meta_title", "meta_url", "more_images", "our_partners", "promo_video", "seats_remaning", "seats_remaning_indicater", "speaker_details", "sponsors", "state", "tags", "ticket_price", "time", "time_zone_selector", "total_seats", "updated_by", "venue_name") values ($1, $2, $3, $4, $5, $6, $7, $8, $9, $10, $11, $12, $13, $14, $15, $16, $17, $18, $19, $20, $21, $22, $23, $24, $25, $26, $27, $28, $29, $30, $31, $32, $33, $34) returning * - invalid input syntax for type integer: "true"
2025-05-29 15:34:12 info: [0mPOST /api/v1/event/insertevent [31m500[0m 4.456 ms - 832[0m
2025-05-29 15:34:19 info: [0mOPTIONS /api/v1/event/insertevent [32m204[0m 1.051 ms - 0[0m
2025-05-29 15:34:19 error: StatusCode : 500, Message : insert into "event" ("address_line_1", "address_line_2", "agenda", "all_day", "banner_image", "city", "created_by", "currency", "date", "deleted_at", "deleted_by", "event_description", "event_title", "gate_no", "is_active", "map_integration", "meta_description", "meta_title", "meta_url", "more_images", "our_partners", "promo_video", "seats_remaning", "seats_remaning_indicater", "speaker_details", "sponsors", "state", "tags", "ticket_price", "time", "time_zone_selector", "total_seats", "updated_by", "venue_name") values ($1, $2, $3, $4, $5, $6, $7, $8, $9, $10, $11, $12, $13, $14, $15, $16, $17, $18, $19, $20, $21, $22, $23, $24, $25, $26, $27, $28, $29, $30, $31, $32, $33, $34) returning * - invalid input syntax for type integer: "true"
2025-05-29 15:34:19 info: [0mPOST /api/v1/event/insertevent [31m500[0m 28.153 ms - 832[0m
2025-05-29 15:36:17 info: [0mOPTIONS /api/v1/event/insertevent [32m204[0m 0.259 ms - 0[0m
2025-05-29 15:36:17 error: StatusCode : 500, Message : insert into "event" ("address_line_1", "address_line_2", "agenda", "all_day", "banner_image", "city", "created_by", "currency", "date", "deleted_at", "deleted_by", "event_description", "event_title", "gate_no", "is_active", "map_integration", "meta_description", "meta_title", "meta_url", "more_images", "our_partners", "promo_video", "seats_remaning", "seats_remaning_indicater", "speaker_details", "sponsors", "state", "tags", "ticket_price", "time", "time_zone_selector", "total_seats", "updated_by", "venue_name") values ($1, $2, $3, $4, $5, $6, $7, $8, $9, $10, $11, $12, $13, $14, $15, $16, $17, $18, $19, $20, $21, $22, $23, $24, $25, $26, $27, $28, $29, $30, $31, $32, $33, $34) returning * - invalid input syntax for type integer: "true"
2025-05-29 15:36:17 info: [0mPOST /api/v1/event/insertevent [31m500[0m 5.663 ms - 832[0m
2025-05-29 15:36:29 info: [0mOPTIONS /api/v1/event/insertevent [32m204[0m 0.263 ms - 0[0m
2025-05-29 15:36:29 error: StatusCode : 500, Message : insert into "event" ("address_line_1", "address_line_2", "agenda", "all_day", "banner_image", "city", "created_by", "currency", "date", "deleted_at", "deleted_by", "event_description", "event_title", "gate_no", "is_active", "map_integration", "meta_description", "meta_title", "meta_url", "more_images", "our_partners", "promo_video", "seats_remaning", "seats_remaning_indicater", "speaker_details", "sponsors", "state", "tags", "ticket_price", "time", "time_zone_selector", "total_seats", "updated_by", "venue_name") values ($1, $2, $3, $4, $5, $6, $7, $8, $9, $10, $11, $12, $13, $14, $15, $16, $17, $18, $19, $20, $21, $22, $23, $24, $25, $26, $27, $28, $29, $30, $31, $32, $33, $34) returning * - invalid input syntax for type integer: "true"
2025-05-29 15:36:29 info: [0mPOST /api/v1/event/insertevent [31m500[0m 8.395 ms - 832[0m
2025-05-29 15:37:17 info: [0mOPTIONS /api/v1/event/insertevent [32m204[0m 0.165 ms - 0[0m
2025-05-29 15:37:17 error: StatusCode : 500, Message : insert into "event" ("address_line_1", "address_line_2", "agenda", "all_day", "banner_image", "city", "created_by", "currency", "date", "deleted_at", "deleted_by", "event_description", "event_title", "gate_no", "is_active", "map_integration", "meta_description", "meta_title", "meta_url", "more_images", "our_partners", "promo_video", "seats_remaning", "seats_remaning_indicater", "speaker_details", "sponsors", "state", "tags", "ticket_price", "time", "time_zone_selector", "total_seats", "updated_by", "venue_name") values ($1, $2, $3, $4, $5, $6, $7, $8, $9, $10, $11, $12, $13, $14, $15, $16, $17, $18, $19, $20, $21, $22, $23, $24, $25, $26, $27, $28, $29, $30, $31, $32, $33, $34) returning * - invalid input syntax for type integer: "true"
2025-05-29 15:37:17 info: [0mPOST /api/v1/event/insertevent [31m500[0m 5.618 ms - 832[0m
2025-05-29 15:38:29 info: [0mOPTIONS /api/v1/event/insertevent [32m204[0m 0.121 ms - 0[0m
2025-05-29 15:38:29 error: StatusCode : 400, Message : venue_name must be a string, date must be a valid ISO 8601 date string, total_seats must be an integer number, ticket_price must be a number conforming to the specified constraints
2025-05-29 15:38:29 info: [0mPOST /api/v1/event/insertevent [33m400[0m 5.417 ms - 194[0m
2025-05-29 15:38:36 info: [0mOPTIONS /api/v1/event/insertevent [32m204[0m 0.110 ms - 0[0m
2025-05-29 15:38:36 error: StatusCode : 400, Message : venue_name must be a string, date must be a valid ISO 8601 date string, total_seats must be an integer number, ticket_price must be a number conforming to the specified constraints
2025-05-29 15:38:36 info: [0mPOST /api/v1/event/insertevent [33m400[0m 3.797 ms - 194[0m
2025-05-29 15:41:08 info: [0mOPTIONS /api/v1/event/insertevent [32m204[0m 0.099 ms - 0[0m
2025-05-29 15:41:08 error: StatusCode : 400, Message : date must be a valid ISO 8601 date string
2025-05-29 15:41:08 info: [0mPOST /api/v1/event/insertevent [33m400[0m 4.035 ms - 55[0m
2025-05-29 15:41:23 info: [0mOPTIONS /api/v1/event/insertevent [32m204[0m 0.113 ms - 0[0m
2025-05-29 15:41:23 error: StatusCode : 400, Message : date must be a valid ISO 8601 date string
2025-05-29 15:41:23 info: [0mPOST /api/v1/event/insertevent [33m400[0m 3.669 ms - 55[0m
2025-05-29 15:53:00 info: [0mOPTIONS /api/v1/event/insertevent [32m204[0m 0.109 ms - 0[0m
2025-05-29 15:53:00 error: StatusCode : 500, Message : insert into "event" ("address_line_1", "address_line_2", "agenda", "all_day", "banner_image", "city", "created_by", "currency", "date", "deleted_at", "deleted_by", "event_description", "event_title", "gate_no", "is_active", "map_integration", "meta_description", "meta_title", "meta_url", "more_images", "our_partners", "pincode", "promo_video", "seats_remaning", "speaker_details", "sponsors", "state", "tags", "ticket_price", "time", "time_zone_selector", "total_seats", "updated_by", "venue_name") values ($1, $2, $3, $4, $5, $6, $7, $8, $9, $10, $11, $12, $13, $14, $15, $16, $17, $18, $19, $20, $21, $22, $23, $24, $25, $26, $27, $28, $29, $30, $31, $32, $33, $34) returning * - invalid input syntax for type integer: ""
2025-05-29 15:53:00 info: [0mPOST /api/v1/event/insertevent [31m500[0m 4.381 ms - 811[0m
2025-05-29 15:53:36 info: [0mOPTIONS /api/v1/event/insertevent [32m204[0m 0.081 ms - 0[0m
2025-05-29 15:53:36 error: StatusCode : 500, Message : insert into "event" ("address_line_1", "address_line_2", "agenda", "all_day", "banner_image", "city", "created_by", "currency", "date", "deleted_at", "deleted_by", "event_description", "event_title", "gate_no", "is_active", "map_integration", "meta_description", "meta_title", "meta_url", "more_images", "our_partners", "pincode", "promo_video", "seats_remaning", "speaker_details", "sponsors", "state", "tags", "ticket_price", "time", "time_zone_selector", "total_seats", "updated_by", "venue_name") values ($1, $2, $3, $4, $5, $6, $7, $8, $9, $10, $11, $12, $13, $14, $15, $16, $17, $18, $19, $20, $21, $22, $23, $24, $25, $26, $27, $28, $29, $30, $31, $32, $33, $34) returning * - invalid input syntax for type integer: "false"
2025-05-29 15:53:36 info: [0mPOST /api/v1/event/insertevent [31m500[0m 4.539 ms - 816[0m
2025-05-29 15:53:43 info: [0mOPTIONS /api/v1/event/insertevent [32m204[0m 0.129 ms - 0[0m
2025-05-29 15:53:43 error: StatusCode : 500, Message : insert into "event" ("address_line_1", "address_line_2", "agenda", "all_day", "banner_image", "city", "created_by", "currency", "date", "deleted_at", "deleted_by", "event_description", "event_title", "gate_no", "is_active", "map_integration", "meta_description", "meta_title", "meta_url", "more_images", "our_partners", "pincode", "promo_video", "seats_remaning", "speaker_details", "sponsors", "state", "tags", "ticket_price", "time", "time_zone_selector", "total_seats", "updated_by", "venue_name") values ($1, $2, $3, $4, $5, $6, $7, $8, $9, $10, $11, $12, $13, $14, $15, $16, $17, $18, $19, $20, $21, $22, $23, $24, $25, $26, $27, $28, $29, $30, $31, $32, $33, $34) returning * - invalid input syntax for type integer: "false"
2025-05-29 15:53:43 info: [0mPOST /api/v1/event/insertevent [31m500[0m 7.926 ms - 816[0m
2025-05-29 15:56:32 info: [0mOPTIONS /api/v1/event/insertevent [32m204[0m 0.099 ms - 0[0m
2025-05-29 15:56:32 error: StatusCode : 500, Message : insert into "event" ("address_line_1", "address_line_2", "agenda", "all_day", "banner_image", "city", "created_by", "currency", "date", "deleted_at", "deleted_by", "event_description", "event_title", "gate_no", "is_active", "map_integration", "meta_description", "meta_title", "meta_url", "more_images", "our_partners", "pincode", "promo_video", "seats_remaning", "speaker_details", "sponsors", "state", "tags", "ticket_price", "time", "time_zone_selector", "total_seats", "updated_by", "venue_name") values ($1, $2, $3, $4, $5, $6, $7, $8, $9, $10, $11, $12, $13, $14, $15, $16, $17, $18, $19, $20, $21, $22, $23, $24, $25, $26, $27, $28, $29, $30, $31, $32, $33, $34) returning * - invalid input syntax for type integer: "true"
2025-05-29 15:56:32 info: [0mPOST /api/v1/event/insertevent [31m500[0m 7.454 ms - 815[0m
2025-05-29 16:01:04 info: [0mOPTIONS /api/v1/event/insertevent [32m204[0m 0.239 ms - 0[0m
2025-05-29 16:01:04 info: [0mPOST /api/v1/event/insertevent [32m201[0m 19.438 ms - -[0m
2025-05-29 16:01:57 info: [0mPOST /api/v1/employee/login [32m200[0m 72.120 ms - -[0m
2025-05-29 16:06:32 error: StatusCode : 401, Message : Wrong authentication token
2025-05-29 16:06:32 info: [0mPOST /api/v1/event/editevent/1 [33m401[0m 1.822 ms - 40[0m
2025-05-29 16:06:44 error: StatusCode : 401, Message : Wrong authentication token
2025-05-29 16:06:44 info: [0mPOST /api/v1/event/editevent/1 [33m401[0m 2.155 ms - 40[0m
2025-05-29 16:07:08 info: [0mPOST /api/v1/event/editevent/1 [33m404[0m 3.748 ms - 164[0m
2025-05-29 16:07:20 info: [0mGET /api/v1/event/editevent/1 [32m200[0m 7.287 ms - -[0m
2025-05-29 16:10:30 info: [0mOPTIONS /api/v1/event/insertevent [32m204[0m 0.105 ms - 0[0m
2025-05-29 16:10:30 error: StatusCode : 400, Message : venue_name must be a string, date must be a valid ISO 8601 date string, total_seats must be an integer number, ticket_price must be a number conforming to the specified constraints
2025-05-29 16:10:30 info: [0mPOST /api/v1/event/insertevent [33m400[0m 4.741 ms - 194[0m
2025-05-29 16:48:45 info: [0mOPTIONS /api/v1/event/insertevent [32m204[0m 0.120 ms - 0[0m
2025-05-29 16:48:45 error: StatusCode : 500, Message : insert into "event" ("address_line_1", "address_line_2", "agenda", "all_day", "banner_image", "city", "created_by", "currency", "date", "deleted_at", "deleted_by", "event_description", "event_title", "gate_no", "is_active", "map_integration", "meta_description", "meta_title", "meta_url", "more_images", "our_partners", "pincode", "promo_video", "seats_remaining", "seats_remaining_indicator", "speaker_details", "sponsors", "state", "tags", "ticket_price", "time", "time_zone_selector", "total_seats", "updated_by", "venue_name") values ($1, $2, $3, $4, $5, $6, $7, $8, $9, $10, $11, $12, $13, $14, $15, $16, $17, $18, $19, $20, $21, $22, $23, $24, $25, $26, $27, $28, $29, $30, $31, $32, $33, $34, $35) returning * - column "seats_remaining" of relation "event" does not exist
2025-05-29 16:48:45 info: [0mPOST /api/v1/event/insertevent [31m500[0m 11.468 ms - 868[0m
2025-05-29 16:48:58 info: [0mOPTIONS /api/v1/event/insertevent [32m204[0m 0.107 ms - 0[0m
2025-05-29 16:48:58 error: StatusCode : 500, Message : insert into "event" ("address_line_1", "address_line_2", "agenda", "all_day", "banner_image", "city", "created_by", "currency", "date", "deleted_at", "deleted_by", "event_description", "event_title", "gate_no", "is_active", "map_integration", "meta_description", "meta_title", "meta_url", "more_images", "our_partners", "pincode", "promo_video", "seats_remaining", "seats_remaining_indicator", "speaker_details", "sponsors", "state", "tags", "ticket_price", "time", "time_zone_selector", "total_seats", "updated_by", "venue_name") values ($1, $2, $3, $4, $5, $6, $7, $8, $9, $10, $11, $12, $13, $14, $15, $16, $17, $18, $19, $20, $21, $22, $23, $24, $25, $26, $27, $28, $29, $30, $31, $32, $33, $34, $35) returning * - column "seats_remaining" of relation "event" does not exist
2025-05-29 16:48:58 info: [0mPOST /api/v1/event/insertevent [31m500[0m 5.072 ms - 868[0m
2025-05-29 16:49:52 info: [0mOPTIONS /api/v1/event/insertevent [32m204[0m 0.355 ms - 0[0m
2025-05-29 16:49:52 error: StatusCode : 500, Message : insert into "event" ("address_line_1", "address_line_2", "agenda", "all_day", "banner_image", "city", "created_by", "currency", "date", "deleted_at", "deleted_by", "event_description", "event_title", "gate_no", "is_active", "map_integration", "meta_description", "meta_title", "meta_url", "more_images", "our_partners", "pincode", "promo_video", "seats_remaining", "seats_remaining_indicator", "speaker_details", "sponsors", "state", "tags", "ticket_price", "time", "time_zone_selector", "total_seats", "updated_by", "venue_name") values ($1, $2, $3, $4, $5, $6, $7, $8, $9, $10, $11, $12, $13, $14, $15, $16, $17, $18, $19, $20, $21, $22, $23, $24, $25, $26, $27, $28, $29, $30, $31, $32, $33, $34, $35) returning * - column "seats_remaining" of relation "event" does not exist
2025-05-29 16:49:52 info: [0mPOST /api/v1/event/insertevent [31m500[0m 19.115 ms - 868[0m
2025-05-29 17:04:24 info: 🚀 App listening on the port 8000. Current Env development.
2025-05-29 17:04:31 info: 🚀 App listening on the port 8000. Current Env development.
2025-05-29 17:04:51 info: 🚀 App listening on the port 8000. Current Env development.
2025-05-29 17:04:58 info: 🚀 App listening on the port 8000. Current Env development.
2025-05-29 17:05:18 info: 🚀 App listening on the port 8000. Current Env development.
2025-05-29 17:05:25 info: 🚀 App listening on the port 8000. Current Env development.
2025-05-29 17:05:32 info: 🚀 App listening on the port 8000. Current Env development.
2025-05-29 17:06:04 info: 🚀 App listening on the port 8000. Current Env development.
2025-05-29 17:06:12 info: 🚀 App listening on the port 8000. Current Env development.
2025-05-29 17:06:32 info: [0mOPTIONS /api/v1/event/insertevent [32m204[0m 1.206 ms - 0[0m
2025-05-29 17:06:33 error: StatusCode : 500, Message : insert into "event" ("address_line_1", "address_line_2", "agenda", "all_day", "banner_image", "city", "created_by", "currency", "date", "deleted_at", "deleted_by", "event_description", "event_title", "gate_no", "is_active", "map_integration", "meta_description", "meta_title", "meta_url", "more_images", "our_partners", "pincode", "promo_video", "seats_remaining", "seats_remaining_indicator", "speaker_details", "sponsors", "state", "tags", "ticket_price", "time", "time_zone_selector", "total_seats", "updated_by", "venue_name") values ($1, $2, $3, $4, $5, $6, $7, $8, $9, $10, $11, $12, $13, $14, $15, $16, $17, $18, $19, $20, $21, $22, $23, $24, $25, $26, $27, $28, $29, $30, $31, $32, $33, $34, $35) returning * - null value in column "seats_remaining" of relation "event" violates not-null constraint
2025-05-29 17:06:33 info: [0mPOST /api/v1/event/insertevent [31m500[0m 215.481 ms - 896[0m
2025-05-29 17:07:27 info: 🚀 App listening on the port 8000. Current Env development.
2025-05-29 17:07:30 info: 🚀 App listening on the port 8000. Current Env development.
2025-05-29 17:07:43 info: 🚀 App listening on the port 8000. Current Env development.
2025-05-29 17:08:06 info: [0mOPTIONS /api/v1/event/insertevent [32m204[0m 1.288 ms - 0[0m
2025-05-29 17:08:06 info: [0mPOST /api/v1/event/insertevent [32m201[0m 32.043 ms - -[0m
2025-05-29 17:08:27 info: 🚀 App listening on the port 8000. Current Env development.
2025-05-29 17:10:38 info: 🚀 App listening on the port 8000. Current Env development.
2025-05-29 17:11:55 info: [0mGET /api/v1/event/activeevents [32m200[0m 25.709 ms - 45[0m
2025-05-29 17:12:20 info: 🚀 App listening on the port 8000. Current Env development.
2025-05-29 17:12:43 info: [0mGET /api/v1/event/activeevents [32m200[0m 23.256 ms - 45[0m
2025-05-29 17:15:10 info: 🚀 App listening on the port 8000. Current Env development.
2025-05-29 17:15:33 info: 🚀 App listening on the port 8000. Current Env development.
2025-05-29 17:15:35 info: [0mGET /api/v1/event/activeevents [32m200[0m 23.582 ms - 45[0m
2025-05-29 17:16:57 info: [0mGET /api/v1/event/activeevents [32m200[0m 12.828 ms - -[0m
2025-05-29 17:23:03 info: 🚀 App listening on the port 8000. Current Env development.
2025-05-29 17:23:29 info: 🚀 App listening on the port 8000. Current Env development.
2025-05-29 17:23:51 info: 🚀 App listening on the port 8000. Current Env development.
2025-05-29 17:25:06 info: [0mGET /api/v1/event/activeevents [32m200[0m 28.869 ms - -[0m
2025-05-29 17:28:43 info: [0mGET /api/v1/event/activeevents [32m200[0m 8.116 ms - -[0m
2025-05-29 17:32:47 info: 🚀 App listening on the port 8000. Current Env development.
2025-05-29 17:33:48 info: 🚀 App listening on the port 8000. Current Env development.
2025-05-29 17:34:02 info: 🚀 App listening on the port 8000. Current Env development.
2025-05-29 17:34:24 info: 🚀 App listening on the port 8000. Current Env development.
2025-05-29 17:34:50 info: 🚀 App listening on the port 8000. Current Env development.
2025-05-29 17:35:05 info: 🚀 App listening on the port 8000. Current Env development.
2025-05-29 17:37:35 info: 🚀 App listening on the port 8000. Current Env development.
2025-05-29 17:37:52 info: 🚀 App listening on the port 8000. Current Env development.
2025-05-29 17:46:36 info: 🚀 App listening on the port 8000. Current Env development.
2025-05-29 17:46:56 info: 🚀 App listening on the port 8000. Current Env development.
2025-05-29 18:50:20 info: [0mOPTIONS /api/v1/event/insertevent [32m204[0m 1.436 ms - 0[0m
2025-05-29 18:50:21 error: StatusCode : 400, Message : speaker_details must be a json string, updated_at must be a Date instance
2025-05-29 18:50:21 info: [0mPOST /api/v1/event/insertevent [33m400[0m 184.359 ms - 87[0m
2025-05-29 18:50:26 info: [0mOPTIONS /api/v1/event/insertevent [32m204[0m 0.614 ms - 0[0m
2025-05-29 18:50:26 error: StatusCode : 400, Message : speaker_details must be a json string, updated_at must be a Date instance
2025-05-29 18:50:26 info: [0mPOST /api/v1/event/insertevent [33m400[0m 6.162 ms - 87[0m
2025-05-29 18:50:51 info: [0mOPTIONS /api/v1/event/insertevent [32m204[0m 0.119 ms - 0[0m
2025-05-29 18:50:51 error: StatusCode : 400, Message : speaker_details must be a json string
2025-05-29 18:50:51 info: [0mPOST /api/v1/event/insertevent [33m400[0m 5.081 ms - 51[0m
2025-05-29 18:51:07 info: [0mOPTIONS /api/v1/event/insertevent [32m204[0m 0.135 ms - 0[0m
2025-05-29 18:51:07 info: [0mPOST /api/v1/event/insertevent [32m201[0m 17.440 ms - -[0m
2025-05-29 18:51:52 info: 🚀 App listening on the port 8000. Current Env development.
2025-05-29 18:57:32 info: [0mOPTIONS /api/v1/event/insertevent [32m204[0m 1.156 ms - 0[0m
2025-05-29 18:57:32 info: [0mPOST /api/v1/event/insertevent [32m201[0m 89.274 ms - -[0m
2025-05-29 19:12:32 info: 🚀 App listening on the port 8000. Current Env development.
