2025-05-31 09:19:23 info: 🚀 App listening on the port 8000. Current Env development.
2025-05-31 09:20:15 info: 🚀 App listening on the port 8000. Current Env development.
2025-05-31 09:21:53 info: [0mOPTIONS /api/v1/event/activeevents [32m204[0m 6.827 ms - 0[0m
2025-05-31 09:21:53 info: [0mOPTIONS /api/v1/event/activeevents [32m204[0m 0.183 ms - 0[0m
2025-05-31 09:21:53 info: [0mGET /api/v1/event/activeevents [36m304[0m 108.831 ms - -[0m
2025-05-31 09:21:53 info: [0mGET /api/v1/event/activeevents [36m304[0m 5.114 ms - -[0m
2025-05-31 09:22:07 info: [0mOPTIONS /api/v1/event/activeevents [32m204[0m 0.423 ms - 0[0m
2025-05-31 09:22:07 info: [0mOPTIONS /api/v1/event/activeevents [32m204[0m 0.434 ms - 0[0m
2025-05-31 09:22:07 info: [0mGET /api/v1/event/activeevents [36m304[0m 8.434 ms - -[0m
2025-05-31 09:22:07 info: [0mGET /api/v1/event/activeevents [36m304[0m 9.377 ms - -[0m
2025-05-31 09:22:11 info: [0mGET /api/v1/event/activeevents [36m304[0m 9.823 ms - -[0m
2025-05-31 09:22:11 info: [0mGET /api/v1/event/activeevents [36m304[0m 5.148 ms - -[0m
2025-05-31 09:22:14 info: [0mOPTIONS /api/v1/event/activeevents [32m204[0m 3.156 ms - 0[0m
2025-05-31 09:22:14 info: [0mOPTIONS /api/v1/event/activeevents [32m204[0m 0.446 ms - 0[0m
2025-05-31 09:22:14 info: [0mGET /api/v1/event/activeevents [36m304[0m 6.246 ms - -[0m
2025-05-31 09:22:14 info: [0mGET /api/v1/event/activeevents [36m304[0m 6.913 ms - -[0m
2025-05-31 09:22:17 info: [0mGET /api/v1/event/activeevents [36m304[0m 10.274 ms - -[0m
2025-05-31 09:22:17 info: [0mGET /api/v1/event/activeevents [36m304[0m 7.385 ms - -[0m
2025-05-31 09:56:23 info: [0mOPTIONS /api/v1/event/activeevents [32m204[0m 0.200 ms - 0[0m
2025-05-31 09:56:23 info: [0mOPTIONS /api/v1/event/activeevents [32m204[0m 0.337 ms - 0[0m
2025-05-31 09:56:23 info: [0mGET /api/v1/event/activeevents [36m304[0m 10.941 ms - -[0m
2025-05-31 09:56:23 info: [0mGET /api/v1/event/activeevents [36m304[0m 7.440 ms - -[0m
2025-05-31 11:23:03 info: [0mOPTIONS /api/v1/event/activeevents [32m204[0m 0.251 ms - 0[0m
2025-05-31 11:23:03 info: [0mOPTIONS /api/v1/event/activeevents [32m204[0m 2.029 ms - 0[0m
2025-05-31 11:23:03 info: [0mGET /api/v1/event/activeevents [36m304[0m 13.762 ms - -[0m
2025-05-31 11:23:03 info: [0mGET /api/v1/event/activeevents [36m304[0m 7.277 ms - -[0m
2025-05-31 11:23:05 info: [0mOPTIONS /api/v1/event/editevent/2 [32m204[0m 0.257 ms - 0[0m
2025-05-31 11:23:05 info: [0mOPTIONS /api/v1/event/editevent/2 [32m204[0m 1.629 ms - 0[0m
2025-05-31 11:23:05 info: [0mGET /api/v1/event/editevent/2 [32m200[0m 15.490 ms - -[0m
2025-05-31 11:23:05 info: [0mGET /api/v1/event/editevent/2 [36m304[0m 5.101 ms - -[0m
2025-05-31 11:23:32 info: [0mOPTIONS /api/v1/event/editevent/1 [32m204[0m 0.170 ms - 0[0m
2025-05-31 11:23:32 info: [0mOPTIONS /api/v1/event/editevent/1 [32m204[0m 0.310 ms - 0[0m
2025-05-31 11:23:32 info: [0mGET /api/v1/event/editevent/1 [32m200[0m 19.083 ms - -[0m
2025-05-31 11:23:32 info: [0mGET /api/v1/event/editevent/1 [36m304[0m 15.781 ms - -[0m
2025-05-31 11:24:07 info: [0mOPTIONS /api/v1/event/editevent/1 [32m204[0m 0.151 ms - 0[0m
2025-05-31 11:24:07 info: [0mGET /api/v1/event/editevent/1 [36m304[0m 12.805 ms - -[0m
2025-05-31 11:25:39 info: [0mOPTIONS /api/v1/event/editevent/1 [32m204[0m 0.155 ms - 0[0m
2025-05-31 11:25:39 info: [0mGET /api/v1/event/editevent/1 [36m304[0m 9.973 ms - -[0m
2025-05-31 11:25:53 info: [0mOPTIONS /api/v1/event/editevent/1 [32m204[0m 0.525 ms - 0[0m
2025-05-31 11:25:53 info: [0mOPTIONS /api/v1/event/editevent/1 [32m204[0m 0.338 ms - 0[0m
2025-05-31 11:25:53 info: [0mGET /api/v1/event/editevent/1 [36m304[0m 11.511 ms - -[0m
2025-05-31 11:25:53 info: [0mGET /api/v1/event/editevent/1 [36m304[0m 9.555 ms - -[0m
2025-05-31 11:28:11 info: [0mOPTIONS /api/v1/event/editevent/1 [32m204[0m 0.173 ms - 0[0m
2025-05-31 11:28:11 info: [0mOPTIONS /api/v1/event/editevent/1 [32m204[0m 0.536 ms - 0[0m
2025-05-31 11:28:12 info: [0mGET /api/v1/event/editevent/1 [36m304[0m 34.423 ms - -[0m
2025-05-31 11:28:12 info: [0mGET /api/v1/event/editevent/1 [36m304[0m 18.639 ms - -[0m
2025-05-31 11:29:04 info: [0mOPTIONS /api/v1/event/editevent/1 [32m204[0m 0.111 ms - 0[0m
2025-05-31 11:29:04 info: [0mGET /api/v1/event/editevent/1 [36m304[0m 7.249 ms - -[0m
2025-05-31 11:34:38 info: [0mPOST /api/v1/employee/login [32m200[0m 157.825 ms - -[0m
2025-05-31 11:35:20 info: [0mGET /api/v1/event/editevent/1 [32m200[0m 3.512 ms - -[0m
2025-05-31 11:41:24 info: [0mOPTIONS /api/v1/event/editevent/1 [32m204[0m 0.101 ms - 0[0m
2025-05-31 11:41:24 info: [0mGET /api/v1/event/editevent/1 [36m304[0m 7.458 ms - -[0m
2025-05-31 11:42:13 info: [0mOPTIONS /api/v1/event/editevent/1 [32m204[0m 0.106 ms - 0[0m
2025-05-31 11:42:13 info: [0mGET /api/v1/event/editevent/1 [36m304[0m 11.035 ms - -[0m
2025-05-31 11:43:12 info: [0mOPTIONS /api/v1/event/editevent/1 [32m204[0m 0.238 ms - 0[0m
2025-05-31 11:43:12 info: [0mOPTIONS /api/v1/event/editevent/1 [32m204[0m 0.862 ms - 0[0m
2025-05-31 11:43:12 info: [0mGET /api/v1/event/editevent/1 [36m304[0m 8.547 ms - -[0m
2025-05-31 11:43:12 info: [0mGET /api/v1/event/editevent/1 [36m304[0m 4.910 ms - -[0m
2025-05-31 11:57:56 info: [0mOPTIONS /api/v1/event/editevent/1 [32m204[0m 0.136 ms - 0[0m
2025-05-31 11:57:56 info: [0mGET /api/v1/event/editevent/1 [36m304[0m 6.587 ms - -[0m
2025-05-31 12:05:11 info: [0mOPTIONS /api/v1/event/activeevents [32m204[0m 0.164 ms - 0[0m
2025-05-31 12:05:11 info: [0mOPTIONS /api/v1/event/activeevents [32m204[0m 0.430 ms - 0[0m
2025-05-31 12:05:11 info: [0mGET /api/v1/event/activeevents [36m304[0m 25.736 ms - -[0m
2025-05-31 12:05:11 info: [0mGET /api/v1/event/activeevents [36m304[0m 12.006 ms - -[0m
2025-05-31 12:10:36 info: [0mOPTIONS /api/v1/event/activeevents [32m204[0m 0.159 ms - 0[0m
2025-05-31 12:10:36 info: [0mOPTIONS /api/v1/event/activeevents [32m204[0m 0.110 ms - 0[0m
2025-05-31 12:10:36 info: [0mGET /api/v1/event/activeevents [36m304[0m 3.893 ms - -[0m
2025-05-31 12:10:36 info: [0mGET /api/v1/event/activeevents [36m304[0m 5.158 ms - -[0m
2025-05-31 12:10:41 info: [0mGET /api/v1/event/activeevents [36m304[0m 13.463 ms - -[0m
2025-05-31 12:10:41 info: [0mGET /api/v1/event/activeevents [36m304[0m 5.761 ms - -[0m
2025-05-31 12:20:10 info: [0mOPTIONS /api/v1/event/activeevents [32m204[0m 0.248 ms - 0[0m
2025-05-31 12:20:10 info: [0mOPTIONS /api/v1/event/activeevents [32m204[0m 0.464 ms - 0[0m
2025-05-31 12:20:10 info: [0mGET /api/v1/event/activeevents [36m304[0m 14.832 ms - -[0m
2025-05-31 12:20:10 info: [0mGET /api/v1/event/activeevents [36m304[0m 5.916 ms - -[0m
2025-05-31 12:53:39 info: [0mOPTIONS /api/v1/event/activeevents [32m204[0m 0.227 ms - 0[0m
2025-05-31 12:53:39 info: [0mOPTIONS /api/v1/event/activeevents [32m204[0m 0.491 ms - 0[0m
2025-05-31 12:53:39 info: [0mGET /api/v1/event/activeevents [36m304[0m 13.709 ms - -[0m
2025-05-31 12:53:39 info: [0mGET /api/v1/event/activeevents [36m304[0m 7.902 ms - -[0m
2025-05-31 13:22:05 info: [0mOPTIONS /api/v1/employee/login [32m204[0m 0.214 ms - 0[0m
2025-05-31 13:22:05 info: [0mPOST /api/v1/employee/login [32m200[0m 92.728 ms - -[0m
2025-05-31 13:25:00 info: [0mOPTIONS /api/v1/event/activeevents [32m204[0m 0.339 ms - 0[0m
2025-05-31 13:25:00 info: [0mOPTIONS /api/v1/event/activeevents [32m204[0m 0.933 ms - 0[0m
2025-05-31 13:25:00 info: [0mGET /api/v1/event/activeevents [36m304[0m 24.075 ms - -[0m
2025-05-31 13:25:00 info: [0mGET /api/v1/event/activeevents [36m304[0m 11.235 ms - -[0m
2025-05-31 13:29:42 info: [0mOPTIONS /api/v1/event/activeevents [32m204[0m 0.138 ms - 0[0m
2025-05-31 13:29:42 info: [0mOPTIONS /api/v1/event/activeevents [32m204[0m 0.442 ms - 0[0m
2025-05-31 13:29:42 info: [0mGET /api/v1/event/activeevents [32m200[0m 13.402 ms - 45[0m
2025-05-31 13:29:42 info: [0mGET /api/v1/event/activeevents [36m304[0m 16.949 ms - -[0m
2025-05-31 13:34:38 info: [0mGET /api/v1/event/insertevent [33m404[0m 24.055 ms - 163[0m
2025-05-31 13:34:42 error: StatusCode : 400, Message : more_images must be a string, agenda must be a string, speaker_details must be a json string, sponsors must be a string, our_partners must be a string, updated_at must be a Date instance
2025-05-31 13:34:42 info: [0mPOST /api/v1/event/insertevent [33m400[0m 53.027 ms - 200[0m
2025-05-31 13:35:51 error: StatusCode : 400, Message : more_images must be a string, ticket_price must be a number conforming to the specified constraints, speaker_details must be a json string, updated_at must be a Date instance
2025-05-31 13:35:51 info: [0mPOST /api/v1/event/insertevent [33m400[0m 9.525 ms - 188[0m
2025-05-31 13:36:20 error: StatusCode : 400, Message : updated_at must be a Date instance
2025-05-31 13:36:20 info: [0mPOST /api/v1/event/insertevent [33m400[0m 8.601 ms - 48[0m
2025-05-31 13:36:50 error: StatusCode : 400, Message : Unexpected token 'c', "const even"... is not valid JSON
2025-05-31 13:36:50 info: [0mPOST /api/v1/event/insertevent [33m400[0m 40.535 ms - 71[0m
2025-05-31 13:37:06 error: StatusCode : 400, Message : Expected property name or '}' in JSON at position 5
2025-05-31 13:37:06 info: [0mPOST /api/v1/event/insertevent [33m400[0m 5.497 ms - 65[0m
2025-05-31 13:37:54 error: StatusCode : 400, Message : updated_at must be a Date instance
2025-05-31 13:37:54 info: [0mPOST /api/v1/event/insertevent [33m400[0m 5.176 ms - 48[0m
2025-05-31 13:38:41 error: StatusCode : 400, Message : updated_at must be a Date instance
2025-05-31 13:38:41 info: [0mPOST /api/v1/event/insertevent [33m400[0m 6.458 ms - 48[0m
2025-05-31 13:39:41 error: StatusCode : 500, Message : insert into "event" ("address_line_1", "address_line_2", "agenda", "all_day", "banner_image", "city", "created_by", "currency", "date", "date_and_time", "deleted_at", "deleted_by", "event_description", "event_id", "event_title", "gate_no", "is_active", "is_deleted", "map_integration", "meta_description", "meta_title", "meta_url", "more_images", "our_partners", "pincode", "promo_video", "seats_remaining", "seats_remaining_indicator", "speaker_details", "sponsors", "state", "tags", "ticket_price", "time", "time_zone_selector", "total_seats", "updated_by", "venue_name") values ($1, $2, $3, $4, $5, $6, $7, $8, $9, $10, $11, $12, $13, $14, $15, $16, $17, $18, $19, $20, $21, $22, $23, $24, $25, $26, $27, $28, $29, $30, $31, $32, $33, $34, $35, $36, $37, $38) returning * - column "date_and_time" of relation "event" does not exist
2025-05-31 13:39:41 info: [0mPOST /api/v1/event/insertevent [31m500[0m 62.524 ms - 930[0m
2025-05-31 13:39:59 error: StatusCode : 500, Message : insert into "event" ("address_line_1", "address_line_2", "agenda", "all_day", "banner_image", "city", "created_by", "currency", "date", "date_and_time", "deleted_at", "deleted_by", "event_description", "event_id", "event_title", "gate_no", "is_active", "is_deleted", "map_integration", "meta_description", "meta_title", "meta_url", "more_images", "our_partners", "pincode", "promo_video", "seats_remaining", "seats_remaining_indicator", "speaker_details", "sponsors", "state", "tags", "ticket_price", "time", "time_zone_selector", "total_seats", "updated_by", "venue_name") values ($1, $2, $3, $4, $5, $6, $7, $8, $9, $10, $11, $12, $13, $14, $15, $16, $17, $18, $19, $20, $21, $22, $23, $24, $25, $26, $27, $28, $29, $30, $31, $32, $33, $34, $35, $36, $37, $38) returning * - column "date_and_time" of relation "event" does not exist
2025-05-31 13:39:59 info: [0mPOST /api/v1/event/insertevent [31m500[0m 4.975 ms - 930[0m
2025-05-31 13:40:37 info: [0mPOST /api/v1/event/insertevent [32m201[0m 14.025 ms - -[0m
2025-05-31 13:41:06 info: [0mPOST /api/v1/event/insertevent [32m201[0m 9.220 ms - -[0m
2025-05-31 13:41:26 error: StatusCode : 400, Message : event_title must be a string, event_description must be a string, banner_image must be a string, venue_name must be a string, date must be a valid ISO 8601 date string, time must be a string, total_seats must be an integer number, ticket_price must be a number conforming to the specified constraints, speaker_details must be a json string
2025-05-31 13:41:26 info: [0mPOST /api/v1/event/insertevent [33m400[0m 6.901 ms - 353[0m
2025-05-31 13:41:29 info: [0mPOST /api/v1/event/insertevent [32m201[0m 8.263 ms - -[0m
2025-05-31 13:41:48 info: [0mPOST /api/v1/event/insertevent [32m201[0m 11.176 ms - -[0m
2025-05-31 13:42:13 info: [0mPOST /api/v1/event/insertevent [32m201[0m 25.362 ms - -[0m
2025-05-31 13:42:35 info: [0mOPTIONS /api/v1/event/activeevents [32m204[0m 0.119 ms - 0[0m
2025-05-31 13:42:35 info: [0mOPTIONS /api/v1/event/activeevents [32m204[0m 0.325 ms - 0[0m
2025-05-31 13:42:35 info: [0mGET /api/v1/event/activeevents [32m200[0m 11.428 ms - -[0m
2025-05-31 13:42:35 info: [0mGET /api/v1/event/activeevents [36m304[0m 7.962 ms - -[0m
2025-05-31 13:43:09 info: [0mOPTIONS /api/v1/event/activeevents [32m204[0m 0.173 ms - 0[0m
2025-05-31 13:43:10 info: [0mOPTIONS /api/v1/event/activeevents [32m204[0m 0.498 ms - 0[0m
2025-05-31 13:43:10 info: [0mGET /api/v1/event/activeevents [36m304[0m 12.267 ms - -[0m
2025-05-31 13:43:10 info: [0mGET /api/v1/event/activeevents [36m304[0m 17.886 ms - -[0m
2025-05-31 13:43:18 info: [0mOPTIONS /api/v1/event/activeevents [32m204[0m 0.162 ms - 0[0m
2025-05-31 13:43:18 info: [0mOPTIONS /api/v1/event/activeevents [32m204[0m 0.435 ms - 0[0m
2025-05-31 13:43:18 info: [0mGET /api/v1/event/activeevents [36m304[0m 4.990 ms - -[0m
2025-05-31 13:43:18 info: [0mGET /api/v1/event/activeevents [36m304[0m 3.681 ms - -[0m
2025-05-31 13:43:31 info: [0mOPTIONS /api/v1/event/activeevents [32m204[0m 0.148 ms - 0[0m
2025-05-31 13:43:31 info: [0mOPTIONS /api/v1/event/activeevents [32m204[0m 0.367 ms - 0[0m
2025-05-31 13:43:31 info: [0mGET /api/v1/event/activeevents [32m200[0m 16.905 ms - -[0m
2025-05-31 13:43:31 info: [0mGET /api/v1/event/activeevents [36m304[0m 4.364 ms - -[0m
2025-05-31 13:44:21 info: [0mOPTIONS /api/v1/event/activeevents [32m204[0m 0.151 ms - 0[0m
2025-05-31 13:44:21 info: [0mOPTIONS /api/v1/event/activeevents [32m204[0m 0.518 ms - 0[0m
2025-05-31 13:44:21 info: [0mGET /api/v1/event/activeevents [32m200[0m 18.569 ms - -[0m
2025-05-31 13:44:21 info: [0mGET /api/v1/event/activeevents [36m304[0m 14.831 ms - -[0m
2025-05-31 13:44:36 info: [0mOPTIONS /api/v1/event/editevent/2 [32m204[0m 0.172 ms - 0[0m
2025-05-31 13:44:36 info: [0mOPTIONS /api/v1/event/editevent/2 [32m204[0m 1.222 ms - 0[0m
2025-05-31 13:44:36 info: [0mGET /api/v1/event/editevent/2 [32m200[0m 18.730 ms - -[0m
2025-05-31 13:44:36 info: [0mGET /api/v1/event/editevent/2 [36m304[0m 8.280 ms - -[0m
2025-05-31 13:47:30 info: [0mOPTIONS /api/v1/event/activeevents [32m204[0m 0.150 ms - 0[0m
2025-05-31 13:47:30 info: [0mOPTIONS /api/v1/event/activeevents [32m204[0m 0.545 ms - 0[0m
2025-05-31 13:47:30 info: [0mGET /api/v1/event/activeevents [36m304[0m 14.666 ms - -[0m
2025-05-31 13:47:30 info: [0mGET /api/v1/event/activeevents [36m304[0m 14.631 ms - -[0m
2025-05-31 15:12:43 info: [0mOPTIONS /api/v1/event/activeevents [32m204[0m 0.151 ms - 0[0m
2025-05-31 15:12:43 info: [0mOPTIONS /api/v1/event/activeevents [32m204[0m 0.134 ms - 0[0m
2025-05-31 15:12:43 info: [0mGET /api/v1/event/activeevents [36m304[0m 7.891 ms - -[0m
2025-05-31 15:12:43 info: [0mGET /api/v1/event/activeevents [36m304[0m 6.289 ms - -[0m
2025-05-31 15:12:50 info: [0mOPTIONS /api/v1/event/activeevents [32m204[0m 0.201 ms - 0[0m
2025-05-31 15:12:50 info: [0mOPTIONS /api/v1/event/activeevents [32m204[0m 0.561 ms - 0[0m
2025-05-31 15:12:50 info: [0mGET /api/v1/event/activeevents [36m304[0m 14.220 ms - -[0m
2025-05-31 15:12:50 info: [0mGET /api/v1/event/activeevents [36m304[0m 9.887 ms - -[0m
2025-05-31 15:12:51 info: [0mOPTIONS /api/v1/event/editevent/2 [32m204[0m 0.238 ms - 0[0m
2025-05-31 15:12:51 info: [0mOPTIONS /api/v1/event/editevent/2 [32m204[0m 0.193 ms - 0[0m
2025-05-31 15:12:51 info: [0mGET /api/v1/event/editevent/2 [36m304[0m 5.561 ms - -[0m
2025-05-31 15:12:51 info: [0mGET /api/v1/event/editevent/2 [36m304[0m 21.567 ms - -[0m
2025-05-31 15:13:15 info: [0mOPTIONS /api/v1/event/activeevents [32m204[0m 0.144 ms - 0[0m
2025-05-31 15:13:15 info: [0mOPTIONS /api/v1/event/activeevents [32m204[0m 0.536 ms - 0[0m
2025-05-31 15:13:19 info: [0mGET /api/v1/event/activeevents [36m304[0m 9.503 ms - -[0m
2025-05-31 15:13:19 info: [0mGET /api/v1/event/activeevents [36m304[0m 5.590 ms - -[0m
2025-05-31 15:15:14 info: [0mOPTIONS /api/v1/event/activeevents [32m204[0m 0.497 ms - 0[0m
2025-05-31 15:15:14 info: [0mOPTIONS /api/v1/event/activeevents [32m204[0m 0.630 ms - 0[0m
2025-05-31 15:15:14 info: [0mGET /api/v1/event/activeevents [36m304[0m 13.452 ms - -[0m
2025-05-31 15:15:14 info: [0mGET /api/v1/event/activeevents [36m304[0m 12.898 ms - -[0m
2025-05-31 15:15:46 info: [0mOPTIONS /api/v1/event/activeevents [32m204[0m 0.116 ms - 0[0m
2025-05-31 15:15:46 info: [0mOPTIONS /api/v1/event/activeevents [32m204[0m 0.140 ms - 0[0m
2025-05-31 15:15:48 info: [0mGET /api/v1/event/activeevents [36m304[0m 6.404 ms - -[0m
2025-05-31 15:15:48 info: [0mGET /api/v1/event/activeevents [36m304[0m 4.836 ms - -[0m
2025-05-31 15:32:08 info: [0mOPTIONS /api/v1/event/activeevents [32m204[0m 0.334 ms - 0[0m
2025-05-31 15:32:08 info: [0mOPTIONS /api/v1/event/activeevents [32m204[0m 0.703 ms - 0[0m
2025-05-31 15:32:08 info: [0mGET /api/v1/event/activeevents [36m304[0m 15.763 ms - -[0m
2025-05-31 15:32:08 info: [0mGET /api/v1/event/activeevents [36m304[0m 7.430 ms - -[0m
2025-05-31 15:32:20 info: [0mOPTIONS /api/v1/event/activeevents [32m204[0m 0.180 ms - 0[0m
2025-05-31 15:32:20 info: [0mOPTIONS /api/v1/event/activeevents [32m204[0m 0.527 ms - 0[0m
2025-05-31 15:32:25 info: [0mGET /api/v1/event/activeevents [36m304[0m 9.811 ms - -[0m
2025-05-31 15:32:25 info: [0mGET /api/v1/event/activeevents [36m304[0m 5.720 ms - -[0m
2025-05-31 15:35:43 info: [0mOPTIONS /api/v1/event/activeevents [32m204[0m 0.287 ms - 0[0m
2025-05-31 15:35:43 info: [0mOPTIONS /api/v1/event/activeevents [32m204[0m 0.260 ms - 0[0m
2025-05-31 15:35:43 info: [0mGET /api/v1/event/activeevents [36m304[0m 9.089 ms - -[0m
2025-05-31 15:35:43 info: [0mGET /api/v1/event/activeevents [36m304[0m 10.782 ms - -[0m
2025-05-31 15:35:51 info: [0mOPTIONS /api/v1/event/activeevents [32m204[0m 0.597 ms - 0[0m
2025-05-31 15:35:51 info: [0mOPTIONS /api/v1/event/activeevents [32m204[0m 0.350 ms - 0[0m
2025-05-31 15:35:51 info: [0mGET /api/v1/event/activeevents [36m304[0m 8.354 ms - -[0m
2025-05-31 15:35:51 info: [0mGET /api/v1/event/activeevents [36m304[0m 6.438 ms - -[0m
2025-05-31 15:37:01 info: [0mOPTIONS /api/v1/event/editevent/2 [32m204[0m 0.157 ms - 0[0m
2025-05-31 15:37:01 info: [0mOPTIONS /api/v1/event/editevent/2 [32m204[0m 0.405 ms - 0[0m
2025-05-31 15:37:01 info: [0mGET /api/v1/event/editevent/2 [36m304[0m 44.653 ms - -[0m
2025-05-31 15:37:01 info: [0mGET /api/v1/event/editevent/2 [36m304[0m 20.715 ms - -[0m
2025-05-31 15:38:34 info: [0mOPTIONS /api/v1/event/update/2 [32m204[0m 0.123 ms - 0[0m
2025-05-31 15:38:34 info: [0mPOST /api/v1/event/update/2 [33m404[0m 2.837 ms - 161[0m
2025-05-31 15:38:42 info: [0mOPTIONS /api/v1/event/update/2 [32m204[0m 0.097 ms - 0[0m
2025-05-31 15:38:42 info: [0mPOST /api/v1/event/update/2 [33m404[0m 5.327 ms - 161[0m
2025-05-31 15:39:48 info: [0mOPTIONS /api/v1/event/editevent/2 [32m204[0m 0.128 ms - 0[0m
2025-05-31 15:39:48 info: [0mGET /api/v1/event/editevent/2 [36m304[0m 19.067 ms - -[0m
2025-05-31 15:39:52 info: [0mGET /api/v1/event/editevent/2 [36m304[0m 16.796 ms - -[0m
2025-05-31 15:39:52 info: [0mGET /api/v1/event/editevent/2 [36m304[0m 7.382 ms - -[0m
2025-05-31 15:41:43 info: [0mOPTIONS /api/v1/event/updateevent/2 [32m204[0m 0.145 ms - 0[0m
2025-05-31 15:41:43 info: [0mPOST /api/v1/event/updateevent/2 [33m404[0m 7.224 ms - 166[0m
2025-05-31 15:43:47 info: [0mPOST /api/v1/event/updateevent/6 [33m404[0m 8.837 ms - 166[0m
2025-05-31 15:44:32 info: 🚀 App listening on the port 8000. Current Env development.
2025-05-31 15:46:35 info: 🚀 App listening on the port 8000. Current Env development.
2025-05-31 15:46:37 info: 🚀 App listening on the port 8000. Current Env development.
2025-05-31 15:46:42 info: 🚀 App listening on the port 8000. Current Env development.
2025-05-31 15:46:59 info: [0mPOST /api/v1/event/updateevent/6 [33m404[0m 75.676 ms - 166[0m
2025-05-31 15:49:50 info: [0mPUT /api/v1/event/updateevent/6 [32m200[0m 32.883 ms - -[0m
2025-05-31 15:52:26 info: [0mOPTIONS /api/v1/event/editevent/2 [32m204[0m 1.567 ms - 0[0m
2025-05-31 15:52:26 info: [0mGET /api/v1/event/editevent/2 [36m304[0m 11.223 ms - -[0m
2025-05-31 15:52:44 info: [0mOPTIONS /api/v1/event/editevent/2 [32m204[0m 0.157 ms - 0[0m
2025-05-31 15:52:45 info: [0mGET /api/v1/event/editevent/2 [36m304[0m 18.527 ms - -[0m
2025-05-31 15:52:58 info: [0mOPTIONS /api/v1/event/updateevent/2 [32m204[0m 0.155 ms - 0[0m
2025-05-31 15:52:59 error: StatusCode : 400, Message : updated_at must be a Date instance
2025-05-31 15:52:59 info: [0mPUT /api/v1/event/updateevent/2 [33m400[0m 6.117 ms - 48[0m
2025-05-31 15:53:29 info: [0mOPTIONS /api/v1/event/editevent/2 [32m204[0m 0.226 ms - 0[0m
2025-05-31 15:53:29 info: [0mGET /api/v1/event/editevent/2 [36m304[0m 15.443 ms - -[0m
2025-05-31 15:53:29 info: [0mOPTIONS /api/v1/event/updateevent/2 [32m204[0m 0.461 ms - 0[0m
2025-05-31 15:53:29 info: [0mPUT /api/v1/event/updateevent/2 [32m200[0m 13.878 ms - -[0m
2025-05-31 15:53:29 info: [0mOPTIONS /api/v1/event/activeevents [32m204[0m 0.292 ms - 0[0m
2025-05-31 15:53:29 info: [0mOPTIONS /api/v1/event/activeevents [32m204[0m 0.207 ms - 0[0m
2025-05-31 15:53:29 info: [0mGET /api/v1/event/activeevents [32m200[0m 11.705 ms - -[0m
2025-05-31 15:53:29 info: [0mGET /api/v1/event/activeevents [36m304[0m 10.118 ms - -[0m
2025-05-31 15:53:39 info: [0mOPTIONS /api/v1/event/editevent/3 [32m204[0m 0.181 ms - 0[0m
2025-05-31 15:53:39 info: [0mOPTIONS /api/v1/event/editevent/3 [32m204[0m 0.115 ms - 0[0m
2025-05-31 15:53:39 info: [0mGET /api/v1/event/editevent/3 [32m200[0m 52.946 ms - -[0m
2025-05-31 15:53:39 info: [0mGET /api/v1/event/editevent/3 [36m304[0m 4.853 ms - -[0m
2025-05-31 15:54:03 info: [0mOPTIONS /api/v1/event/activeevents [32m204[0m 0.587 ms - 0[0m
2025-05-31 15:54:03 info: [0mOPTIONS /api/v1/event/activeevents [32m204[0m 0.404 ms - 0[0m
2025-05-31 15:54:03 info: [0mGET /api/v1/event/activeevents [36m304[0m 8.582 ms - -[0m
2025-05-31 15:54:03 info: [0mGET /api/v1/event/activeevents [36m304[0m 12.261 ms - -[0m
2025-05-31 15:54:41 info: [0mOPTIONS /api/v1/event/activeevents [32m204[0m 0.175 ms - 0[0m
2025-05-31 15:54:41 info: [0mOPTIONS /api/v1/event/activeevents [32m204[0m 0.485 ms - 0[0m
2025-05-31 15:54:41 info: [0mGET /api/v1/event/activeevents [36m304[0m 14.671 ms - -[0m
2025-05-31 15:54:41 info: [0mGET /api/v1/event/activeevents [36m304[0m 16.959 ms - -[0m
2025-05-31 15:56:28 info: [0mOPTIONS /api/v1/event/activeevents [32m204[0m 0.682 ms - 0[0m
2025-05-31 15:56:28 info: [0mOPTIONS /api/v1/event/activeevents [32m204[0m 0.331 ms - 0[0m
2025-05-31 15:56:28 info: [0mGET /api/v1/event/activeevents [32m200[0m 6.183 ms - -[0m
2025-05-31 15:56:28 info: [0mGET /api/v1/event/activeevents [36m304[0m 8.762 ms - -[0m
2025-05-31 15:57:30 info: 🚀 App listening on the port 8000. Current Env development.
2025-05-31 15:57:41 info: 🚀 App listening on the port 8000. Current Env development.
2025-05-31 15:58:22 info: 🚀 App listening on the port 8000. Current Env development.
2025-05-31 15:58:40 info: 🚀 App listening on the port 8000. Current Env development.
2025-05-31 15:59:20 info: 🚀 App listening on the port 8000. Current Env development.
2025-05-31 16:06:24 info: 🚀 App listening on the port 8000. Current Env development.
2025-05-31 16:06:36 info: 🚀 App listening on the port 8000. Current Env development.
2025-05-31 16:06:44 info: 🚀 App listening on the port 8000. Current Env development.
2025-05-31 16:07:27 info: 🚀 App listening on the port 8000. Current Env development.
2025-05-31 16:07:37 info: 🚀 App listening on the port 8000. Current Env development.
2025-05-31 16:08:08 info: 🚀 App listening on the port 8000. Current Env development.
2025-05-31 16:08:15 info: 🚀 App listening on the port 8000. Current Env development.
2025-05-31 16:08:29 info: 🚀 App listening on the port 8000. Current Env development.
2025-05-31 16:08:35 info: 🚀 App listening on the port 8000. Current Env development.
2025-05-31 16:09:22 info: 🚀 App listening on the port 8000. Current Env development.
2025-05-31 16:09:33 info: 🚀 App listening on the port 8000. Current Env development.
2025-05-31 16:14:40 info: 🚀 App listening on the port 8000. Current Env development.
2025-05-31 16:15:06 info: 🚀 App listening on the port 8000. Current Env development.
2025-05-31 16:31:18 info: 🚀 App listening on the port 8000. Current Env development.
2025-05-31 16:31:25 info: 🚀 App listening on the port 8000. Current Env development.
2025-05-31 16:31:44 info: 🚀 App listening on the port 8000. Current Env development.
2025-05-31 16:32:07 info: 🚀 App listening on the port 8000. Current Env development.
2025-05-31 16:32:13 info: 🚀 App listening on the port 8000. Current Env development.
2025-05-31 16:32:23 info: 🚀 App listening on the port 8000. Current Env development.
2025-05-31 16:32:46 info: 🚀 App listening on the port 8000. Current Env development.
2025-05-31 16:32:48 info: 🚀 App listening on the port 8000. Current Env development.
2025-05-31 16:33:01 info: 🚀 App listening on the port 8000. Current Env development.
2025-05-31 16:33:12 info: 🚀 App listening on the port 8000. Current Env development.
2025-05-31 16:34:09 info: 🚀 App listening on the port 8000. Current Env development.
2025-05-31 16:35:40 info: [0mPUT /api/v1/booking/activebookings [33m404[0m 28.465 ms - 168[0m
2025-05-31 16:35:43 info: [0mPOST /api/v1/booking/activebookings [33m404[0m 6.222 ms - 169[0m
2025-05-31 16:57:19 info: 🚀 App listening on the port 8000. Current Env development.
2025-05-31 16:57:31 info: 🚀 App listening on the port 8000. Current Env development.
2025-05-31 16:57:56 info: 🚀 App listening on the port 8000. Current Env development.
2025-05-31 16:57:57 info: [0mPOST /api/v1/booking/activebookings [33m404[0m 19.492 ms - 169[0m
2025-05-31 16:58:03 info: [0mPOST /api/v1/booking/activebookings [33m404[0m 4.725 ms - 169[0m
2025-05-31 16:58:11 info: [0mGET /api/v1/booking/activebookings [32m200[0m 15.375 ms - 47[0m
2025-05-31 16:59:50 error: StatusCode : 500, Message : insert into "bookings" ("email_address", "location", "name", "notify_via_email_sms", "payment_method", "phone_number", "promo_code", "quantity", "terms_and_conditions", "ticket_type") values ($1, $2, $3, $4, $5, $6, $7, $8, $9, $10) returning * - null value in column "event_id" of relation "bookings" violates not-null constraint
2025-05-31 16:59:50 info: [0mPOST /api/v1/booking/insertbooking [31m500[0m 17.653 ms - 370[0m
2025-05-31 17:00:34 error: StatusCode : 500, Message : insert into "bookings" ("email_address", "event_id", "location", "name", "notify_via_email_sms", "payment_method", "phone_number", "promo_code", "quantity", "terms_and_conditions", "ticket_type") values ($1, $2, $3, $4, $5, $6, $7, $8, $9, $10, $11) returning * - null value in column "created_by" of relation "bookings" violates not-null constraint
2025-05-31 17:00:34 info: [0mPOST /api/v1/booking/insertbooking [31m500[0m 8.916 ms - 391[0m
2025-05-31 17:01:06 info: [0mPOST /api/v1/booking/insertbooking [32m201[0m 12.761 ms - 501[0m
2025-05-31 17:01:56 info: [0mPOST /api/v1/booking/insertbooking [32m201[0m 8.998 ms - 501[0m
2025-05-31 17:02:08 info: [0mPOST /api/v1/booking/insertbooking [32m201[0m 7.166 ms - 506[0m
2025-05-31 17:02:16 info: [0mPOST /api/v1/booking/insertbooking [32m201[0m 6.330 ms - 520[0m
2025-05-31 17:02:27 info: [0mPOST /api/v1/booking/insertbooking [32m201[0m 8.129 ms - 514[0m
2025-05-31 17:02:38 info: [0mPOST /api/v1/booking/insertbooking [32m201[0m 7.469 ms - 514[0m
2025-05-31 17:02:46 info: [0mPOST /api/v1/booking/insertbooking [32m201[0m 6.911 ms - 509[0m
2025-05-31 17:02:52 info: [0mPOST /api/v1/booking/insertbooking [32m201[0m 6.083 ms - 498[0m
2025-05-31 17:03:00 info: [0mPOST /api/v1/booking/insertbooking [32m201[0m 4.860 ms - 513[0m
2025-05-31 17:03:06 info: [0mPOST /api/v1/booking/insertbooking [32m201[0m 8.445 ms - 527[0m
2025-05-31 17:03:23 info: [0mPOST /api/v1/booking/activebookings [33m404[0m 4.635 ms - 169[0m
2025-05-31 17:03:25 info: [0mGET /api/v1/booking/activebookings [32m200[0m 7.526 ms - 47[0m
2025-05-31 17:04:33 info: 🚀 App listening on the port 8000. Current Env development.
2025-05-31 17:04:45 info: [0mGET /api/v1/booking/activebookings [32m200[0m 31.221 ms - -[0m
2025-05-31 17:12:50 info: [0mOPTIONS /api/v1/event/activeevents [32m204[0m 0.353 ms - 0[0m
2025-05-31 17:12:50 info: [0mOPTIONS /api/v1/event/activeevents [32m204[0m 0.299 ms - 0[0m
2025-05-31 17:12:50 info: [0mGET /api/v1/event/activeevents [36m304[0m 12.151 ms - -[0m
2025-05-31 17:12:50 info: [0mGET /api/v1/event/activeevents [36m304[0m 7.101 ms - -[0m
2025-05-31 17:16:58 info: [0mOPTIONS /api/v1/event/activeevents [32m204[0m 0.224 ms - 0[0m
2025-05-31 17:16:58 info: [0mOPTIONS /api/v1/event/activeevents [32m204[0m 0.297 ms - 0[0m
2025-05-31 17:16:58 info: [0mGET /api/v1/event/activeevents [36m304[0m 4.910 ms - -[0m
2025-05-31 17:16:58 info: [0mGET /api/v1/event/activeevents [36m304[0m 6.381 ms - -[0m
2025-05-31 17:21:46 info: [0mOPTIONS /api/v1/booking/activebookings [32m204[0m 0.138 ms - 0[0m
2025-05-31 17:21:46 info: [0mOPTIONS /api/v1/booking/activebookings [32m204[0m 0.112 ms - 0[0m
2025-05-31 17:21:46 info: [0mGET /api/v1/booking/activebookings [32m200[0m 5.079 ms - -[0m
2025-05-31 17:21:46 info: [0mGET /api/v1/booking/activebookings [36m304[0m 14.546 ms - -[0m
2025-05-31 17:23:48 info: [0mOPTIONS /api/v1/booking/activebookings [32m204[0m 0.157 ms - 0[0m
2025-05-31 17:23:48 info: [0mOPTIONS /api/v1/booking/activebookings [32m204[0m 0.221 ms - 0[0m
2025-05-31 17:23:48 info: [0mGET /api/v1/booking/activebookings [32m200[0m 4.600 ms - -[0m
2025-05-31 17:23:48 info: [0mGET /api/v1/booking/activebookings [36m304[0m 4.999 ms - -[0m
2025-05-31 17:33:36 info: [0mOPTIONS /api/v1/booking/activebookings [32m204[0m 0.202 ms - 0[0m
2025-05-31 17:33:36 info: [0mOPTIONS /api/v1/booking/activebookings [32m204[0m 0.177 ms - 0[0m
2025-05-31 17:33:36 info: [0mGET /api/v1/booking/activebookings [32m200[0m 4.044 ms - -[0m
2025-05-31 17:33:36 info: [0mGET /api/v1/booking/activebookings [36m304[0m 5.480 ms - -[0m
2025-05-31 18:04:41 info: 🚀 App listening on the port 8000. Current Env development.
2025-05-31 18:04:46 info: 🚀 App listening on the port 8000. Current Env development.
2025-05-31 18:05:15 info: 🚀 App listening on the port 8000. Current Env development.
2025-05-31 18:05:34 info: 🚀 App listening on the port 8000. Current Env development.
2025-05-31 18:06:18 info: 🚀 App listening on the port 8000. Current Env development.
2025-05-31 18:06:20 info: 🚀 App listening on the port 8000. Current Env development.
2025-05-31 18:07:09 info: 🚀 App listening on the port 8000. Current Env development.
2025-05-31 18:07:21 info: 🚀 App listening on the port 8000. Current Env development.
2025-05-31 18:07:27 info: 🚀 App listening on the port 8000. Current Env development.
2025-05-31 18:07:34 info: 🚀 App listening on the port 8000. Current Env development.
2025-05-31 18:08:17 info: 🚀 App listening on the port 8000. Current Env development.
2025-05-31 18:08:46 info: 🚀 App listening on the port 8000. Current Env development.
2025-05-31 18:09:12 error: StatusCode : 500, Message : select "bookings".*, "event"."event_title", "event"."venue_name", "event"."date", "event"."time" from "bookings" inner join "event" on "bookings"."event_id" = "event"."event_id" where "bookings"."booking_id" = $1 and "bookings"."is_deleted" = $2 limit $3 - invalid input syntax for type integer: "NaN"
2025-05-31 18:09:12 info: [0mGET /api/v1/booking/activebookings [31m500[0m 27.209 ms - 355[0m
2025-05-31 18:09:41 info: 🚀 App listening on the port 8000. Current Env development.
2025-05-31 18:12:26 info: 🚀 App listening on the port 8000. Current Env development.
2025-05-31 18:12:54 info: 🚀 App listening on the port 8000. Current Env development.
2025-05-31 18:12:55 info: [0mGET /api/v1/booking/activebookings [33m400[0m 21.733 ms - 32[0m
2025-05-31 18:14:30 info: 🚀 App listening on the port 8000. Current Env development.
2025-05-31 18:14:41 error: StatusCode : 500, Message : select "bookings".*, "event"."event_title", "event"."venue_name", "event"."date", "event"."time" from "bookings" inner join "event" on "bookings"."event_id" = "event"."event_id" where "bookings"."booking_id" = $1 and "bookings"."is_deleted" = $2 limit $3 - invalid input syntax for type integer: "NaN"
2025-05-31 18:14:41 info: [0mGET /api/v1/booking/activebookings [31m500[0m 23.929 ms - 355[0m
2025-05-31 18:15:13 info: [0mOPTIONS /api/v1/booking/activebookings [32m204[0m 1.485 ms - 0[0m
2025-05-31 18:15:13 info: [0mOPTIONS /api/v1/booking/activebookings [32m204[0m 0.496 ms - 0[0m
2025-05-31 18:15:13 error: StatusCode : 500, Message : select "bookings".*, "event"."event_title", "event"."venue_name", "event"."date", "event"."time" from "bookings" inner join "event" on "bookings"."event_id" = "event"."event_id" where "bookings"."booking_id" = $1 and "bookings"."is_deleted" = $2 limit $3 - invalid input syntax for type integer: "NaN"
2025-05-31 18:15:13 info: [0mGET /api/v1/booking/activebookings [31m500[0m 19.305 ms - 355[0m
2025-05-31 18:15:13 error: StatusCode : 500, Message : select "bookings".*, "event"."event_title", "event"."venue_name", "event"."date", "event"."time" from "bookings" inner join "event" on "bookings"."event_id" = "event"."event_id" where "bookings"."booking_id" = $1 and "bookings"."is_deleted" = $2 limit $3 - invalid input syntax for type integer: "NaN"
2025-05-31 18:15:13 info: [0mGET /api/v1/booking/activebookings [31m500[0m 8.658 ms - 355[0m
2025-05-31 18:15:28 info: [0mOPTIONS /api/v1/booking/activebookings [32m204[0m 0.128 ms - 0[0m
2025-05-31 18:15:28 info: [0mOPTIONS /api/v1/booking/activebookings [32m204[0m 0.136 ms - 0[0m
2025-05-31 18:15:28 error: StatusCode : 500, Message : select "bookings".*, "event"."event_title", "event"."venue_name", "event"."date", "event"."time" from "bookings" inner join "event" on "bookings"."event_id" = "event"."event_id" where "bookings"."booking_id" = $1 and "bookings"."is_deleted" = $2 limit $3 - invalid input syntax for type integer: "NaN"
2025-05-31 18:15:28 info: [0mGET /api/v1/booking/activebookings [31m500[0m 4.811 ms - 355[0m
2025-05-31 18:15:29 error: StatusCode : 500, Message : select "bookings".*, "event"."event_title", "event"."venue_name", "event"."date", "event"."time" from "bookings" inner join "event" on "bookings"."event_id" = "event"."event_id" where "bookings"."booking_id" = $1 and "bookings"."is_deleted" = $2 limit $3 - invalid input syntax for type integer: "NaN"
2025-05-31 18:15:29 info: [0mGET /api/v1/booking/activebookings [31m500[0m 7.365 ms - 355[0m
2025-05-31 18:18:41 info: 🚀 App listening on the port 8000. Current Env development.
2025-05-31 18:18:41 info: [0mOPTIONS /api/v1/booking/activebookings [32m204[0m 1.115 ms - 0[0m
2025-05-31 18:18:41 info: [0mOPTIONS /api/v1/booking/activebookings [32m204[0m 0.136 ms - 0[0m
2025-05-31 18:18:42 error: StatusCode : 500, Message : this.bookingService.GetBookingWithEventData is not a function
2025-05-31 18:18:42 info: [0mGET /api/v1/booking/activebookings [31m500[0m 66.252 ms - 75[0m
2025-05-31 18:18:42 error: StatusCode : 500, Message : this.bookingService.GetBookingWithEventData is not a function
2025-05-31 18:18:42 info: [0mGET /api/v1/booking/activebookings [31m500[0m 3.666 ms - 75[0m
2025-05-31 18:18:59 info: 🚀 App listening on the port 8000. Current Env development.
2025-05-31 18:19:01 info: 🚀 App listening on the port 8000. Current Env development.
2025-05-31 18:19:01 info: [0mOPTIONS /api/v1/booking/activebookings [32m204[0m 3.023 ms - 0[0m
2025-05-31 18:19:01 info: [0mOPTIONS /api/v1/booking/activebookings [32m204[0m 0.301 ms - 0[0m
2025-05-31 18:19:02 info: [0mGET /api/v1/booking/activebookings [32m200[0m 65.603 ms - -[0m
2025-05-31 18:19:02 info: [0mGET /api/v1/booking/activebookings [36m304[0m 5.030 ms - -[0m
2025-05-31 18:20:27 info: [0mOPTIONS /api/v1/event/activeevents [32m204[0m 0.243 ms - 0[0m
2025-05-31 18:20:27 info: [0mOPTIONS /api/v1/event/activeevents [32m204[0m 0.132 ms - 0[0m
2025-05-31 18:20:28 info: [0mGET /api/v1/event/activeevents [36m304[0m 13.680 ms - -[0m
2025-05-31 18:20:28 info: [0mGET /api/v1/event/activeevents [36m304[0m 14.927 ms - -[0m
2025-05-31 18:20:41 info: [0mOPTIONS /api/v1/event/activeevents [32m204[0m 0.356 ms - 0[0m
2025-05-31 18:20:41 info: [0mOPTIONS /api/v1/event/activeevents [32m204[0m 1.287 ms - 0[0m
2025-05-31 18:20:41 info: [0mGET /api/v1/event/activeevents [36m304[0m 9.592 ms - -[0m
2025-05-31 18:20:41 info: [0mGET /api/v1/event/activeevents [36m304[0m 12.207 ms - -[0m
2025-05-31 18:22:47 info: [0mOPTIONS /api/v1/event/activeevents [32m204[0m 0.181 ms - 0[0m
2025-05-31 18:22:47 info: [0mOPTIONS /api/v1/event/activeevents [32m204[0m 0.166 ms - 0[0m
2025-05-31 18:22:47 info: [0mGET /api/v1/event/activeevents [36m304[0m 5.588 ms - -[0m
2025-05-31 18:22:47 info: [0mGET /api/v1/event/activeevents [36m304[0m 5.854 ms - -[0m
2025-05-31 18:22:49 info: [0mOPTIONS /api/v1/booking/activebookings [32m204[0m 0.239 ms - 0[0m
2025-05-31 18:22:49 info: [0mOPTIONS /api/v1/booking/activebookings [32m204[0m 0.301 ms - 0[0m
2025-05-31 18:22:49 info: [0mGET /api/v1/booking/activebookings [36m304[0m 9.295 ms - -[0m
2025-05-31 18:22:49 info: [0mGET /api/v1/booking/activebookings [36m304[0m 9.952 ms - -[0m
2025-05-31 18:30:40 info: [0mOPTIONS /api/v1/event/activeevents [32m204[0m 0.282 ms - 0[0m
2025-05-31 18:30:40 info: [0mOPTIONS /api/v1/event/activeevents [32m204[0m 0.209 ms - 0[0m
2025-05-31 18:30:40 info: [0mGET /api/v1/event/activeevents [36m304[0m 6.292 ms - -[0m
2025-05-31 18:30:40 info: [0mGET /api/v1/event/activeevents [36m304[0m 9.614 ms - -[0m
2025-05-31 18:30:50 info: [0mOPTIONS /api/v1/event/editevent/2 [32m204[0m 0.265 ms - 0[0m
2025-05-31 18:30:50 info: [0mOPTIONS /api/v1/event/editevent/2 [32m204[0m 0.172 ms - 0[0m
2025-05-31 18:30:50 info: [0mGET /api/v1/event/editevent/2 [32m200[0m 4.885 ms - -[0m
2025-05-31 18:30:50 info: [0mGET /api/v1/event/editevent/2 [36m304[0m 5.520 ms - -[0m
2025-05-31 18:31:22 info: [0mOPTIONS /api/v1/event/editevent/2 [32m204[0m 0.120 ms - 0[0m
2025-05-31 18:31:22 info: [0mGET /api/v1/event/editevent/2 [36m304[0m 3.406 ms - -[0m
2025-05-31 18:37:19 info: [0mOPTIONS /api/v1/event/activeevents [32m204[0m 0.449 ms - 0[0m
2025-05-31 18:37:19 info: [0mOPTIONS /api/v1/event/activeevents [32m204[0m 0.127 ms - 0[0m
2025-05-31 18:37:19 info: [0mGET /api/v1/event/activeevents [36m304[0m 8.450 ms - -[0m
2025-05-31 18:37:19 info: [0mGET /api/v1/event/activeevents [36m304[0m 6.420 ms - -[0m
2025-05-31 18:38:06 info: [0mOPTIONS /api/v1/event/editevent/2 [32m204[0m 0.105 ms - 0[0m
2025-05-31 18:38:06 info: [0mOPTIONS /api/v1/event/editevent/2 [32m204[0m 0.186 ms - 0[0m
2025-05-31 18:38:06 info: [0mGET /api/v1/event/editevent/2 [36m304[0m 4.220 ms - -[0m
2025-05-31 18:38:06 info: [0mGET /api/v1/event/editevent/2 [36m304[0m 5.832 ms - -[0m
2025-05-31 18:46:05 info: [0mOPTIONS /api/v1/event/activeevents [32m204[0m 0.314 ms - 0[0m
2025-05-31 18:46:05 info: [0mOPTIONS /api/v1/event/activeevents [32m204[0m 0.155 ms - 0[0m
2025-05-31 18:46:05 info: [0mGET /api/v1/event/activeevents [36m304[0m 12.016 ms - -[0m
2025-05-31 18:46:05 info: [0mGET /api/v1/event/activeevents [36m304[0m 9.638 ms - -[0m
2025-05-31 18:46:08 info: [0mOPTIONS /api/v1/event/editevent/2 [32m204[0m 0.320 ms - 0[0m
2025-05-31 18:46:08 info: [0mOPTIONS /api/v1/event/editevent/2 [32m204[0m 0.134 ms - 0[0m
2025-05-31 18:46:08 info: [0mGET /api/v1/event/editevent/2 [36m304[0m 4.373 ms - -[0m
2025-05-31 18:46:08 info: [0mGET /api/v1/event/editevent/2 [36m304[0m 4.888 ms - -[0m
2025-05-31 19:06:09 info: 🚀 App listening on the port 8000. Current Env development.
2025-05-31 19:06:23 info: [0mGET /api/v1/booking/activebookings [32m200[0m 32.111 ms - -[0m
2025-05-31 19:11:29 info: [0mOPTIONS /api/v1/event/editevent/2 [32m204[0m 0.594 ms - 0[0m
2025-05-31 19:11:29 info: [0mGET /api/v1/event/editevent/2 [36m304[0m 21.073 ms - -[0m
2025-05-31 19:11:29 info: [0mGET /api/v1/event/editevent/2 [36m304[0m 10.044 ms - -[0m
2025-05-31 19:11:29 info: [0mGET /api/v1/event/editevent/2 [36m304[0m 8.944 ms - -[0m
2025-05-31 19:11:37 info: [0mOPTIONS /api/v1/event/activeevents [32m204[0m 0.304 ms - 0[0m
2025-05-31 19:11:37 info: [0mOPTIONS /api/v1/event/activeevents [32m204[0m 0.309 ms - 0[0m
2025-05-31 19:11:37 info: [0mGET /api/v1/event/activeevents [36m304[0m 8.813 ms - -[0m
2025-05-31 19:11:37 info: [0mGET /api/v1/event/activeevents [36m304[0m 15.843 ms - -[0m
2025-05-31 19:11:40 info: [0mGET /api/v1/event/activeevents [36m304[0m 9.744 ms - -[0m
2025-05-31 19:11:40 info: [0mGET /api/v1/event/activeevents [36m304[0m 10.572 ms - -[0m
2025-05-31 19:11:48 info: [0mOPTIONS /api/v1/event/editevent/2 [32m204[0m 0.541 ms - 0[0m
2025-05-31 19:11:48 info: [0mOPTIONS /api/v1/event/editevent/2 [32m204[0m 0.129 ms - 0[0m
2025-05-31 19:11:48 info: [0mGET /api/v1/event/editevent/2 [36m304[0m 4.896 ms - -[0m
2025-05-31 19:11:48 info: [0mGET /api/v1/event/editevent/2 [36m304[0m 5.338 ms - -[0m
2025-05-31 19:12:00 info: [0mOPTIONS /api/v1/event/activeevents [32m204[0m 0.429 ms - 0[0m
2025-05-31 19:12:00 info: [0mOPTIONS /api/v1/event/activeevents [32m204[0m 0.200 ms - 0[0m
2025-05-31 19:12:00 info: [0mGET /api/v1/event/activeevents [36m304[0m 8.574 ms - -[0m
2025-05-31 19:12:00 info: [0mGET /api/v1/event/activeevents [36m304[0m 14.501 ms - -[0m
2025-05-31 19:12:06 info: [0mOPTIONS /api/v1/event/editevent/2 [32m204[0m 1.181 ms - 0[0m
2025-05-31 19:12:06 info: [0mOPTIONS /api/v1/event/editevent/2 [32m204[0m 0.140 ms - 0[0m
2025-05-31 19:12:06 info: [0mGET /api/v1/event/editevent/2 [36m304[0m 4.656 ms - -[0m
2025-05-31 19:12:06 info: [0mGET /api/v1/event/editevent/2 [36m304[0m 4.365 ms - -[0m
2025-05-31 19:12:19 info: [0mOPTIONS /api/v1/event/activeevents [32m204[0m 3.083 ms - 0[0m
2025-05-31 19:12:19 info: [0mOPTIONS /api/v1/event/activeevents [32m204[0m 0.212 ms - 0[0m
2025-05-31 19:12:19 info: [0mGET /api/v1/event/activeevents [36m304[0m 5.811 ms - -[0m
2025-05-31 19:12:19 info: [0mGET /api/v1/event/activeevents [36m304[0m 6.904 ms - -[0m
2025-05-31 19:13:42 info: [0mOPTIONS /api/v1/event/editevent/2 [32m204[0m 0.214 ms - 0[0m
2025-05-31 19:13:42 info: [0mOPTIONS /api/v1/event/editevent/2 [32m204[0m 0.143 ms - 0[0m
2025-05-31 19:13:42 info: [0mGET /api/v1/event/editevent/2 [36m304[0m 6.209 ms - -[0m
2025-05-31 19:13:42 info: [0mGET /api/v1/event/editevent/2 [36m304[0m 5.174 ms - -[0m
2025-05-31 19:13:53 info: [0mOPTIONS /api/v1/event/activeevents [32m204[0m 0.423 ms - 0[0m
2025-05-31 19:13:53 info: [0mOPTIONS /api/v1/event/activeevents [32m204[0m 0.204 ms - 0[0m
2025-05-31 19:13:53 info: [0mGET /api/v1/event/activeevents [36m304[0m 7.357 ms - -[0m
2025-05-31 19:13:53 info: [0mGET /api/v1/event/activeevents [36m304[0m 7.362 ms - -[0m
2025-05-31 19:13:55 info: [0mOPTIONS /api/v1/event/editevent/5 [32m204[0m 0.141 ms - 0[0m
2025-05-31 19:13:55 info: [0mOPTIONS /api/v1/event/editevent/5 [32m204[0m 0.200 ms - 0[0m
2025-05-31 19:13:55 info: [0mGET /api/v1/event/editevent/5 [32m200[0m 5.847 ms - -[0m
2025-05-31 19:13:55 info: [0mGET /api/v1/event/editevent/5 [36m304[0m 5.727 ms - -[0m
2025-05-31 19:15:37 info: [0mOPTIONS /api/v1/event/editevent/5 [32m204[0m 0.230 ms - 0[0m
2025-05-31 19:15:37 info: [0mGET /api/v1/event/editevent/5 [36m304[0m 3.367 ms - -[0m
2025-05-31 19:15:54 info: [0mOPTIONS /api/v1/event/editevent/5 [32m204[0m 0.108 ms - 0[0m
2025-05-31 19:15:54 info: [0mOPTIONS /api/v1/event/editevent/5 [32m204[0m 0.113 ms - 0[0m
2025-05-31 19:15:54 info: [0mGET /api/v1/event/editevent/5 [36m304[0m 4.877 ms - -[0m
2025-05-31 19:15:54 info: [0mGET /api/v1/event/editevent/5 [36m304[0m 3.869 ms - -[0m
2025-05-31 19:20:19 info: [0mOPTIONS /api/v1/booking/activebookings [32m204[0m 0.123 ms - 0[0m
2025-05-31 19:20:19 info: [0mOPTIONS /api/v1/booking/activebookings [32m204[0m 0.136 ms - 0[0m
2025-05-31 19:20:19 info: [0mGET /api/v1/booking/activebookings [36m304[0m 8.804 ms - -[0m
2025-05-31 19:20:19 info: [0mGET /api/v1/booking/activebookings [36m304[0m 9.876 ms - -[0m
2025-05-31 19:37:15 info: [0mOPTIONS /api/v1/event/activeevents [32m204[0m 0.187 ms - 0[0m
2025-05-31 19:37:15 info: [0mOPTIONS /api/v1/event/activeevents [32m204[0m 0.228 ms - 0[0m
2025-05-31 19:37:15 info: [0mGET /api/v1/event/activeevents [36m304[0m 12.464 ms - -[0m
2025-05-31 19:37:15 info: [0mGET /api/v1/event/activeevents [36m304[0m 9.744 ms - -[0m
2025-05-31 19:37:18 info: [0mOPTIONS /api/v1/event/editevent/2 [32m204[0m 0.165 ms - 0[0m
2025-05-31 19:37:18 info: [0mOPTIONS /api/v1/event/editevent/2 [32m204[0m 0.451 ms - 0[0m
2025-05-31 19:37:18 info: [0mGET /api/v1/event/editevent/2 [36m304[0m 3.507 ms - -[0m
2025-05-31 19:37:18 info: [0mGET /api/v1/event/editevent/2 [36m304[0m 3.649 ms - -[0m
2025-05-31 19:37:35 info: [0mOPTIONS /api/v1/event/activeevents [32m204[0m 0.371 ms - 0[0m
2025-05-31 19:37:35 info: [0mOPTIONS /api/v1/event/activeevents [32m204[0m 0.277 ms - 0[0m
2025-05-31 19:37:35 info: [0mGET /api/v1/event/activeevents [36m304[0m 4.498 ms - -[0m
2025-05-31 19:37:35 info: [0mGET /api/v1/event/activeevents [36m304[0m 5.342 ms - -[0m
2025-05-31 19:37:37 info: [0mOPTIONS /api/v1/event/editevent/2 [32m204[0m 0.346 ms - 0[0m
2025-05-31 19:37:37 info: [0mOPTIONS /api/v1/event/editevent/2 [32m204[0m 0.152 ms - 0[0m
2025-05-31 19:37:37 info: [0mGET /api/v1/event/editevent/2 [36m304[0m 9.059 ms - -[0m
2025-05-31 19:37:37 info: [0mGET /api/v1/event/editevent/2 [36m304[0m 6.193 ms - -[0m
2025-05-31 19:44:21 info: 🚀 App listening on the port 8000. Current Env development.
