2025-06-15 09:38:12 info: 🚀 App listening on the port 8000. Current Env development.
2025-06-15 09:42:01 info: [0mOPTIONS /api/v1/dynamicforms/all [32m204[0m 1.467 ms - 0[0m
2025-06-15 09:42:01 info: [0mOPTIONS /api/v1/dynamicforms/all [32m204[0m 0.366 ms - 0[0m
2025-06-15 09:42:01 info: [0mGET /api/v1/dynamicforms/all [36m304[0m 100.864 ms - -[0m
2025-06-15 09:42:01 info: [0mGET /api/v1/dynamicforms/all [36m304[0m 6.382 ms - -[0m
2025-06-15 10:22:19 info: [0mOPTIONS /api/v1/users/login [32m204[0m 1.536 ms - 0[0m
2025-06-15 10:22:19 info: [0mPOST /api/v1/users/login [32m200[0m 123.499 ms - -[0m
2025-06-15 10:22:24 info: [0mOPTIONS /api/v1/dynamicforms/all [32m204[0m 0.385 ms - 0[0m
2025-06-15 10:22:24 info: [0mOPTIONS /api/v1/dynamicforms/all [32m204[0m 0.159 ms - 0[0m
2025-06-15 10:22:24 info: [0mGET /api/v1/dynamicforms/all [36m304[0m 6.021 ms - -[0m
2025-06-15 10:22:24 info: [0mGET /api/v1/dynamicforms/all [36m304[0m 12.008 ms - -[0m
2025-06-15 10:23:25 info: [0mOPTIONS /api/v1/dynamicforms/all [32m204[0m 0.233 ms - 0[0m
2025-06-15 10:23:25 info: [0mOPTIONS /api/v1/dynamicforms/all [32m204[0m 0.300 ms - 0[0m
2025-06-15 10:24:51 info: [0mOPTIONS /api/v1/dynamicforms/all [32m204[0m 0.138 ms - 0[0m
2025-06-15 10:24:51 info: [0mOPTIONS /api/v1/dynamicforms/all [32m204[0m 0.343 ms - 0[0m
2025-06-15 10:24:51 info: [0mGET /api/v1/dynamicforms/all [36m304[0m 42.173 ms - -[0m
2025-06-15 10:24:51 info: [0mGET /api/v1/dynamicforms/all [36m304[0m 9.902 ms - -[0m
2025-06-15 10:40:31 info: [0mOPTIONS /api/v1/dynamicforms/all [32m204[0m 0.310 ms - 0[0m
2025-06-15 10:40:31 info: [0mOPTIONS /api/v1/dynamicforms/all [32m204[0m 0.341 ms - 0[0m
2025-06-15 10:40:31 info: [0mGET /api/v1/dynamicforms/all [36m304[0m 10.799 ms - -[0m
2025-06-15 10:40:31 info: [0mGET /api/v1/dynamicforms/all [36m304[0m 12.475 ms - -[0m
2025-06-15 10:40:31 info: [0mGET /api/v1/dynamicforms/all [36m304[0m 17.814 ms - -[0m
2025-06-15 10:41:07 info: [0mOPTIONS /api/v1/dynamicforms/all [32m204[0m 0.255 ms - 0[0m
2025-06-15 10:41:07 info: [0mOPTIONS /api/v1/dynamicforms/all [32m204[0m 0.206 ms - 0[0m
2025-06-15 10:41:07 info: [0mGET /api/v1/dynamicforms/all [36m304[0m 5.448 ms - -[0m
2025-06-15 10:41:07 info: [0mGET /api/v1/dynamicforms/all [36m304[0m 4.011 ms - -[0m
2025-06-15 10:42:43 info: [0mOPTIONS /api/v1/event/activeevents [32m204[0m 1.673 ms - 0[0m
2025-06-15 10:42:43 info: [0mOPTIONS /api/v1/event/activeevents [32m204[0m 0.147 ms - 0[0m
2025-06-15 10:42:43 info: [0mGET /api/v1/event/activeevents [36m304[0m 29.785 ms - -[0m
2025-06-15 10:42:43 info: [0mGET /api/v1/event/activeevents [36m304[0m 12.952 ms - -[0m
2025-06-15 10:42:51 info: [0mOPTIONS /api/v1/event/editevent/14 [32m204[0m 0.289 ms - 0[0m
2025-06-15 10:42:51 info: [0mOPTIONS /api/v1/tags/geteventtags [32m204[0m 0.341 ms - 0[0m
2025-06-15 10:42:51 info: [0mOPTIONS /api/v1/event/editevent/14 [32m204[0m 0.478 ms - 0[0m
2025-06-15 10:42:51 info: [0mOPTIONS /api/v1/tags/geteventtags [32m204[0m 1.016 ms - 0[0m
2025-06-15 10:42:51 info: [0mGET /api/v1/event/editevent/14 [36m304[0m 58.834 ms - -[0m
2025-06-15 10:42:51 info: [0mGET /api/v1/tags/geteventtags [36m304[0m 114.267 ms - -[0m
2025-06-15 10:42:51 info: [0mGET /api/v1/event/editevent/14 [36m304[0m 166.587 ms - -[0m
2025-06-15 10:42:51 info: [0mGET /api/v1/tags/geteventtags [36m304[0m 88.364 ms - -[0m
2025-06-15 10:46:21 info: [0mOPTIONS /api/v1/event/editevent/14 [32m204[0m 0.625 ms - 0[0m
2025-06-15 10:46:21 info: [0mOPTIONS /api/v1/tags/geteventtags [32m204[0m 0.481 ms - 0[0m
2025-06-15 10:46:21 info: [0mGET /api/v1/tags/geteventtags [36m304[0m 8.230 ms - -[0m
2025-06-15 10:46:21 info: [0mGET /api/v1/event/editevent/14 [36m304[0m 18.519 ms - -[0m
2025-06-15 10:46:43 info: [0mOPTIONS /api/v1/event/editevent/14 [32m204[0m 0.500 ms - 0[0m
2025-06-15 10:46:43 info: [0mOPTIONS /api/v1/tags/geteventtags [32m204[0m 0.181 ms - 0[0m
2025-06-15 10:46:43 info: [0mOPTIONS /api/v1/event/editevent/14 [32m204[0m 2.882 ms - 0[0m
2025-06-15 10:46:43 info: [0mOPTIONS /api/v1/tags/geteventtags [32m204[0m 0.169 ms - 0[0m
2025-06-15 10:46:43 info: [0mGET /api/v1/event/editevent/14 [36m304[0m 38.165 ms - -[0m
2025-06-15 10:46:43 info: [0mGET /api/v1/tags/geteventtags [36m304[0m 20.974 ms - -[0m
2025-06-15 10:46:43 info: [0mGET /api/v1/event/editevent/14 [36m304[0m 63.952 ms - -[0m
2025-06-15 10:46:43 info: [0mGET /api/v1/tags/geteventtags [36m304[0m 47.472 ms - -[0m
2025-06-15 10:48:49 info: [0mOPTIONS /api/v1/event/editevent/14 [32m204[0m 1.821 ms - 0[0m
2025-06-15 10:48:49 info: [0mOPTIONS /api/v1/tags/geteventtags [32m204[0m 0.235 ms - 0[0m
2025-06-15 10:48:49 info: [0mOPTIONS /api/v1/event/editevent/14 [32m204[0m 0.220 ms - 0[0m
2025-06-15 10:48:50 info: [0mOPTIONS /api/v1/tags/geteventtags [32m204[0m 0.203 ms - 0[0m
2025-06-15 10:48:50 info: [0mGET /api/v1/tags/geteventtags [36m304[0m 16.254 ms - -[0m
2025-06-15 10:48:50 info: [0mGET /api/v1/event/editevent/14 [36m304[0m 12.217 ms - -[0m
2025-06-15 10:48:50 info: [0mGET /api/v1/event/editevent/14 [36m304[0m 38.389 ms - -[0m
2025-06-15 10:48:50 info: [0mGET /api/v1/tags/geteventtags [36m304[0m 133.013 ms - -[0m
2025-06-15 10:49:24 info: [0mOPTIONS /api/v1/event/editevent/14 [32m204[0m 0.192 ms - 0[0m
2025-06-15 10:49:24 info: [0mOPTIONS /api/v1/tags/geteventtags [32m204[0m 0.375 ms - 0[0m
2025-06-15 10:49:24 info: [0mOPTIONS /api/v1/event/editevent/14 [32m204[0m 0.325 ms - 0[0m
2025-06-15 10:49:24 info: [0mOPTIONS /api/v1/tags/geteventtags [32m204[0m 0.205 ms - 0[0m
2025-06-15 10:49:24 info: [0mGET /api/v1/event/editevent/14 [36m304[0m 74.724 ms - -[0m
2025-06-15 10:49:24 info: [0mGET /api/v1/tags/geteventtags [36m304[0m 71.786 ms - -[0m
2025-06-15 10:49:24 info: [0mGET /api/v1/tags/geteventtags [36m304[0m 139.187 ms - -[0m
2025-06-15 10:49:24 info: [0mGET /api/v1/event/editevent/14 [36m304[0m 158.127 ms - -[0m
2025-06-15 10:50:53 info: [0mOPTIONS /api/v1/event/editevent/14 [32m204[0m 0.226 ms - 0[0m
2025-06-15 10:50:53 info: [0mOPTIONS /api/v1/tags/geteventtags [32m204[0m 0.561 ms - 0[0m
2025-06-15 10:50:53 info: [0mGET /api/v1/event/editevent/14 [36m304[0m 7.962 ms - -[0m
2025-06-15 10:50:53 info: [0mGET /api/v1/tags/geteventtags [36m304[0m 6.400 ms - -[0m
2025-06-15 10:50:54 info: [0mGET /api/v1/event/editevent/14 [36m304[0m 8.364 ms - -[0m
2025-06-15 10:50:54 info: [0mGET /api/v1/tags/geteventtags [36m304[0m 6.654 ms - -[0m
2025-06-15 10:51:00 info: [0mOPTIONS /api/v1/event/editevent/14 [32m204[0m 0.182 ms - 0[0m
2025-06-15 10:51:00 info: [0mOPTIONS /api/v1/tags/geteventtags [32m204[0m 0.159 ms - 0[0m
2025-06-15 10:51:00 info: [0mOPTIONS /api/v1/event/editevent/14 [32m204[0m 0.199 ms - 0[0m
2025-06-15 10:51:00 info: [0mOPTIONS /api/v1/tags/geteventtags [32m204[0m 0.592 ms - 0[0m
2025-06-15 10:51:00 info: [0mGET /api/v1/tags/geteventtags [36m304[0m 92.922 ms - -[0m
2025-06-15 10:51:00 info: [0mGET /api/v1/event/editevent/14 [36m304[0m 125.604 ms - -[0m
2025-06-15 10:51:00 info: [0mGET /api/v1/tags/geteventtags [36m304[0m 81.065 ms - -[0m
2025-06-15 10:51:00 info: [0mGET /api/v1/event/editevent/14 [36m304[0m 86.410 ms - -[0m
2025-06-15 10:51:30 info: [0mOPTIONS /api/v1/event/editevent/14 [32m204[0m 0.198 ms - 0[0m
2025-06-15 10:51:30 info: [0mOPTIONS /api/v1/tags/geteventtags [32m204[0m 0.145 ms - 0[0m
2025-06-15 10:51:30 info: [0mOPTIONS /api/v1/event/editevent/14 [32m204[0m 0.431 ms - 0[0m
2025-06-15 10:51:30 info: [0mGET /api/v1/event/editevent/14 [36m304[0m 38.991 ms - -[0m
2025-06-15 10:51:30 info: [0mGET /api/v1/tags/geteventtags [36m304[0m 17.292 ms - -[0m
2025-06-15 10:51:30 info: [0mGET /api/v1/event/editevent/14 [36m304[0m 45.673 ms - -[0m
2025-06-15 10:51:30 info: [0mGET /api/v1/tags/geteventtags [36m304[0m 48.973 ms - -[0m
2025-06-15 10:53:25 info: [0mOPTIONS /api/v1/tags/geteventtags [32m204[0m 0.323 ms - 0[0m
2025-06-15 10:53:25 info: [0mOPTIONS /api/v1/event/editevent/14 [32m204[0m 0.191 ms - 0[0m
2025-06-15 10:53:25 info: [0mGET /api/v1/tags/geteventtags [36m304[0m 11.448 ms - -[0m
2025-06-15 10:53:25 info: [0mGET /api/v1/event/editevent/14 [36m304[0m 8.724 ms - -[0m
2025-06-15 10:53:31 info: [0mOPTIONS /api/v1/event/activeevents [32m204[0m 0.134 ms - 0[0m
2025-06-15 10:53:31 info: [0mOPTIONS /api/v1/event/activeevents [32m204[0m 0.104 ms - 0[0m
2025-06-15 10:53:31 info: [0mGET /api/v1/event/activeevents [36m304[0m 9.358 ms - -[0m
2025-06-15 10:53:31 info: [0mGET /api/v1/event/activeevents [36m304[0m 18.592 ms - -[0m
2025-06-15 10:53:34 info: [0mOPTIONS /api/v1/dynamicforms/all [32m204[0m 0.528 ms - 0[0m
2025-06-15 10:53:34 info: [0mOPTIONS /api/v1/dynamicforms/all [32m204[0m 0.431 ms - 0[0m
2025-06-15 10:53:34 info: [0mGET /api/v1/dynamicforms/all [36m304[0m 13.271 ms - -[0m
2025-06-15 10:53:34 info: [0mGET /api/v1/dynamicforms/all [36m304[0m 4.956 ms - -[0m
2025-06-15 10:54:06 info: [0mOPTIONS /api/v1/dynamicforms/all [32m204[0m 0.170 ms - 0[0m
2025-06-15 10:54:06 info: [0mOPTIONS /api/v1/dynamicforms/all [32m204[0m 0.505 ms - 0[0m
2025-06-15 10:59:41 info: [0mOPTIONS /api/v1/dynamicforms/all [32m204[0m 0.692 ms - 0[0m
2025-06-15 10:59:41 info: [0mOPTIONS /api/v1/dynamicforms/all [32m204[0m 0.143 ms - 0[0m
2025-06-15 10:59:41 info: [0mGET /api/v1/dynamicforms/all [36m304[0m 4.850 ms - -[0m
2025-06-15 10:59:41 info: [0mGET /api/v1/dynamicforms/all [36m304[0m 7.613 ms - -[0m
2025-06-15 11:00:00 info: [0mOPTIONS /api/v1/dynamicforms/all [32m204[0m 0.268 ms - 0[0m
2025-06-15 11:00:00 info: [0mOPTIONS /api/v1/dynamicforms/all [32m204[0m 0.129 ms - 0[0m
2025-06-15 11:00:00 info: [0mGET /api/v1/dynamicforms/all [36m304[0m 105.667 ms - -[0m
2025-06-15 11:00:01 info: [0mGET /api/v1/dynamicforms/all [36m304[0m 41.193 ms - -[0m
2025-06-15 11:03:19 info: [0mOPTIONS /api/v1/dynamicforms/all [32m204[0m 0.240 ms - 0[0m
2025-06-15 11:03:19 info: [0mOPTIONS /api/v1/dynamicforms/all [32m204[0m 0.286 ms - 0[0m
2025-06-15 11:03:19 info: [0mGET /api/v1/dynamicforms/all [36m304[0m 69.038 ms - -[0m
2025-06-15 11:03:19 info: [0mGET /api/v1/dynamicforms/all [36m304[0m 21.883 ms - -[0m
2025-06-15 11:09:07 info: [0mOPTIONS /api/v1/dynamicforms/all [32m204[0m 0.232 ms - 0[0m
2025-06-15 11:09:07 info: [0mOPTIONS /api/v1/dynamicforms/all [32m204[0m 0.176 ms - 0[0m
2025-06-15 11:09:07 info: [0mGET /api/v1/dynamicforms/all [36m304[0m 8.463 ms - -[0m
2025-06-15 11:09:07 info: [0mGET /api/v1/dynamicforms/all [36m304[0m 5.799 ms - -[0m
2025-06-15 11:14:37 info: [0mOPTIONS /api/v1/dynamicforms/all [32m204[0m 0.613 ms - 0[0m
2025-06-15 11:14:37 info: [0mOPTIONS /api/v1/dynamicforms/all [32m204[0m 0.334 ms - 0[0m
2025-06-15 11:20:34 info: 🚀 App listening on the port 8000. Current Env development.
2025-06-15 11:29:49 info: [0mPOST /api/v1/dynamicforms/getformbyid [32m200[0m 81.040 ms - -[0m
2025-06-15 11:31:53 info: [0mOPTIONS /api/v1/dynamicforms/getformbyid [32m204[0m 0.754 ms - 0[0m
2025-06-15 11:31:53 info: [0mPOST /api/v1/dynamicforms/getformbyid [32m200[0m 8.081 ms - 440[0m
2025-06-15 11:32:04 info: [0mOPTIONS /api/v1/dynamicforms/getformbyid [32m204[0m 0.220 ms - 0[0m
2025-06-15 11:32:04 info: [0mOPTIONS /api/v1/dynamicforms/getformbyid [32m204[0m 0.114 ms - 0[0m
2025-06-15 11:32:04 info: [0mPOST /api/v1/dynamicforms/getformbyid [32m200[0m 7.329 ms - 440[0m
2025-06-15 11:32:04 info: [0mPOST /api/v1/dynamicforms/getformbyid [32m200[0m 7.420 ms - 440[0m
2025-06-15 11:32:10 info: [0mOPTIONS /api/v1/dynamicforms/getformbyid [32m204[0m 0.389 ms - 0[0m
2025-06-15 11:32:10 info: [0mOPTIONS /api/v1/dynamicforms/getformbyid [32m204[0m 0.148 ms - 0[0m
2025-06-15 11:32:10 info: [0mPOST /api/v1/dynamicforms/getformbyid [32m200[0m 47.361 ms - 440[0m
2025-06-15 11:32:10 info: [0mPOST /api/v1/dynamicforms/getformbyid [32m200[0m 40.823 ms - 440[0m
2025-06-15 11:34:07 info: [0mOPTIONS /api/v1/dynamicforms/getformbyid [32m204[0m 0.191 ms - 0[0m
2025-06-15 11:34:07 info: [0mOPTIONS /api/v1/dynamicforms/getformbyid [32m204[0m 0.176 ms - 0[0m
2025-06-15 11:34:07 info: [0mPOST /api/v1/dynamicforms/getformbyid [32m200[0m 16.768 ms - -[0m
2025-06-15 11:34:07 info: [0mPOST /api/v1/dynamicforms/getformbyid [32m200[0m 12.836 ms - -[0m
2025-06-15 11:34:45 info: [0mOPTIONS /api/v1/dynamicforms/getformbyid [32m204[0m 0.299 ms - 0[0m
2025-06-15 11:34:45 info: [0mOPTIONS /api/v1/dynamicforms/getformbyid [32m204[0m 0.115 ms - 0[0m
2025-06-15 11:34:45 info: [0mPOST /api/v1/dynamicforms/getformbyid [32m200[0m 13.919 ms - -[0m
2025-06-15 11:34:45 info: [0mPOST /api/v1/dynamicforms/getformbyid [32m200[0m 4.643 ms - -[0m
2025-06-15 11:34:57 info: [0mOPTIONS /api/v1/dynamicforms/getformbyid [32m204[0m 0.214 ms - 0[0m
2025-06-15 11:34:57 info: [0mOPTIONS /api/v1/dynamicforms/getformbyid [32m204[0m 0.189 ms - 0[0m
2025-06-15 11:34:57 info: [0mPOST /api/v1/dynamicforms/getformbyid [32m200[0m 11.163 ms - -[0m
2025-06-15 11:34:57 info: [0mPOST /api/v1/dynamicforms/getformbyid [32m200[0m 16.462 ms - -[0m
2025-06-15 11:35:11 info: [0mOPTIONS /api/v1/dynamicforms/getformbyid [32m204[0m 0.229 ms - 0[0m
2025-06-15 11:35:11 info: [0mOPTIONS /api/v1/dynamicforms/getformbyid [32m204[0m 0.158 ms - 0[0m
2025-06-15 11:35:11 info: [0mPOST /api/v1/dynamicforms/getformbyid [32m200[0m 10.682 ms - -[0m
2025-06-15 11:35:11 info: [0mPOST /api/v1/dynamicforms/getformbyid [32m200[0m 7.726 ms - -[0m
2025-06-15 11:35:45 info: [0mOPTIONS /api/v1/dynamicforms/getformbyid [32m204[0m 0.232 ms - 0[0m
2025-06-15 11:35:45 info: [0mOPTIONS /api/v1/dynamicforms/getformbyid [32m204[0m 0.163 ms - 0[0m
2025-06-15 11:35:45 info: [0mPOST /api/v1/dynamicforms/getformbyid [32m200[0m 14.115 ms - -[0m
2025-06-15 11:35:45 info: [0mPOST /api/v1/dynamicforms/getformbyid [32m200[0m 8.194 ms - -[0m
2025-06-15 11:36:10 info: [0mOPTIONS /api/v1/dynamicforms/getformbyid [32m204[0m 0.557 ms - 0[0m
2025-06-15 11:36:10 info: [0mOPTIONS /api/v1/dynamicforms/getformbyid [32m204[0m 0.397 ms - 0[0m
2025-06-15 11:36:10 info: [0mPOST /api/v1/dynamicforms/getformbyid [32m200[0m 40.693 ms - -[0m
2025-06-15 11:36:10 info: [0mPOST /api/v1/dynamicforms/getformbyid [32m200[0m 30.653 ms - -[0m
2025-06-15 11:36:25 info: [0mOPTIONS /api/v1/dynamicforms/getformbyid [32m204[0m 0.152 ms - 0[0m
2025-06-15 11:36:25 info: [0mOPTIONS /api/v1/dynamicforms/getformbyid [32m204[0m 0.090 ms - 0[0m
2025-06-15 11:36:25 info: [0mPOST /api/v1/dynamicforms/getformbyid [32m200[0m 13.565 ms - -[0m
2025-06-15 11:36:25 info: [0mPOST /api/v1/dynamicforms/getformbyid [32m200[0m 7.178 ms - -[0m
2025-06-15 11:36:55 info: [0mOPTIONS /api/v1/tags/geteventtags [32m204[0m 0.121 ms - 0[0m
2025-06-15 11:36:55 info: [0mOPTIONS /api/v1/tags/geteventtags [32m204[0m 0.235 ms - 0[0m
2025-06-15 11:36:55 info: [0mGET /api/v1/tags/geteventtags [36m304[0m 9.094 ms - -[0m
2025-06-15 11:36:55 info: [0mGET /api/v1/tags/geteventtags [36m304[0m 5.436 ms - -[0m
2025-06-15 11:37:00 info: [0mOPTIONS /api/v1/event/activeevents [32m204[0m 0.150 ms - 0[0m
2025-06-15 11:37:00 info: [0mOPTIONS /api/v1/event/activeevents [32m204[0m 0.177 ms - 0[0m
2025-06-15 11:37:00 info: [0mGET /api/v1/event/activeevents [36m304[0m 8.112 ms - -[0m
2025-06-15 11:37:00 info: [0mGET /api/v1/event/activeevents [36m304[0m 6.487 ms - -[0m
2025-06-15 11:37:07 info: [0mOPTIONS /api/v1/event/editevent/14 [32m204[0m 0.146 ms - 0[0m
2025-06-15 11:37:07 info: [0mOPTIONS /api/v1/tags/geteventtags [32m204[0m 0.168 ms - 0[0m
2025-06-15 11:37:07 info: [0mOPTIONS /api/v1/event/editevent/14 [32m204[0m 0.365 ms - 0[0m
2025-06-15 11:37:07 info: [0mOPTIONS /api/v1/tags/geteventtags [32m204[0m 0.081 ms - 0[0m
2025-06-15 11:37:07 info: [0mGET /api/v1/event/editevent/14 [36m304[0m 15.111 ms - -[0m
2025-06-15 11:37:07 info: [0mGET /api/v1/tags/geteventtags [36m304[0m 18.146 ms - -[0m
2025-06-15 11:37:07 info: [0mGET /api/v1/event/editevent/14 [36m304[0m 9.241 ms - -[0m
2025-06-15 11:37:07 info: [0mGET /api/v1/tags/geteventtags [36m304[0m 4.169 ms - -[0m
2025-06-15 11:37:16 info: [0mOPTIONS /api/v1/event/editevent/14 [32m204[0m 0.119 ms - 0[0m
2025-06-15 11:37:16 info: [0mOPTIONS /api/v1/tags/geteventtags [32m204[0m 0.448 ms - 0[0m
2025-06-15 11:37:16 info: [0mOPTIONS /api/v1/event/editevent/14 [32m204[0m 0.087 ms - 0[0m
2025-06-15 11:37:16 info: [0mOPTIONS /api/v1/tags/geteventtags [32m204[0m 0.077 ms - 0[0m
2025-06-15 11:37:16 info: [0mGET /api/v1/tags/geteventtags [36m304[0m 10.269 ms - -[0m
2025-06-15 11:37:16 info: [0mGET /api/v1/event/editevent/14 [36m304[0m 20.558 ms - -[0m
2025-06-15 11:37:16 info: [0mGET /api/v1/tags/geteventtags [36m304[0m 9.402 ms - -[0m
2025-06-15 11:37:16 info: [0mGET /api/v1/event/editevent/14 [36m304[0m 7.255 ms - -[0m
2025-06-15 11:41:04 info: [0mOPTIONS /api/v1/dynamicforms/getformbyid [32m204[0m 0.232 ms - 0[0m
2025-06-15 11:41:04 info: [0mOPTIONS /api/v1/dynamicforms/getformbyid [32m204[0m 0.168 ms - 0[0m
2025-06-15 11:41:04 info: [0mPOST /api/v1/dynamicforms/getformbyid [32m200[0m 7.043 ms - -[0m
2025-06-15 11:41:04 info: [0mPOST /api/v1/dynamicforms/getformbyid [32m200[0m 4.193 ms - -[0m
2025-06-15 11:41:47 info: [0mOPTIONS /api/v1/event/editevent/14 [32m204[0m 0.221 ms - 0[0m
2025-06-15 11:41:47 info: [0mOPTIONS /api/v1/tags/geteventtags [32m204[0m 0.085 ms - 0[0m
2025-06-15 11:41:47 info: [0mOPTIONS /api/v1/event/editevent/14 [32m204[0m 0.143 ms - 0[0m
2025-06-15 11:41:47 info: [0mOPTIONS /api/v1/tags/geteventtags [32m204[0m 0.226 ms - 0[0m
2025-06-15 11:41:47 info: [0mGET /api/v1/event/editevent/14 [36m304[0m 10.912 ms - -[0m
2025-06-15 11:41:47 info: [0mGET /api/v1/tags/geteventtags [36m304[0m 11.127 ms - -[0m
2025-06-15 11:41:47 info: [0mGET /api/v1/event/editevent/14 [36m304[0m 13.730 ms - -[0m
2025-06-15 11:41:47 info: [0mGET /api/v1/tags/geteventtags [36m304[0m 4.725 ms - -[0m
2025-06-15 11:42:01 info: [0mOPTIONS /api/v1/dynamicforms/getformbyid [32m204[0m 0.268 ms - 0[0m
2025-06-15 11:42:01 info: [0mOPTIONS /api/v1/dynamicforms/getformbyid [32m204[0m 0.152 ms - 0[0m
2025-06-15 11:42:01 info: [0mPOST /api/v1/dynamicforms/getformbyid [32m200[0m 5.591 ms - -[0m
2025-06-15 11:42:01 info: [0mPOST /api/v1/dynamicforms/getformbyid [32m200[0m 3.634 ms - -[0m
2025-06-15 11:42:13 info: [0mOPTIONS /api/v1/dynamicforms/getformbyid [32m204[0m 0.147 ms - 0[0m
2025-06-15 11:42:13 info: [0mOPTIONS /api/v1/dynamicforms/getformbyid [32m204[0m 0.185 ms - 0[0m
2025-06-15 11:42:13 info: [0mPOST /api/v1/dynamicforms/getformbyid [32m200[0m 8.103 ms - -[0m
2025-06-15 11:42:13 info: [0mPOST /api/v1/dynamicforms/getformbyid [32m200[0m 4.333 ms - -[0m
2025-06-15 11:42:43 info: [0mOPTIONS /api/v1/dynamicforms/getformbyid [32m204[0m 0.193 ms - 0[0m
2025-06-15 11:42:43 info: [0mOPTIONS /api/v1/dynamicforms/getformbyid [32m204[0m 1.272 ms - 0[0m
2025-06-15 11:42:43 info: [0mPOST /api/v1/dynamicforms/getformbyid [32m200[0m 4.678 ms - -[0m
2025-06-15 11:42:43 info: [0mPOST /api/v1/dynamicforms/getformbyid [32m200[0m 10.948 ms - -[0m
2025-06-15 11:43:27 info: [0mOPTIONS /api/v1/dynamicforms/getformbyid [32m204[0m 0.135 ms - 0[0m
2025-06-15 11:43:27 info: [0mOPTIONS /api/v1/dynamicforms/getformbyid [32m204[0m 0.418 ms - 0[0m
2025-06-15 11:43:27 info: [0mPOST /api/v1/dynamicforms/getformbyid [32m200[0m 4.126 ms - -[0m
2025-06-15 11:43:27 info: [0mPOST /api/v1/dynamicforms/getformbyid [32m200[0m 6.745 ms - -[0m
2025-06-15 11:44:38 info: [0mOPTIONS /api/v1/dynamicforms/getformbyid [32m204[0m 0.143 ms - 0[0m
2025-06-15 11:44:38 info: [0mOPTIONS /api/v1/dynamicforms/getformbyid [32m204[0m 0.082 ms - 0[0m
2025-06-15 11:44:38 info: [0mPOST /api/v1/dynamicforms/getformbyid [32m200[0m 8.300 ms - -[0m
2025-06-15 11:44:38 info: [0mPOST /api/v1/dynamicforms/getformbyid [32m200[0m 5.054 ms - -[0m
2025-06-15 11:46:03 info: [0mOPTIONS /api/v1/dynamicforms/getformbyid [32m204[0m 0.125 ms - 0[0m
2025-06-15 11:46:03 info: [0mOPTIONS /api/v1/dynamicforms/getformbyid [32m204[0m 0.118 ms - 0[0m
2025-06-15 11:46:03 info: [0mPOST /api/v1/dynamicforms/getformbyid [32m200[0m 7.080 ms - -[0m
2025-06-15 11:46:03 info: [0mPOST /api/v1/dynamicforms/getformbyid [32m200[0m 4.092 ms - -[0m
2025-06-15 11:46:33 info: [0mOPTIONS /api/v1/dynamicforms/getformbyid [32m204[0m 0.285 ms - 0[0m
2025-06-15 11:46:33 info: [0mOPTIONS /api/v1/dynamicforms/getformbyid [32m204[0m 0.085 ms - 0[0m
2025-06-15 11:46:33 info: [0mPOST /api/v1/dynamicforms/getformbyid [32m200[0m 6.808 ms - -[0m
2025-06-15 11:46:33 info: [0mPOST /api/v1/dynamicforms/getformbyid [32m200[0m 3.571 ms - -[0m
2025-06-15 11:46:46 info: [0mOPTIONS /api/v1/dynamicforms/getformbyid [32m204[0m 0.114 ms - 0[0m
2025-06-15 11:46:46 info: [0mOPTIONS /api/v1/dynamicforms/getformbyid [32m204[0m 0.095 ms - 0[0m
2025-06-15 11:46:46 info: [0mPOST /api/v1/dynamicforms/getformbyid [32m200[0m 15.846 ms - -[0m
2025-06-15 11:46:46 info: [0mPOST /api/v1/dynamicforms/getformbyid [32m200[0m 10.229 ms - -[0m
2025-06-15 11:46:57 info: [0mOPTIONS /api/v1/dynamicforms/getformbyid [32m204[0m 0.134 ms - 0[0m
2025-06-15 11:46:57 info: [0mOPTIONS /api/v1/dynamicforms/getformbyid [32m204[0m 0.088 ms - 0[0m
2025-06-15 11:46:57 info: [0mPOST /api/v1/dynamicforms/getformbyid [32m200[0m 5.658 ms - -[0m
2025-06-15 11:46:57 info: [0mPOST /api/v1/dynamicforms/getformbyid [32m200[0m 4.000 ms - -[0m
2025-06-15 11:47:46 info: [0mOPTIONS /api/v1/dynamicforms/getformbyid [32m204[0m 0.186 ms - 0[0m
2025-06-15 11:47:46 info: [0mOPTIONS /api/v1/dynamicforms/getformbyid [32m204[0m 0.122 ms - 0[0m
2025-06-15 11:47:46 info: [0mPOST /api/v1/dynamicforms/getformbyid [32m200[0m 3.944 ms - -[0m
2025-06-15 11:47:46 info: [0mPOST /api/v1/dynamicforms/getformbyid [32m200[0m 6.513 ms - -[0m
2025-06-15 11:49:57 info: [0mOPTIONS /api/v1/dynamicforms/getformbyid [32m204[0m 0.261 ms - 0[0m
2025-06-15 11:49:57 info: [0mOPTIONS /api/v1/dynamicforms/getformbyid [32m204[0m 0.113 ms - 0[0m
2025-06-15 11:49:57 info: [0mPOST /api/v1/dynamicforms/getformbyid [32m200[0m 7.770 ms - -[0m
2025-06-15 11:49:57 info: [0mPOST /api/v1/dynamicforms/getformbyid [32m200[0m 4.728 ms - -[0m
2025-06-15 11:50:09 info: [0mOPTIONS /api/v1/dynamicforms/getformbyid [32m204[0m 0.098 ms - 0[0m
2025-06-15 11:50:09 info: [0mOPTIONS /api/v1/dynamicforms/getformbyid [32m204[0m 0.177 ms - 0[0m
2025-06-15 11:50:09 info: [0mPOST /api/v1/dynamicforms/getformbyid [32m200[0m 10.138 ms - -[0m
2025-06-15 11:50:09 info: [0mPOST /api/v1/dynamicforms/getformbyid [32m200[0m 7.084 ms - -[0m
2025-06-15 11:59:22 info: [0mOPTIONS /api/v1/event/editevent/14 [32m204[0m 0.107 ms - 0[0m
2025-06-15 11:59:22 info: [0mOPTIONS /api/v1/tags/geteventtags [32m204[0m 0.234 ms - 0[0m
2025-06-15 11:59:22 info: [0mGET /api/v1/event/editevent/14 [36m304[0m 5.663 ms - -[0m
2025-06-15 11:59:22 info: [0mGET /api/v1/tags/geteventtags [36m304[0m 4.933 ms - -[0m
2025-06-15 11:59:22 info: [0mOPTIONS /api/v1/dynamicforms/getformbyid [32m204[0m 0.112 ms - 0[0m
2025-06-15 11:59:22 info: [0mOPTIONS /api/v1/dynamicforms/getformbyid [32m204[0m 0.150 ms - 0[0m
2025-06-15 11:59:22 info: [0mPOST /api/v1/dynamicforms/getformbyid [32m200[0m 4.852 ms - -[0m
2025-06-15 11:59:22 info: [0mPOST /api/v1/dynamicforms/getformbyid [32m200[0m 6.594 ms - -[0m
2025-06-15 11:59:30 info: [0mOPTIONS /api/v1/event/editevent/14 [32m204[0m 0.128 ms - 0[0m
2025-06-15 11:59:30 info: [0mOPTIONS /api/v1/tags/geteventtags [32m204[0m 0.109 ms - 0[0m
2025-06-15 11:59:30 info: [0mOPTIONS /api/v1/tags/geteventtags [32m204[0m 0.097 ms - 0[0m
2025-06-15 11:59:30 info: [0mGET /api/v1/event/editevent/14 [36m304[0m 63.865 ms - -[0m
2025-06-15 11:59:30 info: [0mGET /api/v1/tags/geteventtags [36m304[0m 22.333 ms - -[0m
2025-06-15 11:59:30 info: [0mGET /api/v1/event/editevent/14 [36m304[0m 39.870 ms - -[0m
2025-06-15 11:59:30 info: [0mGET /api/v1/tags/geteventtags [36m304[0m 21.503 ms - -[0m
2025-06-15 12:00:24 info: [0mOPTIONS /api/v1/event/activeevents [32m204[0m 0.188 ms - 0[0m
2025-06-15 12:00:24 info: [0mOPTIONS /api/v1/event/activeevents [32m204[0m 0.232 ms - 0[0m
2025-06-15 12:00:24 info: [0mGET /api/v1/event/activeevents [36m304[0m 6.260 ms - -[0m
2025-06-15 12:00:24 info: [0mGET /api/v1/event/activeevents [36m304[0m 5.202 ms - -[0m
2025-06-15 12:00:27 info: [0mOPTIONS /api/v1/tags/geteventtags [32m204[0m 0.119 ms - 0[0m
2025-06-15 12:00:27 info: [0mOPTIONS /api/v1/tags/geteventtags [32m204[0m 0.133 ms - 0[0m
2025-06-15 12:00:27 info: [0mGET /api/v1/tags/geteventtags [36m304[0m 3.776 ms - -[0m
2025-06-15 12:00:27 info: [0mGET /api/v1/tags/geteventtags [36m304[0m 3.294 ms - -[0m
2025-06-15 12:03:38 info: [0mOPTIONS /api/v1/files/uploadtoaws [32m204[0m 0.437 ms - 0[0m
2025-06-15 12:03:39 info: [0mPOST /api/v1/files/uploadtoaws [32m200[0m 180.518 ms - 181[0m
2025-06-15 12:05:42 info: [0mOPTIONS /api/v1/files/uploadtoaws [32m204[0m 0.134 ms - 0[0m
2025-06-15 12:05:43 error: StatusCode : 500, Message : Error uploading file to S3
2025-06-15 12:05:43 info: [0mPOST /api/v1/files/uploadtoaws [31m500[0m 630.701 ms - 40[0m
2025-06-15 12:06:01 info: [0mOPTIONS /api/v1/files/uploadtoaws [32m204[0m 0.164 ms - 0[0m
2025-06-15 12:06:01 error: StatusCode : 500, Message : Error uploading file to S3
2025-06-15 12:06:01 info: [0mPOST /api/v1/files/uploadtoaws [31m500[0m 532.988 ms - 40[0m
2025-06-15 12:06:25 info: [0mOPTIONS /api/v1/files/uploadtoaws [32m204[0m 0.872 ms - 0[0m
2025-06-15 12:06:26 info: [0mPOST /api/v1/files/uploadtoaws [32m200[0m 933.518 ms - 151[0m
2025-06-15 12:13:11 info: [0mOPTIONS /api/v1/files/uploadtoaws [32m204[0m 0.216 ms - 0[0m
2025-06-15 12:13:14 info: [0mPOST /api/v1/files/uploadtoaws [32m200[0m 3922.692 ms - 223[0m
2025-06-15 12:17:54 info: [0mOPTIONS /api/v1/files/uploadtoaws [32m204[0m 2.428 ms - 0[0m
2025-06-15 12:17:54 info: [0mPOST /api/v1/files/uploadtoaws [32m200[0m 115.591 ms - 139[0m
2025-06-15 12:17:54 info: [0mPOST /api/v1/files/uploadtoaws [32m200[0m 284.421 ms - 171[0m
2025-06-15 12:17:54 info: [0mPOST /api/v1/files/uploadtoaws [32m200[0m 214.389 ms - 213[0m
2025-06-15 12:23:18 info: [0mOPTIONS /api/v1/files/uploadtoaws [32m204[0m 1.557 ms - 0[0m
2025-06-15 12:23:18 info: [0mPOST /api/v1/files/uploadtoaws [32m200[0m 181.581 ms - 147[0m
2025-06-15 12:23:28 info: [0mOPTIONS /api/v1/files/uploadtoaws [32m204[0m 0.209 ms - 0[0m
2025-06-15 12:23:28 info: [0mPOST /api/v1/files/uploadtoaws [32m200[0m 91.870 ms - 147[0m
2025-06-15 12:26:17 info: [0mOPTIONS /api/v1/event/insertevent [32m204[0m 0.116 ms - 0[0m
2025-06-15 12:26:17 info: [0mPOST /api/v1/event/insertevent [32m201[0m 28.477 ms - -[0m
2025-06-15 12:26:17 info: [0mOPTIONS /api/v1/event/activeevents [32m204[0m 0.211 ms - 0[0m
2025-06-15 12:26:17 info: [0mOPTIONS /api/v1/event/activeevents [32m204[0m 0.134 ms - 0[0m
2025-06-15 12:26:17 info: [0mGET /api/v1/event/activeevents [32m200[0m 8.881 ms - -[0m
2025-06-15 12:26:17 info: [0mGET /api/v1/event/activeevents [36m304[0m 16.532 ms - -[0m
2025-06-15 12:26:23 info: [0mOPTIONS /api/v1/event/editevent/16 [32m204[0m 0.621 ms - 0[0m
2025-06-15 12:26:23 info: [0mOPTIONS /api/v1/tags/geteventtags [32m204[0m 0.940 ms - 0[0m
2025-06-15 12:26:23 info: [0mOPTIONS /api/v1/event/editevent/16 [32m204[0m 0.134 ms - 0[0m
2025-06-15 12:26:23 info: [0mOPTIONS /api/v1/tags/geteventtags [32m204[0m 0.486 ms - 0[0m
2025-06-15 12:26:24 info: [0mGET /api/v1/tags/geteventtags [36m304[0m 32.938 ms - -[0m
2025-06-15 12:26:24 info: [0mGET /api/v1/tags/geteventtags [36m304[0m 7.349 ms - -[0m
2025-06-15 12:26:24 info: [0mGET /api/v1/event/editevent/16 [32m200[0m 52.722 ms - -[0m
2025-06-15 12:26:24 info: [0mGET /api/v1/event/editevent/16 [36m304[0m 16.716 ms - -[0m
2025-06-15 12:46:25 info: [0mOPTIONS /api/v1/dynamicforms/getformbyid [32m204[0m 0.190 ms - 0[0m
2025-06-15 12:46:25 info: [0mOPTIONS /api/v1/dynamicforms/getformbyid [32m204[0m 0.098 ms - 0[0m
2025-06-15 12:46:25 info: [0mPOST /api/v1/dynamicforms/getformbyid [32m200[0m 14.442 ms - -[0m
2025-06-15 12:46:25 info: [0mOPTIONS /api/v1/event/editevent/16 [32m204[0m 0.136 ms - 0[0m
2025-06-15 12:46:25 info: [0mPOST /api/v1/dynamicforms/getformbyid [32m200[0m 9.350 ms - -[0m
2025-06-15 12:46:25 info: [0mOPTIONS /api/v1/tags/geteventtags [32m204[0m 0.101 ms - 0[0m
2025-06-15 12:46:25 info: [0mGET /api/v1/event/editevent/16 [36m304[0m 15.507 ms - -[0m
2025-06-15 12:46:25 info: [0mGET /api/v1/tags/geteventtags [36m304[0m 7.897 ms - -[0m
2025-06-15 12:51:05 info: [0mOPTIONS /api/v1/event/editevent/16 [32m204[0m 0.220 ms - 0[0m
2025-06-15 12:51:05 info: [0mOPTIONS /api/v1/tags/geteventtags [32m204[0m 1.224 ms - 0[0m
2025-06-15 12:51:05 info: [0mOPTIONS /api/v1/event/editevent/16 [32m204[0m 0.183 ms - 0[0m
2025-06-15 12:51:05 info: [0mOPTIONS /api/v1/tags/geteventtags [32m204[0m 1.282 ms - 0[0m
2025-06-15 12:51:05 info: [0mGET /api/v1/tags/geteventtags [36m304[0m 25.940 ms - -[0m
2025-06-15 12:51:05 info: [0mGET /api/v1/event/editevent/16 [36m304[0m 12.160 ms - -[0m
2025-06-15 12:51:05 info: [0mGET /api/v1/tags/geteventtags [36m304[0m 24.492 ms - -[0m
2025-06-15 12:51:05 info: [0mGET /api/v1/event/editevent/16 [36m304[0m 11.740 ms - -[0m
2025-06-15 12:51:05 info: [0mOPTIONS /api/v1/dynamicforms/getformbyid [32m204[0m 0.097 ms - 0[0m
2025-06-15 12:51:05 info: [0mOPTIONS /api/v1/dynamicforms/getformbyid [32m204[0m 0.244 ms - 0[0m
2025-06-15 12:51:05 info: [0mPOST /api/v1/dynamicforms/getformbyid [32m200[0m 5.889 ms - -[0m
2025-06-15 12:51:05 info: [0mPOST /api/v1/dynamicforms/getformbyid [32m200[0m 6.012 ms - -[0m
2025-06-15 12:55:45 info: [0mOPTIONS /api/v1/dynamicforms/getformbyid [32m204[0m 0.454 ms - 0[0m
2025-06-15 12:55:45 info: [0mOPTIONS /api/v1/dynamicforms/getformbyid [32m204[0m 0.153 ms - 0[0m
2025-06-15 12:55:45 info: [0mPOST /api/v1/dynamicforms/getformbyid [32m200[0m 9.985 ms - -[0m
2025-06-15 12:55:45 info: [0mPOST /api/v1/dynamicforms/getformbyid [32m200[0m 14.579 ms - -[0m
2025-06-15 12:55:49 info: [0mOPTIONS /api/v1/tags/insertetag [32m204[0m 0.152 ms - 0[0m
2025-06-15 12:55:49 error: StatusCode : 400, Message : created_by must be an integer number
2025-06-15 12:55:49 info: [0mPOST /api/v1/tags/insertetag [33m400[0m 6.893 ms - 50[0m
2025-06-15 12:56:02 info: [0mOPTIONS /api/v1/tags/insertetag [32m204[0m 0.194 ms - 0[0m
2025-06-15 12:56:02 error: StatusCode : 400, Message : created_by must be an integer number
2025-06-15 12:56:02 info: [0mPOST /api/v1/tags/insertetag [33m400[0m 4.709 ms - 50[0m
2025-06-15 12:56:03 info: [0mOPTIONS /api/v1/dynamicforms/getformbyid [32m204[0m 0.816 ms - 0[0m
2025-06-15 12:56:03 info: [0mOPTIONS /api/v1/dynamicforms/getformbyid [32m204[0m 0.256 ms - 0[0m
2025-06-15 12:56:03 info: [0mPOST /api/v1/dynamicforms/getformbyid [32m200[0m 10.399 ms - -[0m
2025-06-15 12:56:03 info: [0mPOST /api/v1/dynamicforms/getformbyid [32m200[0m 4.820 ms - -[0m
2025-06-15 12:56:04 info: [0mPOST /api/v1/tags/insertetag [32m201[0m 21.437 ms - 292[0m
2025-06-15 12:56:18 info: [0mOPTIONS /api/v1/tags/insertetag [32m204[0m 0.263 ms - 0[0m
2025-06-15 12:56:18 info: [0mPOST /api/v1/tags/insertetag [32m201[0m 10.915 ms - 292[0m
2025-06-15 12:56:27 info: [0mOPTIONS /api/v1/tags/insertetag [32m204[0m 0.154 ms - 0[0m
2025-06-15 12:56:27 info: [0mPOST /api/v1/tags/insertetag [32m201[0m 9.255 ms - 302[0m
2025-06-15 12:56:45 info: [0mOPTIONS /api/v1/files/uploadtoaws [32m204[0m 0.261 ms - 0[0m
2025-06-15 12:56:46 info: [0mPOST /api/v1/files/uploadtoaws [32m200[0m 100.667 ms - 147[0m
2025-06-15 12:56:49 info: [0mOPTIONS /api/v1/event/updateevent/16 [32m204[0m 0.088 ms - 0[0m
2025-06-15 12:56:49 info: [0mPUT /api/v1/event/updateevent/16 [32m200[0m 22.192 ms - -[0m
2025-06-15 12:56:49 info: [0mOPTIONS /api/v1/event/activeevents [32m204[0m 0.131 ms - 0[0m
2025-06-15 12:56:49 info: [0mOPTIONS /api/v1/event/activeevents [32m204[0m 0.394 ms - 0[0m
2025-06-15 12:56:49 info: [0mGET /api/v1/event/activeevents [32m200[0m 8.877 ms - -[0m
2025-06-15 12:56:49 info: [0mGET /api/v1/event/activeevents [36m304[0m 13.013 ms - -[0m
2025-06-15 12:56:55 info: [0mOPTIONS /api/v1/event/editevent/16 [32m204[0m 0.143 ms - 0[0m
2025-06-15 12:56:55 info: [0mOPTIONS /api/v1/tags/geteventtags [32m204[0m 0.113 ms - 0[0m
2025-06-15 12:56:55 info: [0mOPTIONS /api/v1/event/editevent/16 [32m204[0m 0.142 ms - 0[0m
2025-06-15 12:56:55 info: [0mOPTIONS /api/v1/tags/geteventtags [32m204[0m 0.151 ms - 0[0m
2025-06-15 12:56:55 info: [0mGET /api/v1/tags/geteventtags [32m200[0m 7.018 ms - -[0m
2025-06-15 12:56:55 info: [0mGET /api/v1/event/editevent/16 [32m200[0m 9.990 ms - -[0m
2025-06-15 12:56:55 info: [0mGET /api/v1/tags/geteventtags [36m304[0m 19.126 ms - -[0m
2025-06-15 12:56:55 info: [0mGET /api/v1/event/editevent/16 [36m304[0m 20.023 ms - -[0m
2025-06-15 13:05:35 info: [0mOPTIONS /api/v1/event/editevent/16 [32m204[0m 0.342 ms - 0[0m
2025-06-15 13:05:35 info: [0mOPTIONS /api/v1/tags/geteventtags [32m204[0m 0.107 ms - 0[0m
2025-06-15 13:05:35 info: [0mOPTIONS /api/v1/event/editevent/16 [32m204[0m 0.102 ms - 0[0m
2025-06-15 13:05:35 info: [0mOPTIONS /api/v1/tags/geteventtags [32m204[0m 0.122 ms - 0[0m
2025-06-15 13:05:35 info: [0mGET /api/v1/event/editevent/16 [36m304[0m 12.254 ms - -[0m
2025-06-15 13:05:35 info: [0mGET /api/v1/tags/geteventtags [36m304[0m 17.774 ms - -[0m
2025-06-15 13:05:35 info: [0mGET /api/v1/event/editevent/16 [36m304[0m 10.770 ms - -[0m
2025-06-15 13:05:35 info: [0mGET /api/v1/tags/geteventtags [36m304[0m 9.168 ms - -[0m
2025-06-15 13:07:20 info: [0mOPTIONS /api/v1/event/editevent/16 [32m204[0m 0.111 ms - 0[0m
2025-06-15 13:07:20 info: [0mOPTIONS /api/v1/tags/geteventtags [32m204[0m 0.138 ms - 0[0m
2025-06-15 13:07:20 info: [0mOPTIONS /api/v1/event/editevent/16 [32m204[0m 0.088 ms - 0[0m
2025-06-15 13:07:20 info: [0mOPTIONS /api/v1/tags/geteventtags [32m204[0m 0.124 ms - 0[0m
2025-06-15 13:07:20 info: [0mGET /api/v1/event/editevent/16 [36m304[0m 14.730 ms - -[0m
2025-06-15 13:07:20 info: [0mGET /api/v1/tags/geteventtags [36m304[0m 37.202 ms - -[0m
2025-06-15 13:07:20 info: [0mGET /api/v1/event/editevent/16 [36m304[0m 14.952 ms - -[0m
2025-06-15 13:07:20 info: [0mGET /api/v1/tags/geteventtags [36m304[0m 10.008 ms - -[0m
2025-06-15 13:07:46 info: [0mOPTIONS /api/v1/event/updateevent/16 [32m204[0m 0.117 ms - 0[0m
2025-06-15 13:07:46 info: [0mPUT /api/v1/event/updateevent/16 [32m200[0m 4.317 ms - -[0m
2025-06-15 13:07:47 info: [0mOPTIONS /api/v1/event/activeevents [32m204[0m 0.161 ms - 0[0m
2025-06-15 13:07:47 info: [0mOPTIONS /api/v1/event/activeevents [32m204[0m 0.279 ms - 0[0m
2025-06-15 13:07:47 info: [0mGET /api/v1/event/activeevents [32m200[0m 9.689 ms - -[0m
2025-06-15 13:07:47 info: [0mGET /api/v1/event/activeevents [36m304[0m 10.230 ms - -[0m
2025-06-15 13:19:21 info: [0mOPTIONS /api/v1/dynamicforms/getformbyid [32m204[0m 0.124 ms - 0[0m
2025-06-15 13:19:21 info: [0mOPTIONS /api/v1/dynamicforms/getformbyid [32m204[0m 0.082 ms - 0[0m
2025-06-15 13:19:21 info: [0mPOST /api/v1/dynamicforms/getformbyid [32m200[0m 4.095 ms - -[0m
2025-06-15 13:19:21 info: [0mPOST /api/v1/dynamicforms/getformbyid [32m200[0m 5.439 ms - -[0m
2025-06-15 13:19:43 info: [0mOPTIONS /api/v1/dynamicforms/getformbyid [32m204[0m 0.176 ms - 0[0m
2025-06-15 13:19:43 info: [0mOPTIONS /api/v1/dynamicforms/getformbyid [32m204[0m 0.147 ms - 0[0m
2025-06-15 13:19:43 info: [0mPOST /api/v1/dynamicforms/getformbyid [32m200[0m 9.959 ms - -[0m
2025-06-15 13:19:43 info: [0mPOST /api/v1/dynamicforms/getformbyid [32m200[0m 4.607 ms - -[0m
2025-06-15 13:21:09 info: [0mOPTIONS /api/v1/dynamicforms/getformbyid [32m204[0m 0.480 ms - 0[0m
2025-06-15 13:21:09 info: [0mOPTIONS /api/v1/dynamicforms/getformbyid [32m204[0m 0.419 ms - 0[0m
2025-06-15 13:21:09 info: [0mPOST /api/v1/dynamicforms/getformbyid [32m200[0m 11.280 ms - -[0m
2025-06-15 13:21:09 info: [0mPOST /api/v1/dynamicforms/getformbyid [32m200[0m 18.003 ms - -[0m
2025-06-15 13:21:11 info: [0mOPTIONS /api/v1/event/editevent/16 [32m204[0m 0.173 ms - 0[0m
2025-06-15 13:21:11 info: [0mOPTIONS /api/v1/tags/geteventtags [32m204[0m 0.196 ms - 0[0m
2025-06-15 13:21:11 info: [0mOPTIONS /api/v1/event/editevent/16 [32m204[0m 0.168 ms - 0[0m
2025-06-15 13:21:11 info: [0mOPTIONS /api/v1/tags/geteventtags [32m204[0m 0.146 ms - 0[0m
2025-06-15 13:21:11 info: [0mGET /api/v1/tags/geteventtags [36m304[0m 8.832 ms - -[0m
2025-06-15 13:21:11 info: [0mGET /api/v1/event/editevent/16 [32m200[0m 26.120 ms - -[0m
2025-06-15 13:21:11 info: [0mGET /api/v1/tags/geteventtags [36m304[0m 11.996 ms - -[0m
2025-06-15 13:21:11 info: [0mGET /api/v1/event/editevent/16 [36m304[0m 9.075 ms - -[0m
2025-06-15 13:21:19 info: [0mOPTIONS /api/v1/event/activeevents [32m204[0m 0.147 ms - 0[0m
2025-06-15 13:21:19 info: [0mOPTIONS /api/v1/event/activeevents [32m204[0m 0.430 ms - 0[0m
2025-06-15 13:21:19 info: [0mGET /api/v1/event/activeevents [36m304[0m 10.705 ms - -[0m
2025-06-15 13:21:19 info: [0mGET /api/v1/event/activeevents [36m304[0m 5.516 ms - -[0m
2025-06-15 13:22:26 info: [0mOPTIONS /api/v1/dynamicforms/getformbyid [32m204[0m 0.185 ms - 0[0m
2025-06-15 13:22:26 info: [0mOPTIONS /api/v1/dynamicforms/getformbyid [32m204[0m 0.091 ms - 0[0m
2025-06-15 13:22:26 info: [0mPOST /api/v1/dynamicforms/getformbyid [32m200[0m 6.865 ms - -[0m
2025-06-15 13:22:26 info: [0mPOST /api/v1/dynamicforms/getformbyid [32m200[0m 4.910 ms - -[0m
2025-06-15 13:22:58 info: [0mOPTIONS /api/v1/dynamicforms/getformbyid [32m204[0m 0.154 ms - 0[0m
2025-06-15 13:22:58 info: [0mOPTIONS /api/v1/dynamicforms/getformbyid [32m204[0m 0.117 ms - 0[0m
2025-06-15 13:22:58 info: [0mPOST /api/v1/dynamicforms/getformbyid [32m200[0m 5.072 ms - -[0m
2025-06-15 13:22:58 info: [0mPOST /api/v1/dynamicforms/getformbyid [32m200[0m 3.128 ms - -[0m
2025-06-15 13:23:28 info: [0mOPTIONS /api/v1/dynamicforms/getformbyid [32m204[0m 0.133 ms - 0[0m
2025-06-15 13:23:28 info: [0mOPTIONS /api/v1/dynamicforms/getformbyid [32m204[0m 0.148 ms - 0[0m
2025-06-15 13:23:28 info: [0mPOST /api/v1/dynamicforms/getformbyid [32m200[0m 6.465 ms - -[0m
2025-06-15 13:23:28 info: [0mPOST /api/v1/dynamicforms/getformbyid [32m200[0m 3.984 ms - -[0m
2025-06-15 13:23:32 info: [0mOPTIONS /api/v1/event/editevent/16 [32m204[0m 0.200 ms - 0[0m
2025-06-15 13:23:32 info: [0mOPTIONS /api/v1/tags/geteventtags [32m204[0m 0.677 ms - 0[0m
2025-06-15 13:23:32 info: [0mOPTIONS /api/v1/event/editevent/16 [32m204[0m 1.298 ms - 0[0m
2025-06-15 13:23:32 info: [0mOPTIONS /api/v1/tags/geteventtags [32m204[0m 0.083 ms - 0[0m
2025-06-15 13:23:32 info: [0mGET /api/v1/event/editevent/16 [36m304[0m 9.820 ms - -[0m
2025-06-15 13:23:32 info: [0mGET /api/v1/tags/geteventtags [36m304[0m 7.832 ms - -[0m
2025-06-15 13:23:32 info: [0mGET /api/v1/event/editevent/16 [36m304[0m 9.647 ms - -[0m
2025-06-15 13:23:32 info: [0mGET /api/v1/tags/geteventtags [36m304[0m 8.500 ms - -[0m
2025-06-15 13:24:31 info: [0mOPTIONS /api/v1/event/editevent/16 [32m204[0m 0.193 ms - 0[0m
2025-06-15 13:24:31 info: [0mOPTIONS /api/v1/tags/geteventtags [32m204[0m 0.466 ms - 0[0m
2025-06-15 13:24:31 info: [0mOPTIONS /api/v1/event/editevent/16 [32m204[0m 0.199 ms - 0[0m
2025-06-15 13:24:31 info: [0mGET /api/v1/event/editevent/16 [36m304[0m 18.015 ms - -[0m
2025-06-15 13:24:31 info: [0mGET /api/v1/tags/geteventtags [36m304[0m 12.269 ms - -[0m
2025-06-15 13:24:31 info: [0mGET /api/v1/event/editevent/16 [36m304[0m 14.740 ms - -[0m
2025-06-15 13:24:31 info: [0mGET /api/v1/tags/geteventtags [36m304[0m 13.992 ms - -[0m
2025-06-15 13:24:51 info: [0mOPTIONS /api/v1/event/editevent/16 [32m204[0m 0.096 ms - 0[0m
2025-06-15 13:24:51 info: [0mOPTIONS /api/v1/tags/geteventtags [32m204[0m 0.084 ms - 0[0m
2025-06-15 13:24:51 info: [0mGET /api/v1/event/editevent/16 [36m304[0m 7.936 ms - -[0m
2025-06-15 13:24:51 info: [0mGET /api/v1/tags/geteventtags [36m304[0m 4.390 ms - -[0m
2025-06-15 13:24:52 info: [0mOPTIONS /api/v1/dynamicforms/getformbyid [32m204[0m 0.129 ms - 0[0m
2025-06-15 13:24:52 info: [0mOPTIONS /api/v1/dynamicforms/getformbyid [32m204[0m 0.108 ms - 0[0m
2025-06-15 13:24:52 info: [0mPOST /api/v1/dynamicforms/getformbyid [32m200[0m 9.143 ms - -[0m
2025-06-15 13:24:52 info: [0mPOST /api/v1/dynamicforms/getformbyid [32m200[0m 3.902 ms - -[0m
2025-06-15 13:25:42 info: [0mOPTIONS /api/v1/dynamicforms/getformbyid [32m204[0m 0.100 ms - 0[0m
2025-06-15 13:25:42 info: [0mOPTIONS /api/v1/dynamicforms/getformbyid [32m204[0m 0.113 ms - 0[0m
2025-06-15 13:25:42 info: [0mPOST /api/v1/dynamicforms/getformbyid [32m200[0m 5.490 ms - -[0m
2025-06-15 13:25:42 info: [0mPOST /api/v1/dynamicforms/getformbyid [32m200[0m 8.412 ms - -[0m
2025-06-15 13:25:42 info: [0mOPTIONS /api/v1/event/editevent/16 [32m204[0m 0.143 ms - 0[0m
2025-06-15 13:25:42 info: [0mOPTIONS /api/v1/tags/geteventtags [32m204[0m 0.142 ms - 0[0m
2025-06-15 13:25:42 info: [0mGET /api/v1/event/editevent/16 [36m304[0m 8.154 ms - -[0m
2025-06-15 13:25:42 info: [0mGET /api/v1/tags/geteventtags [36m304[0m 5.815 ms - -[0m
2025-06-15 13:26:17 info: [0mOPTIONS /api/v1/dynamicforms/getformbyid [32m204[0m 0.182 ms - 0[0m
2025-06-15 13:26:17 info: [0mOPTIONS /api/v1/dynamicforms/getformbyid [32m204[0m 0.603 ms - 0[0m
2025-06-15 13:26:17 info: [0mOPTIONS /api/v1/event/editevent/16 [32m204[0m 0.104 ms - 0[0m
2025-06-15 13:26:17 info: [0mOPTIONS /api/v1/tags/geteventtags [32m204[0m 0.077 ms - 0[0m
2025-06-15 13:26:17 info: [0mGET /api/v1/event/editevent/16 [36m304[0m 14.572 ms - -[0m
2025-06-15 13:26:17 info: [0mPOST /api/v1/dynamicforms/getformbyid [32m200[0m 19.929 ms - -[0m
2025-06-15 13:26:17 info: [0mGET /api/v1/tags/geteventtags [36m304[0m 13.716 ms - -[0m
2025-06-15 13:26:17 info: [0mPOST /api/v1/dynamicforms/getformbyid [32m200[0m 18.498 ms - -[0m
2025-06-15 13:26:29 info: [0mOPTIONS /api/v1/event/editevent/16 [32m204[0m 0.185 ms - 0[0m
2025-06-15 13:26:29 info: [0mOPTIONS /api/v1/tags/geteventtags [32m204[0m 0.128 ms - 0[0m
2025-06-15 13:26:29 info: [0mOPTIONS /api/v1/event/editevent/16 [32m204[0m 0.144 ms - 0[0m
2025-06-15 13:26:29 info: [0mOPTIONS /api/v1/tags/geteventtags [32m204[0m 0.149 ms - 0[0m
2025-06-15 13:26:29 info: [0mGET /api/v1/tags/geteventtags [36m304[0m 17.428 ms - -[0m
2025-06-15 13:26:29 info: [0mGET /api/v1/event/editevent/16 [36m304[0m 12.755 ms - -[0m
2025-06-15 13:26:29 info: [0mGET /api/v1/tags/geteventtags [36m304[0m 32.689 ms - -[0m
2025-06-15 13:26:29 info: [0mGET /api/v1/event/editevent/16 [36m304[0m 12.976 ms - -[0m
2025-06-15 13:30:26 info: [0mOPTIONS /api/v1/dynamicforms/getformbyid [32m204[0m 0.124 ms - 0[0m
2025-06-15 13:30:26 info: [0mOPTIONS /api/v1/dynamicforms/getformbyid [32m204[0m 0.141 ms - 0[0m
2025-06-15 13:30:26 info: [0mPOST /api/v1/dynamicforms/getformbyid [32m200[0m 8.470 ms - -[0m
2025-06-15 13:30:26 info: [0mPOST /api/v1/dynamicforms/getformbyid [32m200[0m 6.219 ms - -[0m
2025-06-15 13:30:26 info: [0mOPTIONS /api/v1/event/editevent/16 [32m204[0m 0.173 ms - 0[0m
2025-06-15 13:30:26 info: [0mOPTIONS /api/v1/tags/geteventtags [32m204[0m 0.141 ms - 0[0m
2025-06-15 13:30:26 info: [0mGET /api/v1/event/editevent/16 [36m304[0m 11.188 ms - -[0m
2025-06-15 13:30:26 info: [0mGET /api/v1/tags/geteventtags [36m304[0m 10.097 ms - -[0m
2025-06-15 13:31:30 info: [0mOPTIONS /api/v1/dynamicforms/getformbyid [32m204[0m 0.211 ms - 0[0m
2025-06-15 13:31:30 info: [0mPOST /api/v1/dynamicforms/getformbyid [32m200[0m 20.243 ms - -[0m
2025-06-15 13:31:30 info: [0mPOST /api/v1/dynamicforms/getformbyid [32m200[0m 11.841 ms - -[0m
2025-06-15 13:31:50 info: [0mOPTIONS /api/v1/event/editevent/16 [32m204[0m 0.278 ms - 0[0m
2025-06-15 13:31:50 info: [0mOPTIONS /api/v1/tags/geteventtags [32m204[0m 0.187 ms - 0[0m
2025-06-15 13:31:50 info: [0mOPTIONS /api/v1/event/editevent/16 [32m204[0m 0.217 ms - 0[0m
2025-06-15 13:31:50 info: [0mOPTIONS /api/v1/tags/geteventtags [32m204[0m 1.423 ms - 0[0m
2025-06-15 13:31:50 info: [0mGET /api/v1/event/editevent/16 [36m304[0m 44.163 ms - -[0m
2025-06-15 13:31:50 info: [0mGET /api/v1/tags/geteventtags [36m304[0m 31.000 ms - -[0m
2025-06-15 13:31:50 info: [0mGET /api/v1/event/editevent/16 [36m304[0m 21.851 ms - -[0m
2025-06-15 13:31:50 info: [0mGET /api/v1/tags/geteventtags [36m304[0m 20.318 ms - -[0m
2025-06-15 13:32:07 info: [0mOPTIONS /api/v1/event/editevent/16 [32m204[0m 0.146 ms - 0[0m
2025-06-15 13:32:07 info: [0mOPTIONS /api/v1/tags/geteventtags [32m204[0m 0.273 ms - 0[0m
2025-06-15 13:32:07 info: [0mOPTIONS /api/v1/event/editevent/16 [32m204[0m 0.791 ms - 0[0m
2025-06-15 13:32:07 info: [0mOPTIONS /api/v1/tags/geteventtags [32m204[0m 0.078 ms - 0[0m
2025-06-15 13:32:07 info: [0mGET /api/v1/event/editevent/16 [36m304[0m 21.692 ms - -[0m
2025-06-15 13:32:07 info: [0mGET /api/v1/tags/geteventtags [36m304[0m 22.829 ms - -[0m
2025-06-15 13:32:07 info: [0mGET /api/v1/event/editevent/16 [36m304[0m 10.678 ms - -[0m
2025-06-15 13:32:07 info: [0mGET /api/v1/tags/geteventtags [36m304[0m 5.618 ms - -[0m
2025-06-15 13:36:13 info: [0mOPTIONS /api/v1/event/editevent/16 [32m204[0m 0.231 ms - 0[0m
2025-06-15 13:36:13 info: [0mOPTIONS /api/v1/tags/geteventtags [32m204[0m 0.579 ms - 0[0m
2025-06-15 13:36:13 info: [0mOPTIONS /api/v1/event/editevent/16 [32m204[0m 0.409 ms - 0[0m
2025-06-15 13:36:13 info: [0mOPTIONS /api/v1/tags/geteventtags [32m204[0m 0.774 ms - 0[0m
2025-06-15 13:36:13 info: [0mGET /api/v1/event/editevent/16 [36m304[0m 11.600 ms - -[0m
2025-06-15 13:36:13 info: [0mGET /api/v1/tags/geteventtags [36m304[0m 7.852 ms - -[0m
2025-06-15 13:36:13 info: [0mGET /api/v1/tags/geteventtags [36m304[0m 12.970 ms - -[0m
2025-06-15 13:36:13 info: [0mGET /api/v1/event/editevent/16 [36m304[0m 32.366 ms - -[0m
2025-06-15 13:39:55 info: [0mOPTIONS /api/v1/dynamicforms/getformbyid [32m204[0m 0.136 ms - 0[0m
2025-06-15 13:39:55 info: [0mOPTIONS /api/v1/dynamicforms/getformbyid [32m204[0m 0.155 ms - 0[0m
2025-06-15 13:39:55 info: [0mPOST /api/v1/dynamicforms/getformbyid [32m200[0m 5.163 ms - -[0m
2025-06-15 13:39:55 info: [0mPOST /api/v1/dynamicforms/getformbyid [32m200[0m 8.394 ms - -[0m
2025-06-15 13:39:55 info: [0mOPTIONS /api/v1/event/editevent/16 [32m204[0m 0.124 ms - 0[0m
2025-06-15 13:39:55 info: [0mOPTIONS /api/v1/tags/geteventtags [32m204[0m 0.132 ms - 0[0m
2025-06-15 13:39:55 info: [0mGET /api/v1/event/editevent/16 [36m304[0m 6.729 ms - -[0m
2025-06-15 13:39:55 info: [0mGET /api/v1/tags/geteventtags [36m304[0m 4.694 ms - -[0m
2025-06-15 13:40:06 info: [0mOPTIONS /api/v1/event/editevent/16 [32m204[0m 0.206 ms - 0[0m
2025-06-15 13:40:06 info: [0mOPTIONS /api/v1/event/editevent/16 [32m204[0m 0.216 ms - 0[0m
2025-06-15 13:40:06 info: [0mOPTIONS /api/v1/tags/geteventtags [32m204[0m 0.210 ms - 0[0m
2025-06-15 13:40:06 info: [0mOPTIONS /api/v1/tags/geteventtags [32m204[0m 0.636 ms - 0[0m
2025-06-15 13:40:06 info: [0mGET /api/v1/event/editevent/16 [36m304[0m 20.064 ms - -[0m
2025-06-15 13:40:06 info: [0mGET /api/v1/tags/geteventtags [36m304[0m 10.998 ms - -[0m
2025-06-15 13:40:07 info: [0mGET /api/v1/tags/geteventtags [36m304[0m 12.182 ms - -[0m
2025-06-15 13:40:07 info: [0mGET /api/v1/event/editevent/16 [36m304[0m 23.717 ms - -[0m
2025-06-15 13:40:31 info: [0mOPTIONS /api/v1/event/editevent/16 [32m204[0m 0.387 ms - 0[0m
2025-06-15 13:40:31 info: [0mOPTIONS /api/v1/tags/geteventtags [32m204[0m 0.170 ms - 0[0m
2025-06-15 13:40:31 info: [0mGET /api/v1/event/editevent/16 [36m304[0m 10.616 ms - -[0m
2025-06-15 13:40:31 info: [0mGET /api/v1/tags/geteventtags [36m304[0m 8.625 ms - -[0m
2025-06-15 13:40:31 info: [0mOPTIONS /api/v1/dynamicforms/getformbyid [32m204[0m 0.105 ms - 0[0m
2025-06-15 13:40:31 info: [0mOPTIONS /api/v1/dynamicforms/getformbyid [32m204[0m 0.119 ms - 0[0m
2025-06-15 13:40:31 info: [0mPOST /api/v1/dynamicforms/getformbyid [32m200[0m 5.986 ms - -[0m
2025-06-15 13:40:31 info: [0mPOST /api/v1/dynamicforms/getformbyid [32m200[0m 3.559 ms - -[0m
2025-06-15 13:42:21 info: [0mOPTIONS /api/v1/dynamicforms/getformbyid [32m204[0m 0.132 ms - 0[0m
2025-06-15 13:42:21 info: [0mOPTIONS /api/v1/dynamicforms/getformbyid [32m204[0m 0.200 ms - 0[0m
2025-06-15 13:42:21 info: [0mPOST /api/v1/dynamicforms/getformbyid [32m200[0m 6.111 ms - -[0m
2025-06-15 13:42:21 info: [0mPOST /api/v1/dynamicforms/getformbyid [32m200[0m 8.991 ms - -[0m
2025-06-15 13:42:21 info: [0mOPTIONS /api/v1/event/editevent/16 [32m204[0m 0.138 ms - 0[0m
2025-06-15 13:42:21 info: [0mOPTIONS /api/v1/tags/geteventtags [32m204[0m 0.207 ms - 0[0m
2025-06-15 13:42:21 info: [0mGET /api/v1/event/editevent/16 [36m304[0m 13.118 ms - -[0m
2025-06-15 13:42:21 info: [0mGET /api/v1/tags/geteventtags [36m304[0m 8.058 ms - -[0m
2025-06-15 13:42:39 info: [0mOPTIONS /api/v1/event/editevent/16 [32m204[0m 0.130 ms - 0[0m
2025-06-15 13:42:39 info: [0mOPTIONS /api/v1/tags/geteventtags [32m204[0m 0.157 ms - 0[0m
2025-06-15 13:42:39 info: [0mGET /api/v1/event/editevent/16 [36m304[0m 10.611 ms - -[0m
2025-06-15 13:42:39 info: [0mGET /api/v1/tags/geteventtags [36m304[0m 19.757 ms - -[0m
2025-06-15 13:42:39 info: [0mOPTIONS /api/v1/dynamicforms/getformbyid [32m204[0m 0.384 ms - 0[0m
2025-06-15 13:42:39 info: [0mOPTIONS /api/v1/dynamicforms/getformbyid [32m204[0m 0.183 ms - 0[0m
2025-06-15 13:42:39 info: [0mPOST /api/v1/dynamicforms/getformbyid [32m200[0m 8.169 ms - -[0m
2025-06-15 13:42:39 info: [0mPOST /api/v1/dynamicforms/getformbyid [32m200[0m 4.120 ms - -[0m
2025-06-15 13:42:46 info: [0mOPTIONS /api/v1/event/editevent/16 [32m204[0m 0.170 ms - 0[0m
2025-06-15 13:42:46 info: [0mOPTIONS /api/v1/tags/geteventtags [32m204[0m 0.140 ms - 0[0m
2025-06-15 13:42:46 info: [0mOPTIONS /api/v1/event/editevent/16 [32m204[0m 0.154 ms - 0[0m
2025-06-15 13:42:46 info: [0mOPTIONS /api/v1/tags/geteventtags [32m204[0m 0.142 ms - 0[0m
2025-06-15 13:42:46 info: [0mGET /api/v1/event/editevent/16 [36m304[0m 11.554 ms - -[0m
2025-06-15 13:42:46 info: [0mGET /api/v1/tags/geteventtags [36m304[0m 14.980 ms - -[0m
2025-06-15 13:42:46 info: [0mGET /api/v1/event/editevent/16 [36m304[0m 11.010 ms - -[0m
2025-06-15 13:42:46 info: [0mGET /api/v1/tags/geteventtags [36m304[0m 8.984 ms - -[0m
2025-06-15 13:47:50 info: [0mOPTIONS /api/v1/dynamicforms/getformbyid [32m204[0m 0.162 ms - 0[0m
2025-06-15 13:47:50 info: [0mOPTIONS /api/v1/dynamicforms/getformbyid [32m204[0m 0.118 ms - 0[0m
2025-06-15 13:47:50 info: [0mPOST /api/v1/dynamicforms/getformbyid [32m200[0m 9.414 ms - -[0m
2025-06-15 13:47:50 info: [0mPOST /api/v1/dynamicforms/getformbyid [32m200[0m 4.479 ms - -[0m
2025-06-15 13:48:08 info: [0mOPTIONS /api/v1/dynamicforms/getformbyid [32m204[0m 0.238 ms - 0[0m
2025-06-15 13:48:08 info: [0mOPTIONS /api/v1/dynamicforms/getformbyid [32m204[0m 0.120 ms - 0[0m
2025-06-15 13:48:08 info: [0mPOST /api/v1/dynamicforms/getformbyid [32m200[0m 11.039 ms - -[0m
2025-06-15 13:48:08 info: [0mPOST /api/v1/dynamicforms/getformbyid [32m200[0m 5.296 ms - -[0m
2025-06-15 13:53:11 info: [0mOPTIONS /api/v1/event/editevent/16 [32m204[0m 0.591 ms - 0[0m
2025-06-15 13:53:11 info: [0mOPTIONS /api/v1/tags/geteventtags [32m204[0m 0.573 ms - 0[0m
2025-06-15 13:53:11 info: [0mOPTIONS /api/v1/tags/geteventtags [32m204[0m 0.250 ms - 0[0m
2025-06-15 13:53:11 info: [0mOPTIONS /api/v1/event/editevent/16 [32m204[0m 0.163 ms - 0[0m
2025-06-15 13:53:11 info: [0mGET /api/v1/tags/geteventtags [36m304[0m 6.958 ms - -[0m
2025-06-15 13:53:11 info: [0mGET /api/v1/event/editevent/16 [32m200[0m 12.587 ms - -[0m
2025-06-15 13:53:11 info: [0mGET /api/v1/tags/geteventtags [36m304[0m 12.775 ms - -[0m
2025-06-15 13:53:11 info: [0mGET /api/v1/event/editevent/16 [36m304[0m 10.264 ms - -[0m
2025-06-15 13:54:04 info: [0mOPTIONS /api/v1/dynamicforms/getformbyid [32m204[0m 0.120 ms - 0[0m
2025-06-15 13:54:04 info: [0mOPTIONS /api/v1/dynamicforms/getformbyid [32m204[0m 0.137 ms - 0[0m
2025-06-15 13:54:04 info: [0mPOST /api/v1/dynamicforms/getformbyid [32m200[0m 3.657 ms - -[0m
2025-06-15 13:54:04 info: [0mPOST /api/v1/dynamicforms/getformbyid [32m200[0m 6.216 ms - -[0m
2025-06-15 13:55:47 info: [0mOPTIONS /api/v1/dynamicforms/getformbyid [32m204[0m 0.269 ms - 0[0m
2025-06-15 13:55:47 info: [0mOPTIONS /api/v1/dynamicforms/getformbyid [32m204[0m 0.167 ms - 0[0m
2025-06-15 13:55:47 info: [0mPOST /api/v1/dynamicforms/getformbyid [32m200[0m 10.374 ms - -[0m
2025-06-15 13:55:47 info: [0mPOST /api/v1/dynamicforms/getformbyid [32m200[0m 5.649 ms - -[0m
2025-06-15 13:56:13 info: [0mOPTIONS /api/v1/dynamicforms/getformbyid [32m204[0m 0.215 ms - 0[0m
2025-06-15 13:56:13 info: [0mOPTIONS /api/v1/dynamicforms/getformbyid [32m204[0m 0.143 ms - 0[0m
2025-06-15 13:56:13 info: [0mPOST /api/v1/dynamicforms/getformbyid [32m200[0m 8.337 ms - -[0m
2025-06-15 13:56:13 info: [0mPOST /api/v1/dynamicforms/getformbyid [32m200[0m 11.137 ms - -[0m
2025-06-15 13:57:05 info: [0mOPTIONS /api/v1/dynamicforms/getformbyid [32m204[0m 0.122 ms - 0[0m
2025-06-15 13:57:05 info: [0mOPTIONS /api/v1/dynamicforms/getformbyid [32m204[0m 0.146 ms - 0[0m
2025-06-15 13:57:05 info: [0mPOST /api/v1/dynamicforms/getformbyid [32m200[0m 5.745 ms - -[0m
2025-06-15 13:57:05 info: [0mPOST /api/v1/dynamicforms/getformbyid [32m200[0m 3.688 ms - -[0m
2025-06-15 13:57:48 info: [0mOPTIONS /api/v1/dynamicforms/getformbyid [32m204[0m 0.146 ms - 0[0m
2025-06-15 13:57:48 info: [0mOPTIONS /api/v1/dynamicforms/getformbyid [32m204[0m 0.152 ms - 0[0m
2025-06-15 13:57:48 info: [0mPOST /api/v1/dynamicforms/getformbyid [32m200[0m 6.340 ms - -[0m
2025-06-15 13:57:48 info: [0mPOST /api/v1/dynamicforms/getformbyid [32m200[0m 4.635 ms - -[0m
2025-06-15 13:58:05 info: [0mOPTIONS /api/v1/dynamicforms/getformbyid [32m204[0m 0.202 ms - 0[0m
2025-06-15 13:58:05 info: [0mOPTIONS /api/v1/dynamicforms/getformbyid [32m204[0m 0.126 ms - 0[0m
2025-06-15 13:58:05 info: [0mPOST /api/v1/dynamicforms/getformbyid [32m200[0m 4.171 ms - -[0m
2025-06-15 13:58:05 info: [0mPOST /api/v1/dynamicforms/getformbyid [32m200[0m 8.225 ms - -[0m
2025-06-15 13:59:03 info: [0mOPTIONS /api/v1/dynamicforms/getformbyid [32m204[0m 0.110 ms - 0[0m
2025-06-15 13:59:03 info: [0mOPTIONS /api/v1/dynamicforms/getformbyid [32m204[0m 0.118 ms - 0[0m
2025-06-15 13:59:03 info: [0mPOST /api/v1/dynamicforms/getformbyid [32m200[0m 3.941 ms - -[0m
2025-06-15 13:59:03 info: [0mPOST /api/v1/dynamicforms/getformbyid [32m200[0m 7.286 ms - -[0m
2025-06-15 13:59:07 info: [0mPOST /api/v1/dynamicforms/getformbyid [32m200[0m 9.946 ms - -[0m
2025-06-15 13:59:07 info: [0mPOST /api/v1/dynamicforms/getformbyid [32m200[0m 5.294 ms - -[0m
2025-06-15 14:00:05 info: [0mOPTIONS /api/v1/dynamicforms/getformbyid [32m204[0m 0.182 ms - 0[0m
2025-06-15 14:00:05 info: [0mOPTIONS /api/v1/dynamicforms/getformbyid [32m204[0m 0.163 ms - 0[0m
2025-06-15 14:00:05 info: [0mPOST /api/v1/dynamicforms/getformbyid [32m200[0m 6.421 ms - -[0m
2025-06-15 14:00:05 info: [0mPOST /api/v1/dynamicforms/getformbyid [32m200[0m 4.247 ms - -[0m
2025-06-15 14:00:12 info: [0mOPTIONS /api/v1/event/updateevent/16 [32m204[0m 0.102 ms - 0[0m
2025-06-15 14:00:12 info: [0mPUT /api/v1/event/updateevent/16 [32m200[0m 8.307 ms - -[0m
2025-06-15 14:00:12 info: [0mOPTIONS /api/v1/event/activeevents [32m204[0m 0.124 ms - 0[0m
2025-06-15 14:00:12 info: [0mOPTIONS /api/v1/event/activeevents [32m204[0m 0.399 ms - 0[0m
2025-06-15 14:00:12 info: [0mGET /api/v1/event/activeevents [32m200[0m 6.314 ms - -[0m
2025-06-15 14:00:12 info: [0mGET /api/v1/event/activeevents [36m304[0m 5.949 ms - -[0m
2025-06-15 15:07:42 info: [0mOPTIONS /api/v1/event/editevent/16 [32m204[0m 0.157 ms - 0[0m
2025-06-15 15:07:42 info: [0mOPTIONS /api/v1/tags/geteventtags [32m204[0m 0.083 ms - 0[0m
2025-06-15 15:07:42 info: [0mOPTIONS /api/v1/event/editevent/16 [32m204[0m 0.079 ms - 0[0m
2025-06-15 15:07:42 info: [0mOPTIONS /api/v1/tags/geteventtags [32m204[0m 0.068 ms - 0[0m
2025-06-15 15:07:42 info: [0mGET /api/v1/tags/geteventtags [36m304[0m 4.021 ms - -[0m
2025-06-15 15:07:42 info: [0mGET /api/v1/event/editevent/16 [32m200[0m 6.006 ms - -[0m
2025-06-15 15:07:42 info: [0mGET /api/v1/tags/geteventtags [36m304[0m 9.939 ms - -[0m
2025-06-15 15:07:42 info: [0mGET /api/v1/event/editevent/16 [36m304[0m 10.466 ms - -[0m
2025-06-15 15:16:03 info: [0mOPTIONS /api/v1/event/editevent/16 [32m204[0m 0.126 ms - 0[0m
2025-06-15 15:16:03 info: [0mOPTIONS /api/v1/tags/geteventtags [32m204[0m 0.157 ms - 0[0m
2025-06-15 15:16:03 info: [0mOPTIONS /api/v1/event/editevent/16 [32m204[0m 0.189 ms - 0[0m
2025-06-15 15:16:03 info: [0mOPTIONS /api/v1/tags/geteventtags [32m204[0m 0.131 ms - 0[0m
2025-06-15 15:16:03 info: [0mGET /api/v1/event/editevent/16 [36m304[0m 13.647 ms - -[0m
2025-06-15 15:16:03 info: [0mGET /api/v1/tags/geteventtags [36m304[0m 8.428 ms - -[0m
2025-06-15 15:16:03 info: [0mGET /api/v1/event/editevent/16 [36m304[0m 18.989 ms - -[0m
2025-06-15 15:16:03 info: [0mGET /api/v1/tags/geteventtags [36m304[0m 12.582 ms - -[0m
2025-06-15 15:19:20 info: [0mOPTIONS /api/v1/event/activeevents [32m204[0m 0.347 ms - 0[0m
2025-06-15 15:19:20 info: [0mOPTIONS /api/v1/event/activeevents [32m204[0m 0.176 ms - 0[0m
2025-06-15 15:19:20 info: [0mGET /api/v1/event/activeevents [36m304[0m 9.438 ms - -[0m
2025-06-15 15:19:20 info: [0mGET /api/v1/event/activeevents [36m304[0m 9.851 ms - -[0m
2025-06-15 15:19:22 info: [0mOPTIONS /api/v1/tags/geteventtags [32m204[0m 0.160 ms - 0[0m
2025-06-15 15:19:22 info: [0mOPTIONS /api/v1/tags/geteventtags [32m204[0m 0.527 ms - 0[0m
2025-06-15 15:19:22 info: [0mGET /api/v1/tags/geteventtags [36m304[0m 6.136 ms - -[0m
2025-06-15 15:19:22 info: [0mGET /api/v1/tags/geteventtags [36m304[0m 20.683 ms - -[0m
2025-06-15 15:22:03 info: [0mOPTIONS /api/v1/tags/geteventtags [32m204[0m 0.408 ms - 0[0m
2025-06-15 15:22:03 info: [0mOPTIONS /api/v1/tags/geteventtags [32m204[0m 0.318 ms - 0[0m
2025-06-15 15:22:03 info: [0mGET /api/v1/tags/geteventtags [36m304[0m 22.794 ms - -[0m
2025-06-15 15:22:03 info: [0mGET /api/v1/tags/geteventtags [36m304[0m 7.539 ms - -[0m
2025-06-15 15:28:12 info: [0mOPTIONS /api/v1/event/activeevents [32m204[0m 0.190 ms - 0[0m
2025-06-15 15:28:12 info: [0mOPTIONS /api/v1/event/activeevents [32m204[0m 0.175 ms - 0[0m
2025-06-15 15:28:12 info: [0mGET /api/v1/event/activeevents [36m304[0m 21.271 ms - -[0m
2025-06-15 15:28:12 info: [0mGET /api/v1/event/activeevents [36m304[0m 14.707 ms - -[0m
2025-06-15 15:28:56 info: [0mOPTIONS /api/v1/event/editevent/16 [32m204[0m 0.138 ms - 0[0m
2025-06-15 15:28:57 info: [0mOPTIONS /api/v1/tags/geteventtags [32m204[0m 0.287 ms - 0[0m
2025-06-15 15:28:57 info: [0mOPTIONS /api/v1/event/editevent/16 [32m204[0m 0.226 ms - 0[0m
2025-06-15 15:28:57 info: [0mOPTIONS /api/v1/tags/geteventtags [32m204[0m 0.375 ms - 0[0m
2025-06-15 15:28:57 info: [0mGET /api/v1/event/editevent/16 [36m304[0m 84.600 ms - -[0m
2025-06-15 15:28:57 info: [0mGET /api/v1/tags/geteventtags [36m304[0m 38.456 ms - -[0m
2025-06-15 15:28:57 info: [0mGET /api/v1/event/editevent/16 [36m304[0m 30.506 ms - -[0m
2025-06-15 15:28:57 info: [0mGET /api/v1/tags/geteventtags [36m304[0m 12.593 ms - -[0m
2025-06-15 15:29:36 info: [0mOPTIONS /api/v1/event/editevent/16 [32m204[0m 0.132 ms - 0[0m
2025-06-15 15:29:36 info: [0mOPTIONS /api/v1/tags/geteventtags [32m204[0m 0.119 ms - 0[0m
2025-06-15 15:29:36 info: [0mGET /api/v1/event/editevent/16 [36m304[0m 6.215 ms - -[0m
2025-06-15 15:29:36 info: [0mGET /api/v1/tags/geteventtags [36m304[0m 6.381 ms - -[0m
2025-06-15 15:29:41 info: [0mGET /api/v1/event/editevent/16 [36m304[0m 26.813 ms - -[0m
2025-06-15 15:29:41 info: [0mGET /api/v1/tags/geteventtags [36m304[0m 21.063 ms - -[0m
2025-06-15 15:29:41 info: [0mGET /api/v1/event/editevent/16 [36m304[0m 14.077 ms - -[0m
2025-06-15 15:29:41 info: [0mGET /api/v1/tags/geteventtags [36m304[0m 7.619 ms - -[0m
2025-06-15 15:39:08 info: [0mOPTIONS /api/v1/event/editevent/16 [32m204[0m 1.672 ms - 0[0m
2025-06-15 15:39:08 info: [0mOPTIONS /api/v1/tags/geteventtags [32m204[0m 0.161 ms - 0[0m
2025-06-15 15:39:08 info: [0mGET /api/v1/event/editevent/16 [36m304[0m 22.095 ms - -[0m
2025-06-15 15:39:08 info: [0mGET /api/v1/tags/geteventtags [36m304[0m 14.804 ms - -[0m
2025-06-15 15:40:37 info: [0mOPTIONS /api/v1/event/updateevent/16 [32m204[0m 0.117 ms - 0[0m
2025-06-15 15:40:37 info: [0mPUT /api/v1/event/updateevent/16 [32m200[0m 20.772 ms - -[0m
2025-06-15 15:40:37 info: [0mOPTIONS /api/v1/event/activeevents [32m204[0m 0.196 ms - 0[0m
2025-06-15 15:40:37 info: [0mOPTIONS /api/v1/event/activeevents [32m204[0m 0.103 ms - 0[0m
2025-06-15 15:40:37 info: [0mGET /api/v1/event/activeevents [32m200[0m 6.273 ms - -[0m
2025-06-15 15:40:37 info: [0mGET /api/v1/event/activeevents [36m304[0m 13.767 ms - -[0m
2025-06-15 15:40:45 info: [0mOPTIONS /api/v1/event/editevent/16 [32m204[0m 0.338 ms - 0[0m
2025-06-15 15:40:45 info: [0mOPTIONS /api/v1/event/editevent/16 [32m204[0m 0.172 ms - 0[0m
2025-06-15 15:40:45 info: [0mOPTIONS /api/v1/tags/geteventtags [32m204[0m 0.338 ms - 0[0m
2025-06-15 15:40:45 info: [0mOPTIONS /api/v1/tags/geteventtags [32m204[0m 0.262 ms - 0[0m
2025-06-15 15:40:45 info: [0mGET /api/v1/tags/geteventtags [36m304[0m 14.165 ms - -[0m
2025-06-15 15:40:45 info: [0mGET /api/v1/event/editevent/16 [32m200[0m 15.870 ms - -[0m
2025-06-15 15:40:45 info: [0mGET /api/v1/tags/geteventtags [36m304[0m 17.035 ms - -[0m
2025-06-15 15:40:45 info: [0mGET /api/v1/event/editevent/16 [36m304[0m 12.399 ms - -[0m
2025-06-15 15:41:37 info: [0mOPTIONS /api/v1/event/updateevent/16 [32m204[0m 0.112 ms - 0[0m
2025-06-15 15:41:37 info: [0mPUT /api/v1/event/updateevent/16 [32m200[0m 12.187 ms - -[0m
2025-06-15 15:41:38 info: [0mOPTIONS /api/v1/event/activeevents [32m204[0m 0.287 ms - 0[0m
2025-06-15 15:41:38 info: [0mOPTIONS /api/v1/event/activeevents [32m204[0m 0.166 ms - 0[0m
2025-06-15 15:41:38 info: [0mGET /api/v1/event/activeevents [32m200[0m 5.869 ms - -[0m
2025-06-15 15:41:38 info: [0mGET /api/v1/event/activeevents [36m304[0m 9.805 ms - -[0m
2025-06-15 15:41:42 info: [0mOPTIONS /api/v1/event/editevent/16 [32m204[0m 0.632 ms - 0[0m
2025-06-15 15:41:42 info: [0mOPTIONS /api/v1/tags/geteventtags [32m204[0m 0.165 ms - 0[0m
2025-06-15 15:41:42 info: [0mOPTIONS /api/v1/event/editevent/16 [32m204[0m 0.312 ms - 0[0m
2025-06-15 15:41:42 info: [0mOPTIONS /api/v1/tags/geteventtags [32m204[0m 0.098 ms - 0[0m
2025-06-15 15:41:42 info: [0mGET /api/v1/tags/geteventtags [36m304[0m 37.646 ms - -[0m
2025-06-15 15:41:42 info: [0mGET /api/v1/event/editevent/16 [32m200[0m 47.183 ms - -[0m
2025-06-15 15:41:42 info: [0mGET /api/v1/tags/geteventtags [36m304[0m 26.907 ms - -[0m
2025-06-15 15:41:42 info: [0mGET /api/v1/event/editevent/16 [36m304[0m 22.806 ms - -[0m
2025-06-15 15:59:24 info: [0mOPTIONS /api/v1/event/editevent/16 [32m204[0m 0.165 ms - 0[0m
2025-06-15 15:59:24 info: [0mOPTIONS /api/v1/tags/geteventtags [32m204[0m 0.405 ms - 0[0m
2025-06-15 15:59:24 info: [0mGET /api/v1/event/editevent/16 [36m304[0m 45.205 ms - -[0m
2025-06-15 15:59:24 info: [0mGET /api/v1/tags/geteventtags [36m304[0m 44.752 ms - -[0m
2025-06-15 16:55:47 info: [0mOPTIONS /api/v1/event/editevent/16 [32m204[0m 0.241 ms - 0[0m
2025-06-15 16:55:47 info: [0mOPTIONS /api/v1/event/editevent/16 [32m204[0m 0.268 ms - 0[0m
2025-06-15 16:55:47 info: [0mOPTIONS /api/v1/tags/geteventtags [32m204[0m 0.170 ms - 0[0m
2025-06-15 16:55:47 info: [0mOPTIONS /api/v1/tags/geteventtags [32m204[0m 0.124 ms - 0[0m
2025-06-15 16:55:47 info: [0mGET /api/v1/event/editevent/16 [36m304[0m 50.341 ms - -[0m
2025-06-15 16:55:47 info: [0mGET /api/v1/tags/geteventtags [36m304[0m 53.119 ms - -[0m
2025-06-15 16:55:47 info: [0mGET /api/v1/event/editevent/16 [36m304[0m 5.872 ms - -[0m
2025-06-15 16:55:47 info: [0mGET /api/v1/tags/geteventtags [36m304[0m 3.520 ms - -[0m
2025-06-15 16:55:56 info: [0mOPTIONS /api/v1/event/editevent/16 [32m204[0m 0.186 ms - 0[0m
2025-06-15 16:55:56 info: [0mOPTIONS /api/v1/tags/geteventtags [32m204[0m 0.134 ms - 0[0m
2025-06-15 16:55:56 info: [0mOPTIONS /api/v1/event/editevent/16 [32m204[0m 0.114 ms - 0[0m
2025-06-15 16:55:56 info: [0mOPTIONS /api/v1/tags/geteventtags [32m204[0m 0.090 ms - 0[0m
2025-06-15 16:55:56 info: [0mGET /api/v1/event/editevent/16 [36m304[0m 11.635 ms - -[0m
2025-06-15 16:55:56 info: [0mGET /api/v1/tags/geteventtags [36m304[0m 9.127 ms - -[0m
2025-06-15 16:55:56 info: [0mGET /api/v1/event/editevent/16 [36m304[0m 11.797 ms - -[0m
2025-06-15 16:55:56 info: [0mGET /api/v1/tags/geteventtags [36m304[0m 8.301 ms - -[0m
2025-06-15 16:56:13 info: [0mOPTIONS /api/v1/event/activeevents [32m204[0m 0.182 ms - 0[0m
2025-06-15 16:56:13 info: [0mOPTIONS /api/v1/event/activeevents [32m204[0m 0.116 ms - 0[0m
2025-06-15 16:56:13 info: [0mGET /api/v1/event/activeevents [36m304[0m 11.897 ms - -[0m
2025-06-15 16:56:13 info: [0mGET /api/v1/event/activeevents [36m304[0m 7.014 ms - -[0m
2025-06-15 16:56:15 info: [0mOPTIONS /api/v1/tags/geteventtags [32m204[0m 0.322 ms - 0[0m
2025-06-15 16:56:15 info: [0mOPTIONS /api/v1/tags/geteventtags [32m204[0m 0.150 ms - 0[0m
2025-06-15 16:56:15 info: [0mGET /api/v1/tags/geteventtags [36m304[0m 7.112 ms - -[0m
2025-06-15 16:56:15 info: [0mGET /api/v1/tags/geteventtags [36m304[0m 8.062 ms - -[0m
2025-06-15 16:57:30 info: [0mOPTIONS /api/v1/event/activeevents [32m204[0m 0.393 ms - 0[0m
2025-06-15 16:57:30 info: [0mOPTIONS /api/v1/event/activeevents [32m204[0m 0.280 ms - 0[0m
2025-06-15 16:57:30 info: [0mGET /api/v1/event/activeevents [36m304[0m 11.025 ms - -[0m
2025-06-15 16:57:30 info: [0mGET /api/v1/event/activeevents [36m304[0m 7.639 ms - -[0m
2025-06-15 16:57:32 info: [0mOPTIONS /api/v1/dynamicforms/all [32m204[0m 0.700 ms - 0[0m
2025-06-15 16:57:32 info: [0mOPTIONS /api/v1/dynamicforms/all [32m204[0m 0.167 ms - 0[0m
2025-06-15 16:57:32 info: [0mGET /api/v1/dynamicforms/all [36m304[0m 26.243 ms - -[0m
2025-06-15 16:57:32 info: [0mGET /api/v1/dynamicforms/all [36m304[0m 7.318 ms - -[0m
2025-06-15 16:57:37 info: [0mOPTIONS /api/v1/dynamicforms/getformbyid [32m204[0m 0.525 ms - 0[0m
2025-06-15 16:57:37 info: [0mOPTIONS /api/v1/dynamicforms/getformbyid [32m204[0m 0.152 ms - 0[0m
2025-06-15 16:57:37 info: [0mPOST /api/v1/dynamicforms/getformbyid [32m200[0m 20.045 ms - 440[0m
2025-06-15 16:57:37 info: [0mPOST /api/v1/dynamicforms/getformbyid [32m200[0m 10.163 ms - 440[0m
2025-06-15 16:58:24 info: [0mOPTIONS /api/v1/dynamicforms/getformbyid [32m204[0m 0.097 ms - 0[0m
2025-06-15 16:58:24 info: [0mOPTIONS /api/v1/dynamicforms/getformbyid [32m204[0m 0.074 ms - 0[0m
2025-06-15 16:58:24 info: [0mPOST /api/v1/dynamicforms/getformbyid [32m200[0m 8.020 ms - -[0m
2025-06-15 16:58:24 info: [0mPOST /api/v1/dynamicforms/getformbyid [32m200[0m 10.397 ms - -[0m
2025-06-15 17:32:39 info: [0mOPTIONS /api/v1/dynamicforms/all [32m204[0m 0.353 ms - 0[0m
2025-06-15 17:32:39 info: [0mOPTIONS /api/v1/dynamicforms/all [32m204[0m 0.093 ms - 0[0m
2025-06-15 17:32:39 info: [0mGET /api/v1/dynamicforms/all [36m304[0m 3.910 ms - -[0m
2025-06-15 17:32:39 info: [0mGET /api/v1/dynamicforms/all [36m304[0m 3.475 ms - -[0m
2025-06-15 17:32:42 info: [0mOPTIONS /api/v1/event/activeevents [32m204[0m 0.164 ms - 0[0m
2025-06-15 17:32:42 info: [0mOPTIONS /api/v1/event/activeevents [32m204[0m 0.115 ms - 0[0m
2025-06-15 17:32:42 info: [0mGET /api/v1/event/activeevents [36m304[0m 6.269 ms - -[0m
2025-06-15 17:32:42 info: [0mGET /api/v1/event/activeevents [36m304[0m 4.173 ms - -[0m
2025-06-15 17:32:45 info: [0mOPTIONS /api/v1/event/editevent/16 [32m204[0m 0.756 ms - 0[0m
2025-06-15 17:32:45 info: [0mOPTIONS /api/v1/tags/geteventtags [32m204[0m 0.254 ms - 0[0m
2025-06-15 17:32:45 info: [0mOPTIONS /api/v1/event/editevent/16 [32m204[0m 0.094 ms - 0[0m
2025-06-15 17:32:45 info: [0mOPTIONS /api/v1/tags/geteventtags [32m204[0m 0.104 ms - 0[0m
2025-06-15 17:32:45 info: [0mGET /api/v1/event/editevent/16 [36m304[0m 25.949 ms - -[0m
2025-06-15 17:32:45 info: [0mGET /api/v1/tags/geteventtags [36m304[0m 22.601 ms - -[0m
2025-06-15 17:32:45 info: [0mGET /api/v1/event/editevent/16 [36m304[0m 8.162 ms - -[0m
2025-06-15 17:32:45 info: [0mGET /api/v1/tags/geteventtags [36m304[0m 7.462 ms - -[0m
2025-06-15 17:32:56 info: [0mOPTIONS /api/v1/dynamicforms/all [32m204[0m 0.112 ms - 0[0m
2025-06-15 17:32:56 info: [0mOPTIONS /api/v1/dynamicforms/all [32m204[0m 0.125 ms - 0[0m
2025-06-15 17:32:56 info: [0mGET /api/v1/dynamicforms/all [36m304[0m 11.559 ms - -[0m
2025-06-15 17:32:56 info: [0mGET /api/v1/dynamicforms/all [36m304[0m 3.745 ms - -[0m
2025-06-15 17:33:23 info: [0mOPTIONS /api/v1/dynamicforms/getformbyid [32m204[0m 0.094 ms - 0[0m
2025-06-15 17:33:23 info: [0mOPTIONS /api/v1/dynamicforms/getformbyid [32m204[0m 0.095 ms - 0[0m
2025-06-15 17:33:23 info: [0mPOST /api/v1/dynamicforms/getformbyid [32m200[0m 11.267 ms - -[0m
2025-06-15 17:33:23 info: [0mPOST /api/v1/dynamicforms/getformbyid [32m200[0m 15.852 ms - -[0m
2025-06-15 17:33:46 info: [0mOPTIONS /api/v1/dynamicforms/getformbyid [32m204[0m 0.147 ms - 0[0m
2025-06-15 17:33:46 info: [0mOPTIONS /api/v1/dynamicforms/getformbyid [32m204[0m 0.117 ms - 0[0m
2025-06-15 17:33:46 info: [0mPOST /api/v1/dynamicforms/getformbyid [32m200[0m 5.311 ms - -[0m
2025-06-15 17:33:46 info: [0mPOST /api/v1/dynamicforms/getformbyid [32m200[0m 8.418 ms - -[0m
2025-06-15 17:33:46 info: [0mPOST /api/v1/dynamicforms/getformbyid [32m200[0m 8.724 ms - 440[0m
2025-06-15 17:33:46 info: [0mPOST /api/v1/dynamicforms/getformbyid [32m200[0m 5.529 ms - 440[0m
2025-06-15 18:15:15 info: [0mOPTIONS /api/v1/dynamicforms/getformbyid [32m204[0m 0.212 ms - 0[0m
2025-06-15 18:15:15 info: [0mOPTIONS /api/v1/dynamicforms/getformbyid [32m204[0m 0.172 ms - 0[0m
2025-06-15 18:15:15 info: [0mOPTIONS /api/v1/dynamicforms/getformbyid [32m204[0m 0.139 ms - 0[0m
2025-06-15 18:15:15 info: [0mOPTIONS /api/v1/dynamicforms/getformbyid [32m204[0m 0.156 ms - 0[0m
2025-06-15 18:15:15 info: [0mPOST /api/v1/dynamicforms/getformbyid [32m200[0m 18.857 ms - 440[0m
2025-06-15 18:15:15 info: [0mPOST /api/v1/dynamicforms/getformbyid [32m200[0m 13.202 ms - 440[0m
2025-06-15 18:15:15 info: [0mPOST /api/v1/dynamicforms/getformbyid [32m200[0m 26.941 ms - -[0m
2025-06-15 18:15:15 info: [0mPOST /api/v1/dynamicforms/getformbyid [32m200[0m 21.938 ms - -[0m
2025-06-15 18:16:34 info: [0mOPTIONS /api/v1/dynamicforms/getformbyid [32m204[0m 0.155 ms - 0[0m
2025-06-15 18:16:34 info: [0mOPTIONS /api/v1/dynamicforms/getformbyid [32m204[0m 0.111 ms - 0[0m
2025-06-15 18:16:34 info: [0mPOST /api/v1/dynamicforms/getformbyid [32m200[0m 44.559 ms - 440[0m
2025-06-15 18:16:34 info: [0mPOST /api/v1/dynamicforms/getformbyid [32m200[0m 14.432 ms - 440[0m
2025-06-15 18:16:34 info: [0mPOST /api/v1/dynamicforms/getformbyid [32m200[0m 4.223 ms - -[0m
2025-06-15 18:16:34 info: [0mPOST /api/v1/dynamicforms/getformbyid [32m200[0m 7.678 ms - -[0m
2025-06-15 18:23:21 info: [0mOPTIONS /api/v1/dynamicforms/getformbyid [32m204[0m 0.212 ms - 0[0m
2025-06-15 18:23:21 info: [0mOPTIONS /api/v1/dynamicforms/getformbyid [32m204[0m 0.434 ms - 0[0m
2025-06-15 18:23:21 info: [0mPOST /api/v1/dynamicforms/getformbyid [32m200[0m 23.882 ms - -[0m
2025-06-15 18:23:21 info: [0mPOST /api/v1/dynamicforms/getformbyid [32m200[0m 24.550 ms - -[0m
2025-06-15 18:38:55 info: [0mOPTIONS /api/v1/dynamicforms/getformbyid [32m204[0m 0.240 ms - 0[0m
2025-06-15 18:38:55 info: [0mOPTIONS /api/v1/dynamicforms/getformbyid [32m204[0m 0.102 ms - 0[0m
2025-06-15 18:38:55 info: [0mPOST /api/v1/dynamicforms/getformbyid [32m200[0m 16.846 ms - -[0m
2025-06-15 18:38:55 info: [0mPOST /api/v1/dynamicforms/getformbyid [32m200[0m 13.111 ms - -[0m
2025-06-15 18:38:55 info: [0mPOST /api/v1/dynamicforms/getformbyid [32m200[0m 15.271 ms - -[0m
2025-06-15 18:38:55 info: [0mPOST /api/v1/dynamicforms/getformbyid [32m200[0m 13.114 ms - -[0m
2025-06-15 18:48:25 info: [0mOPTIONS /api/v1/dynamicforms/getformbyid [32m204[0m 0.148 ms - 0[0m
2025-06-15 18:48:25 info: [0mOPTIONS /api/v1/dynamicforms/getformbyid [32m204[0m 0.367 ms - 0[0m
2025-06-15 18:48:25 info: [0mPOST /api/v1/dynamicforms/getformbyid [32m200[0m 25.293 ms - -[0m
2025-06-15 18:48:25 info: [0mPOST /api/v1/dynamicforms/getformbyid [32m200[0m 31.604 ms - -[0m
2025-06-15 18:48:25 info: [0mPOST /api/v1/dynamicforms/getformbyid [32m200[0m 26.915 ms - -[0m
2025-06-15 18:48:25 info: [0mPOST /api/v1/dynamicforms/getformbyid [32m200[0m 27.914 ms - -[0m
2025-06-15 18:49:40 info: [0mOPTIONS /api/v1/dynamicforms/getformbyid [32m204[0m 0.253 ms - 0[0m
2025-06-15 18:49:40 info: [0mOPTIONS /api/v1/dynamicforms/getformbyid [32m204[0m 0.652 ms - 0[0m
2025-06-15 18:49:40 info: [0mPOST /api/v1/dynamicforms/getformbyid [32m200[0m 21.703 ms - -[0m
2025-06-15 18:49:40 info: [0mPOST /api/v1/dynamicforms/getformbyid [32m200[0m 41.053 ms - -[0m
2025-06-15 18:53:55 info: [0mOPTIONS /api/v1/dynamicforms/getformbyid [32m204[0m 0.152 ms - 0[0m
2025-06-15 18:53:55 info: [0mPOST /api/v1/dynamicforms/getformbyid [32m200[0m 3.559 ms - -[0m
2025-06-15 18:53:55 info: [0mPOST /api/v1/dynamicforms/getformbyid [32m200[0m 7.527 ms - -[0m
2025-06-15 18:53:59 info: [0mPOST /api/v1/dynamicforms/getformbyid [32m200[0m 30.803 ms - -[0m
2025-06-15 18:53:59 info: [0mPOST /api/v1/dynamicforms/getformbyid [32m200[0m 140.019 ms - -[0m
2025-06-15 18:57:44 info: [0mOPTIONS /api/v1/dynamicforms/getformbyid [32m204[0m 0.140 ms - 0[0m
2025-06-15 18:57:45 info: [0mPOST /api/v1/dynamicforms/getformbyid [32m200[0m 7.857 ms - -[0m
2025-06-15 18:57:45 info: [0mPOST /api/v1/dynamicforms/getformbyid [32m200[0m 5.616 ms - -[0m
2025-06-15 18:58:28 info: [0mOPTIONS /api/v1/dynamicforms/getformbyid [32m204[0m 0.161 ms - 0[0m
2025-06-15 18:58:28 info: [0mPOST /api/v1/dynamicforms/getformbyid [32m200[0m 10.207 ms - -[0m
2025-06-15 18:58:28 info: [0mPOST /api/v1/dynamicforms/getformbyid [32m200[0m 7.275 ms - -[0m
2025-06-15 19:01:33 info: [0mOPTIONS /api/v1/dynamicforms/getformbyid [32m204[0m 0.265 ms - 0[0m
2025-06-15 19:01:33 info: [0mPOST /api/v1/dynamicforms/getformbyid [32m200[0m 11.662 ms - -[0m
2025-06-15 19:01:33 info: [0mPOST /api/v1/dynamicforms/getformbyid [32m200[0m 5.985 ms - -[0m
2025-06-15 19:01:55 info: [0mOPTIONS /api/v1/dynamicforms/getformbyid [32m204[0m 0.147 ms - 0[0m
2025-06-15 19:01:55 info: [0mOPTIONS /api/v1/dynamicforms/getformbyid [32m204[0m 0.329 ms - 0[0m
2025-06-15 19:01:55 info: [0mPOST /api/v1/dynamicforms/getformbyid [32m200[0m 17.026 ms - -[0m
2025-06-15 19:01:55 info: [0mPOST /api/v1/dynamicforms/getformbyid [32m200[0m 7.028 ms - -[0m
2025-06-15 19:02:20 info: [0mOPTIONS /api/v1/dynamicforms/getformbyid [32m204[0m 0.154 ms - 0[0m
2025-06-15 19:02:20 info: [0mPOST /api/v1/dynamicforms/getformbyid [32m200[0m 6.720 ms - -[0m
2025-06-15 19:02:21 info: [0mPOST /api/v1/dynamicforms/getformbyid [32m200[0m 5.278 ms - -[0m
2025-06-15 19:03:06 info: [0mOPTIONS /api/v1/dynamicforms/getformbyid [32m204[0m 0.173 ms - 0[0m
2025-06-15 19:03:06 info: [0mPOST /api/v1/dynamicforms/getformbyid [32m200[0m 4.669 ms - -[0m
2025-06-15 19:03:06 info: [0mPOST /api/v1/dynamicforms/getformbyid [32m200[0m 7.212 ms - -[0m
2025-06-15 19:03:24 info: [0mOPTIONS /api/v1/dynamicforms/all [32m204[0m 0.102 ms - 0[0m
2025-06-15 19:03:24 info: [0mOPTIONS /api/v1/dynamicforms/all [32m204[0m 0.184 ms - 0[0m
2025-06-15 19:03:24 info: [0mGET /api/v1/dynamicforms/all [36m304[0m 11.439 ms - -[0m
2025-06-15 19:03:24 info: [0mGET /api/v1/dynamicforms/all [36m304[0m 3.387 ms - -[0m
2025-06-15 19:22:37 info: 🚀 App listening on the port 8000. Current Env development.
