2025-06-22 09:36:08 info: 🚀 App listening on the port 8000. Current Env development.
2025-06-22 09:36:34 info: 🚀 App listening on the port 8000. Current Env development.
2025-06-22 10:49:40 info: [0mOPTIONS /api/v1/users/login [32m204[0m 1.846 ms - 0[0m
2025-06-22 10:49:40 info: [0mPOST /api/v1/users/login [32m200[0m 205.968 ms - -[0m
2025-06-22 10:49:46 info: [0mOPTIONS /api/v1/event/activeevents [32m204[0m 0.170 ms - 0[0m
2025-06-22 10:49:46 info: [0mOPTIONS /api/v1/event/activeevents [32m204[0m 0.151 ms - 0[0m
2025-06-22 10:49:46 info: [0mGET /api/v1/event/activeevents [36m304[0m 22.268 ms - -[0m
2025-06-22 10:49:46 info: [0mGET /api/v1/event/activeevents [36m304[0m 8.200 ms - -[0m
2025-06-22 10:49:48 info: [0mOPTIONS /api/v1/event/editevent/16 [32m204[0m 0.307 ms - 0[0m
2025-06-22 10:49:48 info: [0mOPTIONS /api/v1/tags/geteventtags [32m204[0m 0.141 ms - 0[0m
2025-06-22 10:49:48 info: [0mOPTIONS /api/v1/event/editevent/16 [32m204[0m 0.109 ms - 0[0m
2025-06-22 10:49:48 info: [0mOPTIONS /api/v1/tags/geteventtags [32m204[0m 0.252 ms - 0[0m
2025-06-22 10:49:48 info: [0mGET /api/v1/event/editevent/16 [36m304[0m 18.829 ms - -[0m
2025-06-22 10:49:48 info: [0mGET /api/v1/tags/geteventtags [36m304[0m 22.855 ms - -[0m
2025-06-22 10:49:48 info: [0mGET /api/v1/event/editevent/16 [36m304[0m 19.425 ms - -[0m
2025-06-22 10:49:48 info: [0mGET /api/v1/tags/geteventtags [36m304[0m 12.804 ms - -[0m
2025-06-22 10:55:05 info: [0mOPTIONS /api/v1/event/editevent/16 [32m204[0m 0.160 ms - 0[0m
2025-06-22 10:55:05 info: [0mOPTIONS /api/v1/tags/geteventtags [32m204[0m 0.201 ms - 0[0m
2025-06-22 10:55:05 info: [0mOPTIONS /api/v1/event/editevent/16 [32m204[0m 0.306 ms - 0[0m
2025-06-22 10:55:05 info: [0mOPTIONS /api/v1/tags/geteventtags [32m204[0m 0.148 ms - 0[0m
2025-06-22 10:55:05 info: [0mGET /api/v1/tags/geteventtags [36m304[0m 6.017 ms - -[0m
2025-06-22 10:55:05 info: [0mGET /api/v1/event/editevent/16 [36m304[0m 12.139 ms - -[0m
2025-06-22 10:55:05 info: [0mGET /api/v1/tags/geteventtags [36m304[0m 16.587 ms - -[0m
2025-06-22 10:55:05 info: [0mGET /api/v1/event/editevent/16 [36m304[0m 10.468 ms - -[0m
2025-06-22 10:56:25 info: [0mOPTIONS /api/v1/users/login [32m204[0m 0.147 ms - 0[0m
2025-06-22 10:56:25 info: [0mPOST /api/v1/users/login [32m200[0m 65.416 ms - -[0m
2025-06-22 10:56:28 info: [0mOPTIONS /api/v1/event/activeevents [32m204[0m 0.218 ms - 0[0m
2025-06-22 10:56:28 info: [0mOPTIONS /api/v1/event/activeevents [32m204[0m 0.451 ms - 0[0m
2025-06-22 10:56:28 info: [0mGET /api/v1/event/activeevents [32m200[0m 17.434 ms - -[0m
2025-06-22 10:56:28 info: [0mGET /api/v1/event/activeevents [36m304[0m 7.656 ms - -[0m
2025-06-22 10:56:32 info: [0mOPTIONS /api/v1/event/editevent/16 [32m204[0m 0.150 ms - 0[0m
2025-06-22 10:56:32 info: [0mOPTIONS /api/v1/tags/geteventtags [32m204[0m 0.125 ms - 0[0m
2025-06-22 10:56:32 info: [0mOPTIONS /api/v1/event/editevent/16 [32m204[0m 0.104 ms - 0[0m
2025-06-22 10:56:32 info: [0mOPTIONS /api/v1/tags/geteventtags [32m204[0m 0.164 ms - 0[0m
2025-06-22 10:56:32 info: [0mGET /api/v1/event/editevent/16 [32m200[0m 7.720 ms - -[0m
2025-06-22 10:56:32 info: [0mGET /api/v1/tags/geteventtags [32m200[0m 4.937 ms - -[0m
2025-06-22 10:56:32 info: [0mGET /api/v1/event/editevent/16 [36m304[0m 10.096 ms - -[0m
2025-06-22 10:56:32 info: [0mGET /api/v1/tags/geteventtags [36m304[0m 10.718 ms - -[0m
2025-06-22 10:57:01 info: [0mOPTIONS /api/v1/event/activeevents [32m204[0m 0.600 ms - 0[0m
2025-06-22 10:57:01 info: [0mOPTIONS /api/v1/event/activeevents [32m204[0m 0.239 ms - 0[0m
2025-06-22 10:57:01 info: [0mGET /api/v1/event/activeevents [36m304[0m 8.203 ms - -[0m
2025-06-22 10:57:01 info: [0mGET /api/v1/event/activeevents [36m304[0m 9.678 ms - -[0m
2025-06-22 10:58:45 info: [0mOPTIONS /api/v1/event/activeevents [32m204[0m 0.094 ms - 0[0m
2025-06-22 10:58:45 info: [0mOPTIONS /api/v1/event/activeevents [32m204[0m 0.104 ms - 0[0m
2025-06-22 10:58:45 info: [0mGET /api/v1/event/activeevents [36m304[0m 8.107 ms - -[0m
2025-06-22 10:58:45 info: [0mGET /api/v1/event/activeevents [36m304[0m 7.750 ms - -[0m
2025-06-22 10:59:47 info: [0mOPTIONS /api/v1/event/activeevents [32m204[0m 0.105 ms - 0[0m
2025-06-22 10:59:47 info: [0mGET /api/v1/event/activeevents [36m304[0m 4.745 ms - -[0m
2025-06-22 11:11:16 info: [0mOPTIONS /api/v1/event/activeevents [32m204[0m 0.113 ms - 0[0m
2025-06-22 11:11:16 info: [0mGET /api/v1/event/activeevents [36m304[0m 5.457 ms - -[0m
2025-06-22 11:13:44 info: [0mOPTIONS /api/v1/event/activeevents [32m204[0m 0.110 ms - 0[0m
2025-06-22 11:13:44 info: [0mGET /api/v1/event/activeevents [36m304[0m 5.066 ms - -[0m
2025-06-22 11:19:14 info: [0mOPTIONS /api/v1/event/activeevents [32m204[0m 0.171 ms - 0[0m
2025-06-22 11:19:14 info: [0mGET /api/v1/event/activeevents [36m304[0m 11.603 ms - -[0m
2025-06-22 11:19:14 info: [0mGET /api/v1/event/activeevents [36m304[0m 8.442 ms - -[0m
2025-06-22 11:19:31 info: [0mOPTIONS /api/v1/event/activeevents [32m204[0m 0.084 ms - 0[0m
2025-06-22 11:19:31 info: [0mGET /api/v1/event/activeevents [36m304[0m 3.514 ms - -[0m
2025-06-22 11:19:47 info: [0mOPTIONS /api/v1/event/activeevents [32m204[0m 0.235 ms - 0[0m
2025-06-22 11:19:47 info: [0mOPTIONS /api/v1/event/activeevents [32m204[0m 0.204 ms - 0[0m
2025-06-22 11:19:47 info: [0mGET /api/v1/event/activeevents [36m304[0m 4.023 ms - -[0m
2025-06-22 11:19:47 info: [0mGET /api/v1/event/activeevents [36m304[0m 4.970 ms - -[0m
2025-06-22 11:20:07 info: [0mOPTIONS /api/v1/event/activeevents [32m204[0m 0.095 ms - 0[0m
2025-06-22 11:20:07 info: [0mGET /api/v1/event/activeevents [36m304[0m 3.511 ms - -[0m
2025-06-22 11:20:29 info: [0mOPTIONS /api/v1/event/activeevents [32m204[0m 0.099 ms - 0[0m
2025-06-22 11:20:29 info: [0mGET /api/v1/event/activeevents [36m304[0m 5.024 ms - -[0m
2025-06-22 11:20:51 info: [0mOPTIONS /api/v1/event/activeevents [32m204[0m 0.105 ms - 0[0m
2025-06-22 11:20:51 info: [0mOPTIONS /api/v1/event/activeevents [32m204[0m 0.092 ms - 0[0m
2025-06-22 11:20:51 info: [0mGET /api/v1/event/activeevents [36m304[0m 3.960 ms - -[0m
2025-06-22 11:20:51 info: [0mGET /api/v1/event/activeevents [36m304[0m 19.795 ms - -[0m
2025-06-22 11:20:58 info: [0mOPTIONS /api/v1/event/activeevents [32m204[0m 0.364 ms - 0[0m
2025-06-22 11:20:58 info: [0mOPTIONS /api/v1/event/activeevents [32m204[0m 0.148 ms - 0[0m
2025-06-22 11:20:58 info: [0mGET /api/v1/event/activeevents [36m304[0m 8.623 ms - -[0m
2025-06-22 11:20:58 info: [0mGET /api/v1/event/activeevents [36m304[0m 5.793 ms - -[0m
2025-06-22 11:21:04 info: [0mOPTIONS /api/v1/event/activeevents [32m204[0m 0.207 ms - 0[0m
2025-06-22 11:21:04 info: [0mOPTIONS /api/v1/event/activeevents [32m204[0m 0.281 ms - 0[0m
2025-06-22 11:21:04 info: [0mGET /api/v1/event/activeevents [36m304[0m 9.820 ms - -[0m
2025-06-22 11:21:04 info: [0mGET /api/v1/event/activeevents [36m304[0m 7.016 ms - -[0m
2025-06-22 11:21:08 info: [0mGET /api/v1/event/activeevents [36m304[0m 8.348 ms - -[0m
2025-06-22 11:21:08 info: [0mGET /api/v1/event/activeevents [36m304[0m 7.674 ms - -[0m
2025-06-22 11:21:35 info: [0mOPTIONS /api/v1/event/activeevents [32m204[0m 0.146 ms - 0[0m
2025-06-22 11:21:35 info: [0mOPTIONS /api/v1/event/activeevents [32m204[0m 0.153 ms - 0[0m
2025-06-22 11:21:35 info: [0mGET /api/v1/event/activeevents [36m304[0m 6.946 ms - -[0m
2025-06-22 11:21:35 info: [0mGET /api/v1/event/activeevents [36m304[0m 3.956 ms - -[0m
2025-06-22 11:28:21 info: [0mOPTIONS /api/v1/event/activeevents [32m204[0m 0.146 ms - 0[0m
2025-06-22 11:28:21 info: [0mOPTIONS /api/v1/event/activeevents [32m204[0m 0.384 ms - 0[0m
2025-06-22 11:28:21 info: [0mGET /api/v1/event/activeevents [36m304[0m 8.623 ms - -[0m
2025-06-22 11:28:21 info: [0mGET /api/v1/event/activeevents [36m304[0m 9.060 ms - -[0m
2025-06-22 11:28:34 info: [0mOPTIONS /api/v1/event/activeevents [32m204[0m 0.085 ms - 0[0m
2025-06-22 11:28:34 info: [0mGET /api/v1/event/activeevents [36m304[0m 3.586 ms - -[0m
2025-06-22 11:28:49 info: [0mOPTIONS /api/v1/event/activeevents [32m204[0m 0.128 ms - 0[0m
2025-06-22 11:28:49 info: [0mOPTIONS /api/v1/event/activeevents [32m204[0m 0.130 ms - 0[0m
2025-06-22 11:28:49 info: [0mGET /api/v1/event/activeevents [36m304[0m 5.429 ms - -[0m
2025-06-22 11:28:49 info: [0mGET /api/v1/event/activeevents [36m304[0m 5.757 ms - -[0m
2025-06-22 11:29:08 info: [0mOPTIONS /api/v1/event/activeevents [32m204[0m 0.158 ms - 0[0m
2025-06-22 11:29:08 info: [0mGET /api/v1/event/activeevents [36m304[0m 6.326 ms - -[0m
2025-06-22 11:29:10 info: [0mGET /api/v1/event/activeevents [36m304[0m 3.575 ms - -[0m
2025-06-22 11:29:30 info: [0mOPTIONS /api/v1/event/activeevents [32m204[0m 0.130 ms - 0[0m
2025-06-22 11:29:30 info: [0mGET /api/v1/event/activeevents [36m304[0m 7.096 ms - -[0m
2025-06-22 11:29:44 info: [0mOPTIONS /api/v1/event/activeevents [32m204[0m 0.102 ms - 0[0m
2025-06-22 11:29:44 info: [0mGET /api/v1/event/activeevents [36m304[0m 3.610 ms - -[0m
2025-06-22 11:29:48 info: [0mGET /api/v1/event/activeevents [36m304[0m 4.509 ms - -[0m
2025-06-22 11:29:48 info: [0mGET /api/v1/event/activeevents [36m304[0m 6.102 ms - -[0m
2025-06-22 11:29:58 info: [0mOPTIONS /api/v1/event/activeevents [32m204[0m 0.137 ms - 0[0m
2025-06-22 11:29:58 info: [0mOPTIONS /api/v1/event/activeevents [32m204[0m 0.173 ms - 0[0m
2025-06-22 11:29:58 info: [0mGET /api/v1/event/activeevents [36m304[0m 6.863 ms - -[0m
2025-06-22 11:29:58 info: [0mGET /api/v1/event/activeevents [36m304[0m 7.185 ms - -[0m
2025-06-22 11:30:19 info: [0mOPTIONS /api/v1/event/activeevents [32m204[0m 0.094 ms - 0[0m
2025-06-22 11:30:19 info: [0mOPTIONS /api/v1/event/activeevents [32m204[0m 0.139 ms - 0[0m
2025-06-22 11:30:19 info: [0mGET /api/v1/event/activeevents [36m304[0m 7.393 ms - -[0m
2025-06-22 11:30:19 info: [0mGET /api/v1/event/activeevents [36m304[0m 6.208 ms - -[0m
2025-06-22 11:30:31 info: [0mOPTIONS /api/v1/event/activeevents [32m204[0m 0.156 ms - 0[0m
2025-06-22 11:30:31 info: [0mOPTIONS /api/v1/event/activeevents [32m204[0m 0.161 ms - 0[0m
2025-06-22 11:30:31 info: [0mGET /api/v1/event/activeevents [36m304[0m 3.531 ms - -[0m
2025-06-22 11:30:31 info: [0mGET /api/v1/event/activeevents [36m304[0m 5.085 ms - -[0m
2025-06-22 11:51:45 info: [0mOPTIONS /api/v1/booking/activebookings [32m204[0m 0.103 ms - 0[0m
2025-06-22 11:51:45 info: [0mOPTIONS /api/v1/booking/activebookings [32m204[0m 0.115 ms - 0[0m
2025-06-22 11:51:45 info: [0mGET /api/v1/booking/activebookings [36m304[0m 32.683 ms - -[0m
2025-06-22 11:51:45 info: [0mGET /api/v1/booking/activebookings [36m304[0m 3.907 ms - -[0m
2025-06-22 11:51:50 info: [0mOPTIONS /api/v1/event/activeevents [32m204[0m 0.222 ms - 0[0m
2025-06-22 11:51:50 info: [0mOPTIONS /api/v1/event/activeevents [32m204[0m 0.198 ms - 0[0m
2025-06-22 11:51:50 info: [0mGET /api/v1/event/activeevents [36m304[0m 10.550 ms - -[0m
2025-06-22 11:51:50 info: [0mGET /api/v1/event/activeevents [36m304[0m 6.643 ms - -[0m
2025-06-22 11:51:51 info: [0mOPTIONS /api/v1/booking/activebookings [32m204[0m 0.139 ms - 0[0m
2025-06-22 11:51:51 info: [0mOPTIONS /api/v1/booking/activebookings [32m204[0m 0.137 ms - 0[0m
2025-06-22 11:51:51 info: [0mGET /api/v1/booking/activebookings [36m304[0m 5.667 ms - -[0m
2025-06-22 11:51:51 info: [0mGET /api/v1/booking/activebookings [36m304[0m 13.181 ms - -[0m
2025-06-22 12:02:42 info: [0mOPTIONS /api/v1/booking/activebookings [32m204[0m 0.317 ms - 0[0m
2025-06-22 12:02:42 info: [0mOPTIONS /api/v1/booking/activebookings [32m204[0m 0.159 ms - 0[0m
2025-06-22 12:02:42 info: [0mGET /api/v1/booking/activebookings [36m304[0m 9.915 ms - -[0m
2025-06-22 12:02:42 info: [0mGET /api/v1/booking/activebookings [36m304[0m 8.150 ms - -[0m
2025-06-22 12:04:50 info: [0mOPTIONS /api/v1/booking/activebookings [32m204[0m 0.099 ms - 0[0m
2025-06-22 12:04:50 info: [0mGET /api/v1/booking/activebookings [36m304[0m 6.737 ms - -[0m
2025-06-22 12:04:55 info: [0mOPTIONS /api/v1/booking/purchasedtickets [32m204[0m 0.238 ms - 0[0m
2025-06-22 12:04:55 info: [0mOPTIONS /api/v1/booking/purchasedtickets [32m204[0m 0.171 ms - 0[0m
2025-06-22 12:04:55 info: [0mGET /api/v1/booking/purchasedtickets [36m304[0m 19.127 ms - -[0m
2025-06-22 12:04:55 info: [0mGET /api/v1/booking/purchasedtickets [36m304[0m 5.266 ms - -[0m
2025-06-22 12:06:30 info: [0mOPTIONS /api/v1/booking/purchasedtickets [32m204[0m 0.236 ms - 0[0m
2025-06-22 12:06:30 info: [0mOPTIONS /api/v1/booking/purchasedtickets [32m204[0m 0.274 ms - 0[0m
2025-06-22 12:06:30 info: [0mGET /api/v1/booking/purchasedtickets [36m304[0m 8.525 ms - -[0m
2025-06-22 12:06:30 info: [0mGET /api/v1/booking/purchasedtickets [36m304[0m 10.243 ms - -[0m
2025-06-22 12:09:58 info: [0mOPTIONS /api/v1/booking/purchasedtickets [32m204[0m 0.105 ms - 0[0m
2025-06-22 12:09:58 info: [0mGET /api/v1/booking/purchasedtickets [36m304[0m 7.116 ms - -[0m
2025-06-22 12:10:18 info: [0mOPTIONS /api/v1/booking/purchasedtickets [32m204[0m 0.089 ms - 0[0m
2025-06-22 12:10:18 info: [0mGET /api/v1/booking/purchasedtickets [36m304[0m 4.616 ms - -[0m
2025-06-22 12:10:35 info: [0mOPTIONS /api/v1/booking/purchasedtickets [32m204[0m 0.093 ms - 0[0m
2025-06-22 12:10:35 info: [0mGET /api/v1/booking/purchasedtickets [36m304[0m 3.731 ms - -[0m
2025-06-22 12:10:50 info: [0mOPTIONS /api/v1/booking/purchasedtickets [32m204[0m 0.100 ms - 0[0m
2025-06-22 12:10:50 info: [0mGET /api/v1/booking/purchasedtickets [36m304[0m 5.074 ms - -[0m
2025-06-22 12:11:05 info: [0mOPTIONS /api/v1/event/activeevents [32m204[0m 0.125 ms - 0[0m
2025-06-22 12:11:05 info: [0mOPTIONS /api/v1/event/activeevents [32m204[0m 0.157 ms - 0[0m
2025-06-22 12:11:05 info: [0mGET /api/v1/event/activeevents [36m304[0m 11.150 ms - -[0m
2025-06-22 12:11:05 info: [0mGET /api/v1/event/activeevents [36m304[0m 16.846 ms - -[0m
2025-06-22 12:11:10 info: [0mOPTIONS /api/v1/tags/geteventtags [32m204[0m 0.134 ms - 0[0m
2025-06-22 12:11:10 info: [0mOPTIONS /api/v1/tags/geteventtags [32m204[0m 0.108 ms - 0[0m
2025-06-22 12:11:10 info: [0mGET /api/v1/tags/geteventtags [36m304[0m 3.514 ms - -[0m
2025-06-22 12:11:10 info: [0mGET /api/v1/tags/geteventtags [36m304[0m 4.994 ms - -[0m
2025-06-22 12:12:43 info: [0mOPTIONS /api/v1/dynamicforms/all [32m204[0m 1.123 ms - 0[0m
2025-06-22 12:12:43 info: [0mOPTIONS /api/v1/dynamicforms/all [32m204[0m 0.360 ms - 0[0m
2025-06-22 12:12:43 info: [0mGET /api/v1/dynamicforms/all [36m304[0m 30.135 ms - -[0m
2025-06-22 12:12:43 info: [0mGET /api/v1/dynamicforms/all [36m304[0m 9.828 ms - -[0m
2025-06-22 12:36:27 info: [0mOPTIONS /api/v1/dynamicforms/all [32m204[0m 0.237 ms - 0[0m
2025-06-22 12:36:27 info: [0mGET /api/v1/dynamicforms/all [36m304[0m 8.530 ms - -[0m
2025-06-22 12:39:10 info: [0mOPTIONS /api/v1/dynamicforms/all [32m204[0m 0.244 ms - 0[0m
2025-06-22 12:39:10 info: [0mGET /api/v1/dynamicforms/all [36m304[0m 13.087 ms - -[0m
2025-06-22 12:42:22 info: [0mOPTIONS /api/v1/dynamicforms/all [32m204[0m 0.197 ms - 0[0m
2025-06-22 12:42:22 info: [0mOPTIONS /api/v1/dynamicforms/all [32m204[0m 0.176 ms - 0[0m
2025-06-22 12:42:22 info: [0mGET /api/v1/dynamicforms/all [36m304[0m 4.899 ms - -[0m
2025-06-22 12:42:22 info: [0mGET /api/v1/dynamicforms/all [36m304[0m 7.411 ms - -[0m
2025-06-22 14:49:15 info: [0mOPTIONS /api/v1/event/activeevents [32m204[0m 0.177 ms - 0[0m
2025-06-22 14:49:15 info: [0mOPTIONS /api/v1/event/activeevents [32m204[0m 0.227 ms - 0[0m
2025-06-22 14:49:15 info: [0mGET /api/v1/event/activeevents [36m304[0m 17.115 ms - -[0m
2025-06-22 14:49:15 info: [0mGET /api/v1/event/activeevents [36m304[0m 8.040 ms - -[0m
2025-06-22 14:49:18 info: [0mOPTIONS /api/v1/event/editevent/16 [32m204[0m 0.230 ms - 0[0m
2025-06-22 14:49:18 info: [0mOPTIONS /api/v1/tags/geteventtags [32m204[0m 0.202 ms - 0[0m
2025-06-22 14:49:18 info: [0mOPTIONS /api/v1/tags/geteventtags [32m204[0m 0.179 ms - 0[0m
2025-06-22 14:49:18 info: [0mOPTIONS /api/v1/event/editevent/16 [32m204[0m 1.212 ms - 0[0m
2025-06-22 14:49:18 info: [0mGET /api/v1/tags/geteventtags [36m304[0m 85.831 ms - -[0m
2025-06-22 14:49:18 info: [0mGET /api/v1/event/editevent/16 [36m304[0m 50.590 ms - -[0m
2025-06-22 14:49:18 info: [0mGET /api/v1/tags/geteventtags [36m304[0m 20.139 ms - -[0m
2025-06-22 14:49:18 info: [0mGET /api/v1/event/editevent/16 [36m304[0m 32.736 ms - -[0m
2025-06-22 14:49:36 info: [0mOPTIONS /api/v1/event/activeevents [32m204[0m 0.161 ms - 0[0m
2025-06-22 14:49:36 info: [0mOPTIONS /api/v1/event/activeevents [32m204[0m 0.140 ms - 0[0m
2025-06-22 14:49:36 info: [0mGET /api/v1/event/activeevents [36m304[0m 6.331 ms - -[0m
2025-06-22 14:49:36 info: [0mGET /api/v1/event/activeevents [36m304[0m 8.401 ms - -[0m
2025-06-22 14:58:58 info: [0mOPTIONS /api/v1/event/editevent/16 [32m204[0m 0.109 ms - 0[0m
2025-06-22 14:58:58 info: [0mOPTIONS /api/v1/tags/geteventtags [32m204[0m 0.126 ms - 0[0m
2025-06-22 14:58:58 info: [0mOPTIONS /api/v1/event/editevent/16 [32m204[0m 0.135 ms - 0[0m
2025-06-22 14:58:58 info: [0mOPTIONS /api/v1/tags/geteventtags [32m204[0m 0.092 ms - 0[0m
2025-06-22 14:58:58 info: [0mGET /api/v1/event/editevent/16 [36m304[0m 27.740 ms - -[0m
2025-06-22 14:58:58 info: [0mGET /api/v1/tags/geteventtags [36m304[0m 5.688 ms - -[0m
2025-06-22 14:58:58 info: [0mGET /api/v1/event/editevent/16 [36m304[0m 6.541 ms - -[0m
2025-06-22 14:58:58 info: [0mGET /api/v1/tags/geteventtags [36m304[0m 4.770 ms - -[0m
2025-06-22 14:59:02 info: [0mOPTIONS /api/v1/event/activeevents [32m204[0m 0.136 ms - 0[0m
2025-06-22 14:59:02 info: [0mOPTIONS /api/v1/event/activeevents [32m204[0m 0.222 ms - 0[0m
2025-06-22 14:59:02 info: [0mGET /api/v1/event/activeevents [36m304[0m 5.279 ms - -[0m
2025-06-22 14:59:02 info: [0mGET /api/v1/event/activeevents [36m304[0m 7.366 ms - -[0m
2025-06-22 15:06:58 info: [0mOPTIONS /api/v1/dynamicforms/all [32m204[0m 0.099 ms - 0[0m
2025-06-22 15:06:58 info: [0mOPTIONS /api/v1/dynamicforms/all [32m204[0m 0.093 ms - 0[0m
2025-06-22 15:06:58 info: [0mGET /api/v1/dynamicforms/all [36m304[0m 5.443 ms - -[0m
2025-06-22 15:06:58 info: [0mGET /api/v1/dynamicforms/all [36m304[0m 5.771 ms - -[0m
2025-06-22 15:07:01 info: [0mGET /api/v1/dynamicforms/all [36m304[0m 5.849 ms - -[0m
2025-06-22 15:07:01 info: [0mGET /api/v1/dynamicforms/all [36m304[0m 5.245 ms - -[0m
2025-06-22 16:02:58 info: [0mOPTIONS /api/v1/event/activeevents [32m204[0m 0.235 ms - 0[0m
2025-06-22 16:02:58 info: [0mOPTIONS /api/v1/event/activeevents [32m204[0m 0.158 ms - 0[0m
2025-06-22 16:02:58 info: [0mGET /api/v1/event/activeevents [36m304[0m 12.139 ms - -[0m
2025-06-22 16:02:58 info: [0mGET /api/v1/event/activeevents [36m304[0m 4.944 ms - -[0m
2025-06-22 16:03:00 info: [0mOPTIONS /api/v1/event/editevent/16 [32m204[0m 0.181 ms - 0[0m
2025-06-22 16:03:00 info: [0mOPTIONS /api/v1/tags/geteventtags [32m204[0m 0.183 ms - 0[0m
2025-06-22 16:03:00 info: [0mOPTIONS /api/v1/event/editevent/16 [32m204[0m 0.084 ms - 0[0m
2025-06-22 16:03:00 info: [0mOPTIONS /api/v1/tags/geteventtags [32m204[0m 0.121 ms - 0[0m
2025-06-22 16:03:00 info: [0mGET /api/v1/tags/geteventtags [36m304[0m 10.629 ms - -[0m
2025-06-22 16:03:00 info: [0mGET /api/v1/event/editevent/16 [36m304[0m 7.574 ms - -[0m
2025-06-22 16:03:00 info: [0mGET /api/v1/tags/geteventtags [36m304[0m 7.578 ms - -[0m
2025-06-22 16:03:00 info: [0mGET /api/v1/event/editevent/16 [36m304[0m 6.772 ms - -[0m
2025-06-22 16:06:27 info: [0mOPTIONS /api/v1/event/editevent/16 [32m204[0m 0.144 ms - 0[0m
2025-06-22 16:06:27 info: [0mOPTIONS /api/v1/tags/geteventtags [32m204[0m 0.166 ms - 0[0m
2025-06-22 16:06:27 info: [0mOPTIONS /api/v1/event/editevent/16 [32m204[0m 0.184 ms - 0[0m
2025-06-22 16:06:27 info: [0mOPTIONS /api/v1/tags/geteventtags [32m204[0m 0.203 ms - 0[0m
2025-06-22 16:06:27 info: [0mGET /api/v1/event/editevent/16 [36m304[0m 65.147 ms - -[0m
2025-06-22 16:06:27 info: [0mGET /api/v1/tags/geteventtags [36m304[0m 12.740 ms - -[0m
2025-06-22 16:06:28 info: [0mGET /api/v1/event/editevent/16 [36m304[0m 21.773 ms - -[0m
2025-06-22 16:06:28 info: [0mGET /api/v1/tags/geteventtags [36m304[0m 13.540 ms - -[0m
2025-06-22 16:47:40 info: [0mOPTIONS /api/v1/event/activeevents [32m204[0m 0.109 ms - 0[0m
2025-06-22 16:47:40 info: [0mOPTIONS /api/v1/event/activeevents [32m204[0m 0.114 ms - 0[0m
2025-06-22 16:47:40 info: [0mGET /api/v1/event/activeevents [36m304[0m 6.502 ms - -[0m
2025-06-22 16:47:40 info: [0mGET /api/v1/event/activeevents [36m304[0m 5.904 ms - -[0m
2025-06-22 16:47:44 info: [0mOPTIONS /api/v1/event/editevent/16 [32m204[0m 0.105 ms - 0[0m
2025-06-22 16:47:44 info: [0mOPTIONS /api/v1/tags/geteventtags [32m204[0m 0.134 ms - 0[0m
2025-06-22 16:47:44 info: [0mOPTIONS /api/v1/event/editevent/16 [32m204[0m 0.095 ms - 0[0m
2025-06-22 16:47:44 info: [0mOPTIONS /api/v1/tags/geteventtags [32m204[0m 0.188 ms - 0[0m
2025-06-22 16:47:44 info: [0mGET /api/v1/event/editevent/16 [36m304[0m 19.366 ms - -[0m
2025-06-22 16:47:44 info: [0mGET /api/v1/tags/geteventtags [36m304[0m 4.032 ms - -[0m
2025-06-22 16:47:44 info: [0mGET /api/v1/event/editevent/16 [36m304[0m 14.164 ms - -[0m
2025-06-22 16:47:44 info: [0mGET /api/v1/tags/geteventtags [36m304[0m 11.849 ms - -[0m
2025-06-22 16:49:13 info: [0mOPTIONS /api/v1/event/activeevents [32m204[0m 0.104 ms - 0[0m
2025-06-22 16:49:13 info: [0mOPTIONS /api/v1/event/activeevents [32m204[0m 0.117 ms - 0[0m
2025-06-22 16:49:13 info: [0mGET /api/v1/event/activeevents [36m304[0m 4.322 ms - -[0m
2025-06-22 16:49:13 info: [0mGET /api/v1/event/activeevents [36m304[0m 5.881 ms - -[0m
