2025-05-28 09:27:50 info: 🚀 App listening on the port 8000. Current Env development.
2025-05-28 09:28:15 info: [0mOPTIONS /api/v1/employee/login [32m204[0m 1.267 ms - 0[0m
2025-05-28 09:28:15 info: [0mPOST /api/v1/employee/login [32m200[0m 277.219 ms - -[0m
2025-05-28 09:38:22 info: [0mOPTIONS /api/v1/event/activeevents [32m204[0m 0.255 ms - 0[0m
2025-05-28 09:38:22 info: [0mOPTIONS /api/v1/event/activeevents [32m204[0m 0.268 ms - 0[0m
2025-05-28 09:38:22 info: [0mGET /api/v1/event/activeevents [36m304[0m 27.217 ms - -[0m
2025-05-28 09:38:22 info: [0mGET /api/v1/event/activeevents [36m304[0m 7.265 ms - -[0m
2025-05-28 10:26:31 info: [0mOPTIONS /api/v1/employee/login [32m204[0m 0.167 ms - 0[0m
2025-05-28 10:26:31 info: [0mPOST /api/v1/employee/login [32m200[0m 67.084 ms - -[0m
2025-05-28 10:26:33 info: [0mOPTIONS /api/v1/event/activeevents [32m204[0m 0.196 ms - 0[0m
2025-05-28 10:26:33 info: [0mOPTIONS /api/v1/event/activeevents [32m204[0m 0.190 ms - 0[0m
2025-05-28 10:26:33 info: [0mGET /api/v1/event/activeevents [36m304[0m 16.542 ms - -[0m
2025-05-28 10:26:33 info: [0mGET /api/v1/event/activeevents [36m304[0m 7.956 ms - -[0m
2025-05-28 11:11:35 info: [0mOPTIONS /api/v1/employee/login [32m204[0m 0.690 ms - 0[0m
2025-05-28 11:11:35 info: [0mPOST /api/v1/employee/login [32m200[0m 67.211 ms - -[0m
2025-05-28 11:11:37 info: [0mOPTIONS /api/v1/event/activeevents [32m204[0m 0.457 ms - 0[0m
2025-05-28 11:11:37 info: [0mOPTIONS /api/v1/event/activeevents [32m204[0m 0.223 ms - 0[0m
2025-05-28 11:11:37 info: [0mGET /api/v1/event/activeevents [32m200[0m 8.705 ms - -[0m
2025-05-28 11:11:37 info: [0mGET /api/v1/event/activeevents [36m304[0m 11.850 ms - -[0m
2025-05-28 11:50:03 info: 🚀 App listening on the port 8000. Current Env development.
2025-05-28 11:50:13 info: 🚀 App listening on the port 8000. Current Env development.
2025-05-28 11:51:52 info: 🚀 App listening on the port 8000. Current Env development.
2025-05-28 11:53:57 info: 🚀 App listening on the port 8000. Current Env development.
2025-05-28 11:54:06 info: 🚀 App listening on the port 8000. Current Env development.
2025-05-28 11:54:09 info: 🚀 App listening on the port 8000. Current Env development.
2025-05-28 11:54:13 info: 🚀 App listening on the port 8000. Current Env development.
2025-05-28 11:54:24 info: 🚀 App listening on the port 8000. Current Env development.
2025-05-28 11:56:07 info: 🚀 App listening on the port 8000. Current Env development.
2025-05-28 11:58:54 info: 🚀 App listening on the port 8000. Current Env development.
2025-05-28 12:00:36 info: 🚀 App listening on the port 8000. Current Env development.
2025-05-28 12:06:48 info: 🚀 App listening on the port 8000. Current Env development.
2025-05-28 12:09:28 info: 🚀 App listening on the port 8000. Current Env development.
2025-05-28 12:10:22 info: [0mOPTIONS /api/v1/employee/login [32m204[0m 1.862 ms - 0[0m
2025-05-28 12:10:22 info: [0mPOST /api/v1/employee/login [32m200[0m 196.211 ms - -[0m
2025-05-28 12:10:24 info: [0mOPTIONS /api/v1/event/activeevents [32m204[0m 0.324 ms - 0[0m
2025-05-28 12:10:24 info: [0mOPTIONS /api/v1/event/activeevents [32m204[0m 0.331 ms - 0[0m
2025-05-28 12:10:24 info: [0mGET /api/v1/event/activeevents [36m304[0m 43.352 ms - -[0m
2025-05-28 12:10:24 info: [0mGET /api/v1/event/activeevents [36m304[0m 8.303 ms - -[0m
2025-05-28 12:14:51 info: 🚀 App listening on the port 8000. Current Env development.
2025-05-28 12:17:13 info: 🚀 App listening on the port 8000. Current Env development.
2025-05-28 12:17:16 info: 🚀 App listening on the port 8000. Current Env development.
2025-05-28 12:20:47 info: 🚀 App listening on the port 8000. Current Env development.
2025-05-28 12:21:31 info: 🚀 App listening on the port 8000. Current Env development.
2025-05-28 12:22:46 info: 🚀 App listening on the port 8000. Current Env development.
2025-05-28 12:24:01 info: 🚀 App listening on the port 8000. Current Env development.
2025-05-28 12:31:19 info: 🚀 App listening on the port 8000. Current Env development.
2025-05-28 12:31:35 info: 🚀 App listening on the port 8000. Current Env development.
2025-05-28 12:50:16 info: [0mOPTIONS /api/v1/employee/login [32m204[0m 1.405 ms - 0[0m
2025-05-28 12:50:16 info: [0mPOST /api/v1/employee/login [32m200[0m 247.427 ms - -[0m
2025-05-28 12:50:19 info: [0mOPTIONS /api/v1/event/activeevents [32m204[0m 0.183 ms - 0[0m
2025-05-28 12:50:19 info: [0mOPTIONS /api/v1/event/activeevents [32m204[0m 0.215 ms - 0[0m
2025-05-28 12:50:19 info: [0mGET /api/v1/event/activeevents [36m304[0m 13.704 ms - -[0m
2025-05-28 12:50:19 info: [0mGET /api/v1/event/activeevents [36m304[0m 25.791 ms - -[0m
2025-05-28 14:21:51 info: 🚀 App listening on the port 8000. Current Env development.
2025-05-28 14:23:16 info: 🚀 App listening on the port 8000. Current Env development.
2025-05-28 14:23:20 info: 🚀 App listening on the port 8000. Current Env development.
2025-05-28 14:23:33 info: 🚀 App listening on the port 8000. Current Env development.
2025-05-28 14:23:38 info: 🚀 App listening on the port 8000. Current Env development.
2025-05-28 14:24:07 info: 🚀 App listening on the port 8000. Current Env development.
2025-05-28 14:24:48 info: 🚀 App listening on the port 8000. Current Env development.
2025-05-28 14:25:12 info: 🚀 App listening on the port 8000. Current Env development.
2025-05-28 14:26:46 error: StatusCode : 404, Message : Authentication token missing
2025-05-28 14:26:46 info: [0mPOST /api/v1/event/editevent/1 [33m404[0m 27.374 ms - 42[0m
2025-05-28 14:26:54 info: [0mPOST /api/v1/employee/login [32m200[0m 76.148 ms - -[0m
2025-05-28 14:27:19 error: StatusCode : 404, Message : Authentication token missing
2025-05-28 14:27:19 info: [0mPOST /api/v1/event/editevent/1 [33m404[0m 1.488 ms - 42[0m
2025-05-28 14:27:56 error: StatusCode : 404, Message : Authentication token missing
2025-05-28 14:27:56 info: [0mPOST /api/v1/event/editevent/1 [33m404[0m 2.682 ms - 42[0m
2025-05-28 14:28:59 info: [0mGET /api/v1/employee/login [33m404[0m 3.463 ms - 160[0m
2025-05-28 14:29:04 info: [0mPOST /api/v1/employee/login [32m200[0m 67.641 ms - -[0m
2025-05-28 14:29:26 error: StatusCode : 404, Message : Event not found
2025-05-28 14:29:26 info: [0mGET /api/v1/event/editevent/1 [33m404[0m 7.957 ms - 29[0m
2025-05-28 14:29:58 info: [0mGET /api/v1/event/insertevent [33m404[0m 4.967 ms - 163[0m
2025-05-28 14:30:01 error: StatusCode : 400, Message : more_images must be a string, location must be a string, map_integration must be a string, date_and_time must be a valid ISO 8601 date string, agenda must be a string, speaker_details must be a json string, sponsors must be a string, our_partners must be a string
2025-05-28 14:30:01 info: [0mPOST /api/v1/event/insertevent [33m400[0m 10.928 ms - 277[0m
2025-05-28 14:32:07 error: StatusCode : 400, Message : location must be a string, date_and_time must be a valid ISO 8601 date string
2025-05-28 14:32:07 info: [0mPOST /api/v1/event/insertevent [33m400[0m 5.374 ms - 91[0m
2025-05-28 14:39:55 error: StatusCode : 400, Message : location must be a string, date_and_time must be a valid ISO 8601 date string
2025-05-28 14:39:55 info: [0mPOST /api/v1/event/insertevent [33m400[0m 6.142 ms - 91[0m
2025-05-28 14:40:24 error: StatusCode : 400, Message : location must be a string, date_and_time must be a valid ISO 8601 date string
2025-05-28 14:40:24 info: [0mPOST /api/v1/event/insertevent [33m400[0m 3.681 ms - 91[0m
2025-05-28 14:49:19 error: StatusCode : 400, Message : location must be a string, date_and_time must be a valid ISO 8601 date string
2025-05-28 14:49:19 info: [0mPOST /api/v1/event/insertevent [33m400[0m 4.648 ms - 91[0m
2025-05-28 14:54:14 info: 🚀 App listening on the port 8000. Current Env development.
2025-05-28 14:54:56 info: 🚀 App listening on the port 8000. Current Env development.
2025-05-28 14:55:00 info: 🚀 App listening on the port 8000. Current Env development.
2025-05-28 14:55:21 info: 🚀 App listening on the port 8000. Current Env development.
2025-05-28 14:55:29 error: StatusCode : 400, Message : location must be a string, date_and_time must be a valid ISO 8601 date string
2025-05-28 14:55:29 info: [0mPOST /api/v1/event/insertevent [33m400[0m 96.251 ms - 91[0m
2025-05-28 14:56:33 info: 🚀 App listening on the port 8000. Current Env development.
2025-05-28 14:56:35 info: 🚀 App listening on the port 8000. Current Env development.
2025-05-28 14:56:46 info: 🚀 App listening on the port 8000. Current Env development.
2025-05-28 14:57:40 error: StatusCode : 400, Message : location must be a string, date_and_time must be a valid ISO 8601 date string
2025-05-28 14:57:40 info: [0mPOST /api/v1/event/insertevent [33m400[0m 184.103 ms - 91[0m
2025-05-28 14:59:32 info: 🚀 App listening on the port 8000. Current Env development.
2025-05-28 14:59:32 error: StatusCode : 400, Message : date_and_time must be a valid ISO 8601 date string
2025-05-28 14:59:32 info: [0mPOST /api/v1/event/insertevent [33m400[0m 86.074 ms - 64[0m
2025-05-28 15:00:08 info: 🚀 App listening on the port 8000. Current Env development.
2025-05-28 15:00:10 error: StatusCode : 400, Message : time must be a valid ISO 8601 date string
2025-05-28 15:00:10 info: [0mPOST /api/v1/event/insertevent [33m400[0m 172.398 ms - 55[0m
2025-05-28 15:04:34 info: 🚀 App listening on the port 8000. Current Env development.
2025-05-28 15:04:45 info: [0mPOST /api/v1/event/insertevent [32m201[0m 86.838 ms - -[0m
2025-05-28 15:06:24 info: 🚀 App listening on the port 8000. Current Env development.
2025-05-28 15:07:02 info: 🚀 App listening on the port 8000. Current Env development.
2025-05-28 15:07:13 info: 🚀 App listening on the port 8000. Current Env development.
2025-05-28 15:15:40 info: [0mOPTIONS /api/v1/employee/login [32m204[0m 1.091 ms - 0[0m
2025-05-28 15:15:40 info: [0mPOST /api/v1/employee/login [32m200[0m 131.958 ms - -[0m
2025-05-28 15:15:42 info: [0mOPTIONS /api/v1/event/activeevents [32m204[0m 0.533 ms - 0[0m
2025-05-28 15:15:42 info: [0mOPTIONS /api/v1/event/activeevents [32m204[0m 0.106 ms - 0[0m
2025-05-28 15:15:42 error: StatusCode : 500, Message : select * from "event" where "status" = $1 and "is_deleted" = $2 order by "date_and_time" asc - column "date_and_time" does not exist
2025-05-28 15:15:42 info: [0mGET /api/v1/event/activeevents [31m500[0m 17.999 ms - 156[0m
2025-05-28 15:15:42 error: StatusCode : 500, Message : select * from "event" where "status" = $1 and "is_deleted" = $2 order by "date_and_time" asc - column "date_and_time" does not exist
2025-05-28 15:15:42 info: [0mGET /api/v1/event/activeevents [31m500[0m 8.254 ms - 156[0m
2025-05-28 15:15:44 error: StatusCode : 500, Message : select * from "event" where "status" = $1 and "is_deleted" = $2 order by "date_and_time" asc - column "date_and_time" does not exist
2025-05-28 15:15:44 info: [0mGET /api/v1/event/activeevents [31m500[0m 11.256 ms - 156[0m
2025-05-28 15:15:44 error: StatusCode : 500, Message : select * from "event" where "status" = $1 and "is_deleted" = $2 order by "date_and_time" asc - column "date_and_time" does not exist
2025-05-28 15:15:44 info: [0mGET /api/v1/event/activeevents [31m500[0m 12.285 ms - 156[0m
2025-05-28 15:16:43 info: [0mPOST /api/v1/event/activeevents [33m404[0m 7.841 ms - 165[0m
2025-05-28 15:16:46 error: StatusCode : 500, Message : select * from "event" where "status" = $1 and "is_deleted" = $2 order by "date_and_time" asc - column "date_and_time" does not exist
2025-05-28 15:16:46 info: [0mGET /api/v1/event/activeevents [31m500[0m 7.942 ms - 156[0m
2025-05-28 15:19:44 info: 🚀 App listening on the port 8000. Current Env development.
2025-05-28 15:19:49 info: [0mGET /api/v1/event/activeevents [32m200[0m 92.444 ms - -[0m
2025-05-28 15:19:58 info: [0mOPTIONS /api/v1/event/activeevents [32m204[0m 1.032 ms - 0[0m
2025-05-28 15:19:58 info: [0mOPTIONS /api/v1/event/activeevents [32m204[0m 0.545 ms - 0[0m
2025-05-28 15:19:58 info: [0mGET /api/v1/event/activeevents [32m200[0m 18.471 ms - -[0m
2025-05-28 15:19:58 info: [0mGET /api/v1/event/activeevents [36m304[0m 9.238 ms - -[0m
2025-05-28 15:38:21 info: [0mOPTIONS /api/v1/event/activeevents [32m204[0m 0.276 ms - 0[0m
2025-05-28 15:38:21 info: [0mOPTIONS /api/v1/event/activeevents [32m204[0m 0.154 ms - 0[0m
2025-05-28 15:38:21 info: [0mGET /api/v1/event/activeevents [36m304[0m 12.782 ms - -[0m
2025-05-28 15:38:21 info: [0mGET /api/v1/event/activeevents [36m304[0m 8.512 ms - -[0m
2025-05-28 15:57:54 info: [0mOPTIONS /api/v1/event/activeevents [32m204[0m 0.254 ms - 0[0m
2025-05-28 15:57:54 info: [0mOPTIONS /api/v1/event/activeevents [32m204[0m 0.279 ms - 0[0m
2025-05-28 15:57:54 info: [0mGET /api/v1/event/activeevents [36m304[0m 12.607 ms - -[0m
2025-05-28 15:57:54 info: [0mGET /api/v1/event/activeevents [36m304[0m 9.579 ms - -[0m
2025-05-28 16:13:15 info: [0mOPTIONS /api/v1/employee/login [32m204[0m 1.819 ms - 0[0m
2025-05-28 16:13:15 info: [0mPOST /api/v1/employee/login [32m200[0m 80.042 ms - -[0m
2025-05-28 16:13:18 info: [0mOPTIONS /api/v1/event/activeevents [32m204[0m 0.771 ms - 0[0m
2025-05-28 16:13:18 info: [0mOPTIONS /api/v1/event/activeevents [32m204[0m 0.175 ms - 0[0m
2025-05-28 16:13:18 info: [0mGET /api/v1/event/activeevents [36m304[0m 11.480 ms - -[0m
2025-05-28 16:13:18 info: [0mGET /api/v1/event/activeevents [36m304[0m 11.262 ms - -[0m
2025-05-28 16:31:36 info: [0mOPTIONS /api/v1/event/insertevent [32m204[0m 0.333 ms - 0[0m
2025-05-28 16:31:36 error: StatusCode : 400, Message : event_title must be a string, event_description must be a string, banner_image must be a string, venue_name must be a string, date must be a valid ISO 8601 date string, time must be a string, total_seats must be an integer number, ticket_price must be a number conforming to the specified constraints, speaker_details must be a json string
2025-05-28 16:31:36 info: [0mPOST /api/v1/event/insertevent [33m400[0m 29.804 ms - 353[0m
2025-05-28 16:31:47 info: [0mOPTIONS /api/v1/event/insertevent [32m204[0m 0.181 ms - 0[0m
2025-05-28 16:31:47 error: StatusCode : 400, Message : event_title must be a string, event_description must be a string, banner_image must be a string, venue_name must be a string, date must be a valid ISO 8601 date string, time must be a string, total_seats must be an integer number, ticket_price must be a number conforming to the specified constraints, speaker_details must be a json string
2025-05-28 16:31:47 info: [0mPOST /api/v1/event/insertevent [33m400[0m 6.378 ms - 353[0m
2025-05-28 16:35:17 info: [0mOPTIONS /api/v1/event/insertevent [32m204[0m 0.145 ms - 0[0m
2025-05-28 16:35:17 error: StatusCode : 400, Message : event_title must be a string, event_description must be a string, banner_image must be a string, venue_name must be a string, date must be a valid ISO 8601 date string, time must be a string, total_seats must be an integer number, ticket_price must be a number conforming to the specified constraints, speaker_details must be a json string
2025-05-28 16:35:17 info: [0mPOST /api/v1/event/insertevent [33m400[0m 5.297 ms - 353[0m
2025-05-28 16:38:13 info: [0mOPTIONS /api/v1/event/insertevent [32m204[0m 0.143 ms - 0[0m
2025-05-28 16:38:13 error: StatusCode : 400, Message : event_title must be a string, event_description must be a string, banner_image must be a string, venue_name must be a string, date must be a valid ISO 8601 date string, time must be a string, total_seats must be an integer number, ticket_price must be a number conforming to the specified constraints, speaker_details must be a json string
2025-05-28 16:38:13 info: [0mPOST /api/v1/event/insertevent [33m400[0m 5.239 ms - 353[0m
2025-05-28 17:28:02 info: [0mOPTIONS /api/v1/employee/login [32m204[0m 0.148 ms - 0[0m
2025-05-28 17:28:02 info: [0mPOST /api/v1/employee/login [32m200[0m 87.027 ms - -[0m
2025-05-28 17:28:03 info: [0mOPTIONS /api/v1/event/activeevents [32m204[0m 0.560 ms - 0[0m
2025-05-28 17:28:03 info: [0mOPTIONS /api/v1/event/activeevents [32m204[0m 0.134 ms - 0[0m
2025-05-28 17:28:03 info: [0mGET /api/v1/event/activeevents [36m304[0m 11.148 ms - -[0m
2025-05-28 17:28:03 info: [0mGET /api/v1/event/activeevents [36m304[0m 7.270 ms - -[0m
2025-05-28 17:51:03 info: [0mOPTIONS /api/v1/employee/login [32m204[0m 0.126 ms - 0[0m
2025-05-28 17:51:03 info: [0mPOST /api/v1/employee/login [32m200[0m 67.969 ms - -[0m
2025-05-28 17:51:05 info: [0mOPTIONS /api/v1/event/activeevents [32m204[0m 0.303 ms - 0[0m
2025-05-28 17:51:05 info: [0mOPTIONS /api/v1/event/activeevents [32m204[0m 0.101 ms - 0[0m
2025-05-28 17:51:05 info: [0mGET /api/v1/event/activeevents [36m304[0m 7.279 ms - -[0m
2025-05-28 17:51:05 info: [0mGET /api/v1/event/activeevents [36m304[0m 7.404 ms - -[0m
2025-05-28 19:00:35 info: [0mOPTIONS /api/v1/event/insertevent [32m204[0m 0.207 ms - 0[0m
2025-05-28 19:00:35 error: StatusCode : 500, Message : insert into "event" ("address_line_1", "address_line_2", "agenda", "all_day", "banner_image", "city", "created_by", "currency", "date", "deleted_at", "deleted_by", "event_description", "event_title", "gate_no", "is_deleted", "map_integration", "meta_description", "meta_title", "meta_url", "more_images", "our_partners", "pincode", "promo_video", "seats_remaning", "seats_remaning_indicater", "speaker_details", "sponsors", "state", "status", "tags", "ticket_price", "time", "time_zone_selector", "total_seats", "updated_by", "venue_name") values ($1, $2, $3, $4, $5, $6, $7, $8, $9, $10, $11, $12, $13, $14, $15, $16, $17, $18, $19, $20, $21, $22, $23, $24, $25, $26, $27, $28, $29, $30, $31, $32, $33, $34, $35, $36) returning * - column "currency" of relation "event" does not exist
2025-05-28 19:00:35 info: [0mPOST /api/v1/event/insertevent [31m500[0m 57.200 ms - 877[0m
2025-05-28 19:02:27 info: 🚀 App listening on the port 8000. Current Env development.
2025-05-28 19:02:31 info: 🚀 App listening on the port 8000. Current Env development.
2025-05-28 19:02:33 info: [0mOPTIONS /api/v1/event/insertevent [32m204[0m 1.327 ms - 0[0m
2025-05-28 19:02:34 error: StatusCode : 500, Message : insert into "event" ("address_line_1", "address_line_2", "agenda", "all_day", "banner_image", "city", "created_by", "currency", "date", "deleted_at", "deleted_by", "event_description", "event_title", "gate_no", "is_deleted", "map_integration", "meta_description", "meta_title", "meta_url", "more_images", "our_partners", "pincode", "promo_video", "seats_remaning", "seats_remaning_indicater", "speaker_details", "sponsors", "state", "status", "tags", "ticket_price", "time", "time_zone_selector", "total_seats", "updated_by", "venue_name") values ($1, $2, $3, $4, $5, $6, $7, $8, $9, $10, $11, $12, $13, $14, $15, $16, $17, $18, $19, $20, $21, $22, $23, $24, $25, $26, $27, $28, $29, $30, $31, $32, $33, $34, $35, $36) returning * - column "currency" of relation "event" does not exist
2025-05-28 19:02:34 info: [0mPOST /api/v1/event/insertevent [31m500[0m 215.299 ms - 877[0m
2025-05-28 19:02:45 info: 🚀 App listening on the port 8000. Current Env development.
2025-05-28 19:03:04 info: 🚀 App listening on the port 8000. Current Env development.
2025-05-28 19:03:16 info: 🚀 App listening on the port 8000. Current Env development.
2025-05-28 19:03:43 info: [0mOPTIONS /api/v1/event/insertevent [32m204[0m 3.849 ms - 0[0m
2025-05-28 19:03:43 error: StatusCode : 500, Message : insert into "event" ("address_line_1", "address_line_2", "agenda", "all_day", "banner_image", "city", "created_by", "currency", "date", "deleted_at", "deleted_by", "event_description", "event_title", "gate_no", "is_deleted", "map_integration", "meta_description", "meta_title", "meta_url", "more_images", "our_partners", "pincode", "promo_video", "seats_remaning", "seats_remaning_indicater", "speaker_details", "sponsors", "state", "status", "tags", "ticket_price", "time", "time_zone_selector", "total_seats", "updated_by", "venue_name") values ($1, $2, $3, $4, $5, $6, $7, $8, $9, $10, $11, $12, $13, $14, $15, $16, $17, $18, $19, $20, $21, $22, $23, $24, $25, $26, $27, $28, $29, $30, $31, $32, $33, $34, $35, $36) returning * - column "tags" of relation "event" does not exist
2025-05-28 19:03:43 info: [0mPOST /api/v1/event/insertevent [31m500[0m 33.056 ms - 873[0m
2025-05-28 19:04:20 info: 🚀 App listening on the port 8000. Current Env development.
2025-05-28 19:04:31 info: 🚀 App listening on the port 8000. Current Env development.
2025-05-28 19:05:37 info: 🚀 App listening on the port 8000. Current Env development.
2025-05-28 19:05:58 info: [0mOPTIONS /api/v1/event/insertevent [32m204[0m 2.311 ms - 0[0m
2025-05-28 19:05:58 error: StatusCode : 500, Message : insert into "event" ("address_line_1", "address_line_2", "agenda", "all_day", "banner_image", "city", "created_by", "currency", "date", "deleted_at", "deleted_by", "event_description", "event_title", "gate_no", "is_deleted", "map_integration", "meta_description", "meta_title", "meta_url", "more_images", "our_partners", "pincode", "promo_video", "seats_remaning", "seats_remaning_indicater", "speaker_details", "sponsors", "state", "status", "tags", "ticket_price", "time", "time_zone_selector", "total_seats", "updated_by", "venue_name") values ($1, $2, $3, $4, $5, $6, $7, $8, $9, $10, $11, $12, $13, $14, $15, $16, $17, $18, $19, $20, $21, $22, $23, $24, $25, $26, $27, $28, $29, $30, $31, $32, $33, $34, $35, $36) returning * - invalid input syntax for type boolean: "https://maps.app.goo.gl/kpkPTy7asVVnrP7U8"
2025-05-28 19:05:58 info: [0mPOST /api/v1/event/insertevent [31m500[0m 41.597 ms - 905[0m
2025-05-28 19:06:57 info: 🚀 App listening on the port 8000. Current Env development.
2025-05-28 19:07:48 info: 🚀 App listening on the port 8000. Current Env development.
2025-05-28 19:07:56 info: 🚀 App listening on the port 8000. Current Env development.
2025-05-28 19:08:03 info: 🚀 App listening on the port 8000. Current Env development.
2025-05-28 19:08:55 info: 🚀 App listening on the port 8000. Current Env development.
2025-05-28 19:09:39 info: [0mOPTIONS /api/v1/event/insertevent [32m204[0m 1.704 ms - 0[0m
2025-05-28 19:09:39 error: StatusCode : 500, Message : insert into "event" ("address_line_1", "address_line_2", "agenda", "all_day", "banner_image", "city", "created_by", "currency", "date", "deleted_at", "deleted_by", "event_description", "event_title", "gate_no", "is_deleted", "map_integration", "meta_description", "meta_title", "meta_url", "more_images", "our_partners", "pincode", "promo_video", "seats_remaning", "seats_remaning_indicater", "speaker_details", "sponsors", "state", "status", "tags", "ticket_price", "time", "time_zone_selector", "total_seats", "updated_by", "venue_name") values ($1, $2, $3, $4, $5, $6, $7, $8, $9, $10, $11, $12, $13, $14, $15, $16, $17, $18, $19, $20, $21, $22, $23, $24, $25, $26, $27, $28, $29, $30, $31, $32, $33, $34, $35, $36) returning * - invalid input syntax for type integer: "true"
2025-05-28 19:09:39 info: [0mPOST /api/v1/event/insertevent [31m500[0m 40.230 ms - 868[0m
2025-05-28 19:13:44 info: 🚀 App listening on the port 8000. Current Env development.
