2025-05-27 10:44:19 info: 🚀 App listening on the port 8000. Current Env development.
2025-05-27 10:45:23 info: [0mOPTIONS /api/v1/employee/login [32m204[0m 1.309 ms - 0[0m
2025-05-27 10:45:23 info: [0mPOST /api/v1/employee/login [32m200[0m 180.093 ms - -[0m
2025-05-27 10:50:48 info: [0mPOST /api/v1/employee/login [32m200[0m 66.555 ms - -[0m
2025-05-27 11:05:27 info: [0mOPTIONS /api/v1/employee/login [32m204[0m 0.291 ms - 0[0m
2025-05-27 11:05:27 info: [0mPOST /api/v1/employee/login [32m200[0m 68.833 ms - -[0m
2025-05-27 11:06:11 info: [0mOPTIONS /api/v1/employee/login [32m204[0m 0.184 ms - 0[0m
2025-05-27 11:06:11 info: [0mPOST /api/v1/employee/login [32m200[0m 68.234 ms - -[0m
2025-05-27 11:06:12 info: [0mOPTIONS /api/v1/event/activeevents [32m204[0m 0.479 ms - 0[0m
2025-05-27 11:06:12 info: [0mOPTIONS /api/v1/event/activeevents [32m204[0m 0.142 ms - 0[0m
2025-05-27 11:06:12 info: [0mGET /api/v1/event/activeevents [36m304[0m 21.970 ms - -[0m
2025-05-27 11:06:12 info: [0mGET /api/v1/event/activeevents [36m304[0m 11.792 ms - -[0m
2025-05-27 11:07:00 info: [0mOPTIONS /api/v1/event/activeevents [32m204[0m 0.439 ms - 0[0m
2025-05-27 11:07:00 info: [0mOPTIONS /api/v1/event/activeevents [32m204[0m 0.609 ms - 0[0m
2025-05-27 11:07:00 info: [0mGET /api/v1/event/activeevents [36m304[0m 12.383 ms - -[0m
2025-05-27 11:07:00 info: [0mGET /api/v1/event/activeevents [36m304[0m 12.540 ms - -[0m
2025-05-27 11:10:54 info: [0mOPTIONS /api/v1/event/activeevents [32m204[0m 0.227 ms - 0[0m
2025-05-27 11:10:54 info: [0mOPTIONS /api/v1/event/activeevents [32m204[0m 0.193 ms - 0[0m
2025-05-27 11:10:54 info: [0mGET /api/v1/event/activeevents [36m304[0m 10.583 ms - -[0m
2025-05-27 11:10:54 info: [0mGET /api/v1/event/activeevents [36m304[0m 12.976 ms - -[0m
2025-05-27 11:11:14 info: [0mOPTIONS /api/v1/employee/login [32m204[0m 0.151 ms - 0[0m
2025-05-27 11:11:14 info: [0mPOST /api/v1/employee/login [32m200[0m 69.140 ms - -[0m
2025-05-27 11:11:20 info: [0mOPTIONS /api/v1/event/activeevents [32m204[0m 0.311 ms - 0[0m
2025-05-27 11:11:20 info: [0mOPTIONS /api/v1/event/activeevents [32m204[0m 0.812 ms - 0[0m
2025-05-27 11:11:20 info: [0mGET /api/v1/event/activeevents [36m304[0m 47.102 ms - -[0m
2025-05-27 11:11:20 info: [0mGET /api/v1/event/activeevents [36m304[0m 37.983 ms - -[0m
2025-05-27 11:14:19 info: [0mOPTIONS /api/v1/employee/login [32m204[0m 0.126 ms - 0[0m
2025-05-27 11:14:19 info: [0mPOST /api/v1/employee/login [32m200[0m 66.260 ms - -[0m
2025-05-27 11:14:21 info: [0mOPTIONS /api/v1/event/activeevents [32m204[0m 0.193 ms - 0[0m
2025-05-27 11:14:21 info: [0mOPTIONS /api/v1/event/activeevents [32m204[0m 0.288 ms - 0[0m
2025-05-27 11:14:21 info: [0mGET /api/v1/event/activeevents [36m304[0m 10.378 ms - -[0m
2025-05-27 11:14:21 info: [0mGET /api/v1/event/activeevents [36m304[0m 13.298 ms - -[0m
2025-05-27 11:52:00 info: [0mOPTIONS /api/v1/employee/login [32m204[0m 0.403 ms - 0[0m
2025-05-27 11:52:00 info: [0mPOST /api/v1/employee/login [32m200[0m 65.764 ms - -[0m
2025-05-27 11:52:01 info: [0mOPTIONS /api/v1/event/activeevents [32m204[0m 29.929 ms - 0[0m
2025-05-27 11:52:01 info: [0mOPTIONS /api/v1/event/activeevents [32m204[0m 0.407 ms - 0[0m
2025-05-27 11:52:01 info: [0mGET /api/v1/event/activeevents [36m304[0m 27.538 ms - -[0m
2025-05-27 11:52:01 info: [0mGET /api/v1/event/activeevents [36m304[0m 11.341 ms - -[0m
2025-05-27 12:43:06 info: [0mOPTIONS /api/v1/employee/login [32m204[0m 0.438 ms - 0[0m
2025-05-27 12:43:06 info: [0mPOST /api/v1/employee/login [32m200[0m 72.932 ms - -[0m
2025-05-27 12:43:07 info: [0mOPTIONS /api/v1/event/activeevents [32m204[0m 0.158 ms - 0[0m
2025-05-27 12:43:08 info: [0mOPTIONS /api/v1/event/activeevents [32m204[0m 0.158 ms - 0[0m
2025-05-27 12:43:08 info: [0mGET /api/v1/event/activeevents [36m304[0m 16.397 ms - -[0m
2025-05-27 12:43:08 info: [0mGET /api/v1/event/activeevents [36m304[0m 5.225 ms - -[0m
2025-05-27 13:27:20 info: [0mOPTIONS /api/v1/employee/login [32m204[0m 0.826 ms - 0[0m
2025-05-27 13:27:20 info: [0mPOST /api/v1/employee/login [32m200[0m 78.736 ms - -[0m
2025-05-27 13:27:24 info: [0mOPTIONS /api/v1/event/activeevents [32m204[0m 0.193 ms - 0[0m
2025-05-27 13:27:24 info: [0mOPTIONS /api/v1/event/activeevents [32m204[0m 0.196 ms - 0[0m
2025-05-27 13:27:24 info: [0mGET /api/v1/event/activeevents [36m304[0m 16.003 ms - -[0m
2025-05-27 13:27:24 info: [0mGET /api/v1/event/activeevents [36m304[0m 21.599 ms - -[0m
2025-05-27 16:19:11 info: [0mOPTIONS /api/v1/employee/login [32m204[0m 0.594 ms - 0[0m
2025-05-27 16:19:11 info: [0mPOST /api/v1/employee/login [32m200[0m 83.339 ms - -[0m
2025-05-27 16:19:13 info: [0mOPTIONS /api/v1/event/activeevents [32m204[0m 0.371 ms - 0[0m
2025-05-27 16:19:13 info: [0mOPTIONS /api/v1/event/activeevents [32m204[0m 0.179 ms - 0[0m
2025-05-27 16:19:13 info: [0mGET /api/v1/event/activeevents [36m304[0m 11.657 ms - -[0m
2025-05-27 16:19:13 info: [0mGET /api/v1/event/activeevents [36m304[0m 9.289 ms - -[0m
2025-05-27 17:21:50 info: [0mOPTIONS /api/v1/employee/login [32m204[0m 0.848 ms - 0[0m
2025-05-27 17:21:50 info: [0mPOST /api/v1/employee/login [32m200[0m 80.432 ms - -[0m
2025-05-27 17:21:51 info: [0mOPTIONS /api/v1/event/activeevents [32m204[0m 0.135 ms - 0[0m
2025-05-27 17:21:51 info: [0mOPTIONS /api/v1/event/activeevents [32m204[0m 0.138 ms - 0[0m
2025-05-27 17:21:51 info: [0mGET /api/v1/event/activeevents [36m304[0m 14.499 ms - -[0m
2025-05-27 17:21:51 info: [0mGET /api/v1/event/activeevents [36m304[0m 7.530 ms - -[0m
2025-05-27 18:15:08 info: [0mOPTIONS /api/v1/employee/login [32m204[0m 1.030 ms - 0[0m
2025-05-27 18:15:09 info: [0mPOST /api/v1/employee/login [32m200[0m 78.463 ms - -[0m
2025-05-27 18:15:10 info: [0mOPTIONS /api/v1/event/activeevents [32m204[0m 0.224 ms - 0[0m
2025-05-27 18:15:10 info: [0mOPTIONS /api/v1/event/activeevents [32m204[0m 0.346 ms - 0[0m
2025-05-27 18:15:10 info: [0mGET /api/v1/event/activeevents [36m304[0m 17.366 ms - -[0m
2025-05-27 18:15:10 info: [0mGET /api/v1/event/activeevents [36m304[0m 6.215 ms - -[0m
2025-05-27 18:28:41 info: [0mOPTIONS /api/v1/event/activeevents [32m204[0m 0.184 ms - 0[0m
2025-05-27 18:28:41 info: [0mOPTIONS /api/v1/event/activeevents [32m204[0m 0.149 ms - 0[0m
2025-05-27 18:28:41 info: [0mGET /api/v1/event/activeevents [36m304[0m 9.745 ms - -[0m
2025-05-27 18:28:41 info: [0mGET /api/v1/event/activeevents [36m304[0m 10.347 ms - -[0m
2025-05-27 18:29:48 info: [0mOPTIONS /api/v1/employee/login [32m204[0m 0.105 ms - 0[0m
2025-05-27 18:29:48 info: [0mPOST /api/v1/employee/login [32m200[0m 66.526 ms - -[0m
2025-05-27 18:29:50 info: [0mOPTIONS /api/v1/event/activeevents [32m204[0m 0.400 ms - 0[0m
2025-05-27 18:29:50 info: [0mOPTIONS /api/v1/event/activeevents [32m204[0m 0.227 ms - 0[0m
2025-05-27 18:29:50 info: [0mGET /api/v1/event/activeevents [36m304[0m 6.891 ms - -[0m
2025-05-27 18:29:50 info: [0mGET /api/v1/event/activeevents [36m304[0m 8.383 ms - -[0m
2025-05-27 18:39:25 info: [0mOPTIONS /api/v1/employee/login [32m204[0m 0.327 ms - 0[0m
2025-05-27 18:39:26 info: [0mPOST /api/v1/employee/login [32m200[0m 70.158 ms - -[0m
2025-05-27 18:39:27 info: [0mOPTIONS /api/v1/event/activeevents [32m204[0m 0.470 ms - 0[0m
2025-05-27 18:39:27 info: [0mOPTIONS /api/v1/event/activeevents [32m204[0m 0.308 ms - 0[0m
2025-05-27 18:39:27 info: [0mGET /api/v1/event/activeevents [36m304[0m 11.622 ms - -[0m
2025-05-27 18:39:27 info: [0mGET /api/v1/event/activeevents [36m304[0m 11.486 ms - -[0m
2025-05-27 19:46:25 info: 🚀 App listening on the port 8000. Current Env development.
