2025-05-23 11:19:28 info: 🚀 App listening on the port 8000. Current Env development.
2025-05-23 11:21:12 info: [0mPOST /api/v1/event/insertevent [33m404[0m 34.254 ms - 164[0m
2025-05-23 11:22:09 info: [0mPOST /api/v1/event/insertevent [33m404[0m 1.861 ms - 164[0m
2025-05-23 11:32:15 info: [0mPOST /api/v1/event/insertevent [33m404[0m 1.214 ms - 164[0m
2025-05-23 11:33:12 info: 🚀 App listening on the port 8000. Current Env development.
2025-05-23 11:33:27 info: [0mPOST /api/v1/event/insertevent [33m404[0m 29.775 ms - 164[0m
2025-05-23 11:33:57 info: 🚀 App listening on the port 8000. Current Env development.
2025-05-23 11:39:20 info: [0mPOST /api/v1/event/insertevent [33m404[0m 22.267 ms - 164[0m
2025-05-23 11:39:21 info: 🚀 App listening on the port 8000. Current Env development.
2025-05-23 11:39:27 info: 🚀 App listening on the port 8000. Current Env development.
2025-05-23 11:39:31 info: [0mPOST /api/v1/event/insertevent [33m404[0m 22.945 ms - 164[0m
2025-05-23 11:39:37 info: [0mPOST /api/v1/event/insertevent [33m404[0m 1.454 ms - 164[0m
2025-05-23 11:40:07 info: 🚀 App listening on the port 8000. Current Env development.
2025-05-23 11:40:50 info: 🚀 App listening on the port 8000. Current Env development.
2025-05-23 11:41:45 info: [0mPOST /api/v1/event/insertevent [33m404[0m 26.630 ms - 164[0m
2025-05-23 11:43:05 info: 🚀 App listening on the port 8000. Current Env development.
2025-05-23 11:43:17 info: [0mPOST /api/v1/event/insertevent [33m404[0m 31.234 ms - 164[0m
2025-05-23 11:44:25 info: 🚀 App listening on the port 8000. Current Env development.
2025-05-23 11:44:29 info: [0mPOST /api/v1/event/insertevent [33m404[0m 23.468 ms - 164[0m
2025-05-23 11:46:13 info: 🚀 App listening on the port 8000. Current Env development.
2025-05-23 11:46:19 info: [0mPOST /api/v1/event/insertevent123 [33m404[0m 21.349 ms - 167[0m
2025-05-23 11:46:34 info: 🚀 App listening on the port 8000. Current Env development.
2025-05-23 11:46:48 info: 🚀 App listening on the port 8000. Current Env development.
2025-05-23 11:46:50 info: [0mPOST /api/v1/event/insertevent123 [33m404[0m 18.347 ms - 167[0m
2025-05-23 11:53:12 info: 🚀 App listening on the port 8000. Current Env development.
2025-05-23 11:56:23 info: 🚀 App listening on the port 8000. Current Env development.
2025-05-23 11:56:28 error: StatusCode : 500, Message : Cannot read properties of undefined (reading 'eventService')
2025-05-23 11:56:28 info: [0mPOST /api/v1/event/insertevent [31m500[0m 28.374 ms - 74[0m
2025-05-23 12:02:17 error: StatusCode : 500, Message : Cannot read properties of undefined (reading 'eventService')
2025-05-23 12:02:17 info: [0mPOST /api/v1/event/insertevent [31m500[0m 6.187 ms - 74[0m
2025-05-23 12:02:59 info: 🚀 App listening on the port 8000. Current Env development.
2025-05-23 12:54:53 error: StatusCode : 500, Message : Cannot read properties of undefined (reading 'eventService')
2025-05-23 12:54:53 info: [0mPOST /api/v1/event/insertevent [31m500[0m 24.006 ms - 74[0m
2025-05-23 12:54:59 info: 🚀 App listening on the port 8000. Current Env development.
2025-05-23 12:55:18 info: 🚀 App listening on the port 8000. Current Env development.
2025-05-23 12:55:20 info: 🚀 App listening on the port 8000. Current Env development.
2025-05-23 12:55:26 info: 🚀 App listening on the port 8000. Current Env development.
2025-05-23 12:55:57 info: 🚀 App listening on the port 8000. Current Env development.
2025-05-23 12:56:19 info: 🚀 App listening on the port 8000. Current Env development.
2025-05-23 12:56:29 info: 🚀 App listening on the port 8000. Current Env development.
2025-05-23 12:57:15 info: 🚀 App listening on the port 8000. Current Env development.
2025-05-23 12:58:41 info: 🚀 App listening on the port 8000. Current Env development.
2025-05-23 12:58:47 info: 🚀 App listening on the port 8000. Current Env development.
2025-05-23 12:58:50 info: 🚀 App listening on the port 8000. Current Env development.
2025-05-23 12:59:27 info: 🚀 App listening on the port 8000. Current Env development.
2025-05-23 13:01:41 info: 🚀 App listening on the port 8000. Current Env development.
2025-05-23 13:01:48 info: 🚀 App listening on the port 8000. Current Env development.
2025-05-23 13:01:49 error: StatusCode : 500, Message : insert into "event" ("agenda", "banner_image", "date_and_time", "event_description", "event_title", "gate_no", "location", "map_integration", "more_images", "our_partners", "promo_video", "speaker_details", "sponsors", "ticket_price", "time_zone_selector", "total_seats", "updated_by", "venue_name") values ($1, $2, $3, $4, $5, $6, $7, $8, $9, $10, $11, $12, $13, $14, $15, $16, $17, $18) returning * - invalid input syntax for type boolean: "https://maps.google.com/?q=Global+Expo+Center+Pune"
2025-05-23 13:01:49 info: [0mPOST /api/v1/event/insertevent [31m500[0m 69.873 ms - 548[0m
2025-05-23 13:02:06 info: 🚀 App listening on the port 8000. Current Env development.
2025-05-23 13:02:24 info: 🚀 App listening on the port 8000. Current Env development.
2025-05-23 13:04:31 info: [0mPOST /api/v1/event/insertevent [32m201[0m 181.012 ms - -[0m
2025-05-23 13:05:48 info: 🚀 App listening on the port 8000. Current Env development.
2025-05-23 13:05:53 info: 🚀 App listening on the port 8000. Current Env development.
2025-05-23 13:09:07 info: 🚀 App listening on the port 8000. Current Env development.
2025-05-23 13:09:17 info: 🚀 App listening on the port 8000. Current Env development.
2025-05-23 13:09:44 info: 🚀 App listening on the port 8000. Current Env development.
2025-05-23 13:10:14 info: 🚀 App listening on the port 8000. Current Env development.
2025-05-23 13:10:18 info: 🚀 App listening on the port 8000. Current Env development.
2025-05-23 13:11:41 info: 🚀 App listening on the port 8000. Current Env development.
2025-05-23 13:11:47 info: 🚀 App listening on the port 8000. Current Env development.
2025-05-23 13:11:49 info: 🚀 App listening on the port 8000. Current Env development.
2025-05-23 13:12:35 info: 🚀 App listening on the port 8000. Current Env development.
2025-05-23 13:12:48 info: 🚀 App listening on the port 8000. Current Env development.
2025-05-23 13:13:37 info: 🚀 App listening on the port 8000. Current Env development.
2025-05-23 13:13:50 error: StatusCode : 500, Message : select * from "event" where "id" = $1 limit $2 - column "id" does not exist
2025-05-23 13:13:50 info: [0mGET /api/v1/event/editevent/1 [31m500[0m 176.182 ms - 95[0m
2025-05-23 13:15:14 info: 🚀 App listening on the port 8000. Current Env development.
2025-05-23 13:15:14 error: StatusCode : 400, Message : Event ID is required
2025-05-23 13:15:14 info: [0mGET /api/v1/event/editevent/1 [33m400[0m 15.855 ms - 34[0m
2025-05-23 13:15:26 info: 🚀 App listening on the port 8000. Current Env development.
2025-05-23 13:15:30 info: 🚀 App listening on the port 8000. Current Env development.
2025-05-23 13:17:27 info: 🚀 App listening on the port 8000. Current Env development.
2025-05-23 13:17:54 info: 🚀 App listening on the port 8000. Current Env development.
2025-05-23 13:17:56 info: [0mGET /api/v1/event/editevent/1 [32m200[0m 78.764 ms - -[0m
2025-05-23 13:18:02 info: 🚀 App listening on the port 8000. Current Env development.
2025-05-23 13:19:52 info: [0mPUT /api/v1/event/updateevent/1 [32m200[0m 78.957 ms - -[0m
2025-05-23 13:19:59 info: 🚀 App listening on the port 8000. Current Env development.
2025-05-23 13:21:14 info: 🚀 App listening on the port 8000. Current Env development.
2025-05-23 13:21:23 info: 🚀 App listening on the port 8000. Current Env development.
2025-05-23 13:21:25 info: 🚀 App listening on the port 8000. Current Env development.
2025-05-23 13:21:29 info: 🚀 App listening on the port 8000. Current Env development.
2025-05-23 13:21:56 info: 🚀 App listening on the port 8000. Current Env development.
2025-05-23 13:22:04 info: 🚀 App listening on the port 8000. Current Env development.
2025-05-23 13:22:10 info: 🚀 App listening on the port 8000. Current Env development.
2025-05-23 13:22:35 info: 🚀 App listening on the port 8000. Current Env development.
2025-05-23 13:22:56 info: 🚀 App listening on the port 8000. Current Env development.
2025-05-23 13:23:03 info: 🚀 App listening on the port 8000. Current Env development.
2025-05-23 14:43:24 info: 🚀 App listening on the port 8000. Current Env development.
2025-05-23 14:45:28 info: 🚀 App listening on the port 8000. Current Env development.
2025-05-23 14:46:39 info: 🚀 App listening on the port 8000. Current Env development.
2025-05-23 15:22:47 info: 🚀 App listening on the port 8000. Current Env development.
2025-05-23 15:23:36 info: 🚀 App listening on the port 8000. Current Env development.
2025-05-23 15:23:38 info: 🚀 App listening on the port 8000. Current Env development.
2025-05-23 15:23:54 info: 🚀 App listening on the port 8000. Current Env development.
2025-05-23 15:24:00 info: [0mPUT /api/v1/event/deleteevent/1 [33m404[0m 13.622 ms - 165[0m
2025-05-23 15:24:08 info: 🚀 App listening on the port 8000. Current Env development.
2025-05-23 15:54:40 info: [0mPUT /api/v1/event/deleteevent/1 [33m404[0m 19.675 ms - 165[0m
2025-05-23 15:54:40 info: [0mPUT /api/v1/event/deleteevent/1 [33m404[0m 1.261 ms - 165[0m
2025-05-23 15:54:40 info: [0mPUT /api/v1/event/deleteevent/1 [33m404[0m 0.607 ms - 165[0m
2025-05-23 15:54:40 info: [0mPOST /api/v1/event/deleteevent/1 [33m404[0m 0.520 ms - 166[0m
2025-05-23 15:54:40 info: [0mPOST /api/v1/event/deleteevent/1 [33m404[0m 0.673 ms - 166[0m
2025-05-23 15:54:40 info: [0mPOST /api/v1/event/deleteevent/1 [33m404[0m 1.096 ms - 166[0m
2025-05-23 15:54:40 info: [0mPUT /api/v1/event/deleteevent/1 [33m404[0m 1.413 ms - 165[0m
2025-05-23 15:54:40 info: [0mPUT /api/v1/event/deleteevent/1 [33m404[0m 1.114 ms - 165[0m
2025-05-23 15:54:40 info: [0mPUT /api/v1/event/deleteevent/1 [33m404[0m 0.794 ms - 165[0m
2025-05-23 15:54:40 info: [0mDELETE /api/v1/event/deleteevent/1 [0m-[0m - ms - -[0m
2025-05-23 15:54:40 info: [0mDELETE /api/v1/event/deleteevent/1 [0m-[0m - ms - -[0m
2025-05-23 15:54:40 info: [0mDELETE /api/v1/event/deleteevent/1 [0m-[0m - ms - -[0m
2025-05-23 15:54:40 info: [0mDELETE /api/v1/event/deleteevent/1 [0m-[0m - ms - -[0m
2025-05-23 15:54:40 info: [0mDELETE /api/v1/event/deleteevent/1 [0m-[0m - ms - -[0m
2025-05-23 15:54:40 info: [0mDELETE /api/v1/event/deleteevent/1 [0m-[0m - ms - -[0m
2025-05-23 15:54:40 info: [0mDELETE /api/v1/event/deleteevent/1 [0m-[0m - ms - -[0m
2025-05-23 15:54:40 info: [0mDELETE /api/v1/event/deleteevent/1 [32m200[0m 161.046 ms - -[0m
2025-05-23 15:54:42 info: 🚀 App listening on the port 8000. Current Env development.
2025-05-23 15:54:58 info: 🚀 App listening on the port 8000. Current Env development.
2025-05-23 15:55:01 info: [0mPUT /api/v1/event/deleteevent/1 [33m404[0m 15.845 ms - 165[0m
2025-05-23 15:55:08 info: [0mDELETE /api/v1/event/deleteevent/1 [32m200[0m 55.659 ms - -[0m
2025-05-23 15:55:17 info: 🚀 App listening on the port 8000. Current Env development.
2025-05-23 15:55:25 info: 🚀 App listening on the port 8000. Current Env development.
2025-05-23 15:55:39 info: 🚀 App listening on the port 8000. Current Env development.
2025-05-23 15:55:56 info: 🚀 App listening on the port 8000. Current Env development.
2025-05-23 15:57:01 info: 🚀 App listening on the port 8000. Current Env development.
2025-05-23 15:57:23 info: 🚀 App listening on the port 8000. Current Env development.
2025-05-23 15:57:28 info: 🚀 App listening on the port 8000. Current Env development.
2025-05-23 15:57:40 info: 🚀 App listening on the port 8000. Current Env development.
2025-05-23 15:58:48 info: [0mDELETE /api/v1/event/updateevent/1 [33m404[0m 13.743 ms - 168[0m
2025-05-23 15:59:00 error: StatusCode : 500, Message : update "event" set "status" = $1, "deleted_at" = $2, "is_deleted" = $3, "updated_at" = $4 where "event_id" = $5 returning * - invalid input syntax for type timestamp with time zone: "null"
2025-05-23 15:59:00 info: [0mPUT /api/v1/event/updateevent/1 [31m500[0m 54.442 ms - 216[0m
2025-05-23 16:00:13 info: [0mPUT /api/v1/event/updateevent/1 [32m200[0m 10.639 ms - -[0m
2025-05-23 16:03:38 info: 🚀 App listening on the port 8000. Current Env development.
2025-05-23 16:04:00 info: 🚀 App listening on the port 8000. Current Env development.
2025-05-23 16:04:29 info: 🚀 App listening on the port 8000. Current Env development.
2025-05-23 16:04:31 info: 🚀 App listening on the port 8000. Current Env development.
2025-05-23 16:04:38 info: 🚀 App listening on the port 8000. Current Env development.
2025-05-23 16:04:45 info: 🚀 App listening on the port 8000. Current Env development.
2025-05-23 16:05:23 info: 🚀 App listening on the port 8000. Current Env development.
2025-05-23 16:05:32 info: [0mGET /api/v1/event/activeevents [32m200[0m 65.507 ms - -[0m
2025-05-23 16:05:39 info: 🚀 App listening on the port 8000. Current Env development.
2025-05-23 16:05:48 info: 🚀 App listening on the port 8000. Current Env development.
2025-05-23 16:05:59 info: 🚀 App listening on the port 8000. Current Env development.
2025-05-23 16:06:14 info: 🚀 App listening on the port 8000. Current Env development.
2025-05-23 16:06:24 info: 🚀 App listening on the port 8000. Current Env development.
2025-05-23 16:06:48 info: 🚀 App listening on the port 8000. Current Env development.
2025-05-23 16:06:54 info: 🚀 App listening on the port 8000. Current Env development.
2025-05-23 16:23:15 error: StatusCode : 500, Message : insert into "employee" ("email", "first_name", "is_deleted", "last_name", "password", "phone_number", "profile_picture") values ($1, $2, $3, $4, $5, $6, $7) returning * - duplicate key value violates unique constraint "employee_pkey"
2025-05-23 16:23:15 info: [0mPOST /api/v1/employee/insertemployee [31m500[0m 236.776 ms - 265[0m
2025-05-23 16:24:02 info: [0mPOST /api/v1/employee/insertemployee [32m201[0m 66.228 ms - 390[0m
2025-05-23 16:24:18 info: 🚀 App listening on the port 8000. Current Env development.
2025-05-23 16:24:31 info: 🚀 App listening on the port 8000. Current Env development.
2025-05-23 16:24:54 info: [0mPOST /api/v1/employee/login [32m200[0m 133.130 ms - 613[0m
2025-05-23 16:34:32 info: [0mOPTIONS /api/v1/employee/login [32m204[0m 0.660 ms - 0[0m
2025-05-23 16:34:32 info: [0mPOST /api/v1/employee/login [32m200[0m 65.570 ms - 613[0m
2025-05-23 16:44:36 info: [0mOPTIONS /api/v1/employee/login [32m204[0m 0.484 ms - 0[0m
2025-05-23 16:44:36 info: [0mPOST /api/v1/employee/login [32m200[0m 63.763 ms - 613[0m
2025-05-23 16:44:48 info: [0mPOST /api/v1/employee/login [32m200[0m 64.353 ms - 613[0m
2025-05-23 16:46:19 info: [0mOPTIONS /api/v1/employee/login [32m204[0m 0.150 ms - 0[0m
2025-05-23 16:46:19 info: [0mPOST /api/v1/employee/login [32m200[0m 65.702 ms - 613[0m
2025-05-23 16:46:40 info: [0mOPTIONS /api/v1/employee/login [32m204[0m 0.105 ms - 0[0m
2025-05-23 16:46:40 info: [0mPOST /api/v1/employee/login [32m200[0m 63.037 ms - 613[0m
2025-05-23 16:46:53 info: [0mOPTIONS /api/v1/employee/login [32m204[0m 0.245 ms - 0[0m
2025-05-23 16:46:53 info: [0mPOST /api/v1/employee/login [32m200[0m 62.333 ms - 613[0m
2025-05-23 16:47:05 info: [0mOPTIONS /api/v1/employee/login [32m204[0m 0.113 ms - 0[0m
2025-05-23 16:47:05 info: [0mPOST /api/v1/employee/login [32m200[0m 65.928 ms - 613[0m
2025-05-23 16:55:43 info: 🚀 App listening on the port 8000. Current Env development.
2025-05-23 16:56:11 info: 🚀 App listening on the port 8000. Current Env development.
2025-05-23 16:56:57 info: 🚀 App listening on the port 8000. Current Env development.
2025-05-23 16:56:59 info: [0mPOST /api/v1/employee/login [32m200[0m 126.831 ms - 852[0m
2025-05-23 16:57:06 info: 🚀 App listening on the port 8000. Current Env development.
2025-05-23 16:57:31 info: [0mOPTIONS /api/v1/employee/login [32m204[0m 1.018 ms - 0[0m
2025-05-23 16:57:31 info: [0mPOST /api/v1/employee/login [32m200[0m 130.418 ms - 852[0m
2025-05-23 16:57:45 info: 🚀 App listening on the port 8000. Current Env development.
2025-05-23 17:14:59 info: [0mOPTIONS /api/v1/employee/login [32m204[0m 1.129 ms - 0[0m
2025-05-23 17:14:59 info: [0mPOST /api/v1/employee/login [32m200[0m 243.313 ms - 852[0m
2025-05-23 17:15:17 info: [0mOPTIONS /api/v1/employee/login [32m204[0m 0.118 ms - 0[0m
2025-05-23 17:15:17 info: [0mPOST /api/v1/employee/login [32m200[0m 64.433 ms - 852[0m
2025-05-23 17:15:20 info: [0mPOST /api/v1/employee/login [32m200[0m 62.636 ms - 852[0m
2025-05-23 17:15:24 info: [0mPOST /api/v1/employee/login [32m200[0m 66.256 ms - 852[0m
2025-05-23 17:15:36 info: [0mOPTIONS /api/v1/employee/login [32m204[0m 0.114 ms - 0[0m
2025-05-23 17:15:36 info: [0mPOST /api/v1/employee/login [32m200[0m 62.470 ms - 852[0m
2025-05-23 17:15:47 info: [0mOPTIONS /api/v1/employee/login [32m204[0m 0.144 ms - 0[0m
2025-05-23 17:15:47 info: [0mPOST /api/v1/employee/login [32m200[0m 66.346 ms - 852[0m
2025-05-23 17:26:53 info: [0mOPTIONS /api/v1/employee/login [32m204[0m 0.129 ms - 0[0m
2025-05-23 17:26:53 info: [0mPOST /api/v1/employee/login [32m200[0m 63.234 ms - 852[0m
2025-05-23 17:41:35 info: 🚀 App listening on the port 8000. Current Env development.
2025-05-23 17:45:21 info: 🚀 App listening on the port 8000. Current Env development.
2025-05-23 17:45:37 info: 🚀 App listening on the port 8000. Current Env development.
2025-05-23 17:45:54 info: 🚀 App listening on the port 8000. Current Env development.
2025-05-23 17:45:57 info: 🚀 App listening on the port 8000. Current Env development.
2025-05-23 17:46:14 info: [0mOPTIONS /api/v1/employee/login [32m204[0m 1.250 ms - 0[0m
2025-05-23 17:46:14 error: StatusCode : 401, Message : Incorrect password
2025-05-23 17:46:14 info: [0mPOST /api/v1/employee/login [33m401[0m 128.276 ms - 32[0m
2025-05-23 17:46:28 info: [0mOPTIONS /api/v1/employee/login [32m204[0m 0.157 ms - 0[0m
2025-05-23 17:46:28 error: StatusCode : 404, Message : Email not registered
2025-05-23 17:46:28 info: [0mPOST /api/v1/employee/login [33m404[0m 5.903 ms - 34[0m
2025-05-23 17:46:40 info: [0mOPTIONS /api/v1/employee/login [32m204[0m 0.140 ms - 0[0m
2025-05-23 17:46:40 info: [0mPOST /api/v1/employee/login [32m200[0m 65.745 ms - 852[0m
2025-05-23 19:26:47 info: [0mOPTIONS /api/v1/employee/login [32m204[0m 0.140 ms - 0[0m
2025-05-23 19:26:47 info: [0mPOST /api/v1/employee/login [32m200[0m 65.311 ms - 852[0m
2025-05-23 19:29:49 info: [0mPOST /api/v1/insertevent [33m404[0m 2.185 ms - 158[0m
2025-05-23 19:30:24 info: [0mPOST /api/v1/events/insertevent [33m404[0m 0.879 ms - 165[0m
2025-05-23 19:30:35 info: [0mPOST /api/v1/event/insertevent [32m201[0m 12.420 ms - -[0m
2025-05-23 19:47:41 info: 🚀 App listening on the port 8000. Current Env development.
