2025-06-24 09:54:49 info: 🚀 App listening on the port 8000. Current Env development.
2025-06-24 09:56:11 info: [0mOPTIONS /api/v1/users/login [32m204[0m 1.278 ms - 0[0m
2025-06-24 09:56:11 info: [0mPOST /api/v1/users/login [32m200[0m 184.872 ms - -[0m
2025-06-24 09:56:14 info: [0mOPTIONS /api/v1/dynamicforms/all [32m204[0m 0.268 ms - 0[0m
2025-06-24 09:56:14 info: [0mOPTIONS /api/v1/dynamicforms/all [32m204[0m 0.135 ms - 0[0m
2025-06-24 09:56:14 info: [0mGET /api/v1/dynamicforms/all [36m304[0m 24.487 ms - -[0m
2025-06-24 09:56:14 info: [0mGET /api/v1/dynamicforms/all [36m304[0m 8.552 ms - -[0m
2025-06-24 09:56:24 info: [0mOPTIONS /api/v1/booking/purchasedtickets [32m204[0m 0.138 ms - 0[0m
2025-06-24 09:56:24 info: [0mOPTIONS /api/v1/booking/purchasedtickets [32m204[0m 0.205 ms - 0[0m
2025-06-24 09:56:24 info: [0mGET /api/v1/booking/purchasedtickets [36m304[0m 31.512 ms - -[0m
2025-06-24 09:56:24 info: [0mGET /api/v1/booking/purchasedtickets [36m304[0m 6.099 ms - -[0m
2025-06-24 11:07:57 info: [0mOPTIONS /api/v1/booking/purchasedtickets [32m204[0m 1.024 ms - 0[0m
2025-06-24 11:07:57 info: [0mGET /api/v1/booking/purchasedtickets [36m304[0m 25.060 ms - -[0m
2025-06-24 11:11:15 info: 🚀 App listening on the port 8000. Current Env development.
2025-06-24 11:17:03 info: [0mOPTIONS /api/v1/booking/purchasedtickets [32m204[0m 1.970 ms - 0[0m
2025-06-24 11:17:03 info: [0mOPTIONS /api/v1/booking/purchasedtickets [32m204[0m 0.304 ms - 0[0m
2025-06-24 11:17:03 info: [0mGET /api/v1/booking/purchasedtickets [32m200[0m 195.241 ms - -[0m
2025-06-24 11:17:03 info: [0mGET /api/v1/booking/purchasedtickets [36m304[0m 7.617 ms - -[0m
2025-06-24 11:18:36 info: [0mOPTIONS /api/v1/booking/purchasedtickets [32m204[0m 0.135 ms - 0[0m
2025-06-24 11:18:36 info: [0mOPTIONS /api/v1/booking/purchasedtickets [32m204[0m 0.118 ms - 0[0m
2025-06-24 11:18:36 info: [0mGET /api/v1/booking/purchasedtickets [32m200[0m 7.790 ms - -[0m
2025-06-24 11:18:36 info: [0mGET /api/v1/booking/purchasedtickets [36m304[0m 7.237 ms - -[0m
2025-06-24 11:20:16 info: [0mOPTIONS /api/v1/event/activeevents [32m204[0m 0.172 ms - 0[0m
2025-06-24 11:20:16 info: [0mOPTIONS /api/v1/event/activeevents [32m204[0m 0.119 ms - 0[0m
2025-06-24 11:20:16 info: [0mGET /api/v1/event/activeevents [36m304[0m 10.399 ms - -[0m
2025-06-24 11:20:16 info: [0mGET /api/v1/event/activeevents [36m304[0m 9.730 ms - -[0m
2025-06-24 11:20:20 info: [0mOPTIONS /api/v1/booking/purchasedtickets [32m204[0m 0.170 ms - 0[0m
2025-06-24 11:20:20 info: [0mOPTIONS /api/v1/booking/purchasedtickets [32m204[0m 0.221 ms - 0[0m
2025-06-24 11:20:20 info: [0mGET /api/v1/booking/purchasedtickets [36m304[0m 119.943 ms - -[0m
2025-06-24 11:20:20 info: [0mGET /api/v1/booking/purchasedtickets [36m304[0m 37.143 ms - -[0m
2025-06-24 11:20:30 info: [0mOPTIONS /api/v1/booking/activebookings [32m204[0m 0.292 ms - 0[0m
2025-06-24 11:20:30 info: [0mOPTIONS /api/v1/booking/activebookings [32m204[0m 0.168 ms - 0[0m
2025-06-24 11:20:30 info: [0mGET /api/v1/booking/activebookings [36m304[0m 7.787 ms - -[0m
2025-06-24 11:20:30 info: [0mGET /api/v1/booking/activebookings [36m304[0m 6.451 ms - -[0m
2025-06-24 11:20:32 info: [0mOPTIONS /api/v1/booking/purchasedtickets [32m204[0m 0.217 ms - 0[0m
2025-06-24 11:20:32 info: [0mOPTIONS /api/v1/booking/purchasedtickets [32m204[0m 0.200 ms - 0[0m
2025-06-24 11:20:32 info: [0mGET /api/v1/booking/purchasedtickets [36m304[0m 10.585 ms - -[0m
2025-06-24 11:20:32 info: [0mGET /api/v1/booking/purchasedtickets [36m304[0m 6.175 ms - -[0m
2025-06-24 11:20:35 info: [0mOPTIONS /api/v1/dynamicforms/all [32m204[0m 0.165 ms - 0[0m
2025-06-24 11:20:35 info: [0mOPTIONS /api/v1/dynamicforms/all [32m204[0m 0.135 ms - 0[0m
2025-06-24 11:20:35 info: [0mGET /api/v1/dynamicforms/all [36m304[0m 9.490 ms - -[0m
2025-06-24 11:20:35 info: [0mGET /api/v1/dynamicforms/all [36m304[0m 5.630 ms - -[0m
2025-06-24 11:20:39 info: [0mOPTIONS /api/v1/booking/activebookings [32m204[0m 0.285 ms - 0[0m
2025-06-24 11:20:39 info: [0mOPTIONS /api/v1/booking/activebookings [32m204[0m 1.426 ms - 0[0m
2025-06-24 11:20:39 info: [0mGET /api/v1/booking/activebookings [36m304[0m 6.764 ms - -[0m
2025-06-24 11:20:39 info: [0mGET /api/v1/booking/activebookings [36m304[0m 4.575 ms - -[0m
2025-06-24 11:20:40 info: [0mOPTIONS /api/v1/booking/purchasedtickets [32m204[0m 0.147 ms - 0[0m
2025-06-24 11:20:40 info: [0mOPTIONS /api/v1/booking/purchasedtickets [32m204[0m 0.125 ms - 0[0m
2025-06-24 11:20:40 info: [0mGET /api/v1/booking/purchasedtickets [36m304[0m 5.352 ms - -[0m
2025-06-24 11:20:40 info: [0mGET /api/v1/booking/purchasedtickets [36m304[0m 7.804 ms - -[0m
2025-06-24 11:20:55 info: [0mOPTIONS /api/v1/booking/purchasedtickets [32m204[0m 0.123 ms - 0[0m
2025-06-24 11:20:55 info: [0mOPTIONS /api/v1/booking/purchasedtickets [32m204[0m 0.110 ms - 0[0m
2025-06-24 11:20:55 info: [0mGET /api/v1/booking/purchasedtickets [36m304[0m 7.526 ms - -[0m
2025-06-24 11:20:55 info: [0mGET /api/v1/booking/purchasedtickets [36m304[0m 8.711 ms - -[0m
2025-06-24 11:24:23 info: [0mOPTIONS /api/v1/booking/purchasedtickets [32m204[0m 0.563 ms - 0[0m
2025-06-24 11:24:23 info: [0mOPTIONS /api/v1/booking/purchasedtickets [32m204[0m 0.184 ms - 0[0m
2025-06-24 11:24:23 info: [0mGET /api/v1/booking/purchasedtickets [36m304[0m 9.298 ms - -[0m
2025-06-24 11:24:23 info: [0mGET /api/v1/booking/purchasedtickets [36m304[0m 8.674 ms - -[0m
2025-06-24 11:26:09 info: [0mOPTIONS /api/v1/booking/purchasedtickets [32m204[0m 0.139 ms - 0[0m
2025-06-24 11:26:09 info: [0mGET /api/v1/booking/purchasedtickets [36m304[0m 12.703 ms - -[0m
2025-06-24 11:30:21 info: [0mOPTIONS /api/v1/dynamicforms/all [32m204[0m 0.237 ms - 0[0m
2025-06-24 11:30:21 info: [0mOPTIONS /api/v1/dynamicforms/all [32m204[0m 0.163 ms - 0[0m
2025-06-24 11:30:21 info: [0mGET /api/v1/dynamicforms/all [36m304[0m 5.835 ms - -[0m
2025-06-24 11:30:21 info: [0mGET /api/v1/dynamicforms/all [36m304[0m 3.915 ms - -[0m
2025-06-24 11:30:46 info: [0mOPTIONS /api/v1/booking/activebookings [32m204[0m 0.230 ms - 0[0m
2025-06-24 11:30:46 info: [0mOPTIONS /api/v1/booking/activebookings [32m204[0m 1.839 ms - 0[0m
2025-06-24 11:30:46 info: [0mGET /api/v1/booking/activebookings [36m304[0m 12.330 ms - -[0m
2025-06-24 11:30:46 info: [0mGET /api/v1/booking/activebookings [36m304[0m 9.203 ms - -[0m
2025-06-24 11:31:06 info: [0mOPTIONS /api/v1/booking/activebookings [32m204[0m 0.147 ms - 0[0m
2025-06-24 11:31:06 info: [0mGET /api/v1/booking/activebookings [36m304[0m 4.346 ms - -[0m
2025-06-24 11:31:08 info: [0mOPTIONS /api/v1/event/activeevents [32m204[0m 0.118 ms - 0[0m
2025-06-24 11:31:08 info: [0mOPTIONS /api/v1/event/activeevents [32m204[0m 0.143 ms - 0[0m
2025-06-24 11:31:08 info: [0mGET /api/v1/event/activeevents [36m304[0m 8.205 ms - -[0m
2025-06-24 11:31:08 info: [0mGET /api/v1/event/activeevents [36m304[0m 9.932 ms - -[0m
2025-06-24 11:32:02 info: [0mOPTIONS /api/v1/event/activeevents [32m204[0m 0.395 ms - 0[0m
2025-06-24 11:32:02 info: [0mOPTIONS /api/v1/event/activeevents [32m204[0m 0.209 ms - 0[0m
2025-06-24 11:32:02 info: [0mGET /api/v1/event/activeevents [36m304[0m 17.197 ms - -[0m
2025-06-24 11:32:02 info: [0mGET /api/v1/event/activeevents [36m304[0m 5.214 ms - -[0m
2025-06-24 11:38:11 info: [0mOPTIONS /api/v1/booking/activebookings [32m204[0m 0.109 ms - 0[0m
2025-06-24 11:38:11 info: [0mOPTIONS /api/v1/booking/activebookings [32m204[0m 0.088 ms - 0[0m
2025-06-24 11:38:11 info: [0mGET /api/v1/booking/activebookings [36m304[0m 8.502 ms - -[0m
2025-06-24 11:38:11 info: [0mGET /api/v1/booking/activebookings [36m304[0m 5.293 ms - -[0m
2025-06-24 11:38:12 info: [0mOPTIONS /api/v1/booking/purchasedtickets [32m204[0m 0.139 ms - 0[0m
2025-06-24 11:38:12 info: [0mOPTIONS /api/v1/booking/purchasedtickets [32m204[0m 0.149 ms - 0[0m
2025-06-24 11:38:12 info: [0mGET /api/v1/booking/purchasedtickets [36m304[0m 4.216 ms - -[0m
2025-06-24 11:38:12 info: [0mGET /api/v1/booking/purchasedtickets [36m304[0m 6.444 ms - -[0m
2025-06-24 11:38:13 info: [0mGET /api/v1/booking/purchasedtickets [36m304[0m 7.037 ms - -[0m
2025-06-24 11:38:13 info: [0mGET /api/v1/booking/purchasedtickets [36m304[0m 8.443 ms - -[0m
2025-06-24 11:38:15 info: [0mOPTIONS /api/v1/dynamicforms/all [32m204[0m 0.110 ms - 0[0m
2025-06-24 11:38:15 info: [0mOPTIONS /api/v1/dynamicforms/all [32m204[0m 0.096 ms - 0[0m
2025-06-24 11:38:15 info: [0mGET /api/v1/dynamicforms/all [36m304[0m 4.200 ms - -[0m
2025-06-24 11:38:15 info: [0mGET /api/v1/dynamicforms/all [36m304[0m 4.624 ms - -[0m
2025-06-24 16:06:17 info: 🚀 App listening on the port 8000. Current Env development.
2025-06-24 16:08:45 info: 🚀 App listening on the port 8000. Current Env development.
2025-06-24 16:08:55 info: 🚀 App listening on the port 8000. Current Env development.
2025-06-24 16:08:57 info: 🚀 App listening on the port 8000. Current Env development.
2025-06-24 16:09:01 info: 🚀 App listening on the port 8000. Current Env development.
2025-06-24 19:45:47 info: 🚀 App listening on the port 8000. Current Env development.
