2025-06-11 09:31:35 info: 🚀 App listening on the port 8000. Current Env development.
2025-06-11 09:32:11 info: [0mOPTIONS /api/v1/event/activeevents [32m204[0m 2.006 ms - 0[0m
2025-06-11 09:32:11 info: [0mOPTIONS /api/v1/event/activeevents [32m204[0m 0.234 ms - 0[0m
2025-06-11 09:32:11 info: [0mGET /api/v1/event/activeevents [36m304[0m 164.607 ms - -[0m
2025-06-11 09:32:11 info: [0mGET /api/v1/event/activeevents [36m304[0m 11.984 ms - -[0m
2025-06-11 09:33:08 info: [0mOPTIONS /api/v1/event/editevent/15 [32m204[0m 0.114 ms - 0[0m
2025-06-11 09:33:08 info: [0mOPTIONS /api/v1/tags/geteventtags [32m204[0m 0.144 ms - 0[0m
2025-06-11 09:33:08 info: [0mOPTIONS /api/v1/event/editevent/15 [32m204[0m 0.314 ms - 0[0m
2025-06-11 09:33:08 info: [0mOPTIONS /api/v1/tags/geteventtags [32m204[0m 0.100 ms - 0[0m
2025-06-11 09:33:08 info: [0mGET /api/v1/event/editevent/15 [36m304[0m 18.330 ms - -[0m
2025-06-11 09:33:08 info: [0mGET /api/v1/tags/geteventtags [36m304[0m 30.685 ms - -[0m
2025-06-11 09:33:08 info: [0mGET /api/v1/event/editevent/15 [36m304[0m 13.784 ms - -[0m
2025-06-11 09:33:08 info: [0mGET /api/v1/tags/geteventtags [36m304[0m 9.550 ms - -[0m
2025-06-11 09:33:18 info: [0mOPTIONS /api/v1/event/editevent/15 [32m204[0m 0.218 ms - 0[0m
2025-06-11 09:33:18 info: [0mOPTIONS /api/v1/tags/geteventtags [32m204[0m 0.147 ms - 0[0m
2025-06-11 09:33:18 info: [0mOPTIONS /api/v1/event/editevent/15 [32m204[0m 0.146 ms - 0[0m
2025-06-11 09:33:18 info: [0mOPTIONS /api/v1/tags/geteventtags [32m204[0m 0.399 ms - 0[0m
2025-06-11 09:33:18 info: [0mGET /api/v1/tags/geteventtags [36m304[0m 9.601 ms - -[0m
2025-06-11 09:33:18 info: [0mGET /api/v1/event/editevent/15 [36m304[0m 21.909 ms - -[0m
2025-06-11 09:33:18 info: [0mGET /api/v1/tags/geteventtags [36m304[0m 13.127 ms - -[0m
2025-06-11 09:33:18 info: [0mGET /api/v1/event/editevent/15 [36m304[0m 11.315 ms - -[0m
2025-06-11 09:33:58 info: [0mOPTIONS /api/v1/event/editevent/15 [32m204[0m 0.224 ms - 0[0m
2025-06-11 09:33:58 info: [0mOPTIONS /api/v1/tags/geteventtags [32m204[0m 0.340 ms - 0[0m
2025-06-11 09:33:58 info: [0mOPTIONS /api/v1/event/editevent/15 [32m204[0m 0.400 ms - 0[0m
2025-06-11 09:33:58 info: [0mOPTIONS /api/v1/tags/geteventtags [32m204[0m 0.503 ms - 0[0m
2025-06-11 09:33:58 info: [0mGET /api/v1/event/editevent/15 [36m304[0m 15.396 ms - -[0m
2025-06-11 09:33:58 info: [0mGET /api/v1/tags/geteventtags [36m304[0m 16.746 ms - -[0m
2025-06-11 09:33:58 info: [0mGET /api/v1/event/editevent/15 [36m304[0m 28.394 ms - -[0m
2025-06-11 09:33:58 info: [0mGET /api/v1/tags/geteventtags [36m304[0m 12.179 ms - -[0m
2025-06-11 09:42:21 info: [0mOPTIONS /api/v1/users/login [32m204[0m 0.251 ms - 0[0m
2025-06-11 09:42:21 info: [0mPOST /api/v1/users/login [32m200[0m 97.780 ms - -[0m
2025-06-11 09:42:23 info: [0mOPTIONS /api/v1/event/activeevents [32m204[0m 1.732 ms - 0[0m
2025-06-11 09:42:23 info: [0mOPTIONS /api/v1/event/activeevents [32m204[0m 0.217 ms - 0[0m
2025-06-11 09:42:23 info: [0mGET /api/v1/event/activeevents [36m304[0m 17.516 ms - -[0m
2025-06-11 09:42:23 info: [0mGET /api/v1/event/activeevents [36m304[0m 20.894 ms - -[0m
2025-06-11 09:44:05 info: [0mOPTIONS /api/v1/tags/geteventtags [32m204[0m 0.223 ms - 0[0m
2025-06-11 09:44:05 info: [0mOPTIONS /api/v1/tags/geteventtags [32m204[0m 0.389 ms - 0[0m
2025-06-11 09:44:05 info: [0mGET /api/v1/tags/geteventtags [36m304[0m 7.734 ms - -[0m
2025-06-11 09:44:05 info: [0mGET /api/v1/tags/geteventtags [36m304[0m 9.231 ms - -[0m
2025-06-11 09:44:12 info: [0mOPTIONS /api/v1/files/uploadtoaws [32m204[0m 0.445 ms - 0[0m
2025-06-11 09:44:13 info: [0mPOST /api/v1/files/uploadtoaws [32m200[0m 383.950 ms - 141[0m
2025-06-11 09:53:56 info: 🚀 App listening on the port 8000. Current Env development.
2025-06-11 09:54:18 info: 🚀 App listening on the port 8000. Current Env development.
2025-06-11 09:55:08 info: 🚀 App listening on the port 8000. Current Env development.
2025-06-11 09:55:08 info: [0mOPTIONS /api/v1/tags/geteventtags [32m204[0m 1.536 ms - 0[0m
2025-06-11 09:55:08 info: [0mOPTIONS /api/v1/tags/geteventtags [32m204[0m 0.327 ms - 0[0m
2025-06-11 09:55:08 info: [0mGET /api/v1/tags/geteventtags [36m304[0m 97.463 ms - -[0m
2025-06-11 09:55:08 info: [0mGET /api/v1/tags/geteventtags [36m304[0m 8.375 ms - -[0m
2025-06-11 09:55:15 info: [0mOPTIONS /api/v1/files/uploadtoaws [32m204[0m 0.205 ms - 0[0m
2025-06-11 09:55:15 error: StatusCode : 500, Message : Error uploading file to S3
2025-06-11 09:55:15 info: [0mPOST /api/v1/files/uploadtoaws [31m500[0m 61.436 ms - 40[0m
2025-06-11 09:56:26 info: 🚀 App listening on the port 8000. Current Env development.
2025-06-11 09:56:27 info: [0mOPTIONS /api/v1/tags/geteventtags [32m204[0m 1.248 ms - 0[0m
2025-06-11 09:56:27 info: [0mOPTIONS /api/v1/tags/geteventtags [32m204[0m 0.330 ms - 0[0m
2025-06-11 09:56:27 info: [0mGET /api/v1/tags/geteventtags [36m304[0m 170.836 ms - -[0m
2025-06-11 09:56:27 info: [0mGET /api/v1/tags/geteventtags [36m304[0m 7.664 ms - -[0m
2025-06-11 09:56:32 info: [0mOPTIONS /api/v1/files/uploadtoaws [32m204[0m 0.403 ms - 0[0m
2025-06-11 09:56:32 error: StatusCode : 500, Message : Error uploading file to S3
2025-06-11 09:56:32 info: [0mPOST /api/v1/files/uploadtoaws [31m500[0m 50.184 ms - 40[0m
2025-06-11 09:56:51 info: 🚀 App listening on the port 8000. Current Env development.
2025-06-11 10:05:49 info: [0mOPTIONS /api/v1/tags/geteventtags [32m204[0m 4.679 ms - 0[0m
2025-06-11 10:05:50 info: [0mOPTIONS /api/v1/tags/geteventtags [32m204[0m 4.004 ms - 0[0m
2025-06-11 10:05:50 info: [0mGET /api/v1/tags/geteventtags [36m304[0m 186.572 ms - -[0m
2025-06-11 10:05:50 info: [0mGET /api/v1/tags/geteventtags [36m304[0m 17.041 ms - -[0m
2025-06-11 10:06:24 info: [0mOPTIONS /api/v1/files/uploadtoaws [32m204[0m 0.414 ms - 0[0m
2025-06-11 10:06:25 info: [0mPOST /api/v1/files/uploadtoaws [32m200[0m 380.706 ms - 151[0m
2025-06-11 10:20:50 info: 🚀 App listening on the port 8000. Current Env development.
2025-06-11 10:20:59 info: 🚀 App listening on the port 8000. Current Env development.
2025-06-11 10:21:08 info: 🚀 App listening on the port 8000. Current Env development.
2025-06-11 10:21:08 info: [0mOPTIONS /api/v1/tags/geteventtags [32m204[0m 1.264 ms - 0[0m
2025-06-11 10:21:08 info: [0mOPTIONS /api/v1/tags/geteventtags [32m204[0m 0.178 ms - 0[0m
2025-06-11 10:21:08 info: [0mGET /api/v1/tags/geteventtags [36m304[0m 102.240 ms - -[0m
2025-06-11 10:21:08 info: [0mGET /api/v1/tags/geteventtags [36m304[0m 14.028 ms - -[0m
2025-06-11 10:21:15 info: [0mOPTIONS /api/v1/files/uploadtoaws [32m204[0m 0.156 ms - 0[0m
2025-06-11 10:21:15 info: [0mPOST /api/v1/files/uploadtoaws [32m200[0m 458.076 ms - 147[0m
2025-06-11 10:21:25 info: 🚀 App listening on the port 8000. Current Env development.
2025-06-11 10:21:31 info: [0mOPTIONS /api/v1/files/uploadtoaws [32m204[0m 1.292 ms - 0[0m
2025-06-11 10:21:31 error: StatusCode : 500, Message : Error uploading file to S3
2025-06-11 10:21:31 info: [0mPOST /api/v1/files/uploadtoaws [31m500[0m 130.915 ms - 40[0m
2025-06-11 10:22:00 info: [0mOPTIONS /api/v1/files/uploadtoaws [32m204[0m 2.553 ms - 0[0m
2025-06-11 10:22:00 info: [0mPOST /api/v1/files/uploadtoaws [32m200[0m 182.959 ms - 140[0m
2025-06-11 10:22:17 info: [0mOPTIONS /api/v1/files/uploadtoaws [32m204[0m 0.232 ms - 0[0m
2025-06-11 10:22:17 error: StatusCode : 500, Message : Error uploading file to S3
2025-06-11 10:22:17 info: [0mPOST /api/v1/files/uploadtoaws [31m500[0m 108.182 ms - 40[0m
2025-06-11 10:25:15 info: 🚀 App listening on the port 8000. Current Env development.
2025-06-11 10:25:40 info: 🚀 App listening on the port 8000. Current Env development.
2025-06-11 10:25:52 info: 🚀 App listening on the port 8000. Current Env development.
2025-06-11 10:25:53 info: [0mOPTIONS /api/v1/tags/geteventtags [32m204[0m 1.237 ms - 0[0m
2025-06-11 10:25:53 info: [0mOPTIONS /api/v1/tags/geteventtags [32m204[0m 0.433 ms - 0[0m
2025-06-11 10:25:53 info: [0mGET /api/v1/tags/geteventtags [36m304[0m 115.795 ms - -[0m
2025-06-11 10:25:53 info: [0mGET /api/v1/tags/geteventtags [36m304[0m 5.200 ms - -[0m
2025-06-11 10:26:00 info: [0mOPTIONS /api/v1/files/uploadtoaws [32m204[0m 0.161 ms - 0[0m
2025-06-11 10:26:00 info: [0mPOST /api/v1/files/uploadtoaws [32m200[0m 429.751 ms - 147[0m
2025-06-11 10:26:06 info: [0mOPTIONS /api/v1/files/uploadtoaws [32m204[0m 0.293 ms - 0[0m
2025-06-11 10:26:06 error: StatusCode : 500, Message : Error uploading file to S3
2025-06-11 10:26:06 info: [0mPOST /api/v1/files/uploadtoaws [31m500[0m 61.396 ms - 40[0m
2025-06-11 10:30:03 info: 🚀 App listening on the port 8000. Current Env development.
2025-06-11 10:37:47 info: 🚀 App listening on the port 8000. Current Env development.
2025-06-11 10:37:51 info: 🚀 App listening on the port 8000. Current Env development.
2025-06-11 10:37:52 info: [0mOPTIONS /api/v1/tags/geteventtags [32m204[0m 2.989 ms - 0[0m
2025-06-11 10:37:53 info: [0mOPTIONS /api/v1/tags/geteventtags [32m204[0m 0.595 ms - 0[0m
2025-06-11 10:37:53 info: [0mGET /api/v1/tags/geteventtags [36m304[0m 469.649 ms - -[0m
2025-06-11 10:37:53 info: [0mGET /api/v1/tags/geteventtags [36m304[0m 19.720 ms - -[0m
2025-06-11 10:38:13 info: [0mOPTIONS /api/v1/files/uploadtoaws [32m204[0m 0.144 ms - 0[0m
2025-06-11 10:38:14 info: [0mPOST /api/v1/files/uploadtoaws [32m200[0m 352.836 ms - 147[0m
2025-06-11 10:38:23 info: [0mOPTIONS /api/v1/files/uploadtoaws [32m204[0m 0.145 ms - 0[0m
2025-06-11 10:38:24 info: [0mPOST /api/v1/files/uploadtoaws [32m200[0m 778.806 ms - 151[0m
2025-06-11 10:39:00 info: [0mOPTIONS /api/v1/files/uploadtoaws [32m204[0m 0.201 ms - 0[0m
2025-06-11 10:39:01 info: [0mPOST /api/v1/files/uploadtoaws [32m200[0m 285.017 ms - 139[0m
2025-06-11 10:39:01 info: [0mPOST /api/v1/files/uploadtoaws [32m200[0m 174.193 ms - 144[0m
2025-06-11 10:39:01 info: [0mPOST /api/v1/files/uploadtoaws [32m200[0m 208.420 ms - 150[0m
2025-06-11 10:39:23 info: 🚀 App listening on the port 8000. Current Env development.
2025-06-11 10:46:21 info: 🚀 App listening on the port 8000. Current Env development.
2025-06-11 10:53:03 info: [0mOPTIONS /api/v1/event/activeevents [32m204[0m 1.478 ms - 0[0m
2025-06-11 10:53:03 info: [0mOPTIONS /api/v1/event/activeevents [32m204[0m 0.145 ms - 0[0m
2025-06-11 10:53:03 info: [0mGET /api/v1/event/activeevents [36m304[0m 74.383 ms - -[0m
2025-06-11 10:53:03 info: [0mGET /api/v1/event/activeevents [36m304[0m 7.560 ms - -[0m
2025-06-11 10:55:42 info: [0mOPTIONS /api/v1/event/editevent/15 [32m204[0m 0.220 ms - 0[0m
2025-06-11 10:55:42 info: [0mOPTIONS /api/v1/tags/geteventtags [32m204[0m 0.207 ms - 0[0m
2025-06-11 10:55:42 info: [0mOPTIONS /api/v1/event/editevent/15 [32m204[0m 0.219 ms - 0[0m
2025-06-11 10:55:42 info: [0mOPTIONS /api/v1/tags/geteventtags [32m204[0m 0.118 ms - 0[0m
2025-06-11 10:55:42 info: [0mGET /api/v1/event/editevent/15 [36m304[0m 21.445 ms - -[0m
2025-06-11 10:55:42 info: [0mGET /api/v1/tags/geteventtags [36m304[0m 34.044 ms - -[0m
2025-06-11 10:55:42 info: [0mGET /api/v1/event/editevent/15 [36m304[0m 19.670 ms - -[0m
2025-06-11 10:55:42 info: [0mGET /api/v1/tags/geteventtags [36m304[0m 8.435 ms - -[0m
2025-06-11 10:56:27 info: [0mOPTIONS /api/v1/event/editevent/15 [32m204[0m 0.136 ms - 0[0m
2025-06-11 10:56:27 info: [0mOPTIONS /api/v1/tags/geteventtags [32m204[0m 0.124 ms - 0[0m
2025-06-11 10:56:27 info: [0mGET /api/v1/tags/geteventtags [36m304[0m 7.652 ms - -[0m
2025-06-11 10:56:27 info: [0mGET /api/v1/event/editevent/15 [36m304[0m 15.025 ms - -[0m
2025-06-11 10:56:35 info: [0mOPTIONS /api/v1/event/editevent/15 [32m204[0m 0.770 ms - 0[0m
2025-06-11 10:56:35 info: [0mOPTIONS /api/v1/tags/geteventtags [32m204[0m 0.331 ms - 0[0m
2025-06-11 10:56:35 info: [0mOPTIONS /api/v1/event/editevent/15 [32m204[0m 0.853 ms - 0[0m
2025-06-11 10:56:35 info: [0mOPTIONS /api/v1/tags/geteventtags [32m204[0m 0.600 ms - 0[0m
2025-06-11 10:56:35 info: [0mGET /api/v1/event/editevent/15 [36m304[0m 69.036 ms - -[0m
2025-06-11 10:56:35 info: [0mGET /api/v1/tags/geteventtags [36m304[0m 28.113 ms - -[0m
2025-06-11 10:56:35 info: [0mGET /api/v1/event/editevent/15 [36m304[0m 17.674 ms - -[0m
2025-06-11 10:56:35 info: [0mGET /api/v1/tags/geteventtags [36m304[0m 14.272 ms - -[0m
2025-06-11 10:57:46 info: [0mOPTIONS /api/v1/event/editevent/15 [32m204[0m 0.665 ms - 0[0m
2025-06-11 10:57:46 info: [0mOPTIONS /api/v1/tags/geteventtags [32m204[0m 0.293 ms - 0[0m
2025-06-11 10:57:46 info: [0mOPTIONS /api/v1/event/editevent/15 [32m204[0m 0.461 ms - 0[0m
2025-06-11 10:57:46 info: [0mOPTIONS /api/v1/tags/geteventtags [32m204[0m 0.216 ms - 0[0m
2025-06-11 10:57:46 info: [0mGET /api/v1/event/editevent/15 [36m304[0m 29.627 ms - -[0m
2025-06-11 10:57:46 info: [0mGET /api/v1/tags/geteventtags [36m304[0m 21.670 ms - -[0m
2025-06-11 10:57:46 info: [0mGET /api/v1/event/editevent/15 [36m304[0m 17.410 ms - -[0m
2025-06-11 10:57:46 info: [0mGET /api/v1/tags/geteventtags [36m304[0m 18.326 ms - -[0m
2025-06-11 10:59:24 info: [0mOPTIONS /api/v1/event/editevent/15 [32m204[0m 0.655 ms - 0[0m
2025-06-11 10:59:24 info: [0mOPTIONS /api/v1/tags/geteventtags [32m204[0m 0.269 ms - 0[0m
2025-06-11 10:59:24 info: [0mOPTIONS /api/v1/event/editevent/15 [32m204[0m 0.169 ms - 0[0m
2025-06-11 10:59:24 info: [0mOPTIONS /api/v1/tags/geteventtags [32m204[0m 0.193 ms - 0[0m
2025-06-11 10:59:24 info: [0mGET /api/v1/event/editevent/15 [36m304[0m 108.925 ms - -[0m
2025-06-11 10:59:24 info: [0mGET /api/v1/tags/geteventtags [36m304[0m 20.681 ms - -[0m
2025-06-11 10:59:24 info: [0mGET /api/v1/event/editevent/15 [36m304[0m 41.758 ms - -[0m
2025-06-11 10:59:24 info: [0mGET /api/v1/tags/geteventtags [36m304[0m 31.867 ms - -[0m
2025-06-11 11:03:15 info: [0mOPTIONS /api/v1/event/editevent/15 [32m204[0m 0.192 ms - 0[0m
2025-06-11 11:03:15 info: [0mOPTIONS /api/v1/tags/geteventtags [32m204[0m 0.095 ms - 0[0m
2025-06-11 11:03:15 info: [0mGET /api/v1/event/editevent/15 [36m304[0m 10.913 ms - -[0m
2025-06-11 11:03:15 info: [0mGET /api/v1/tags/geteventtags [36m304[0m 8.335 ms - -[0m
2025-06-11 11:03:18 info: [0mGET /api/v1/event/editevent/15 [36m304[0m 92.101 ms - -[0m
2025-06-11 11:03:18 info: [0mGET /api/v1/tags/geteventtags [36m304[0m 83.970 ms - -[0m
2025-06-11 11:03:18 info: [0mGET /api/v1/event/editevent/15 [36m304[0m 15.826 ms - -[0m
2025-06-11 11:03:18 info: [0mGET /api/v1/tags/geteventtags [36m304[0m 12.084 ms - -[0m
2025-06-11 11:04:20 info: [0mOPTIONS /api/v1/event/editevent/15 [32m204[0m 0.117 ms - 0[0m
2025-06-11 11:04:20 info: [0mOPTIONS /api/v1/tags/geteventtags [32m204[0m 0.091 ms - 0[0m
2025-06-11 11:04:20 info: [0mGET /api/v1/event/editevent/15 [36m304[0m 6.263 ms - -[0m
2025-06-11 11:04:20 info: [0mGET /api/v1/tags/geteventtags [36m304[0m 6.145 ms - -[0m
2025-06-11 11:04:22 info: [0mGET /api/v1/event/editevent/15 [36m304[0m 22.692 ms - -[0m
2025-06-11 11:04:22 info: [0mGET /api/v1/tags/geteventtags [36m304[0m 31.356 ms - -[0m
2025-06-11 11:04:22 info: [0mGET /api/v1/event/editevent/15 [36m304[0m 23.787 ms - -[0m
2025-06-11 11:04:22 info: [0mGET /api/v1/tags/geteventtags [36m304[0m 22.602 ms - -[0m
2025-06-11 11:21:32 info: [0mOPTIONS /api/v1/event/editevent/15 [32m204[0m 0.107 ms - 0[0m
2025-06-11 11:21:32 info: [0mOPTIONS /api/v1/tags/geteventtags [32m204[0m 0.199 ms - 0[0m
2025-06-11 11:21:32 info: [0mGET /api/v1/event/editevent/15 [36m304[0m 6.358 ms - -[0m
2025-06-11 11:21:32 info: [0mGET /api/v1/tags/geteventtags [36m304[0m 5.398 ms - -[0m
2025-06-11 11:21:43 info: [0mOPTIONS /api/v1/event/editevent/15 [32m204[0m 0.110 ms - 0[0m
2025-06-11 11:21:43 info: [0mOPTIONS /api/v1/tags/geteventtags [32m204[0m 0.111 ms - 0[0m
2025-06-11 11:21:43 info: [0mGET /api/v1/event/editevent/15 [36m304[0m 5.572 ms - -[0m
2025-06-11 11:21:43 info: [0mGET /api/v1/tags/geteventtags [36m304[0m 3.975 ms - -[0m
2025-06-11 11:21:49 info: [0mOPTIONS /api/v1/event/editevent/15 [32m204[0m 0.225 ms - 0[0m
2025-06-11 11:21:49 info: [0mOPTIONS /api/v1/tags/geteventtags [32m204[0m 0.122 ms - 0[0m
2025-06-11 11:21:49 info: [0mOPTIONS /api/v1/event/editevent/15 [32m204[0m 0.149 ms - 0[0m
2025-06-11 11:21:49 info: [0mOPTIONS /api/v1/tags/geteventtags [32m204[0m 0.228 ms - 0[0m
2025-06-11 11:21:49 info: [0mGET /api/v1/event/editevent/15 [36m304[0m 104.785 ms - -[0m
2025-06-11 11:21:49 info: [0mGET /api/v1/tags/geteventtags [36m304[0m 67.347 ms - -[0m
2025-06-11 11:21:49 info: [0mGET /api/v1/event/editevent/15 [36m304[0m 33.028 ms - -[0m
2025-06-11 11:21:49 info: [0mGET /api/v1/tags/geteventtags [36m304[0m 15.185 ms - -[0m
2025-06-11 11:22:39 info: [0mOPTIONS /api/v1/event/editevent/15 [32m204[0m 0.097 ms - 0[0m
2025-06-11 11:22:39 info: [0mOPTIONS /api/v1/tags/geteventtags [32m204[0m 0.092 ms - 0[0m
2025-06-11 11:22:39 info: [0mGET /api/v1/tags/geteventtags [36m304[0m 6.515 ms - -[0m
2025-06-11 11:22:39 info: [0mGET /api/v1/event/editevent/15 [36m304[0m 5.136 ms - -[0m
2025-06-11 11:23:37 info: [0mOPTIONS /api/v1/event/editevent/15 [32m204[0m 0.196 ms - 0[0m
2025-06-11 11:23:37 info: [0mOPTIONS /api/v1/tags/geteventtags [32m204[0m 0.098 ms - 0[0m
2025-06-11 11:23:37 info: [0mGET /api/v1/event/editevent/15 [36m304[0m 7.059 ms - -[0m
2025-06-11 11:23:37 info: [0mGET /api/v1/tags/geteventtags [36m304[0m 6.008 ms - -[0m
2025-06-11 11:23:38 info: [0mGET /api/v1/event/editevent/15 [36m304[0m 19.699 ms - -[0m
2025-06-11 11:23:38 info: [0mGET /api/v1/tags/geteventtags [36m304[0m 20.385 ms - -[0m
2025-06-11 11:23:38 info: [0mGET /api/v1/event/editevent/15 [36m304[0m 18.630 ms - -[0m
2025-06-11 11:23:38 info: [0mGET /api/v1/tags/geteventtags [36m304[0m 13.948 ms - -[0m
2025-06-11 12:44:18 info: 🚀 App listening on the port 8000. Current Env development.
2025-06-11 12:52:51 info: [0mOPTIONS /api/v1/event/editevent/15 [32m204[0m 1.045 ms - 0[0m
2025-06-11 12:52:51 info: [0mOPTIONS /api/v1/tags/geteventtags [32m204[0m 0.385 ms - 0[0m
2025-06-11 12:52:51 info: [0mGET /api/v1/event/editevent/15 [36m304[0m 86.475 ms - -[0m
2025-06-11 12:52:51 info: [0mGET /api/v1/tags/geteventtags [36m304[0m 69.373 ms - -[0m
2025-06-11 12:53:24 info: [0mOPTIONS /api/v1/event/editevent/15 [32m204[0m 0.239 ms - 0[0m
2025-06-11 12:53:24 info: [0mOPTIONS /api/v1/tags/geteventtags [32m204[0m 0.105 ms - 0[0m
2025-06-11 12:53:24 info: [0mGET /api/v1/event/editevent/15 [36m304[0m 17.169 ms - -[0m
2025-06-11 12:53:24 info: [0mGET /api/v1/tags/geteventtags [36m304[0m 12.540 ms - -[0m
2025-06-11 12:53:28 info: [0mGET /api/v1/event/editevent/15 [36m304[0m 53.263 ms - -[0m
2025-06-11 12:53:28 info: [0mGET /api/v1/tags/geteventtags [36m304[0m 35.204 ms - -[0m
2025-06-11 12:53:28 info: [0mGET /api/v1/event/editevent/15 [36m304[0m 19.267 ms - -[0m
2025-06-11 12:53:28 info: [0mGET /api/v1/tags/geteventtags [36m304[0m 13.971 ms - -[0m
2025-06-11 12:54:24 info: [0mOPTIONS /api/v1/event/editevent/15 [32m204[0m 0.230 ms - 0[0m
2025-06-11 12:54:24 info: [0mOPTIONS /api/v1/tags/geteventtags [32m204[0m 0.195 ms - 0[0m
2025-06-11 12:54:24 info: [0mOPTIONS /api/v1/event/editevent/15 [32m204[0m 0.148 ms - 0[0m
2025-06-11 12:54:24 info: [0mOPTIONS /api/v1/tags/geteventtags [32m204[0m 0.190 ms - 0[0m
2025-06-11 12:54:24 info: [0mGET /api/v1/event/editevent/15 [36m304[0m 35.802 ms - -[0m
2025-06-11 12:54:24 info: [0mGET /api/v1/tags/geteventtags [36m304[0m 42.928 ms - -[0m
2025-06-11 12:54:24 info: [0mGET /api/v1/event/editevent/15 [36m304[0m 13.192 ms - -[0m
2025-06-11 12:54:24 info: [0mGET /api/v1/tags/geteventtags [36m304[0m 10.313 ms - -[0m
2025-06-11 13:00:11 info: [0mOPTIONS /api/v1/event/editevent/15 [32m204[0m 0.327 ms - 0[0m
2025-06-11 13:00:11 info: [0mOPTIONS /api/v1/tags/geteventtags [32m204[0m 0.221 ms - 0[0m
2025-06-11 13:00:11 info: [0mOPTIONS /api/v1/event/editevent/15 [32m204[0m 0.183 ms - 0[0m
2025-06-11 13:00:11 info: [0mOPTIONS /api/v1/tags/geteventtags [32m204[0m 0.133 ms - 0[0m
2025-06-11 13:00:11 info: [0mGET /api/v1/event/editevent/15 [36m304[0m 8.661 ms - -[0m
2025-06-11 13:00:11 info: [0mGET /api/v1/tags/geteventtags [36m304[0m 7.098 ms - -[0m
2025-06-11 13:00:11 info: [0mGET /api/v1/event/editevent/15 [36m304[0m 6.514 ms - -[0m
2025-06-11 13:00:11 info: [0mGET /api/v1/tags/geteventtags [36m304[0m 4.955 ms - -[0m
2025-06-11 13:08:40 info: [0mOPTIONS /api/v1/event/editevent/15 [32m204[0m 0.848 ms - 0[0m
2025-06-11 13:08:40 info: [0mOPTIONS /api/v1/tags/geteventtags [32m204[0m 0.261 ms - 0[0m
2025-06-11 13:08:40 info: [0mOPTIONS /api/v1/event/editevent/15 [32m204[0m 0.213 ms - 0[0m
2025-06-11 13:08:40 info: [0mOPTIONS /api/v1/tags/geteventtags [32m204[0m 0.971 ms - 0[0m
2025-06-11 13:08:40 info: [0mGET /api/v1/tags/geteventtags [36m304[0m 22.730 ms - -[0m
2025-06-11 13:08:40 info: [0mGET /api/v1/event/editevent/15 [36m304[0m 43.991 ms - -[0m
2025-06-11 13:08:40 info: [0mGET /api/v1/tags/geteventtags [36m304[0m 23.389 ms - -[0m
2025-06-11 13:08:40 info: [0mGET /api/v1/event/editevent/15 [36m304[0m 18.677 ms - -[0m
2025-06-11 13:11:07 info: [0mOPTIONS /api/v1/event/editevent/15 [32m204[0m 0.663 ms - 0[0m
2025-06-11 13:11:07 info: [0mOPTIONS /api/v1/tags/geteventtags [32m204[0m 0.143 ms - 0[0m
2025-06-11 13:11:07 info: [0mOPTIONS /api/v1/event/editevent/15 [32m204[0m 0.161 ms - 0[0m
2025-06-11 13:11:07 info: [0mOPTIONS /api/v1/tags/geteventtags [32m204[0m 1.117 ms - 0[0m
2025-06-11 13:11:07 info: [0mGET /api/v1/event/editevent/15 [36m304[0m 35.550 ms - -[0m
2025-06-11 13:11:07 info: [0mGET /api/v1/tags/geteventtags [36m304[0m 42.791 ms - -[0m
2025-06-11 13:11:07 info: [0mGET /api/v1/event/editevent/15 [36m304[0m 13.724 ms - -[0m
2025-06-11 13:11:07 info: [0mGET /api/v1/tags/geteventtags [36m304[0m 11.230 ms - -[0m
2025-06-11 13:12:57 info: [0mOPTIONS /api/v1/event/editevent/15 [32m204[0m 0.512 ms - 0[0m
2025-06-11 13:12:57 info: [0mOPTIONS /api/v1/tags/geteventtags [32m204[0m 0.384 ms - 0[0m
2025-06-11 13:12:57 info: [0mOPTIONS /api/v1/event/editevent/15 [32m204[0m 0.193 ms - 0[0m
2025-06-11 13:12:57 info: [0mOPTIONS /api/v1/tags/geteventtags [32m204[0m 0.196 ms - 0[0m
2025-06-11 13:12:57 info: [0mGET /api/v1/event/editevent/15 [36m304[0m 91.488 ms - -[0m
2025-06-11 13:12:57 info: [0mGET /api/v1/tags/geteventtags [36m304[0m 12.185 ms - -[0m
2025-06-11 13:12:57 info: [0mGET /api/v1/event/editevent/15 [36m304[0m 31.817 ms - -[0m
2025-06-11 13:12:57 info: [0mGET /api/v1/tags/geteventtags [36m304[0m 14.412 ms - -[0m
2025-06-11 13:14:21 info: [0mOPTIONS /api/v1/files/uploadtoaws [32m204[0m 0.163 ms - 0[0m
2025-06-11 13:14:21 info: [0mPOST /api/v1/files/uploadtoaws [32m200[0m 274.545 ms - 139[0m
2025-06-11 13:14:23 info: [0mOPTIONS /api/v1/event/updateevent/15 [32m204[0m 0.122 ms - 0[0m
2025-06-11 13:14:23 info: [0mPUT /api/v1/event/updateevent/15 [32m200[0m 28.812 ms - -[0m
2025-06-11 13:14:24 info: [0mOPTIONS /api/v1/event/activeevents [32m204[0m 0.279 ms - 0[0m
2025-06-11 13:14:24 info: [0mOPTIONS /api/v1/event/activeevents [32m204[0m 0.240 ms - 0[0m
2025-06-11 13:14:24 info: [0mGET /api/v1/event/activeevents [32m200[0m 26.846 ms - -[0m
2025-06-11 13:14:24 info: [0mGET /api/v1/event/activeevents [36m304[0m 26.212 ms - -[0m
2025-06-11 13:15:07 info: [0mOPTIONS /api/v1/event/editevent/15 [32m204[0m 0.228 ms - 0[0m
2025-06-11 13:15:07 info: [0mOPTIONS /api/v1/tags/geteventtags [32m204[0m 0.211 ms - 0[0m
2025-06-11 13:15:07 info: [0mOPTIONS /api/v1/tags/geteventtags [32m204[0m 0.131 ms - 0[0m
2025-06-11 13:15:07 info: [0mGET /api/v1/tags/geteventtags [36m304[0m 10.995 ms - -[0m
2025-06-11 13:15:07 info: [0mGET /api/v1/event/editevent/15 [32m200[0m 12.336 ms - -[0m
2025-06-11 13:15:07 info: [0mGET /api/v1/tags/geteventtags [36m304[0m 18.280 ms - -[0m
2025-06-11 13:15:07 info: [0mGET /api/v1/event/editevent/15 [36m304[0m 10.351 ms - -[0m
2025-06-11 13:15:12 info: [0mOPTIONS /api/v1/event/editevent/15 [32m204[0m 0.359 ms - 0[0m
2025-06-11 13:15:12 info: [0mOPTIONS /api/v1/tags/geteventtags [32m204[0m 0.102 ms - 0[0m
2025-06-11 13:15:12 info: [0mOPTIONS /api/v1/event/editevent/15 [32m204[0m 0.090 ms - 0[0m
2025-06-11 13:15:12 info: [0mOPTIONS /api/v1/tags/geteventtags [32m204[0m 0.143 ms - 0[0m
2025-06-11 13:15:12 info: [0mGET /api/v1/event/editevent/15 [36m304[0m 16.976 ms - -[0m
2025-06-11 13:15:12 info: [0mGET /api/v1/tags/geteventtags [36m304[0m 15.270 ms - -[0m
2025-06-11 13:15:12 info: [0mGET /api/v1/event/editevent/15 [36m304[0m 8.649 ms - -[0m
2025-06-11 13:15:12 info: [0mGET /api/v1/tags/geteventtags [36m304[0m 6.480 ms - -[0m
2025-06-11 13:15:21 info: [0mOPTIONS /api/v1/files/uploadtoaws [32m204[0m 0.105 ms - 0[0m
2025-06-11 13:15:22 info: [0mPOST /api/v1/files/uploadtoaws [32m200[0m 1403.525 ms - 149[0m
2025-06-11 13:15:32 info: [0mOPTIONS /api/v1/event/updateevent/15 [32m204[0m 0.130 ms - 0[0m
2025-06-11 13:15:32 info: [0mPUT /api/v1/event/updateevent/15 [32m200[0m 10.012 ms - -[0m
2025-06-11 13:15:32 info: [0mOPTIONS /api/v1/event/activeevents [32m204[0m 0.132 ms - 0[0m
2025-06-11 13:15:32 info: [0mOPTIONS /api/v1/event/activeevents [32m204[0m 0.236 ms - 0[0m
2025-06-11 13:15:32 info: [0mGET /api/v1/event/activeevents [32m200[0m 15.501 ms - -[0m
2025-06-11 13:15:32 info: [0mGET /api/v1/event/activeevents [36m304[0m 16.477 ms - -[0m
2025-06-11 13:15:36 info: [0mOPTIONS /api/v1/event/editevent/15 [32m204[0m 0.168 ms - 0[0m
2025-06-11 13:15:36 info: [0mOPTIONS /api/v1/tags/geteventtags [32m204[0m 0.093 ms - 0[0m
2025-06-11 13:15:36 info: [0mOPTIONS /api/v1/event/editevent/15 [32m204[0m 0.123 ms - 0[0m
2025-06-11 13:15:36 info: [0mOPTIONS /api/v1/tags/geteventtags [32m204[0m 0.083 ms - 0[0m
2025-06-11 13:15:36 info: [0mGET /api/v1/tags/geteventtags [36m304[0m 25.198 ms - -[0m
2025-06-11 13:15:36 info: [0mGET /api/v1/event/editevent/15 [32m200[0m 28.017 ms - -[0m
2025-06-11 13:15:36 info: [0mGET /api/v1/tags/geteventtags [36m304[0m 12.656 ms - -[0m
2025-06-11 13:15:36 info: [0mGET /api/v1/event/editevent/15 [36m304[0m 7.983 ms - -[0m
2025-06-11 13:15:41 info: [0mOPTIONS /api/v1/event/activeevents [32m204[0m 0.138 ms - 0[0m
2025-06-11 13:15:41 info: [0mOPTIONS /api/v1/event/activeevents [32m204[0m 0.089 ms - 0[0m
2025-06-11 13:15:41 info: [0mGET /api/v1/event/activeevents [36m304[0m 3.807 ms - -[0m
2025-06-11 13:15:41 info: [0mGET /api/v1/event/activeevents [36m304[0m 5.756 ms - -[0m
2025-06-11 13:16:55 info: [0mOPTIONS /api/v1/event/editevent/15 [32m204[0m 0.174 ms - 0[0m
2025-06-11 13:16:55 info: [0mOPTIONS /api/v1/tags/geteventtags [32m204[0m 0.110 ms - 0[0m
2025-06-11 13:16:55 info: [0mOPTIONS /api/v1/event/editevent/15 [32m204[0m 0.105 ms - 0[0m
2025-06-11 13:16:55 info: [0mOPTIONS /api/v1/tags/geteventtags [32m204[0m 0.083 ms - 0[0m
2025-06-11 13:16:55 info: [0mGET /api/v1/tags/geteventtags [36m304[0m 17.070 ms - -[0m
2025-06-11 13:16:55 info: [0mGET /api/v1/event/editevent/15 [36m304[0m 37.558 ms - -[0m
2025-06-11 13:16:55 info: [0mGET /api/v1/tags/geteventtags [36m304[0m 9.618 ms - -[0m
2025-06-11 13:16:55 info: [0mGET /api/v1/event/editevent/15 [36m304[0m 4.770 ms - -[0m
2025-06-11 13:17:12 info: [0mOPTIONS /api/v1/files/uploadtoaws [32m204[0m 0.600 ms - 0[0m
2025-06-11 13:17:13 info: [0mPOST /api/v1/files/uploadtoaws [32m200[0m 294.324 ms - 160[0m
2025-06-11 13:44:26 info: [0mOPTIONS /api/v1/event/editevent/15 [32m204[0m 0.244 ms - 0[0m
2025-06-11 13:44:26 info: [0mOPTIONS /api/v1/tags/geteventtags [32m204[0m 0.305 ms - 0[0m
2025-06-11 13:44:26 info: [0mOPTIONS /api/v1/event/editevent/15 [32m204[0m 1.476 ms - 0[0m
2025-06-11 13:44:26 info: [0mOPTIONS /api/v1/tags/geteventtags [32m204[0m 0.184 ms - 0[0m
2025-06-11 13:44:26 info: [0mGET /api/v1/event/editevent/15 [36m304[0m 72.613 ms - -[0m
2025-06-11 13:44:26 info: [0mGET /api/v1/tags/geteventtags [36m304[0m 20.823 ms - -[0m
2025-06-11 13:44:26 info: [0mGET /api/v1/event/editevent/15 [36m304[0m 16.892 ms - -[0m
2025-06-11 13:44:26 info: [0mGET /api/v1/tags/geteventtags [36m304[0m 9.475 ms - -[0m
2025-06-11 13:51:59 info: [0mOPTIONS /api/v1/event/activeevents [32m204[0m 2.007 ms - 0[0m
2025-06-11 13:51:59 info: [0mOPTIONS /api/v1/event/activeevents [32m204[0m 0.142 ms - 0[0m
2025-06-11 13:51:59 info: [0mGET /api/v1/event/activeevents [36m304[0m 8.926 ms - -[0m
2025-06-11 13:51:59 info: [0mGET /api/v1/event/activeevents [36m304[0m 16.008 ms - -[0m
2025-06-11 13:52:05 info: [0mOPTIONS /api/v1/event/editevent/14 [32m204[0m 0.740 ms - 0[0m
2025-06-11 13:52:05 info: [0mOPTIONS /api/v1/tags/geteventtags [32m204[0m 0.199 ms - 0[0m
2025-06-11 13:52:05 info: [0mOPTIONS /api/v1/tags/geteventtags [32m204[0m 0.156 ms - 0[0m
2025-06-11 13:52:05 info: [0mOPTIONS /api/v1/event/editevent/14 [32m204[0m 0.154 ms - 0[0m
2025-06-11 13:52:05 info: [0mGET /api/v1/tags/geteventtags [36m304[0m 90.364 ms - -[0m
2025-06-11 13:52:05 info: [0mGET /api/v1/tags/geteventtags [36m304[0m 13.281 ms - -[0m
2025-06-11 13:52:05 info: [0mGET /api/v1/event/editevent/14 [32m200[0m 52.016 ms - -[0m
2025-06-11 13:52:05 info: [0mGET /api/v1/event/editevent/14 [36m304[0m 14.813 ms - -[0m
2025-06-11 13:52:26 info: [0mOPTIONS /api/v1/event/updateevent/14 [32m204[0m 0.113 ms - 0[0m
2025-06-11 13:52:26 info: [0mPUT /api/v1/event/updateevent/14 [32m200[0m 4.941 ms - -[0m
2025-06-11 13:52:26 info: [0mOPTIONS /api/v1/event/activeevents [32m204[0m 0.303 ms - 0[0m
2025-06-11 13:52:26 info: [0mOPTIONS /api/v1/event/activeevents [32m204[0m 0.223 ms - 0[0m
2025-06-11 13:52:26 info: [0mGET /api/v1/event/activeevents [32m200[0m 5.151 ms - -[0m
2025-06-11 13:52:26 info: [0mGET /api/v1/event/activeevents [36m304[0m 11.223 ms - -[0m
2025-06-11 13:54:14 info: [0mOPTIONS /api/v1/event/activeevents [32m204[0m 0.282 ms - 0[0m
2025-06-11 13:54:14 info: [0mOPTIONS /api/v1/event/activeevents [32m204[0m 0.121 ms - 0[0m
2025-06-11 13:54:14 info: [0mGET /api/v1/event/activeevents [36m304[0m 15.021 ms - -[0m
2025-06-11 13:54:14 info: [0mGET /api/v1/event/activeevents [36m304[0m 7.968 ms - -[0m
2025-06-11 13:54:23 info: [0mOPTIONS /api/v1/event/editevent/14 [32m204[0m 0.199 ms - 0[0m
2025-06-11 13:54:23 info: [0mOPTIONS /api/v1/tags/geteventtags [32m204[0m 0.536 ms - 0[0m
2025-06-11 13:54:23 info: [0mOPTIONS /api/v1/event/editevent/14 [32m204[0m 0.135 ms - 0[0m
2025-06-11 13:54:23 info: [0mOPTIONS /api/v1/tags/geteventtags [32m204[0m 0.260 ms - 0[0m
2025-06-11 13:54:23 info: [0mGET /api/v1/tags/geteventtags [36m304[0m 10.106 ms - -[0m
2025-06-11 13:54:23 info: [0mGET /api/v1/event/editevent/14 [32m200[0m 18.378 ms - -[0m
2025-06-11 13:54:23 info: [0mGET /api/v1/tags/geteventtags [36m304[0m 6.167 ms - -[0m
2025-06-11 13:54:23 info: [0mGET /api/v1/event/editevent/14 [36m304[0m 7.465 ms - -[0m
2025-06-11 13:54:34 info: [0mOPTIONS /api/v1/files/uploadtoaws [32m204[0m 0.180 ms - 0[0m
2025-06-11 13:54:35 info: [0mPOST /api/v1/files/uploadtoaws [32m200[0m 291.681 ms - 139[0m
2025-06-11 13:54:41 info: [0mOPTIONS /api/v1/files/uploadtoaws [32m204[0m 0.246 ms - 0[0m
2025-06-11 13:54:42 info: [0mPOST /api/v1/files/uploadtoaws [32m200[0m 1473.663 ms - 149[0m
2025-06-11 13:54:59 info: [0mOPTIONS /api/v1/files/uploadtoaws [32m204[0m 0.127 ms - 0[0m
2025-06-11 13:54:59 info: [0mPOST /api/v1/files/uploadtoaws [32m200[0m 217.886 ms - 143[0m
2025-06-11 13:54:59 info: [0mPOST /api/v1/files/uploadtoaws [32m200[0m 77.148 ms - 141[0m
2025-06-11 13:55:06 info: [0mOPTIONS /api/v1/files/uploadtoaws [32m204[0m 0.806 ms - 0[0m
2025-06-11 13:55:06 info: [0mPOST /api/v1/files/uploadtoaws [32m200[0m 117.299 ms - 139[0m
2025-06-11 13:55:15 info: [0mOPTIONS /api/v1/files/uploadtoaws [32m204[0m 0.127 ms - 0[0m
2025-06-11 13:55:15 info: [0mPOST /api/v1/files/uploadtoaws [32m200[0m 153.715 ms - 140[0m
2025-06-11 13:55:46 info: [0mOPTIONS /api/v1/event/activeevents [32m204[0m 0.562 ms - 0[0m
2025-06-11 13:55:46 info: [0mOPTIONS /api/v1/event/activeevents [32m204[0m 0.153 ms - 0[0m
2025-06-11 13:55:46 info: [0mGET /api/v1/event/activeevents [36m304[0m 14.555 ms - -[0m
2025-06-11 13:55:46 info: [0mGET /api/v1/event/activeevents [36m304[0m 11.332 ms - -[0m
2025-06-11 13:56:03 info: [0mOPTIONS /api/v1/event/activeevents [32m204[0m 0.122 ms - 0[0m
2025-06-11 13:56:03 info: [0mOPTIONS /api/v1/event/activeevents [32m204[0m 0.110 ms - 0[0m
2025-06-11 13:56:03 info: [0mGET /api/v1/event/activeevents [36m304[0m 5.463 ms - -[0m
2025-06-11 13:56:03 info: [0mGET /api/v1/event/activeevents [36m304[0m 5.627 ms - -[0m
2025-06-11 13:56:06 info: [0mOPTIONS /api/v1/event/editevent/14 [32m204[0m 0.249 ms - 0[0m
2025-06-11 13:56:06 info: [0mOPTIONS /api/v1/tags/geteventtags [32m204[0m 0.128 ms - 0[0m
2025-06-11 13:56:06 info: [0mOPTIONS /api/v1/event/editevent/14 [32m204[0m 0.212 ms - 0[0m
2025-06-11 13:56:06 info: [0mOPTIONS /api/v1/tags/geteventtags [32m204[0m 0.231 ms - 0[0m
2025-06-11 13:56:06 info: [0mGET /api/v1/event/editevent/14 [36m304[0m 22.138 ms - -[0m
2025-06-11 13:56:06 info: [0mGET /api/v1/tags/geteventtags [36m304[0m 14.939 ms - -[0m
2025-06-11 13:56:06 info: [0mGET /api/v1/event/editevent/14 [36m304[0m 8.380 ms - -[0m
2025-06-11 13:56:06 info: [0mGET /api/v1/tags/geteventtags [36m304[0m 6.181 ms - -[0m
2025-06-11 13:56:18 info: [0mOPTIONS /api/v1/files/uploadtoaws [32m204[0m 0.114 ms - 0[0m
2025-06-11 13:56:18 info: [0mPOST /api/v1/files/uploadtoaws [32m200[0m 270.818 ms - 147[0m
2025-06-11 13:56:33 info: [0mOPTIONS /api/v1/files/uploadtoaws [32m204[0m 0.243 ms - 0[0m
2025-06-11 13:56:34 info: [0mPOST /api/v1/files/uploadtoaws [32m200[0m 1366.438 ms - 149[0m
2025-06-11 13:56:47 info: [0mOPTIONS /api/v1/files/uploadtoaws [32m204[0m 0.415 ms - 0[0m
2025-06-11 13:56:47 info: [0mPOST /api/v1/files/uploadtoaws [32m200[0m 107.558 ms - 140[0m
2025-06-11 13:56:52 info: [0mOPTIONS /api/v1/files/uploadtoaws [32m204[0m 0.183 ms - 0[0m
2025-06-11 13:56:52 info: [0mPOST /api/v1/files/uploadtoaws [32m200[0m 115.960 ms - 139[0m
2025-06-11 13:56:59 info: [0mOPTIONS /api/v1/event/updateevent/14 [32m204[0m 0.102 ms - 0[0m
2025-06-11 13:56:59 info: [0mPUT /api/v1/event/updateevent/14 [32m200[0m 8.209 ms - -[0m
2025-06-11 13:56:59 info: [0mOPTIONS /api/v1/event/activeevents [32m204[0m 0.181 ms - 0[0m
2025-06-11 13:56:59 info: [0mOPTIONS /api/v1/event/activeevents [32m204[0m 0.147 ms - 0[0m
2025-06-11 13:56:59 info: [0mGET /api/v1/event/activeevents [32m200[0m 9.604 ms - -[0m
2025-06-11 13:56:59 info: [0mGET /api/v1/event/activeevents [36m304[0m 17.326 ms - -[0m
2025-06-11 13:59:05 info: [0mOPTIONS /api/v1/event/editevent/7 [32m204[0m 0.263 ms - 0[0m
2025-06-11 13:59:05 info: [0mOPTIONS /api/v1/tags/geteventtags [32m204[0m 0.223 ms - 0[0m
2025-06-11 13:59:05 info: [0mOPTIONS /api/v1/event/editevent/7 [32m204[0m 0.120 ms - 0[0m
2025-06-11 13:59:05 info: [0mOPTIONS /api/v1/tags/geteventtags [32m204[0m 0.100 ms - 0[0m
2025-06-11 13:59:05 info: [0mGET /api/v1/event/editevent/7 [36m304[0m 22.543 ms - -[0m
2025-06-11 13:59:05 info: [0mGET /api/v1/tags/geteventtags [36m304[0m 19.153 ms - -[0m
2025-06-11 13:59:05 info: [0mGET /api/v1/event/editevent/7 [36m304[0m 15.077 ms - -[0m
2025-06-11 13:59:05 info: [0mGET /api/v1/tags/geteventtags [36m304[0m 11.683 ms - -[0m
2025-06-11 15:05:40 info: [0mOPTIONS /api/v1/event/editevent/7 [32m204[0m 0.452 ms - 0[0m
2025-06-11 15:05:40 info: [0mOPTIONS /api/v1/tags/geteventtags [32m204[0m 1.923 ms - 0[0m
2025-06-11 15:05:40 info: [0mGET /api/v1/event/editevent/7 [36m304[0m 11.615 ms - -[0m
2025-06-11 15:05:40 info: [0mGET /api/v1/tags/geteventtags [36m304[0m 12.798 ms - -[0m
2025-06-11 15:05:44 info: [0mOPTIONS /api/v1/event/activeevents [32m204[0m 0.136 ms - 0[0m
2025-06-11 15:05:44 info: [0mOPTIONS /api/v1/event/activeevents [32m204[0m 0.176 ms - 0[0m
2025-06-11 15:05:44 info: [0mGET /api/v1/event/activeevents [36m304[0m 6.451 ms - -[0m
2025-06-11 15:05:44 info: [0mGET /api/v1/event/activeevents [36m304[0m 7.720 ms - -[0m
2025-06-11 15:06:03 info: [0mOPTIONS /api/v1/event/editevent/14 [32m204[0m 0.114 ms - 0[0m
2025-06-11 15:06:03 info: [0mOPTIONS /api/v1/tags/geteventtags [32m204[0m 0.161 ms - 0[0m
2025-06-11 15:06:03 info: [0mOPTIONS /api/v1/event/editevent/14 [32m204[0m 0.462 ms - 0[0m
2025-06-11 15:06:03 info: [0mOPTIONS /api/v1/tags/geteventtags [32m204[0m 0.093 ms - 0[0m
2025-06-11 15:06:03 info: [0mGET /api/v1/tags/geteventtags [36m304[0m 4.334 ms - -[0m
2025-06-11 15:06:03 info: [0mGET /api/v1/event/editevent/14 [32m200[0m 7.153 ms - -[0m
2025-06-11 15:06:03 info: [0mGET /api/v1/tags/geteventtags [36m304[0m 17.061 ms - -[0m
2025-06-11 15:06:03 info: [0mGET /api/v1/event/editevent/14 [36m304[0m 13.780 ms - -[0m
2025-06-11 15:06:13 info: [0mOPTIONS /api/v1/files/uploadtoaws [32m204[0m 0.134 ms - 0[0m
2025-06-11 15:06:14 info: [0mPOST /api/v1/files/uploadtoaws [32m200[0m 371.061 ms - 147[0m
2025-06-11 15:06:20 info: [0mOPTIONS /api/v1/files/uploadtoaws [32m204[0m 0.583 ms - 0[0m
2025-06-11 15:06:21 info: [0mPOST /api/v1/files/uploadtoaws [32m200[0m 718.089 ms - 151[0m
2025-06-11 15:06:42 info: [0mOPTIONS /api/v1/files/uploadtoaws [32m204[0m 0.158 ms - 0[0m
2025-06-11 15:06:43 info: [0mPOST /api/v1/files/uploadtoaws [32m200[0m 244.358 ms - 139[0m
2025-06-11 15:06:43 info: [0mPOST /api/v1/files/uploadtoaws [32m200[0m 194.249 ms - 167[0m
2025-06-11 15:06:51 info: [0mOPTIONS /api/v1/files/uploadtoaws [32m204[0m 0.227 ms - 0[0m
2025-06-11 15:06:51 info: [0mPOST /api/v1/files/uploadtoaws [32m200[0m 80.359 ms - 139[0m
2025-06-11 15:06:56 info: [0mOPTIONS /api/v1/files/uploadtoaws [32m204[0m 0.105 ms - 0[0m
2025-06-11 15:06:56 info: [0mPOST /api/v1/files/uploadtoaws [32m200[0m 163.915 ms - 140[0m
2025-06-11 15:08:27 info: [0mOPTIONS /api/v1/event/editevent/14 [32m204[0m 0.118 ms - 0[0m
2025-06-11 15:08:27 info: [0mOPTIONS /api/v1/tags/geteventtags [32m204[0m 0.080 ms - 0[0m
2025-06-11 15:08:27 info: [0mGET /api/v1/event/editevent/14 [36m304[0m 11.383 ms - -[0m
2025-06-11 15:08:28 info: [0mGET /api/v1/tags/geteventtags [36m304[0m 9.963 ms - -[0m
2025-06-11 15:08:37 info: [0mOPTIONS /api/v1/files/uploadtoaws [32m204[0m 0.229 ms - 0[0m
2025-06-11 15:08:38 info: [0mPOST /api/v1/files/uploadtoaws [32m200[0m 331.314 ms - 147[0m
2025-06-11 15:08:44 info: [0mOPTIONS /api/v1/files/uploadtoaws [32m204[0m 0.645 ms - 0[0m
2025-06-11 15:08:45 info: [0mPOST /api/v1/files/uploadtoaws [32m200[0m 1741.323 ms - 149[0m
2025-06-11 15:08:53 info: [0mOPTIONS /api/v1/event/editevent/14 [32m204[0m 0.343 ms - 0[0m
2025-06-11 15:08:53 info: [0mOPTIONS /api/v1/tags/geteventtags [32m204[0m 0.167 ms - 0[0m
2025-06-11 15:08:53 info: [0mOPTIONS /api/v1/event/editevent/14 [32m204[0m 0.788 ms - 0[0m
2025-06-11 15:08:53 info: [0mOPTIONS /api/v1/tags/geteventtags [32m204[0m 0.114 ms - 0[0m
2025-06-11 15:08:53 info: [0mGET /api/v1/event/editevent/14 [36m304[0m 32.756 ms - -[0m
2025-06-11 15:08:53 info: [0mGET /api/v1/tags/geteventtags [36m304[0m 33.526 ms - -[0m
2025-06-11 15:08:53 info: [0mGET /api/v1/event/editevent/14 [36m304[0m 15.451 ms - -[0m
2025-06-11 15:08:53 info: [0mGET /api/v1/tags/geteventtags [36m304[0m 7.087 ms - -[0m
2025-06-11 15:09:14 info: [0mOPTIONS /api/v1/files/uploadtoaws [32m204[0m 0.215 ms - 0[0m
2025-06-11 15:09:14 info: [0mPOST /api/v1/files/uploadtoaws [32m200[0m 340.363 ms - 147[0m
2025-06-11 15:09:30 info: [0mOPTIONS /api/v1/files/uploadtoaws [32m204[0m 0.176 ms - 0[0m
2025-06-11 15:09:32 info: [0mPOST /api/v1/files/uploadtoaws [32m200[0m 1578.223 ms - 149[0m
2025-06-11 15:09:51 info: [0mOPTIONS /api/v1/event/updateevent/14 [32m204[0m 0.146 ms - 0[0m
2025-06-11 15:09:51 info: [0mPUT /api/v1/event/updateevent/14 [32m200[0m 7.653 ms - -[0m
2025-06-11 15:09:51 info: [0mOPTIONS /api/v1/event/activeevents [32m204[0m 0.222 ms - 0[0m
2025-06-11 15:09:51 info: [0mOPTIONS /api/v1/event/activeevents [32m204[0m 0.099 ms - 0[0m
2025-06-11 15:09:51 info: [0mGET /api/v1/event/activeevents [32m200[0m 6.736 ms - -[0m
2025-06-11 15:09:51 info: [0mGET /api/v1/event/activeevents [36m304[0m 9.106 ms - -[0m
2025-06-11 15:10:30 info: [0mOPTIONS /api/v1/event/editevent/14 [32m204[0m 0.187 ms - 0[0m
2025-06-11 15:10:30 info: [0mOPTIONS /api/v1/tags/geteventtags [32m204[0m 0.289 ms - 0[0m
2025-06-11 15:10:30 info: [0mOPTIONS /api/v1/tags/geteventtags [32m204[0m 0.954 ms - 0[0m
2025-06-11 15:10:30 info: [0mOPTIONS /api/v1/event/editevent/14 [32m204[0m 0.100 ms - 0[0m
2025-06-11 15:10:30 info: [0mGET /api/v1/tags/geteventtags [36m304[0m 50.239 ms - -[0m
2025-06-11 15:10:30 info: [0mGET /api/v1/event/editevent/14 [32m200[0m 40.369 ms - -[0m
2025-06-11 15:10:30 info: [0mGET /api/v1/tags/geteventtags [36m304[0m 11.579 ms - -[0m
2025-06-11 15:10:30 info: [0mGET /api/v1/event/editevent/14 [36m304[0m 9.386 ms - -[0m
2025-06-11 15:11:57 info: [0mOPTIONS /api/v1/files/uploadtoaws [32m204[0m 0.209 ms - 0[0m
2025-06-11 15:11:57 info: [0mPOST /api/v1/files/uploadtoaws [32m200[0m 106.500 ms - 139[0m
2025-06-11 15:12:02 info: [0mOPTIONS /api/v1/files/uploadtoaws [32m204[0m 0.157 ms - 0[0m
2025-06-11 15:12:02 info: [0mPOST /api/v1/files/uploadtoaws [32m200[0m 110.587 ms - 140[0m
2025-06-11 15:12:10 info: [0mOPTIONS /api/v1/event/updateevent/14 [32m204[0m 0.172 ms - 0[0m
2025-06-11 15:12:10 info: [0mPUT /api/v1/event/updateevent/14 [32m200[0m 7.788 ms - -[0m
2025-06-11 15:12:11 info: [0mOPTIONS /api/v1/event/activeevents [32m204[0m 0.134 ms - 0[0m
2025-06-11 15:12:11 info: [0mOPTIONS /api/v1/event/activeevents [32m204[0m 0.208 ms - 0[0m
2025-06-11 15:12:11 info: [0mGET /api/v1/event/activeevents [32m200[0m 4.753 ms - -[0m
2025-06-11 15:12:11 info: [0mGET /api/v1/event/activeevents [36m304[0m 9.525 ms - -[0m
2025-06-11 15:18:35 info: [0mOPTIONS /api/v1/event/editevent/14 [32m204[0m 0.231 ms - 0[0m
2025-06-11 15:18:35 info: [0mOPTIONS /api/v1/tags/geteventtags [32m204[0m 0.219 ms - 0[0m
2025-06-11 15:18:35 info: [0mOPTIONS /api/v1/event/editevent/14 [32m204[0m 0.153 ms - 0[0m
2025-06-11 15:18:35 info: [0mOPTIONS /api/v1/tags/geteventtags [32m204[0m 0.304 ms - 0[0m
2025-06-11 15:18:36 info: [0mGET /api/v1/tags/geteventtags [36m304[0m 16.812 ms - -[0m
2025-06-11 15:18:36 info: [0mGET /api/v1/event/editevent/14 [32m200[0m 40.523 ms - -[0m
2025-06-11 15:18:36 info: [0mGET /api/v1/tags/geteventtags [36m304[0m 8.599 ms - -[0m
2025-06-11 15:18:36 info: [0mGET /api/v1/event/editevent/14 [36m304[0m 9.300 ms - -[0m
2025-06-11 16:42:35 info: [0mOPTIONS /api/v1/event/activeevents [32m204[0m 0.817 ms - 0[0m
2025-06-11 16:42:35 info: [0mOPTIONS /api/v1/event/activeevents [32m204[0m 0.083 ms - 0[0m
2025-06-11 16:42:35 info: [0mGET /api/v1/event/activeevents [36m304[0m 16.661 ms - -[0m
2025-06-11 16:42:35 info: [0mGET /api/v1/event/activeevents [36m304[0m 8.629 ms - -[0m
2025-06-11 16:42:36 info: [0mOPTIONS /api/v1/tags/geteventtags [32m204[0m 0.198 ms - 0[0m
2025-06-11 16:42:36 info: [0mOPTIONS /api/v1/tags/geteventtags [32m204[0m 0.095 ms - 0[0m
2025-06-11 16:42:36 info: [0mGET /api/v1/tags/geteventtags [36m304[0m 3.278 ms - -[0m
2025-06-11 16:42:36 info: [0mGET /api/v1/tags/geteventtags [36m304[0m 3.178 ms - -[0m
2025-06-11 18:19:30 info: 🚀 App listening on the port 8000. Current Env development.
2025-06-11 18:19:58 info: 🚀 App listening on the port 8000. Current Env development.
2025-06-11 18:20:10 info: 🚀 App listening on the port 8000. Current Env development.
2025-06-11 18:22:09 info: 🚀 App listening on the port 8000. Current Env development.
2025-06-11 18:22:44 info: 🚀 App listening on the port 8000. Current Env development.
2025-06-11 18:23:01 info: 🚀 App listening on the port 8000. Current Env development.
2025-06-11 18:23:10 info: 🚀 App listening on the port 8000. Current Env development.
2025-06-11 18:23:34 info: 🚀 App listening on the port 8000. Current Env development.
2025-06-11 18:23:37 info: 🚀 App listening on the port 8000. Current Env development.
2025-06-11 18:28:07 info: 🚀 App listening on the port 8000. Current Env development.
2025-06-11 18:28:19 info: 🚀 App listening on the port 8000. Current Env development.
2025-06-11 18:28:41 info: 🚀 App listening on the port 8000. Current Env development.
2025-06-11 18:28:55 info: 🚀 App listening on the port 8000. Current Env development.
2025-06-11 18:29:18 info: 🚀 App listening on the port 8000. Current Env development.
2025-06-11 18:29:41 info: 🚀 App listening on the port 8000. Current Env development.
2025-06-11 18:29:44 info: 🚀 App listening on the port 8000. Current Env development.
2025-06-11 18:30:00 info: 🚀 App listening on the port 8000. Current Env development.
2025-06-11 18:30:20 info: 🚀 App listening on the port 8000. Current Env development.
2025-06-11 18:30:43 info: 🚀 App listening on the port 8000. Current Env development.
2025-06-11 18:31:04 info: 🚀 App listening on the port 8000. Current Env development.
2025-06-11 18:31:08 info: 🚀 App listening on the port 8000. Current Env development.
2025-06-11 18:31:33 info: 🚀 App listening on the port 8000. Current Env development.
2025-06-11 18:31:50 info: 🚀 App listening on the port 8000. Current Env development.
2025-06-11 18:31:56 info: 🚀 App listening on the port 8000. Current Env development.
2025-06-11 18:31:59 info: [0mPOST /api/v1/users/login [32m200[0m 242.328 ms - -[0m
2025-06-11 18:33:32 info: 🚀 App listening on the port 8000. Current Env development.
2025-06-11 18:35:24 info: [0mPOST /api/v1/dynamicforms/insertform [33m404[0m 70.451 ms - 170[0m
2025-06-11 18:36:23 info: 🚀 App listening on the port 8000. Current Env development.
2025-06-11 18:36:27 error: StatusCode : 400, Message : form_data should not be empty, created_by must be a number conforming to the specified constraints, created_by should not be empty
2025-06-11 18:36:27 info: [0mPOST /api/v1/dynamicforms/insertform [33m400[0m 173.924 ms - 144[0m
2025-06-11 18:37:12 error: StatusCode : 400, Message : created_by must be a number conforming to the specified constraints, created_by should not be empty
2025-06-11 18:37:12 info: [0mPOST /api/v1/dynamicforms/insertform [33m400[0m 15.711 ms - 113[0m
2025-06-11 18:37:39 info: [0mPOST /api/v1/dynamicforms/insertform [32m201[0m 15.482 ms - 782[0m
2025-06-11 18:43:17 info: 🚀 App listening on the port 8000. Current Env development.
2025-06-11 18:43:56 info: 🚀 App listening on the port 8000. Current Env development.
2025-06-11 18:44:04 info: [0mGET /api/v1/dynamicforms/all [32m200[0m 69.444 ms - 791[0m
2025-06-11 19:43:56 info: 🚀 App listening on the port 8000. Current Env development.
