2025-05-24 09:55:14 info: 🚀 App listening on the port 8000. Current Env development.
2025-05-24 10:00:56 info: [0mOPTIONS /api/v1/employee/login [32m204[0m 1.105 ms - 0[0m
2025-05-24 10:00:56 info: [0mPOST /api/v1/employee/login [32m200[0m 237.190 ms - 852[0m
2025-05-24 10:32:37 info: [0mOPTIONS /api/v1/employee/login [32m204[0m 0.140 ms - 0[0m
2025-05-24 10:32:37 info: [0mPOST /api/v1/employee/login [32m200[0m 63.952 ms - 852[0m
2025-05-24 11:23:28 info: 🚀 App listening on the port 8000. Current Env development.
2025-05-24 12:43:44 info: [0mPOST /api/v1/event/activeevents [33m404[0m 24.402 ms - 165[0m
2025-05-24 12:43:47 info: [0mGET /api/v1/event/activeevents [32m200[0m 106.885 ms - -[0m
2025-05-24 12:44:21 info: [0mGET /api/v1/event/activeevents [32m200[0m 5.041 ms - -[0m
2025-05-24 12:44:57 info: [0mGET /api/v1/event/activeevents [32m200[0m 2.269 ms - -[0m
2025-05-24 12:45:28 info: [0mGET /api/v1/event/activeevents [32m200[0m 2.197 ms - -[0m
2025-05-24 12:45:36 info: 🚀 App listening on the port 8000. Current Env development.
2025-05-24 13:07:56 info: [0mGET /api/v1/event/activeevents [32m200[0m 65.666 ms - -[0m
2025-05-24 13:07:57 info: [0mGET /api/v1/event/activeevents [36m304[0m 2.622 ms - -[0m
2025-05-24 13:07:57 info: [0mGET /api/v1/event/activeevents [36m304[0m 3.882 ms - -[0m
2025-05-24 13:10:20 info: [0mGET /api/v1/event/activeevents [36m304[0m 3.394 ms - -[0m
2025-05-24 13:10:20 info: [0mGET /api/v1/event/activeevents [36m304[0m 2.768 ms - -[0m
2025-05-24 13:11:42 info: [0mGET /api/v1/event/activeevents [36m304[0m 2.433 ms - -[0m
2025-05-24 13:11:42 info: [0mGET /api/v1/event/activeevents [36m304[0m 1.579 ms - -[0m
2025-05-24 13:29:01 info: [0mGET /api/v1/event/activeevents [36m304[0m 3.817 ms - -[0m
2025-05-24 13:29:02 info: [0mGET /api/v1/event/activeevents [36m304[0m 3.290 ms - -[0m
2025-05-24 13:31:33 info: [0mGET /api/v1/event/activeevents [36m304[0m 2.507 ms - -[0m
2025-05-24 13:31:33 info: [0mGET /api/v1/event/activeevents [36m304[0m 1.707 ms - -[0m
2025-05-24 15:21:11 error: StatusCode : 500, Message : update "event" set "is_deleted" = $1, "status" = $2, "deleted_by" = $3, "deleted_at" = $4 where "event_id" = $5 returning * - invalid input syntax for type integer: "admin"
2025-05-24 15:21:11 info: [0mDELETE /api/v1/event/deleteevent/1 [31m500[0m 23.957 ms - 200[0m
2025-05-24 15:21:20 info: 🚀 App listening on the port 8000. Current Env development.
2025-05-24 15:21:30 info: 🚀 App listening on the port 8000. Current Env development.
2025-05-24 15:21:37 info: 🚀 App listening on the port 8000. Current Env development.
2025-05-24 15:21:40 info: 🚀 App listening on the port 8000. Current Env development.
2025-05-24 15:21:42 info: 🚀 App listening on the port 8000. Current Env development.
2025-05-24 15:23:17 error: StatusCode : 500, Message : update "event" set "is_deleted" = $1, "status" = $2, "deleted_by" = $3, "deleted_at" = $4 where "event_id" = $5 returning * - invalid input syntax for type integer: "admin"
2025-05-24 15:23:17 info: [0mDELETE /api/v1/event/deleteevent/1 [31m500[0m 68.912 ms - 200[0m
2025-05-24 15:24:31 info: [0mOPTIONS /api/v1/employee/login [32m204[0m 0.239 ms - 0[0m
2025-05-24 15:24:31 info: [0mPOST /api/v1/employee/login [32m200[0m 72.824 ms - 852[0m
2025-05-24 15:32:23 info: 🚀 App listening on the port 8000. Current Env development.
2025-05-24 15:32:40 info: 🚀 App listening on the port 8000. Current Env development.
2025-05-24 15:32:51 info: [0mDELETE /api/v1/event/deleteevent/1 [33m404[0m 13.384 ms - 168[0m
2025-05-24 15:33:16 info: [0mDELETE /api/v1/event/deleteevent [33m404[0m 2.448 ms - 166[0m
2025-05-24 15:33:23 error: StatusCode : 500, Message : update "event" set "is_deleted" = $1, "status" = $2, "deleted_by" = $3, "deleted_at" = $4 where "event_id" = $5 returning * - invalid input syntax for type integer: "admin"
2025-05-24 15:33:23 info: [0mPOST /api/v1/event/deleteevent [31m500[0m 53.226 ms - 200[0m
2025-05-24 15:33:40 error: StatusCode : 500, Message : update "event" set "is_deleted" = $1, "status" = $2, "deleted_by" = $3, "deleted_at" = $4 where "event_id" = $5 returning * - invalid input syntax for type integer: "admin"
2025-05-24 15:33:40 info: [0mPOST /api/v1/event/deleteevent [31m500[0m 3.719 ms - 200[0m
2025-05-24 15:35:36 error: StatusCode : 500, Message : update "event" set "is_deleted" = $1, "status" = $2, "deleted_by" = $3, "deleted_at" = $4 where "event_id" = $5 returning * - invalid input syntax for type integer: "admin"
2025-05-24 15:35:36 info: [0mPOST /api/v1/event/deleteevent [31m500[0m 2.879 ms - 200[0m
2025-05-24 15:36:06 info: 🚀 App listening on the port 8000. Current Env development.
2025-05-24 15:36:07 error: StatusCode : 500, Message : update "event" set "is_deleted" = $1, "status" = $2, "deleted_by" = $3, "deleted_at" = $4 where "event_id" = $5 returning * - invalid input syntax for type integer: "admin"
2025-05-24 15:36:07 info: [0mPOST /api/v1/event/deleteevent [31m500[0m 77.767 ms - 200[0m
2025-05-24 15:36:44 info: 🚀 App listening on the port 8000. Current Env development.
2025-05-24 15:36:47 info: 🚀 App listening on the port 8000. Current Env development.
2025-05-24 15:36:55 error: StatusCode : 500, Message : update "event" set "is_deleted" = $1, "status" = $2, "deleted_by" = $3, "deleted_at" = $4 where "event_id" = $5 returning * - invalid input syntax for type integer: "admin"
2025-05-24 15:36:55 info: [0mPOST /api/v1/event/deleteevent [31m500[0m 112.653 ms - 200[0m
2025-05-24 15:38:29 info: [0mPOST /api/v1/event/deleteevent [0m-[0m - ms - -[0m
2025-05-24 15:38:29 error: StatusCode : 500, Message : update "event" set "is_deleted" = $1, "status" = $2, "deleted_by" = $3, "deleted_at" = $4 where "event_id" = $5 returning * - invalid input syntax for type integer: "admin"
2025-05-24 15:38:29 error: StatusCode : 500, Message : update "event" set "is_deleted" = $1, "status" = $2, "deleted_by" = $3, "deleted_at" = $4 where "event_id" = $5 returning * - invalid input syntax for type integer: "admin"
2025-05-24 15:38:29 info: [0mPOST /api/v1/event/deleteevent [31m500[0m 12.728 ms - 200[0m
2025-05-24 15:38:30 info: 🚀 App listening on the port 8000. Current Env development.
2025-05-24 15:38:34 info: [0mPOST /api/v1/event/deleteevent [32m200[0m 184.664 ms - -[0m
2025-05-24 16:08:13 info: [0mOPTIONS /api/v1/employee/login [32m204[0m 0.320 ms - 0[0m
2025-05-24 16:08:13 info: [0mOPTIONS /api/v1/employee/login [32m204[0m 0.167 ms - 0[0m
2025-05-24 16:08:13 info: [0mOPTIONS /api/v1/employee/login [32m204[0m 0.123 ms - 0[0m
2025-05-24 16:08:13 info: [0mOPTIONS /api/v1/employee/login [32m204[0m 0.105 ms - 0[0m
2025-05-24 16:08:13 error: StatusCode : 401, Message : Incorrect password
2025-05-24 16:08:13 info: [0mPOST /api/v1//employee/login [33m401[0m 69.879 ms - 32[0m
2025-05-24 16:08:13 info: [0mPOST /api/v1/employee/login [32m200[0m 70.007 ms - 852[0m
2025-05-24 16:08:30 info: 🚀 App listening on the port 8000. Current Env development.
2025-05-24 16:09:03 info: [0mOPTIONS /api/v1/employee/login [32m204[0m 1.494 ms - 0[0m
2025-05-24 16:09:03 error: StatusCode : 401, Message : Incorrect password
2025-05-24 16:09:03 info: [0mPOST /api/v1/employee/login [33m401[0m 154.321 ms - 32[0m
2025-05-24 16:09:46 error: StatusCode : 401, Message : Incorrect password
2025-05-24 16:09:46 info: [0mPOST /api/v1//employee/login [33m401[0m 63.117 ms - 32[0m
2025-05-24 16:10:46 info: [0mOPTIONS /api/v1/employee/login [32m204[0m 0.163 ms - 0[0m
2025-05-24 16:10:46 info: [0mPOST /api/v1/employee/login [32m200[0m 68.108 ms - 852[0m
2025-05-24 16:14:32 info: [0mGET /api/v1/event/activeevents [32m200[0m 4.376 ms - 45[0m
2025-05-24 16:14:32 info: [0mGET /api/v1/event/activeevents [36m304[0m 3.531 ms - -[0m
2025-05-24 16:14:40 info: [0mGET /api/v1/event/activeevents [36m304[0m 2.981 ms - -[0m
2025-05-24 16:14:40 info: [0mGET /api/v1/event/activeevents [36m304[0m 3.400 ms - -[0m
2025-05-24 16:29:17 info: [0mOPTIONS /api/v1/event/activeevents [32m204[0m 0.275 ms - 0[0m
2025-05-24 16:29:17 info: [0mOPTIONS /api/v1/event/activeevents [32m204[0m 0.220 ms - 0[0m
2025-05-24 16:29:17 info: [0mGET /api/v1/event/activeevents [36m304[0m 3.564 ms - -[0m
2025-05-24 16:29:17 info: [0mGET /api/v1/event/activeevents [36m304[0m 5.854 ms - -[0m
2025-05-24 16:30:01 info: [0mGET /api/v1/event/activeevents [32m200[0m 2.374 ms - 45[0m
2025-05-24 16:30:55 info: [0mOPTIONS /api/v1/event/activeevents [32m204[0m 0.280 ms - 0[0m
2025-05-24 16:30:55 info: [0mGET /api/v1/event/activeevents [36m304[0m 1.890 ms - -[0m
2025-05-24 16:30:55 info: [0mGET /api/v1/event/activeevents [36m304[0m 3.910 ms - -[0m
2025-05-24 16:31:08 info: [0mGET /api/v1/event/activeevents [32m200[0m 1.887 ms - 45[0m
2025-05-24 16:33:06 info: 🚀 App listening on the port 8000. Current Env development.
2025-05-24 16:33:10 info: [0mGET /api/v1/event/activeevents [32m200[0m 54.831 ms - 45[0m
2025-05-24 16:46:57 info: [0mGET /api/v1/event/activeevents [32m200[0m 3.222 ms - 45[0m
2025-05-24 16:50:53 info: [0mGET /api/v1/event/activeevents [32m200[0m 3.511 ms - -[0m
2025-05-24 16:50:59 info: [0mOPTIONS /api/v1/event/activeevents [32m204[0m 0.349 ms - 0[0m
2025-05-24 16:50:59 info: [0mGET /api/v1/event/activeevents [32m200[0m 5.585 ms - -[0m
2025-05-24 16:50:59 info: [0mGET /api/v1/event/activeevents [36m304[0m 2.913 ms - -[0m
2025-05-24 17:06:28 info: [0mOPTIONS /api/v1/event/activeevents [32m204[0m 0.284 ms - 0[0m
2025-05-24 17:06:28 info: [0mGET /api/v1/event/activeevents [36m304[0m 5.548 ms - -[0m
2025-05-24 17:06:28 info: [0mGET /api/v1/event/activeevents [36m304[0m 2.969 ms - -[0m
2025-05-24 17:08:26 info: [0mOPTIONS /api/v1/event/activeevents [32m204[0m 0.121 ms - 0[0m
2025-05-24 17:08:26 info: [0mGET /api/v1/event/activeevents [36m304[0m 3.969 ms - -[0m
2025-05-24 17:08:26 info: [0mGET /api/v1/event/activeevents [36m304[0m 3.277 ms - -[0m
2025-05-24 17:08:32 info: [0mOPTIONS /api/v1/event/activeevents [32m204[0m 0.393 ms - 0[0m
2025-05-24 17:08:32 info: [0mGET /api/v1/event/activeevents [36m304[0m 6.443 ms - -[0m
2025-05-24 17:08:32 info: [0mGET /api/v1/event/activeevents [36m304[0m 6.051 ms - -[0m
2025-05-24 17:15:27 info: [0mOPTIONS /api/v1/event/activeevents [32m204[0m 0.148 ms - 0[0m
2025-05-24 17:15:27 info: [0mGET /api/v1/event/activeevents [36m304[0m 2.167 ms - -[0m
2025-05-24 17:15:27 info: [0mGET /api/v1/event/activeevents [36m304[0m 2.277 ms - -[0m
2025-05-24 17:18:44 info: [0mOPTIONS /api/v1/event/activeevents [32m204[0m 0.857 ms - 0[0m
2025-05-24 17:18:44 info: [0mOPTIONS /api/v1/event/activeevents [32m204[0m 0.263 ms - 0[0m
2025-05-24 17:18:44 info: [0mGET /api/v1/event/activeevents [32m200[0m 5.145 ms - -[0m
2025-05-24 17:18:44 info: [0mGET /api/v1/event/activeevents [32m200[0m 3.466 ms - -[0m
2025-05-24 17:19:45 info: [0mOPTIONS /api/v1/event/activeevents [32m204[0m 0.204 ms - 0[0m
2025-05-24 17:19:45 info: [0mOPTIONS /api/v1/event/activeevents [32m204[0m 5.285 ms - 0[0m
2025-05-24 17:19:45 info: [0mGET /api/v1/event/activeevents [36m304[0m 31.748 ms - -[0m
2025-05-24 17:19:45 info: [0mGET /api/v1/event/activeevents [36m304[0m 1.736 ms - -[0m
2025-05-24 17:24:35 info: [0mOPTIONS /api/v1/event/activeevents [32m204[0m 0.273 ms - 0[0m
2025-05-24 17:24:35 info: [0mGET /api/v1/event/activeevents [36m304[0m 2.834 ms - -[0m
2025-05-24 17:24:35 info: [0mGET /api/v1/event/activeevents [36m304[0m 2.152 ms - -[0m
2025-05-24 17:27:31 info: [0mOPTIONS /api/v1/event/activeevents [32m204[0m 0.450 ms - 0[0m
2025-05-24 17:27:31 info: [0mOPTIONS /api/v1/event/activeevents [32m204[0m 0.335 ms - 0[0m
2025-05-24 17:27:31 info: [0mGET /api/v1/event/activeevents [36m304[0m 3.947 ms - -[0m
2025-05-24 17:27:31 info: [0mGET /api/v1/event/activeevents [36m304[0m 2.559 ms - -[0m
2025-05-24 17:44:22 info: [0mOPTIONS /api/v1/event/activeevents [32m204[0m 0.177 ms - 0[0m
2025-05-24 17:44:22 info: [0mGET /api/v1/event/activeevents [36m304[0m 4.345 ms - -[0m
2025-05-24 17:44:22 info: [0mGET /api/v1/event/activeevents [36m304[0m 3.398 ms - -[0m
2025-05-24 17:44:25 info: [0mGET /api/v1/event/activeevents [36m304[0m 3.512 ms - -[0m
2025-05-24 17:44:25 info: [0mGET /api/v1/event/activeevents [36m304[0m 5.579 ms - -[0m
2025-05-24 19:28:42 info: [0mOPTIONS /api/v1/event/activeevents [32m204[0m 0.726 ms - 0[0m
2025-05-24 19:28:42 info: [0mOPTIONS /api/v1/event/activeevents [32m204[0m 0.328 ms - 0[0m
2025-05-24 19:28:42 info: [0mGET /api/v1/event/activeevents [36m304[0m 24.146 ms - -[0m
2025-05-24 19:28:42 info: [0mGET /api/v1/event/activeevents [36m304[0m 4.596 ms - -[0m
2025-05-24 20:26:58 info: 🚀 App listening on the port 8000. Current Env development.
