2025-05-30 09:16:31 info: 🚀 App listening on the port 8000. Current Env development.
2025-05-30 10:21:42 info: [0mPOST /api/v1/employee/login [32m200[0m 420.705 ms - -[0m
2025-05-30 10:21:51 error: StatusCode : 401, Message : Wrong authentication token
2025-05-30 10:21:51 info: [0mGET /api/v1/event/activeevents [33m401[0m 6.588 ms - 40[0m
2025-05-30 10:21:56 info: [0mGET /api/v1/event/activeevents [32m200[0m 21.320 ms - -[0m
2025-05-30 10:39:25 info: [0mOPTIONS /api/v1/event/activeevents [32m204[0m 0.853 ms - 0[0m
2025-05-30 10:39:25 info: [0mOPTIONS /api/v1/event/activeevents [32m204[0m 0.593 ms - 0[0m
2025-05-30 10:39:25 info: [0mGET /api/v1/event/activeevents [32m200[0m 13.128 ms - -[0m
2025-05-30 10:39:25 info: [0mGET /api/v1/event/activeevents [36m304[0m 13.083 ms - -[0m
2025-05-30 10:40:56 info: [0mOPTIONS /api/v1/event/activeevents [32m204[0m 0.686 ms - 0[0m
2025-05-30 10:40:56 info: [0mOPTIONS /api/v1/event/activeevents [32m204[0m 0.359 ms - 0[0m
2025-05-30 10:40:56 info: [0mGET /api/v1/event/activeevents [32m200[0m 10.598 ms - -[0m
2025-05-30 10:40:56 info: [0mGET /api/v1/event/activeevents [36m304[0m 10.804 ms - -[0m
2025-05-30 10:59:52 info: [0mGET /api/v1/event/activeevents [32m200[0m 10.102 ms - -[0m
2025-05-30 11:07:43 info: [0mGET /api/v1/event/activeevents [32m200[0m 7.744 ms - -[0m
2025-05-30 11:37:09 info: [0mOPTIONS /api/v1/event/activeevents [32m204[0m 1.649 ms - 0[0m
2025-05-30 11:37:09 info: [0mOPTIONS /api/v1/event/activeevents [32m204[0m 1.321 ms - 0[0m
2025-05-30 11:37:09 info: [0mGET /api/v1/event/activeevents [32m200[0m 79.238 ms - -[0m
2025-05-30 11:37:10 info: [0mGET /api/v1/event/activeevents [32m200[0m 65.250 ms - -[0m
2025-05-30 11:39:12 info: [0mOPTIONS /api/v1/event/activeevents [32m204[0m 0.334 ms - 0[0m
2025-05-30 11:39:12 info: [0mOPTIONS /api/v1/event/activeevents [32m204[0m 0.232 ms - 0[0m
2025-05-30 11:39:12 info: [0mGET /api/v1/event/activeevents [32m200[0m 9.773 ms - -[0m
2025-05-30 11:39:12 info: [0mGET /api/v1/event/activeevents [32m200[0m 26.910 ms - -[0m
2025-05-30 11:42:01 info: [0mOPTIONS /api/v1/event/activeevents [32m204[0m 0.257 ms - 0[0m
2025-05-30 11:42:01 info: [0mOPTIONS /api/v1/event/activeevents [32m204[0m 0.233 ms - 0[0m
2025-05-30 11:42:01 info: [0mGET /api/v1/event/activeevents [32m200[0m 30.165 ms - -[0m
2025-05-30 11:42:01 info: [0mGET /api/v1/event/activeevents [32m200[0m 9.848 ms - -[0m
2025-05-30 11:50:02 info: [0mOPTIONS /api/v1/event/activeevents [32m204[0m 0.248 ms - 0[0m
2025-05-30 11:50:02 info: [0mOPTIONS /api/v1/event/activeevents [32m204[0m 0.240 ms - 0[0m
2025-05-30 11:50:02 info: [0mGET /api/v1/event/activeevents [32m200[0m 10.576 ms - -[0m
2025-05-30 11:50:02 info: [0mGET /api/v1/event/activeevents [32m200[0m 12.884 ms - -[0m
2025-05-30 11:50:32 info: [0mOPTIONS /api/v1/event/activeevents [32m204[0m 0.242 ms - 0[0m
2025-05-30 11:50:32 info: [0mOPTIONS /api/v1/event/activeevents [32m204[0m 0.201 ms - 0[0m
2025-05-30 11:50:32 info: [0mGET /api/v1/event/activeevents [36m304[0m 7.937 ms - -[0m
2025-05-30 11:50:32 info: [0mGET /api/v1/event/activeevents [36m304[0m 5.353 ms - -[0m
2025-05-30 11:51:06 info: [0mOPTIONS /api/v1/event/activeevents [32m204[0m 0.134 ms - 0[0m
2025-05-30 11:51:06 info: [0mOPTIONS /api/v1/event/activeevents [32m204[0m 0.588 ms - 0[0m
2025-05-30 11:51:06 info: [0mGET /api/v1/event/activeevents [36m304[0m 5.478 ms - -[0m
2025-05-30 11:51:06 info: [0mGET /api/v1/event/activeevents [36m304[0m 6.219 ms - -[0m
2025-05-30 12:01:18 info: [0mOPTIONS /api/v1/event/activeevents [32m204[0m 0.250 ms - 0[0m
2025-05-30 12:01:18 info: [0mOPTIONS /api/v1/event/activeevents [32m204[0m 0.140 ms - 0[0m
2025-05-30 12:01:18 info: [0mGET /api/v1/event/activeevents [32m200[0m 10.877 ms - -[0m
2025-05-30 12:01:18 info: [0mGET /api/v1/event/activeevents [32m200[0m 8.021 ms - -[0m
2025-05-30 12:02:04 info: [0mOPTIONS /api/v1/event/activeevents [32m204[0m 0.132 ms - 0[0m
2025-05-30 12:02:04 info: [0mOPTIONS /api/v1/event/activeevents [32m204[0m 0.133 ms - 0[0m
2025-05-30 12:02:04 info: [0mGET /api/v1/event/activeevents [36m304[0m 4.460 ms - -[0m
2025-05-30 12:02:04 info: [0mGET /api/v1/event/activeevents [36m304[0m 10.704 ms - -[0m
2025-05-30 12:04:29 info: [0mOPTIONS /api/v1/event/activeevents [32m204[0m 0.291 ms - 0[0m
2025-05-30 12:04:29 info: [0mOPTIONS /api/v1/event/activeevents [32m204[0m 0.682 ms - 0[0m
2025-05-30 12:04:29 info: [0mGET /api/v1/event/activeevents [32m200[0m 11.269 ms - -[0m
2025-05-30 12:04:29 info: [0mGET /api/v1/event/activeevents [32m200[0m 9.307 ms - -[0m
2025-05-30 12:09:29 info: [0mOPTIONS /api/v1/event/activeevents [32m204[0m 0.187 ms - 0[0m
2025-05-30 12:09:29 info: [0mOPTIONS /api/v1/event/activeevents [32m204[0m 0.160 ms - 0[0m
2025-05-30 12:09:29 info: [0mGET /api/v1/event/activeevents [36m304[0m 6.241 ms - -[0m
2025-05-30 12:09:29 info: [0mGET /api/v1/event/activeevents [36m304[0m 6.754 ms - -[0m
2025-05-30 12:10:19 info: [0mOPTIONS /api/v1/event/activeevents [32m204[0m 0.558 ms - 0[0m
2025-05-30 12:10:19 info: [0mOPTIONS /api/v1/event/activeevents [32m204[0m 0.212 ms - 0[0m
2025-05-30 12:10:19 info: [0mGET /api/v1/event/activeevents [36m304[0m 5.563 ms - -[0m
2025-05-30 12:10:19 info: [0mGET /api/v1/event/activeevents [36m304[0m 8.140 ms - -[0m
2025-05-30 12:13:41 info: [0mOPTIONS /api/v1/event/activeevents [32m204[0m 0.249 ms - 0[0m
2025-05-30 12:13:41 info: [0mOPTIONS /api/v1/event/activeevents [32m204[0m 0.117 ms - 0[0m
2025-05-30 12:13:41 info: [0mGET /api/v1/event/activeevents [32m200[0m 13.346 ms - -[0m
2025-05-30 12:13:41 info: [0mGET /api/v1/event/activeevents [32m200[0m 11.350 ms - -[0m
2025-05-30 12:15:18 info: [0mOPTIONS /api/v1/event/activeevents [32m204[0m 0.275 ms - 0[0m
2025-05-30 12:15:18 info: [0mOPTIONS /api/v1/event/activeevents [32m204[0m 0.280 ms - 0[0m
2025-05-30 12:15:18 info: [0mGET /api/v1/event/activeevents [32m200[0m 29.448 ms - -[0m
2025-05-30 12:15:18 info: [0mGET /api/v1/event/activeevents [32m200[0m 14.957 ms - -[0m
2025-05-30 12:16:36 info: [0mOPTIONS /api/v1/event/activeevents [32m204[0m 0.380 ms - 0[0m
2025-05-30 12:16:36 info: [0mOPTIONS /api/v1/event/activeevents [32m204[0m 0.119 ms - 0[0m
2025-05-30 12:16:36 info: [0mGET /api/v1/event/activeevents [36m304[0m 7.418 ms - -[0m
2025-05-30 12:16:36 info: [0mGET /api/v1/event/activeevents [36m304[0m 7.238 ms - -[0m
2025-05-30 12:23:43 info: [0mOPTIONS /api/v1/event/activeevents [32m204[0m 0.306 ms - 0[0m
2025-05-30 12:23:43 info: [0mOPTIONS /api/v1/event/activeevents [32m204[0m 1.179 ms - 0[0m
2025-05-30 12:23:43 info: [0mGET /api/v1/event/activeevents [32m200[0m 11.297 ms - -[0m
2025-05-30 12:23:43 info: [0mGET /api/v1/event/activeevents [32m200[0m 17.232 ms - -[0m
2025-05-30 12:50:56 info: [0mOPTIONS /api/v1/event/activeevents [32m204[0m 0.237 ms - 0[0m
2025-05-30 12:50:56 info: [0mOPTIONS /api/v1/event/activeevents [32m204[0m 0.132 ms - 0[0m
2025-05-30 12:50:56 info: [0mGET /api/v1/event/activeevents [32m200[0m 14.885 ms - -[0m
2025-05-30 12:50:56 info: [0mGET /api/v1/event/activeevents [32m200[0m 10.943 ms - -[0m
2025-05-30 12:52:16 info: [0mOPTIONS /api/v1/event/activeevents [32m204[0m 0.433 ms - 0[0m
2025-05-30 12:52:16 info: [0mOPTIONS /api/v1/event/activeevents [32m204[0m 0.299 ms - 0[0m
2025-05-30 12:52:16 info: [0mGET /api/v1/event/activeevents [32m200[0m 30.292 ms - -[0m
2025-05-30 12:52:16 info: [0mGET /api/v1/event/activeevents [32m200[0m 23.921 ms - -[0m
2025-05-30 12:55:05 info: [0mOPTIONS /api/v1/event/activeevents [32m204[0m 0.514 ms - 0[0m
2025-05-30 12:55:05 info: [0mOPTIONS /api/v1/event/activeevents [32m204[0m 0.202 ms - 0[0m
2025-05-30 12:55:05 info: [0mGET /api/v1/event/activeevents [32m200[0m 17.683 ms - -[0m
2025-05-30 12:55:05 info: [0mGET /api/v1/event/activeevents [32m200[0m 22.832 ms - -[0m
2025-05-30 12:55:24 info: [0mOPTIONS /api/v1/event/activeevents [32m204[0m 0.199 ms - 0[0m
2025-05-30 12:55:24 info: [0mOPTIONS /api/v1/event/activeevents [32m204[0m 0.199 ms - 0[0m
2025-05-30 12:55:24 info: [0mGET /api/v1/event/activeevents [32m200[0m 19.329 ms - -[0m
2025-05-30 12:55:24 info: [0mGET /api/v1/event/activeevents [36m304[0m 49.448 ms - -[0m
2025-05-30 12:56:09 info: 🚀 App listening on the port 8000. Current Env development.
2025-05-30 12:56:09 info: [0mOPTIONS /api/v1/event/activeevents [32m204[0m 1.084 ms - 0[0m
2025-05-30 12:56:09 info: [0mOPTIONS /api/v1/event/activeevents [32m204[0m 0.196 ms - 0[0m
2025-05-30 12:56:09 info: [0mGET /api/v1/event/activeevents [32m200[0m 289.041 ms - -[0m
2025-05-30 12:56:09 info: [0mGET /api/v1/event/activeevents [36m304[0m 5.900 ms - -[0m
2025-05-30 12:56:19 info: 🚀 App listening on the port 8000. Current Env development.
2025-05-30 12:57:19 info: [0mOPTIONS /api/v1/event/activeevents [32m204[0m 25.990 ms - 0[0m
2025-05-30 12:57:19 info: [0mOPTIONS /api/v1/event/activeevents [32m204[0m 0.468 ms - 0[0m
2025-05-30 12:57:19 info: [0mGET /api/v1/event/activeevents [36m304[0m 196.661 ms - -[0m
2025-05-30 12:57:19 info: [0mGET /api/v1/event/activeevents [36m304[0m 8.237 ms - -[0m
2025-05-30 13:15:06 info: [0mPOST /api/v1/employee/login [32m200[0m 96.733 ms - -[0m
2025-05-30 13:17:17 info: [0mOPTIONS /api/v1/employee/login [32m204[0m 0.166 ms - 0[0m
2025-05-30 13:17:17 info: [0mPOST /api/v1/employee/login [32m200[0m 86.074 ms - -[0m
2025-05-30 13:17:37 info: [0mOPTIONS /api/v1/event/activeevents [32m204[0m 0.230 ms - 0[0m
2025-05-30 13:17:37 info: [0mOPTIONS /api/v1/event/activeevents [32m204[0m 0.139 ms - 0[0m
2025-05-30 13:17:37 info: [0mGET /api/v1/event/activeevents [36m304[0m 8.773 ms - -[0m
2025-05-30 13:17:37 info: [0mGET /api/v1/event/activeevents [36m304[0m 12.016 ms - -[0m
2025-05-30 13:18:13 info: [0mOPTIONS /api/v1/event/activeevents [32m204[0m 0.504 ms - 0[0m
2025-05-30 13:18:13 info: [0mOPTIONS /api/v1/event/activeevents [32m204[0m 0.279 ms - 0[0m
2025-05-30 13:18:13 info: [0mGET /api/v1/event/activeevents [36m304[0m 9.411 ms - -[0m
2025-05-30 13:18:13 info: [0mGET /api/v1/event/activeevents [36m304[0m 4.735 ms - -[0m
2025-05-30 13:18:34 info: [0mOPTIONS /api/v1/event/activeevents [32m204[0m 1.328 ms - 0[0m
2025-05-30 13:18:34 info: [0mOPTIONS /api/v1/event/activeevents [32m204[0m 0.236 ms - 0[0m
2025-05-30 13:18:34 info: [0mGET /api/v1/event/activeevents [36m304[0m 12.033 ms - -[0m
2025-05-30 13:18:34 info: [0mGET /api/v1/event/activeevents [36m304[0m 11.700 ms - -[0m
2025-05-30 13:54:52 info: [0mOPTIONS /api/v1/event/activeevents [32m204[0m 0.258 ms - 0[0m
2025-05-30 13:54:52 info: [0mOPTIONS /api/v1/event/activeevents [32m204[0m 0.168 ms - 0[0m
2025-05-30 13:54:52 info: [0mGET /api/v1/event/activeevents [36m304[0m 8.717 ms - -[0m
2025-05-30 13:54:52 info: [0mGET /api/v1/event/activeevents [36m304[0m 11.252 ms - -[0m
2025-05-30 13:55:40 info: [0mOPTIONS /api/v1/event/activeevents [32m204[0m 0.161 ms - 0[0m
2025-05-30 13:55:40 info: [0mOPTIONS /api/v1/event/activeevents [32m204[0m 0.230 ms - 0[0m
2025-05-30 13:55:40 info: [0mGET /api/v1/event/activeevents [36m304[0m 6.488 ms - -[0m
2025-05-30 13:55:40 info: [0mGET /api/v1/event/activeevents [36m304[0m 4.876 ms - -[0m
2025-05-30 13:55:44 info: [0mGET /api/v1/event/activeevents [36m304[0m 7.641 ms - -[0m
2025-05-30 13:55:44 info: [0mGET /api/v1/event/activeevents [36m304[0m 6.805 ms - -[0m
2025-05-30 15:20:47 info: 🚀 App listening on the port 8000. Current Env development.
2025-05-30 15:21:31 info: 🚀 App listening on the port 8000. Current Env development.
2025-05-30 15:21:58 info: 🚀 App listening on the port 8000. Current Env development.
2025-05-30 15:22:08 info: 🚀 App listening on the port 8000. Current Env development.
2025-05-30 15:22:16 info: 🚀 App listening on the port 8000. Current Env development.
2025-05-30 15:22:37 info: 🚀 App listening on the port 8000. Current Env development.
2025-05-30 15:23:19 info: 🚀 App listening on the port 8000. Current Env development.
2025-05-30 15:23:35 info: 🚀 App listening on the port 8000. Current Env development.
2025-05-30 15:24:14 info: 🚀 App listening on the port 8000. Current Env development.
2025-05-30 15:24:31 info: 🚀 App listening on the port 8000. Current Env development.
2025-05-30 15:24:46 info: 🚀 App listening on the port 8000. Current Env development.
2025-05-30 15:25:13 info: 🚀 App listening on the port 8000. Current Env development.
2025-05-30 15:25:41 info: 🚀 App listening on the port 8000. Current Env development.
2025-05-30 15:26:12 info: 🚀 App listening on the port 8000. Current Env development.
2025-05-30 15:26:31 info: 🚀 App listening on the port 8000. Current Env development.
2025-05-30 15:26:43 info: 🚀 App listening on the port 8000. Current Env development.
2025-05-30 15:26:52 info: 🚀 App listening on the port 8000. Current Env development.
2025-05-30 15:27:08 info: 🚀 App listening on the port 8000. Current Env development.
2025-05-30 15:27:11 info: 🚀 App listening on the port 8000. Current Env development.
2025-05-30 15:27:26 info: 🚀 App listening on the port 8000. Current Env development.
2025-05-30 15:27:31 info: 🚀 App listening on the port 8000. Current Env development.
2025-05-30 15:28:34 info: 🚀 App listening on the port 8000. Current Env development.
2025-05-30 15:28:41 info: 🚀 App listening on the port 8000. Current Env development.
2025-05-30 15:29:16 info: 🚀 App listening on the port 8000. Current Env development.
2025-05-30 15:29:36 info: 🚀 App listening on the port 8000. Current Env development.
2025-05-30 15:29:39 info: 🚀 App listening on the port 8000. Current Env development.
2025-05-30 15:30:00 info: 🚀 App listening on the port 8000. Current Env development.
2025-05-30 15:30:16 info: 🚀 App listening on the port 8000. Current Env development.
2025-05-30 15:31:44 info: 🚀 App listening on the port 8000. Current Env development.
2025-05-30 15:31:49 info: 🚀 App listening on the port 8000. Current Env development.
2025-05-30 15:32:23 info: 🚀 App listening on the port 8000. Current Env development.
2025-05-30 15:32:26 info: 🚀 App listening on the port 8000. Current Env development.
2025-05-30 15:33:16 info: 🚀 App listening on the port 8000. Current Env development.
2025-05-30 15:33:21 info: 🚀 App listening on the port 8000. Current Env development.
2025-05-30 15:33:26 info: 🚀 App listening on the port 8000. Current Env development.
2025-05-30 15:36:09 info: 🚀 App listening on the port 8000. Current Env development.
2025-05-30 15:36:18 info: 🚀 App listening on the port 8000. Current Env development.
2025-05-30 15:37:00 info: 🚀 App listening on the port 8000. Current Env development.
2025-05-30 15:37:24 info: 🚀 App listening on the port 8000. Current Env development.
2025-05-30 15:37:35 info: 🚀 App listening on the port 8000. Current Env development.
2025-05-30 15:37:41 info: 🚀 App listening on the port 8000. Current Env development.
2025-05-30 15:38:03 info: 🚀 App listening on the port 8000. Current Env development.
2025-05-30 15:38:28 info: 🚀 App listening on the port 8000. Current Env development.
2025-05-30 15:45:40 info: 🚀 App listening on the port 8000. Current Env development.
2025-05-30 15:45:46 info: 🚀 App listening on the port 8000. Current Env development.
2025-05-30 15:45:54 info: [0mOPTIONS /api/v1/event/activeevents [32m204[0m 1.838 ms - 0[0m
2025-05-30 15:45:54 info: [0mOPTIONS /api/v1/event/activeevents [32m204[0m 0.205 ms - 0[0m
2025-05-30 15:45:54 info: [0mGET /api/v1/event/activeevents [36m304[0m 26.802 ms - -[0m
2025-05-30 15:45:54 info: [0mGET /api/v1/event/activeevents [36m304[0m 7.766 ms - -[0m
2025-05-30 15:46:15 info: 🚀 App listening on the port 8000. Current Env development.
2025-05-30 15:46:21 info: 🚀 App listening on the port 8000. Current Env development.
2025-05-30 15:46:37 info: [0mGET /api/v1/event/activeevents [32m200[0m 31.609 ms - -[0m
2025-05-30 15:48:49 info: [0mGET /api/v1/tags/insertetag [33m404[0m 5.395 ms - 161[0m
2025-05-30 15:48:54 info: [0mPOST /api/v1/tags/insertetag [33m404[0m 3.664 ms - 162[0m
2025-05-30 15:49:06 info: 🚀 App listening on the port 8000. Current Env development.
2025-05-30 15:49:59 info: 🚀 App listening on the port 8000. Current Env development.
2025-05-30 15:50:01 error: StatusCode : 400, Message : created_at must be a Date instance, updated_at must be a Date instance
2025-05-30 15:50:01 info: [0mPOST /api/v1/tags/insertetag [33m400[0m 21.613 ms - 84[0m
2025-05-30 15:50:17 info: [0mPOST /api/v1/tags/insertetag [32m201[0m 16.871 ms - 274[0m
2025-05-30 15:52:05 error: StatusCode : 400, Message : an unknown value was passed to the validate function
2025-05-30 15:52:05 info: [0mPOST /api/v1/tags/insertetag [33m400[0m 5.542 ms - 66[0m
2025-05-30 15:53:19 info: 🚀 App listening on the port 8000. Current Env development.
2025-05-30 15:54:29 error: StatusCode : 400, Message : an unknown value was passed to the validate function
2025-05-30 15:54:29 info: [0mPOST /api/v1/tags/insertetag [33m400[0m 72.933 ms - 66[0m
2025-05-30 16:01:25 info: [0mPOST /api/v1/tags/insertetag [32m201[0m 17.542 ms - 274[0m
2025-05-30 16:38:49 info: [0mOPTIONS /api/v1/event/activeevents [32m204[0m 1.101 ms - 0[0m
2025-05-30 16:38:49 info: [0mOPTIONS /api/v1/event/activeevents [32m204[0m 0.207 ms - 0[0m
2025-05-30 16:38:49 info: [0mGET /api/v1/event/activeevents [36m304[0m 32.566 ms - -[0m
2025-05-30 16:38:49 info: [0mGET /api/v1/event/activeevents [36m304[0m 15.499 ms - -[0m
2025-05-30 16:53:16 info: [0mOPTIONS /api/v1/event/activeevents [32m204[0m 0.228 ms - 0[0m
2025-05-30 16:53:16 info: [0mOPTIONS /api/v1/event/activeevents [32m204[0m 0.178 ms - 0[0m
2025-05-30 16:53:16 info: [0mGET /api/v1/event/activeevents [36m304[0m 12.671 ms - -[0m
2025-05-30 16:53:17 info: [0mGET /api/v1/event/activeevents [36m304[0m 7.558 ms - -[0m
2025-05-30 16:57:29 info: [0mOPTIONS /api/v1/event/activeevents [32m204[0m 0.222 ms - 0[0m
2025-05-30 16:57:29 info: [0mOPTIONS /api/v1/event/activeevents [32m204[0m 0.128 ms - 0[0m
2025-05-30 16:57:29 info: [0mGET /api/v1/event/activeevents [36m304[0m 9.409 ms - -[0m
2025-05-30 16:57:29 info: [0mGET /api/v1/event/activeevents [36m304[0m 9.672 ms - -[0m
2025-05-30 17:42:51 info: [0mOPTIONS /api/v1/event/activeevents [32m204[0m 1.311 ms - 0[0m
2025-05-30 17:42:51 info: [0mOPTIONS /api/v1/event/activeevents [32m204[0m 0.173 ms - 0[0m
2025-05-30 17:42:51 info: [0mGET /api/v1/event/activeevents [32m200[0m 194.618 ms - -[0m
2025-05-30 17:42:51 info: [0mGET /api/v1/event/activeevents [32m200[0m 73.618 ms - -[0m
2025-05-30 17:43:42 info: [0mOPTIONS /api/v1/event/activeevents [32m204[0m 0.390 ms - 0[0m
2025-05-30 17:43:42 info: [0mOPTIONS /api/v1/event/activeevents [32m204[0m 0.308 ms - 0[0m
2025-05-30 17:43:42 info: [0mGET /api/v1/event/activeevents [32m200[0m 19.026 ms - -[0m
2025-05-30 17:43:42 info: [0mGET /api/v1/event/activeevents [32m200[0m 9.628 ms - -[0m
2025-05-30 17:44:16 info: [0mOPTIONS /api/v1/event/activeevents [32m204[0m 0.576 ms - 0[0m
2025-05-30 17:44:16 info: [0mOPTIONS /api/v1/event/activeevents [32m204[0m 0.352 ms - 0[0m
2025-05-30 17:44:16 info: [0mGET /api/v1/event/activeevents [32m200[0m 12.270 ms - -[0m
2025-05-30 17:44:16 info: [0mGET /api/v1/event/activeevents [32m200[0m 19.654 ms - -[0m
2025-05-30 17:44:34 info: [0mOPTIONS /api/v1/event/activeevents [32m204[0m 0.233 ms - 0[0m
2025-05-30 17:44:34 info: [0mOPTIONS /api/v1/event/activeevents [32m204[0m 0.212 ms - 0[0m
2025-05-30 17:44:34 info: [0mGET /api/v1/event/activeevents [32m200[0m 20.068 ms - -[0m
2025-05-30 17:44:34 info: [0mGET /api/v1/event/activeevents [32m200[0m 93.710 ms - -[0m
2025-05-30 17:58:58 info: [0mOPTIONS /api/v1/event/activeevents [32m204[0m 0.389 ms - 0[0m
2025-05-30 17:58:58 info: [0mOPTIONS /api/v1/event/activeevents [32m204[0m 0.261 ms - 0[0m
2025-05-30 17:59:57 info: [0mOPTIONS /api/v1/event/activeevents [32m204[0m 0.194 ms - 0[0m
2025-05-30 17:59:57 info: [0mOPTIONS /api/v1/event/activeevents [32m204[0m 0.192 ms - 0[0m
2025-05-30 18:00:50 info: [0mOPTIONS /api/v1/event/activeevents [32m204[0m 0.141 ms - 0[0m
2025-05-30 18:00:50 info: [0mOPTIONS /api/v1/event/activeevents [32m204[0m 0.172 ms - 0[0m
2025-05-30 18:00:50 info: [0mGET /api/v1/event/activeevents [36m304[0m 6.816 ms - -[0m
2025-05-30 18:00:50 info: [0mGET /api/v1/event/activeevents [36m304[0m 5.491 ms - -[0m
2025-05-30 18:01:33 info: [0mOPTIONS /api/v1/event/activeevents [32m204[0m 0.344 ms - 0[0m
2025-05-30 18:01:33 info: [0mOPTIONS /api/v1/event/activeevents [32m204[0m 0.100 ms - 0[0m
2025-05-30 18:05:17 info: [0mOPTIONS /api/v1/event/activeevents [32m204[0m 0.187 ms - 0[0m
2025-05-30 18:05:17 info: [0mOPTIONS /api/v1/event/activeevents [32m204[0m 0.163 ms - 0[0m
2025-05-30 18:05:17 info: [0mGET /api/v1/event/activeevents [36m304[0m 4.995 ms - -[0m
2025-05-30 18:05:17 info: [0mGET /api/v1/event/activeevents [36m304[0m 8.025 ms - -[0m
2025-05-30 18:07:15 error: StatusCode : 400, Message : Unexpected end of JSON input
2025-05-30 18:07:15 info: [0mPOST /api/v1/event//editevent/2 [33m400[0m 32.654 ms - 42[0m
2025-05-30 18:07:24 error: StatusCode : 401, Message : Wrong authentication token
2025-05-30 18:07:24 info: [0mPOST /api/v1/event/editevent/2 [33m401[0m 6.469 ms - 40[0m
2025-05-30 18:07:27 error: StatusCode : 401, Message : Wrong authentication token
2025-05-30 18:07:27 info: [0mGET /api/v1/event/editevent/2 [33m401[0m 2.395 ms - 40[0m
2025-05-30 18:07:48 info: [0mGET /api/v1/event/editevent/2 [32m200[0m 11.580 ms - -[0m
2025-05-30 19:13:02 info: 🚀 App listening on the port 8000. Current Env development.
2025-05-30 19:18:28 info: [0mOPTIONS /api/v1/event/activeevents [32m204[0m 1.179 ms - 0[0m
2025-05-30 19:18:28 info: [0mOPTIONS /api/v1/event/activeevents [32m204[0m 0.382 ms - 0[0m
2025-05-30 19:18:28 info: [0mGET /api/v1/event/activeevents [36m304[0m 30.057 ms - -[0m
2025-05-30 19:18:28 info: [0mGET /api/v1/event/activeevents [36m304[0m 10.963 ms - -[0m
2025-05-30 19:19:15 info: [0mOPTIONS /api/v1/event/activeevents [32m204[0m 0.311 ms - 0[0m
2025-05-30 19:19:15 info: [0mOPTIONS /api/v1/event/activeevents [32m204[0m 0.686 ms - 0[0m
2025-05-30 19:19:15 info: [0mGET /api/v1/event/activeevents [36m304[0m 13.972 ms - -[0m
2025-05-30 19:19:15 info: [0mGET /api/v1/event/activeevents [36m304[0m 8.775 ms - -[0m
2025-05-30 19:23:56 info: [0mOPTIONS /api/v1/event/activeevents [32m204[0m 0.244 ms - 0[0m
2025-05-30 19:23:56 info: [0mOPTIONS /api/v1/event/activeevents [32m204[0m 0.203 ms - 0[0m
2025-05-30 19:23:56 info: [0mGET /api/v1/event/activeevents [36m304[0m 8.081 ms - -[0m
2025-05-30 19:23:56 info: [0mGET /api/v1/event/activeevents [36m304[0m 9.879 ms - -[0m
2025-05-30 19:26:10 info: 🚀 App listening on the port 8000. Current Env development.
