2025-06-13 09:31:52 info: 🚀 App listening on the port 8000. Current Env development.
2025-06-13 10:03:50 info: [0mOPTIONS /api/v1/users/login [32m204[0m 1.638 ms - 0[0m
2025-06-13 10:03:51 info: [0mPOST /api/v1/users/login [32m200[0m 263.348 ms - -[0m
2025-06-13 10:20:44 info: 🚀 App listening on the port 8000. Current Env development.
2025-06-13 10:21:06 error: StatusCode : 400, Message : form_title must be a string, form_title should not be empty, form_data should not be empty, created_by must be a number conforming to the specified constraints, created_by should not be empty
2025-06-13 10:21:06 info: [0mPOST /api/v1/dynamicforms/getformbyid [33m400[0m 75.691 ms - 205[0m
2025-06-13 10:50:41 info: 🚀 App listening on the port 8000. Current Env development.
2025-06-13 10:50:43 error: StatusCode : 400, Message : form_title must be a string, form_title should not be empty, form_data should not be empty, created_by must be a number conforming to the specified constraints, created_by should not be empty
2025-06-13 10:50:43 info: [0mPOST /api/v1/dynamicforms/getformbyid [33m400[0m 79.915 ms - 205[0m
2025-06-13 11:26:04 error: StatusCode : 400, Message : form_title must be a string, form_title should not be empty, form_data should not be empty, created_by must be a number conforming to the specified constraints, created_by should not be empty
2025-06-13 11:26:04 info: [0mPOST /api/v1/dynamicforms/getformbyid [33m400[0m 9.209 ms - 205[0m
2025-06-13 11:31:16 info: 🚀 App listening on the port 8000. Current Env development.
2025-06-13 11:31:21 info: 🚀 App listening on the port 8000. Current Env development.
2025-06-13 11:31:57 error: StatusCode : 400, Message : form_title must be a string, form_title should not be empty, form_data should not be empty, created_by must be a number conforming to the specified constraints, created_by should not be empty
2025-06-13 11:31:57 info: [0mPOST /api/v1/dynamicforms/getformbyid [33m400[0m 67.674 ms - 205[0m
2025-06-13 11:32:39 info: 🚀 App listening on the port 8000. Current Env development.
2025-06-13 11:32:43 error: StatusCode : 400, Message : id must be a string, form_title must be a string, form_title should not be empty, form_data should not be empty, created_by must be a number conforming to the specified constraints, created_by should not be empty
2025-06-13 11:32:43 info: [0mPOST /api/v1/dynamicforms/getformbyid [33m400[0m 68.498 ms - 226[0m
2025-06-13 11:32:56 info: 🚀 App listening on the port 8000. Current Env development.
2025-06-13 11:34:37 info: 🚀 App listening on the port 8000. Current Env development.
2025-06-13 11:34:59 info: 🚀 App listening on the port 8000. Current Env development.
2025-06-13 11:35:02 error: StatusCode : 400, Message : id must be a string, form_title must be a string, form_title should not be empty, form_data should not be empty, created_by must be a number conforming to the specified constraints, created_by should not be empty
2025-06-13 11:35:02 info: [0mPOST /api/v1/dynamicforms/getformbyid [33m400[0m 78.883 ms - 226[0m
2025-06-13 11:35:37 info: 🚀 App listening on the port 8000. Current Env development.
2025-06-13 11:37:16 info: 🚀 App listening on the port 8000. Current Env development.
2025-06-13 11:37:45 info: 🚀 App listening on the port 8000. Current Env development.
2025-06-13 11:37:46 error: StatusCode : 400, Message : form_title must be a string, form_title should not be empty, form_data should not be empty, created_by must be a number conforming to the specified constraints, created_by should not be empty
2025-06-13 11:37:46 info: [0mPOST /api/v1/dynamicforms/getformbyid [33m400[0m 86.135 ms - 205[0m
2025-06-13 11:43:50 info: 🚀 App listening on the port 8000. Current Env development.
2025-06-13 13:49:46 info: 🚀 App listening on the port 8000. Current Env development.
2025-06-13 13:50:56 info: 🚀 App listening on the port 8000. Current Env development.
2025-06-13 13:51:02 info: 🚀 App listening on the port 8000. Current Env development.
2025-06-13 13:51:38 info: 🚀 App listening on the port 8000. Current Env development.
2025-06-13 13:51:46 info: 🚀 App listening on the port 8000. Current Env development.
2025-06-13 13:52:21 info: [0mPOST /api/v1/dynamicforms/getformbyid [32m200[0m 110.641 ms - -[0m
2025-06-13 14:22:31 info: [0mOPTIONS /api/v1/event/activeevents [32m204[0m 0.347 ms - 0[0m
2025-06-13 14:22:31 info: [0mOPTIONS /api/v1/event/activeevents [32m204[0m 0.135 ms - 0[0m
2025-06-13 14:22:31 info: [0mGET /api/v1/event/activeevents [36m304[0m 14.863 ms - -[0m
2025-06-13 14:22:31 info: [0mGET /api/v1/event/activeevents [36m304[0m 6.903 ms - -[0m
2025-06-13 17:01:40 info: [0mOPTIONS /api/v1/dynamicforms/insertform [32m204[0m 1.261 ms - 0[0m
2025-06-13 17:01:40 error: StatusCode : 400, Message : id must be a number conforming to the specified constraints, form_data should not be empty, created_by must be a number conforming to the specified constraints, created_by should not be empty
2025-06-13 17:01:40 info: [0mPOST /api/v1/dynamicforms/insertform [33m400[0m 74.965 ms - 205[0m
2025-06-13 17:01:48 info: [0mOPTIONS /api/v1/dynamicforms/insertform [32m204[0m 0.144 ms - 0[0m
2025-06-13 17:01:48 error: StatusCode : 400, Message : id must be a number conforming to the specified constraints, form_data should not be empty, created_by must be a number conforming to the specified constraints, created_by should not be empty
2025-06-13 17:01:48 info: [0mPOST /api/v1/dynamicforms/insertform [33m400[0m 10.388 ms - 205[0m
2025-06-13 17:02:28 error: StatusCode : 401, Message : Wrong authentication token
2025-06-13 17:02:28 info: [0mPOST /api/v1/dynamicforms/insertform [33m401[0m 5.689 ms - 40[0m
2025-06-13 17:02:35 info: [0mPOST /api/v1/users/login [32m200[0m 87.972 ms - -[0m
2025-06-13 17:03:15 error: StatusCode : 400, Message : id must be a number conforming to the specified constraints, form_data should not be empty, created_by must be a number conforming to the specified constraints, created_by should not be empty
2025-06-13 17:03:15 info: [0mPOST /api/v1/dynamicforms/insertform [33m400[0m 5.577 ms - 205[0m
2025-06-13 17:05:05 info: 🚀 App listening on the port 8000. Current Env development.
2025-06-13 17:05:05 info: [0mOPTIONS /api/v1/dynamicforms/insertform [32m204[0m 1.508 ms - 0[0m
2025-06-13 17:05:05 error: StatusCode : 400, Message : id must be a number conforming to the specified constraints, form_data should not be empty, created_by must be a number conforming to the specified constraints, created_by should not be empty
2025-06-13 17:05:05 info: [0mPOST /api/v1/dynamicforms/insertform [33m400[0m 104.786 ms - 205[0m
2025-06-13 17:05:11 error: StatusCode : 400, Message : id must be a number conforming to the specified constraints, form_data should not be empty, created_by must be a number conforming to the specified constraints, created_by should not be empty
2025-06-13 17:05:11 info: [0mPOST /api/v1/dynamicforms/insertform [33m400[0m 6.122 ms - 205[0m
2025-06-13 17:07:50 info: 🚀 App listening on the port 8000. Current Env development.
2025-06-13 17:07:51 error: StatusCode : 400, Message : form_data must be a json string, form_data should not be empty, created_by must be a number conforming to the specified constraints, created_by should not be empty
2025-06-13 17:07:51 info: [0mPOST /api/v1/dynamicforms/insertform [33m400[0m 74.102 ms - 177[0m
2025-06-13 17:08:17 error: StatusCode : 400, Message : form_data must be a json string, form_data should not be empty
2025-06-13 17:08:17 info: [0mPOST /api/v1/dynamicforms/insertform [33m400[0m 7.962 ms - 76[0m
2025-06-13 17:08:30 error: StatusCode : 400, Message : form_data must be a json string
2025-06-13 17:08:30 info: [0mPOST /api/v1/dynamicforms/insertform [33m400[0m 7.841 ms - 45[0m
2025-06-13 17:08:34 error: StatusCode : 400, Message : form_data must be a json string
2025-06-13 17:08:34 info: [0mPOST /api/v1/dynamicforms/insertform [33m400[0m 4.885 ms - 45[0m
2025-06-13 17:10:16 info: [0mOPTIONS /api/v1/dynamicforms/insertform [32m204[0m 0.343 ms - 0[0m
2025-06-13 17:10:16 error: StatusCode : 400, Message : form_data must be a json string, created_by must be a number conforming to the specified constraints, created_by should not be empty
2025-06-13 17:10:16 info: [0mPOST /api/v1/dynamicforms/insertform [33m400[0m 5.052 ms - 146[0m
2025-06-13 17:11:15 info: 🚀 App listening on the port 8000. Current Env development.
2025-06-13 17:13:43 info: 🚀 App listening on the port 8000. Current Env development.
2025-06-13 17:13:58 info: [0mOPTIONS /api/v1/dynamicforms/insertform [32m204[0m 1.266 ms - 0[0m
2025-06-13 17:13:58 error: StatusCode : 400, Message : created_by must be a number conforming to the specified constraints, created_by should not be empty
2025-06-13 17:13:58 info: [0mPOST /api/v1/dynamicforms/insertform [33m400[0m 179.350 ms - 113[0m
2025-06-13 17:15:31 info: [0mOPTIONS /api/v1/dynamicforms/insertform [32m204[0m 0.514 ms - 0[0m
2025-06-13 17:15:31 error: StatusCode : 400, Message : created_by must be a number conforming to the specified constraints, created_by should not be empty
2025-06-13 17:15:31 info: [0mPOST /api/v1/dynamicforms/insertform [33m400[0m 11.662 ms - 113[0m
2025-06-13 17:16:14 info: [0mOPTIONS /api/v1/dynamicforms/insertform [32m204[0m 0.165 ms - 0[0m
2025-06-13 17:16:14 info: [0mPOST /api/v1/dynamicforms/insertform [32m201[0m 22.804 ms - 841[0m
2025-06-13 17:18:04 info: [0mOPTIONS /api/v1/event/activeevents [32m204[0m 0.696 ms - 0[0m
2025-06-13 17:18:04 info: [0mOPTIONS /api/v1/event/activeevents [32m204[0m 0.146 ms - 0[0m
2025-06-13 17:18:04 info: [0mGET /api/v1/event/activeevents [36m304[0m 11.986 ms - -[0m
2025-06-13 17:18:04 info: [0mGET /api/v1/event/activeevents [36m304[0m 4.790 ms - -[0m
2025-06-13 17:18:24 info: [0mOPTIONS /api/v1/event/activeevents [32m204[0m 0.250 ms - 0[0m
2025-06-13 17:18:24 info: [0mGET /api/v1/event/activeevents [36m304[0m 7.627 ms - -[0m
2025-06-13 17:22:53 info: [0mOPTIONS /api/v1/event/activeevents [32m204[0m 0.231 ms - 0[0m
2025-06-13 17:22:53 info: [0mOPTIONS /api/v1/event/activeevents [32m204[0m 1.188 ms - 0[0m
2025-06-13 17:22:53 info: [0mGET /api/v1/event/activeevents [36m304[0m 11.808 ms - -[0m
2025-06-13 17:22:53 info: [0mGET /api/v1/event/activeevents [36m304[0m 5.234 ms - -[0m
2025-06-13 17:23:06 info: [0mOPTIONS /api/v1/event/activeevents [32m204[0m 0.416 ms - 0[0m
2025-06-13 17:23:06 info: [0mOPTIONS /api/v1/event/activeevents [32m204[0m 0.172 ms - 0[0m
2025-06-13 17:23:06 info: [0mGET /api/v1/event/activeevents [36m304[0m 6.697 ms - -[0m
2025-06-13 17:23:06 info: [0mGET /api/v1/event/activeevents [36m304[0m 7.317 ms - -[0m
2025-06-13 17:24:18 info: [0mPOST /api/v1/dynamicforms/all [33m404[0m 5.481 ms - 163[0m
2025-06-13 17:24:24 info: [0mGET /api/v1/dynamicforms/all [32m200[0m 9.321 ms - -[0m
2025-06-13 17:24:59 info: [0mOPTIONS /api/v1/dynamicforms/all [32m204[0m 0.314 ms - 0[0m
2025-06-13 17:24:59 info: [0mGET /api/v1/dynamicforms/all [32m200[0m 7.367 ms - -[0m
2025-06-13 17:24:59 info: [0mGET /api/v1/dynamicforms/all [36m304[0m 4.483 ms - -[0m
2025-06-13 17:26:20 info: [0mOPTIONS /api/v1/dynamicforms/all [32m204[0m 0.209 ms - 0[0m
2025-06-13 17:26:20 info: [0mOPTIONS /api/v1/dynamicforms/all [32m204[0m 0.173 ms - 0[0m
2025-06-13 17:26:20 info: [0mGET /api/v1/dynamicforms/all [36m304[0m 5.531 ms - -[0m
2025-06-13 17:26:20 info: [0mGET /api/v1/dynamicforms/all [36m304[0m 3.867 ms - -[0m
2025-06-13 17:26:25 info: [0mGET /api/v1/dynamicforms/all [36m304[0m 7.015 ms - -[0m
2025-06-13 17:26:25 info: [0mGET /api/v1/dynamicforms/all [36m304[0m 4.508 ms - -[0m
2025-06-13 17:34:33 info: [0mOPTIONS /api/v1/dynamicforms/all [32m204[0m 0.130 ms - 0[0m
2025-06-13 17:34:33 info: [0mGET /api/v1/dynamicforms/all [36m304[0m 3.482 ms - -[0m
2025-06-13 17:35:04 info: [0mOPTIONS /api/v1/dynamicforms/all [32m204[0m 0.162 ms - 0[0m
2025-06-13 17:35:04 info: [0mOPTIONS /api/v1/dynamicforms/all [32m204[0m 0.292 ms - 0[0m
2025-06-13 17:35:04 info: [0mGET /api/v1/dynamicforms/all [36m304[0m 3.216 ms - -[0m
2025-06-13 17:35:04 info: [0mGET /api/v1/dynamicforms/all [36m304[0m 5.451 ms - -[0m
2025-06-13 17:37:20 info: [0mOPTIONS /api/v1/dynamicforms/all [32m204[0m 0.240 ms - 0[0m
2025-06-13 17:37:20 info: [0mOPTIONS /api/v1/dynamicforms/all [32m204[0m 0.440 ms - 0[0m
2025-06-13 17:37:20 info: [0mGET /api/v1/dynamicforms/all [36m304[0m 6.824 ms - -[0m
2025-06-13 17:37:20 info: [0mGET /api/v1/dynamicforms/all [36m304[0m 4.539 ms - -[0m
2025-06-13 17:37:36 info: [0mOPTIONS /api/v1/dynamicforms/all [32m204[0m 0.219 ms - 0[0m
2025-06-13 17:37:36 info: [0mGET /api/v1/dynamicforms/all [36m304[0m 7.308 ms - -[0m
2025-06-13 17:37:38 info: [0mGET /api/v1/dynamicforms/all [36m304[0m 7.015 ms - -[0m
2025-06-13 17:37:38 info: [0mGET /api/v1/dynamicforms/all [36m304[0m 6.252 ms - -[0m
2025-06-13 17:37:47 info: [0mOPTIONS /api/v1/dynamicforms/all [32m204[0m 0.121 ms - 0[0m
2025-06-13 17:37:47 info: [0mOPTIONS /api/v1/dynamicforms/all [32m204[0m 0.139 ms - 0[0m
2025-06-13 17:37:47 info: [0mGET /api/v1/dynamicforms/all [36m304[0m 5.222 ms - -[0m
2025-06-13 17:37:47 info: [0mGET /api/v1/dynamicforms/all [36m304[0m 5.864 ms - -[0m
2025-06-13 18:28:06 info: [0mOPTIONS /api/v1/dynamicforms/all [32m204[0m 0.206 ms - 0[0m
2025-06-13 18:28:06 info: [0mOPTIONS /api/v1/dynamicforms/all [32m204[0m 0.310 ms - 0[0m
2025-06-13 18:28:06 info: [0mGET /api/v1/dynamicforms/all [36m304[0m 12.409 ms - -[0m
2025-06-13 18:28:06 info: [0mGET /api/v1/dynamicforms/all [36m304[0m 6.576 ms - -[0m
2025-06-13 18:28:26 info: [0mOPTIONS /api/v1/dynamicforms/all [32m204[0m 0.117 ms - 0[0m
2025-06-13 18:28:26 info: [0mOPTIONS /api/v1/dynamicforms/all [32m204[0m 0.111 ms - 0[0m
2025-06-13 18:28:26 info: [0mGET /api/v1/dynamicforms/all [36m304[0m 3.084 ms - -[0m
2025-06-13 18:28:26 info: [0mGET /api/v1/dynamicforms/all [36m304[0m 6.123 ms - -[0m
2025-06-13 18:31:11 info: [0mOPTIONS /api/v1/dynamicforms/all [32m204[0m 0.134 ms - 0[0m
2025-06-13 18:31:11 info: [0mOPTIONS /api/v1/dynamicforms/all [32m204[0m 0.122 ms - 0[0m
2025-06-13 18:31:11 info: [0mGET /api/v1/dynamicforms/all [36m304[0m 4.957 ms - -[0m
2025-06-13 18:31:11 info: [0mGET /api/v1/dynamicforms/all [36m304[0m 5.633 ms - -[0m
2025-06-13 18:31:22 info: [0mOPTIONS /api/v1/dynamicforms/all [32m204[0m 0.138 ms - 0[0m
2025-06-13 18:31:22 info: [0mOPTIONS /api/v1/dynamicforms/all [32m204[0m 0.235 ms - 0[0m
2025-06-13 18:31:22 info: [0mGET /api/v1/dynamicforms/all [36m304[0m 4.913 ms - -[0m
2025-06-13 18:31:22 info: [0mGET /api/v1/dynamicforms/all [36m304[0m 3.989 ms - -[0m
2025-06-13 18:44:44 info: [0mOPTIONS /api/v1/dynamicforms/all [32m204[0m 0.289 ms - 0[0m
2025-06-13 18:44:44 info: [0mOPTIONS /api/v1/dynamicforms/all [32m204[0m 0.129 ms - 0[0m
2025-06-13 18:44:44 info: [0mGET /api/v1/dynamicforms/all [36m304[0m 12.593 ms - -[0m
2025-06-13 18:44:44 info: [0mGET /api/v1/dynamicforms/all [36m304[0m 6.757 ms - -[0m
2025-06-13 18:50:27 info: [0mOPTIONS /api/v1/dynamicforms/all [32m204[0m 0.159 ms - 0[0m
2025-06-13 18:50:27 info: [0mOPTIONS /api/v1/dynamicforms/all [32m204[0m 0.116 ms - 0[0m
2025-06-13 18:50:27 info: [0mGET /api/v1/dynamicforms/all [36m304[0m 5.195 ms - -[0m
2025-06-13 18:50:27 info: [0mGET /api/v1/dynamicforms/all [36m304[0m 6.039 ms - -[0m
2025-06-13 19:02:40 info: [0mOPTIONS /api/v1/dynamicforms/all [32m204[0m 0.383 ms - 0[0m
2025-06-13 19:02:40 info: [0mOPTIONS /api/v1/dynamicforms/all [32m204[0m 0.202 ms - 0[0m
2025-06-13 19:02:40 info: [0mGET /api/v1/dynamicforms/all [36m304[0m 5.534 ms - -[0m
2025-06-13 19:02:40 info: [0mGET /api/v1/dynamicforms/all [36m304[0m 5.385 ms - -[0m
2025-06-13 19:16:16 info: 🚀 App listening on the port 8000. Current Env development.
