2025-06-18 09:58:07 info: 🚀 App listening on the port 8000. Current Env development.
2025-06-18 10:00:54 info: [0mOPTIONS /api/v1/booking/activebookings [32m204[0m 1.826 ms - 0[0m
2025-06-18 10:00:54 info: [0mOPTIONS /api/v1/booking/activebookings [32m204[0m 0.251 ms - 0[0m
2025-06-18 10:00:54 info: [0mGET /api/v1/booking/activebookings [36m304[0m 84.739 ms - -[0m
2025-06-18 10:00:54 info: [0mGET /api/v1/booking/activebookings [36m304[0m 7.688 ms - -[0m
2025-06-18 10:11:10 info: [0mOPTIONS /api/v1/booking/activebookings [32m204[0m 1.087 ms - 0[0m
2025-06-18 10:11:10 info: [0mOPTIONS /api/v1/booking/activebookings [32m204[0m 0.164 ms - 0[0m
2025-06-18 10:11:10 info: [0mGET /api/v1/booking/activebookings [36m304[0m 21.795 ms - -[0m
2025-06-18 10:11:10 info: [0mGET /api/v1/booking/activebookings [36m304[0m 12.947 ms - -[0m
2025-06-18 10:11:19 info: [0mOPTIONS /api/v1/event/activeevents [32m204[0m 0.525 ms - 0[0m
2025-06-18 10:11:19 info: [0mOPTIONS /api/v1/event/activeevents [32m204[0m 0.210 ms - 0[0m
2025-06-18 10:11:19 info: [0mGET /api/v1/event/activeevents [36m304[0m 16.321 ms - -[0m
2025-06-18 10:11:19 info: [0mGET /api/v1/event/activeevents [36m304[0m 9.284 ms - -[0m
2025-06-18 10:11:20 info: [0mOPTIONS /api/v1/booking/purchasedtickets [32m204[0m 0.850 ms - 0[0m
2025-06-18 10:11:20 info: [0mOPTIONS /api/v1/booking/purchasedtickets [32m204[0m 0.691 ms - 0[0m
2025-06-18 10:11:20 info: [0mGET /api/v1/booking/purchasedtickets [36m304[0m 13.980 ms - -[0m
2025-06-18 10:11:20 info: [0mGET /api/v1/booking/purchasedtickets [36m304[0m 13.898 ms - -[0m
2025-06-18 10:11:22 info: [0mOPTIONS /api/v1/dynamicforms/all [32m204[0m 0.237 ms - 0[0m
2025-06-18 10:11:22 info: [0mOPTIONS /api/v1/dynamicforms/all [32m204[0m 0.318 ms - 0[0m
2025-06-18 10:11:22 info: [0mGET /api/v1/dynamicforms/all [36m304[0m 17.943 ms - -[0m
2025-06-18 10:11:22 info: [0mGET /api/v1/dynamicforms/all [36m304[0m 8.437 ms - -[0m
2025-06-18 10:12:44 info: [0mOPTIONS /api/v1/dynamicforms/all [32m204[0m 0.366 ms - 0[0m
2025-06-18 10:12:44 info: [0mGET /api/v1/dynamicforms/all [36m304[0m 5.669 ms - -[0m
2025-06-18 10:12:47 info: [0mGET /api/v1/dynamicforms/all [36m304[0m 7.930 ms - -[0m
2025-06-18 10:12:47 info: [0mGET /api/v1/dynamicforms/all [36m304[0m 14.575 ms - -[0m
2025-06-18 10:13:04 info: [0mOPTIONS /api/v1/dynamicforms/all [32m204[0m 0.136 ms - 0[0m
2025-06-18 10:13:04 info: [0mGET /api/v1/dynamicforms/all [36m304[0m 3.218 ms - -[0m
2025-06-18 10:15:48 info: [0mOPTIONS /api/v1/dynamicforms/all [32m204[0m 0.226 ms - 0[0m
2025-06-18 10:15:48 info: [0mOPTIONS /api/v1/dynamicforms/all [32m204[0m 0.214 ms - 0[0m
2025-06-18 10:15:48 info: [0mGET /api/v1/dynamicforms/all [36m304[0m 8.892 ms - -[0m
2025-06-18 10:15:48 info: [0mGET /api/v1/dynamicforms/all [36m304[0m 5.073 ms - -[0m
2025-06-18 10:15:50 info: [0mOPTIONS /api/v1/event/activeevents [32m204[0m 0.162 ms - 0[0m
2025-06-18 10:15:50 info: [0mOPTIONS /api/v1/event/activeevents [32m204[0m 0.151 ms - 0[0m
2025-06-18 10:15:50 info: [0mGET /api/v1/event/activeevents [36m304[0m 4.439 ms - -[0m
2025-06-18 10:15:50 info: [0mGET /api/v1/event/activeevents [36m304[0m 4.936 ms - -[0m
2025-06-18 10:15:52 info: [0mOPTIONS /api/v1/booking/purchasedtickets [32m204[0m 0.149 ms - 0[0m
2025-06-18 10:15:52 info: [0mOPTIONS /api/v1/booking/purchasedtickets [32m204[0m 0.156 ms - 0[0m
2025-06-18 10:15:52 info: [0mGET /api/v1/booking/purchasedtickets [36m304[0m 4.687 ms - -[0m
2025-06-18 10:15:52 info: [0mGET /api/v1/booking/purchasedtickets [36m304[0m 4.869 ms - -[0m
2025-06-18 10:15:56 info: [0mOPTIONS /api/v1/event/activeevents [32m204[0m 0.884 ms - 0[0m
2025-06-18 10:15:56 info: [0mOPTIONS /api/v1/event/activeevents [32m204[0m 0.135 ms - 0[0m
2025-06-18 10:15:56 info: [0mGET /api/v1/event/activeevents [36m304[0m 5.289 ms - -[0m
2025-06-18 10:15:56 info: [0mGET /api/v1/event/activeevents [36m304[0m 11.345 ms - -[0m
2025-06-18 10:15:57 info: [0mOPTIONS /api/v1/dynamicforms/all [32m204[0m 0.180 ms - 0[0m
2025-06-18 10:15:57 info: [0mOPTIONS /api/v1/dynamicforms/all [32m204[0m 0.111 ms - 0[0m
2025-06-18 10:15:57 info: [0mGET /api/v1/dynamicforms/all [36m304[0m 6.392 ms - -[0m
2025-06-18 10:15:57 info: [0mGET /api/v1/dynamicforms/all [36m304[0m 6.681 ms - -[0m
2025-06-18 10:18:15 info: [0mOPTIONS /api/v1/booking/activebookings [32m204[0m 0.117 ms - 0[0m
2025-06-18 10:18:15 info: [0mOPTIONS /api/v1/booking/activebookings [32m204[0m 0.192 ms - 0[0m
2025-06-18 10:18:15 info: [0mGET /api/v1/booking/activebookings [36m304[0m 4.293 ms - -[0m
2025-06-18 10:18:15 info: [0mGET /api/v1/booking/activebookings [36m304[0m 6.091 ms - -[0m
2025-06-18 10:49:46 info: [0mOPTIONS /api/v1/event/activeevents [32m204[0m 0.186 ms - 0[0m
2025-06-18 10:49:46 info: [0mOPTIONS /api/v1/event/activeevents [32m204[0m 0.158 ms - 0[0m
2025-06-18 10:49:46 info: [0mGET /api/v1/event/activeevents [36m304[0m 15.402 ms - -[0m
2025-06-18 10:49:46 info: [0mGET /api/v1/event/activeevents [36m304[0m 18.676 ms - -[0m
2025-06-18 10:49:54 info: [0mOPTIONS /api/v1/booking/purchasedtickets [32m204[0m 0.193 ms - 0[0m
2025-06-18 10:49:54 info: [0mOPTIONS /api/v1/booking/purchasedtickets [32m204[0m 0.189 ms - 0[0m
2025-06-18 10:49:54 info: [0mGET /api/v1/booking/purchasedtickets [36m304[0m 11.769 ms - -[0m
2025-06-18 10:49:54 info: [0mGET /api/v1/booking/purchasedtickets [36m304[0m 13.288 ms - -[0m
2025-06-18 10:50:59 info: [0mOPTIONS /api/v1/booking/purchasedtickets [32m204[0m 0.509 ms - 0[0m
2025-06-18 10:50:59 info: [0mOPTIONS /api/v1/booking/purchasedtickets [32m204[0m 0.178 ms - 0[0m
2025-06-18 10:50:59 info: [0mGET /api/v1/booking/purchasedtickets [32m200[0m 81.334 ms - -[0m
2025-06-18 10:50:59 info: [0mGET /api/v1/booking/purchasedtickets [32m200[0m 87.478 ms - -[0m
2025-06-18 10:51:26 info: [0mOPTIONS /api/v1/booking/activebookings [32m204[0m 0.246 ms - 0[0m
2025-06-18 10:51:26 info: [0mOPTIONS /api/v1/booking/activebookings [32m204[0m 0.122 ms - 0[0m
2025-06-18 10:51:26 info: [0mGET /api/v1/booking/activebookings [36m304[0m 15.986 ms - -[0m
2025-06-18 10:51:26 info: [0mGET /api/v1/booking/activebookings [36m304[0m 4.780 ms - -[0m
2025-06-18 10:51:29 info: [0mOPTIONS /api/v1/event/activeevents [32m204[0m 0.128 ms - 0[0m
2025-06-18 10:51:29 info: [0mOPTIONS /api/v1/event/activeevents [32m204[0m 0.087 ms - 0[0m
2025-06-18 10:51:29 info: [0mGET /api/v1/event/activeevents [36m304[0m 7.190 ms - -[0m
2025-06-18 10:51:29 info: [0mGET /api/v1/event/activeevents [36m304[0m 9.060 ms - -[0m
2025-06-18 10:51:29 info: [0mGET /api/v1/booking/activebookings [36m304[0m 11.572 ms - -[0m
2025-06-18 10:51:29 info: [0mGET /api/v1/booking/activebookings [36m304[0m 9.002 ms - -[0m
2025-06-18 10:51:34 info: [0mOPTIONS /api/v1/booking/purchasedtickets [32m204[0m 0.171 ms - 0[0m
2025-06-18 10:51:34 info: [0mOPTIONS /api/v1/booking/purchasedtickets [32m204[0m 0.573 ms - 0[0m
2025-06-18 10:51:34 info: [0mGET /api/v1/booking/purchasedtickets [36m304[0m 8.737 ms - -[0m
2025-06-18 10:51:34 info: [0mGET /api/v1/booking/purchasedtickets [36m304[0m 8.722 ms - -[0m
2025-06-18 10:53:12 info: [0mOPTIONS /api/v1/booking/purchasedtickets [32m204[0m 0.484 ms - 0[0m
2025-06-18 10:53:12 info: [0mOPTIONS /api/v1/booking/purchasedtickets [32m204[0m 0.175 ms - 0[0m
2025-06-18 10:53:12 info: [0mGET /api/v1/booking/purchasedtickets [36m304[0m 17.258 ms - -[0m
2025-06-18 10:53:12 info: [0mGET /api/v1/booking/purchasedtickets [36m304[0m 10.847 ms - -[0m
2025-06-18 10:53:14 info: [0mOPTIONS /api/v1/booking/activebookings [32m204[0m 0.197 ms - 0[0m
2025-06-18 10:53:14 info: [0mOPTIONS /api/v1/booking/activebookings [32m204[0m 0.183 ms - 0[0m
2025-06-18 10:53:14 info: [0mGET /api/v1/booking/activebookings [36m304[0m 4.746 ms - -[0m
2025-06-18 10:53:14 info: [0mGET /api/v1/booking/activebookings [36m304[0m 5.469 ms - -[0m
2025-06-18 10:57:15 info: [0mOPTIONS /api/v1/event/activeevents [32m204[0m 0.301 ms - 0[0m
2025-06-18 10:57:15 info: [0mOPTIONS /api/v1/event/activeevents [32m204[0m 0.204 ms - 0[0m
2025-06-18 10:57:15 info: [0mGET /api/v1/event/activeevents [36m304[0m 7.685 ms - -[0m
2025-06-18 10:57:15 info: [0mGET /api/v1/event/activeevents [36m304[0m 10.017 ms - -[0m
2025-06-18 10:57:23 info: [0mOPTIONS /api/v1/booking/activebookings [32m204[0m 0.150 ms - 0[0m
2025-06-18 10:57:23 info: [0mOPTIONS /api/v1/booking/activebookings [32m204[0m 0.165 ms - 0[0m
2025-06-18 10:57:23 info: [0mGET /api/v1/booking/activebookings [36m304[0m 14.245 ms - -[0m
2025-06-18 10:57:23 info: [0mGET /api/v1/booking/activebookings [36m304[0m 8.344 ms - -[0m
2025-06-18 10:57:25 info: [0mOPTIONS /api/v1/dynamicforms/all [32m204[0m 0.133 ms - 0[0m
2025-06-18 10:57:25 info: [0mOPTIONS /api/v1/dynamicforms/all [32m204[0m 0.464 ms - 0[0m
2025-06-18 10:57:25 info: [0mGET /api/v1/dynamicforms/all [36m304[0m 7.769 ms - -[0m
2025-06-18 10:57:25 info: [0mGET /api/v1/dynamicforms/all [36m304[0m 4.237 ms - -[0m
2025-06-18 10:57:26 info: [0mGET /api/v1/booking/activebookings [36m304[0m 9.834 ms - -[0m
2025-06-18 10:57:26 info: [0mGET /api/v1/booking/activebookings [36m304[0m 8.509 ms - -[0m
2025-06-18 10:57:28 info: [0mOPTIONS /api/v1/event/activeevents [32m204[0m 0.154 ms - 0[0m
2025-06-18 10:57:28 info: [0mOPTIONS /api/v1/event/activeevents [32m204[0m 0.577 ms - 0[0m
2025-06-18 10:57:28 info: [0mGET /api/v1/event/activeevents [36m304[0m 5.950 ms - -[0m
2025-06-18 10:57:28 info: [0mGET /api/v1/event/activeevents [36m304[0m 7.816 ms - -[0m
2025-06-18 10:57:29 info: [0mOPTIONS /api/v1/booking/activebookings [32m204[0m 0.154 ms - 0[0m
2025-06-18 10:57:29 info: [0mOPTIONS /api/v1/booking/activebookings [32m204[0m 0.099 ms - 0[0m
2025-06-18 10:57:29 info: [0mGET /api/v1/booking/activebookings [36m304[0m 6.182 ms - -[0m
2025-06-18 10:57:29 info: [0mGET /api/v1/booking/activebookings [36m304[0m 11.608 ms - -[0m
2025-06-18 10:58:41 info: [0mOPTIONS /api/v1/event/activeevents [32m204[0m 0.471 ms - 0[0m
2025-06-18 10:58:41 info: [0mOPTIONS /api/v1/event/activeevents [32m204[0m 0.255 ms - 0[0m
2025-06-18 10:58:41 info: [0mGET /api/v1/event/activeevents [36m304[0m 8.192 ms - -[0m
2025-06-18 10:58:41 info: [0mGET /api/v1/event/activeevents [36m304[0m 13.518 ms - -[0m
2025-06-18 10:58:42 info: [0mOPTIONS /api/v1/tags/geteventtags [32m204[0m 0.179 ms - 0[0m
2025-06-18 10:58:42 info: [0mOPTIONS /api/v1/tags/geteventtags [32m204[0m 0.977 ms - 0[0m
2025-06-18 10:58:42 info: [0mGET /api/v1/tags/geteventtags [36m304[0m 12.175 ms - -[0m
2025-06-18 10:58:42 info: [0mGET /api/v1/tags/geteventtags [36m304[0m 5.250 ms - -[0m
2025-06-18 11:01:16 info: [0mOPTIONS /api/v1/event/activeevents [32m204[0m 0.193 ms - 0[0m
2025-06-18 11:01:16 info: [0mOPTIONS /api/v1/event/activeevents [32m204[0m 0.261 ms - 0[0m
2025-06-18 11:01:17 info: [0mGET /api/v1/event/activeevents [36m304[0m 13.152 ms - -[0m
2025-06-18 11:01:17 info: [0mGET /api/v1/event/activeevents [36m304[0m 8.597 ms - -[0m
2025-06-18 11:01:45 info: [0mOPTIONS /api/v1/booking/purchasedtickets [32m204[0m 0.129 ms - 0[0m
2025-06-18 11:01:45 info: [0mOPTIONS /api/v1/booking/purchasedtickets [32m204[0m 0.597 ms - 0[0m
2025-06-18 11:01:45 info: [0mGET /api/v1/booking/purchasedtickets [36m304[0m 16.567 ms - -[0m
2025-06-18 11:01:45 info: [0mGET /api/v1/booking/purchasedtickets [36m304[0m 6.128 ms - -[0m
2025-06-18 11:54:01 info: [0mOPTIONS /api/v1/users/login [32m204[0m 0.098 ms - 0[0m
2025-06-18 11:54:01 info: [0mPOST /api/v1/users/login [32m200[0m 193.952 ms - -[0m
2025-06-18 11:54:04 info: [0mOPTIONS /api/v1/booking/activebookings [32m204[0m 0.461 ms - 0[0m
2025-06-18 11:54:04 info: [0mOPTIONS /api/v1/booking/activebookings [32m204[0m 0.190 ms - 0[0m
2025-06-18 11:54:04 info: [0mGET /api/v1/booking/activebookings [36m304[0m 6.478 ms - -[0m
2025-06-18 11:54:04 info: [0mGET /api/v1/booking/activebookings [36m304[0m 7.325 ms - -[0m
2025-06-18 11:54:05 info: [0mOPTIONS /api/v1/booking/purchasedtickets [32m204[0m 0.149 ms - 0[0m
2025-06-18 11:54:05 info: [0mOPTIONS /api/v1/booking/purchasedtickets [32m204[0m 0.537 ms - 0[0m
2025-06-18 11:54:05 info: [0mGET /api/v1/booking/purchasedtickets [36m304[0m 6.740 ms - -[0m
2025-06-18 11:54:05 info: [0mGET /api/v1/booking/purchasedtickets [36m304[0m 7.896 ms - -[0m
2025-06-18 11:54:08 info: [0mGET /api/v1/booking/activebookings [36m304[0m 9.140 ms - -[0m
2025-06-18 11:54:08 info: [0mGET /api/v1/booking/activebookings [36m304[0m 9.865 ms - -[0m
2025-06-18 12:00:31 info: [0mOPTIONS /api/v1/event/activeevents [32m204[0m 0.254 ms - 0[0m
2025-06-18 12:00:31 info: [0mOPTIONS /api/v1/event/activeevents [32m204[0m 0.488 ms - 0[0m
2025-06-18 12:00:31 info: [0mGET /api/v1/event/activeevents [36m304[0m 4.529 ms - -[0m
2025-06-18 12:00:31 info: [0mGET /api/v1/event/activeevents [36m304[0m 5.342 ms - -[0m
2025-06-18 12:00:33 info: [0mOPTIONS /api/v1/booking/purchasedtickets [32m204[0m 0.318 ms - 0[0m
2025-06-18 12:00:33 info: [0mOPTIONS /api/v1/booking/purchasedtickets [32m204[0m 0.163 ms - 0[0m
2025-06-18 12:00:33 info: [0mGET /api/v1/booking/purchasedtickets [36m304[0m 3.952 ms - -[0m
2025-06-18 12:00:33 info: [0mGET /api/v1/booking/purchasedtickets [36m304[0m 6.574 ms - -[0m
2025-06-18 12:00:35 info: [0mGET /api/v1/booking/purchasedtickets [36m304[0m 6.528 ms - -[0m
2025-06-18 12:00:35 info: [0mGET /api/v1/booking/purchasedtickets [36m304[0m 8.207 ms - -[0m
2025-06-18 12:00:46 info: [0mOPTIONS /api/v1/dynamicforms/all [32m204[0m 0.128 ms - 0[0m
2025-06-18 12:00:46 info: [0mOPTIONS /api/v1/dynamicforms/all [32m204[0m 0.133 ms - 0[0m
2025-06-18 12:00:46 info: [0mGET /api/v1/dynamicforms/all [36m304[0m 6.207 ms - -[0m
2025-06-18 12:00:46 info: [0mGET /api/v1/dynamicforms/all [36m304[0m 9.839 ms - -[0m
2025-06-18 12:00:47 info: [0mOPTIONS /api/v1/booking/purchasedtickets [32m204[0m 0.441 ms - 0[0m
2025-06-18 12:00:47 info: [0mOPTIONS /api/v1/booking/purchasedtickets [32m204[0m 0.144 ms - 0[0m
2025-06-18 12:00:47 info: [0mGET /api/v1/booking/purchasedtickets [36m304[0m 7.145 ms - -[0m
2025-06-18 12:00:47 info: [0mGET /api/v1/booking/purchasedtickets [36m304[0m 4.959 ms - -[0m
2025-06-18 12:00:49 info: [0mOPTIONS /api/v1/booking/activebookings [32m204[0m 0.144 ms - 0[0m
2025-06-18 12:00:49 info: [0mOPTIONS /api/v1/booking/activebookings [32m204[0m 0.158 ms - 0[0m
2025-06-18 12:00:49 info: [0mGET /api/v1/booking/activebookings [36m304[0m 5.728 ms - -[0m
2025-06-18 12:00:49 info: [0mGET /api/v1/booking/activebookings [36m304[0m 4.343 ms - -[0m
2025-06-18 12:00:51 info: [0mGET /api/v1/booking/purchasedtickets [36m304[0m 7.534 ms - -[0m
2025-06-18 12:00:51 info: [0mGET /api/v1/booking/purchasedtickets [36m304[0m 5.969 ms - -[0m
2025-06-18 12:07:25 info: [0mOPTIONS /api/v1/event/activeevents [32m204[0m 0.186 ms - 0[0m
2025-06-18 12:07:25 info: [0mOPTIONS /api/v1/event/activeevents [32m204[0m 0.272 ms - 0[0m
2025-06-18 12:07:25 info: [0mGET /api/v1/event/activeevents [36m304[0m 6.956 ms - -[0m
2025-06-18 12:07:25 info: [0mGET /api/v1/event/activeevents [36m304[0m 5.112 ms - -[0m
2025-06-18 12:08:26 info: [0mOPTIONS /api/v1/booking/purchasedtickets [32m204[0m 0.083 ms - 0[0m
2025-06-18 12:08:26 info: [0mOPTIONS /api/v1/booking/purchasedtickets [32m204[0m 0.121 ms - 0[0m
2025-06-18 12:08:26 info: [0mGET /api/v1/booking/purchasedtickets [36m304[0m 6.153 ms - -[0m
2025-06-18 12:08:26 info: [0mGET /api/v1/booking/purchasedtickets [36m304[0m 4.964 ms - -[0m
2025-06-18 12:09:56 info: [0mOPTIONS /api/v1/dynamicforms/all [32m204[0m 0.345 ms - 0[0m
2025-06-18 12:09:56 info: [0mOPTIONS /api/v1/dynamicforms/all [32m204[0m 0.094 ms - 0[0m
2025-06-18 12:09:56 info: [0mGET /api/v1/dynamicforms/all [36m304[0m 4.568 ms - -[0m
2025-06-18 12:09:56 info: [0mGET /api/v1/dynamicforms/all [36m304[0m 6.309 ms - -[0m
2025-06-18 12:10:01 info: [0mOPTIONS /api/v1/booking/purchasedtickets [32m204[0m 0.354 ms - 0[0m
2025-06-18 12:10:01 info: [0mOPTIONS /api/v1/booking/purchasedtickets [32m204[0m 0.141 ms - 0[0m
2025-06-18 12:10:01 info: [0mGET /api/v1/booking/purchasedtickets [36m304[0m 8.375 ms - -[0m
2025-06-18 12:10:01 info: [0mGET /api/v1/booking/purchasedtickets [36m304[0m 7.898 ms - -[0m
2025-06-18 12:10:04 info: [0mGET /api/v1/booking/purchasedtickets [36m304[0m 13.385 ms - -[0m
2025-06-18 12:10:04 info: [0mGET /api/v1/booking/purchasedtickets [36m304[0m 7.205 ms - -[0m
2025-06-18 12:11:21 info: [0mOPTIONS /api/v1/dynamicforms/all [32m204[0m 0.337 ms - 0[0m
2025-06-18 12:11:21 info: [0mOPTIONS /api/v1/dynamicforms/all [32m204[0m 0.145 ms - 0[0m
2025-06-18 12:11:21 info: [0mGET /api/v1/dynamicforms/all [36m304[0m 8.678 ms - -[0m
2025-06-18 12:11:21 info: [0mGET /api/v1/dynamicforms/all [36m304[0m 4.158 ms - -[0m
2025-06-18 12:11:24 info: [0mOPTIONS /api/v1/booking/purchasedtickets [32m204[0m 0.170 ms - 0[0m
2025-06-18 12:11:24 info: [0mOPTIONS /api/v1/booking/purchasedtickets [32m204[0m 0.548 ms - 0[0m
2025-06-18 12:11:24 info: [0mGET /api/v1/booking/purchasedtickets [36m304[0m 5.618 ms - -[0m
2025-06-18 12:11:24 info: [0mGET /api/v1/booking/purchasedtickets [36m304[0m 5.364 ms - -[0m
2025-06-18 12:11:37 info: [0mOPTIONS /api/v1/dynamicforms/all [32m204[0m 0.107 ms - 0[0m
2025-06-18 12:11:37 info: [0mOPTIONS /api/v1/dynamicforms/all [32m204[0m 0.213 ms - 0[0m
2025-06-18 12:11:37 info: [0mGET /api/v1/dynamicforms/all [36m304[0m 6.418 ms - -[0m
2025-06-18 12:11:37 info: [0mGET /api/v1/dynamicforms/all [36m304[0m 7.587 ms - -[0m
2025-06-18 12:12:02 info: [0mOPTIONS /api/v1/booking/purchasedtickets [32m204[0m 0.193 ms - 0[0m
2025-06-18 12:12:02 info: [0mOPTIONS /api/v1/booking/purchasedtickets [32m204[0m 0.109 ms - 0[0m
2025-06-18 12:12:02 info: [0mGET /api/v1/booking/purchasedtickets [36m304[0m 5.614 ms - -[0m
2025-06-18 12:12:02 info: [0mGET /api/v1/booking/purchasedtickets [36m304[0m 7.475 ms - -[0m
2025-06-18 12:12:04 info: [0mOPTIONS /api/v1/booking/activebookings [32m204[0m 0.215 ms - 0[0m
2025-06-18 12:12:05 info: [0mOPTIONS /api/v1/booking/activebookings [32m204[0m 0.110 ms - 0[0m
2025-06-18 12:12:05 info: [0mGET /api/v1/booking/activebookings [36m304[0m 3.457 ms - -[0m
2025-06-18 12:12:05 info: [0mGET /api/v1/booking/activebookings [36m304[0m 7.863 ms - -[0m
2025-06-18 12:13:43 info: [0mOPTIONS /api/v1/booking/activebookings [32m204[0m 0.211 ms - 0[0m
2025-06-18 12:13:43 info: [0mOPTIONS /api/v1/booking/activebookings [32m204[0m 0.140 ms - 0[0m
2025-06-18 12:13:43 info: [0mGET /api/v1/booking/activebookings [36m304[0m 6.641 ms - -[0m
2025-06-18 12:13:43 info: [0mGET /api/v1/booking/activebookings [36m304[0m 7.186 ms - -[0m
2025-06-18 12:14:01 info: [0mOPTIONS /api/v1/dynamicforms/all [32m204[0m 0.139 ms - 0[0m
2025-06-18 12:14:01 info: [0mOPTIONS /api/v1/dynamicforms/all [32m204[0m 0.142 ms - 0[0m
2025-06-18 12:14:01 info: [0mGET /api/v1/dynamicforms/all [36m304[0m 11.274 ms - -[0m
2025-06-18 12:14:01 info: [0mGET /api/v1/dynamicforms/all [36m304[0m 5.531 ms - -[0m
2025-06-18 12:16:20 info: [0mOPTIONS /api/v1/booking/activebookings [32m204[0m 0.222 ms - 0[0m
2025-06-18 12:16:20 info: [0mOPTIONS /api/v1/booking/activebookings [32m204[0m 0.222 ms - 0[0m
2025-06-18 12:16:20 info: [0mGET /api/v1/booking/activebookings [36m304[0m 40.323 ms - -[0m
2025-06-18 12:16:20 info: [0mGET /api/v1/booking/activebookings [36m304[0m 9.128 ms - -[0m
2025-06-18 12:16:21 info: [0mOPTIONS /api/v1/booking/purchasedtickets [32m204[0m 0.374 ms - 0[0m
2025-06-18 12:16:21 info: [0mOPTIONS /api/v1/booking/purchasedtickets [32m204[0m 0.198 ms - 0[0m
2025-06-18 12:16:21 info: [0mGET /api/v1/booking/purchasedtickets [36m304[0m 8.798 ms - -[0m
2025-06-18 12:16:21 info: [0mGET /api/v1/booking/purchasedtickets [36m304[0m 4.784 ms - -[0m
2025-06-18 12:17:30 info: [0mOPTIONS /api/v1/booking/activebookings [32m204[0m 0.235 ms - 0[0m
2025-06-18 12:17:30 info: [0mOPTIONS /api/v1/booking/activebookings [32m204[0m 0.132 ms - 0[0m
2025-06-18 12:17:30 info: [0mGET /api/v1/booking/activebookings [36m304[0m 3.557 ms - -[0m
2025-06-18 12:17:30 info: [0mGET /api/v1/booking/activebookings [36m304[0m 5.498 ms - -[0m
2025-06-18 12:17:33 info: [0mOPTIONS /api/v1/booking/purchasedtickets [32m204[0m 0.181 ms - 0[0m
2025-06-18 12:17:33 info: [0mOPTIONS /api/v1/booking/purchasedtickets [32m204[0m 0.171 ms - 0[0m
2025-06-18 12:17:33 info: [0mGET /api/v1/booking/purchasedtickets [36m304[0m 4.608 ms - -[0m
2025-06-18 12:17:33 info: [0mGET /api/v1/booking/purchasedtickets [36m304[0m 5.047 ms - -[0m
2025-06-18 12:18:08 info: [0mOPTIONS /api/v1/booking/activebookings [32m204[0m 0.158 ms - 0[0m
2025-06-18 12:18:08 info: [0mOPTIONS /api/v1/booking/activebookings [32m204[0m 0.139 ms - 0[0m
2025-06-18 12:18:08 info: [0mGET /api/v1/booking/activebookings [36m304[0m 5.340 ms - -[0m
2025-06-18 12:18:08 info: [0mGET /api/v1/booking/activebookings [36m304[0m 4.651 ms - -[0m
2025-06-18 12:18:12 info: [0mGET /api/v1/booking/activebookings [36m304[0m 8.094 ms - -[0m
2025-06-18 12:18:12 info: [0mGET /api/v1/booking/activebookings [36m304[0m 6.045 ms - -[0m
2025-06-18 12:18:13 info: [0mOPTIONS /api/v1/booking/purchasedtickets [32m204[0m 0.197 ms - 0[0m
2025-06-18 12:18:13 info: [0mOPTIONS /api/v1/booking/purchasedtickets [32m204[0m 0.157 ms - 0[0m
2025-06-18 12:18:13 info: [0mGET /api/v1/booking/purchasedtickets [36m304[0m 6.039 ms - -[0m
2025-06-18 12:18:13 info: [0mGET /api/v1/booking/purchasedtickets [36m304[0m 6.040 ms - -[0m
2025-06-18 12:27:43 info: [0mOPTIONS /api/v1/event/activeevents [32m204[0m 0.219 ms - 0[0m
2025-06-18 12:27:43 info: [0mOPTIONS /api/v1/event/activeevents [32m204[0m 0.103 ms - 0[0m
2025-06-18 12:27:43 info: [0mGET /api/v1/event/activeevents [36m304[0m 7.524 ms - -[0m
2025-06-18 12:27:43 info: [0mGET /api/v1/event/activeevents [36m304[0m 6.394 ms - -[0m
2025-06-18 12:28:09 info: [0mOPTIONS /api/v1/event/activeevents [32m204[0m 0.429 ms - 0[0m
2025-06-18 12:28:09 info: [0mOPTIONS /api/v1/event/activeevents [32m204[0m 0.165 ms - 0[0m
2025-06-18 12:28:09 info: [0mGET /api/v1/event/activeevents [36m304[0m 9.134 ms - -[0m
2025-06-18 12:28:09 info: [0mGET /api/v1/event/activeevents [36m304[0m 18.629 ms - -[0m
2025-06-18 12:28:10 info: [0mOPTIONS /api/v1/booking/activebookings [32m204[0m 0.192 ms - 0[0m
2025-06-18 12:28:10 info: [0mGET /api/v1/booking/activebookings [36m304[0m 11.835 ms - -[0m
2025-06-18 12:28:10 info: [0mGET /api/v1/booking/activebookings [36m304[0m 12.722 ms - -[0m
2025-06-18 12:28:12 info: [0mGET /api/v1/booking/activebookings [36m304[0m 10.803 ms - -[0m
2025-06-18 12:28:12 info: [0mGET /api/v1/booking/activebookings [36m304[0m 6.714 ms - -[0m
2025-06-18 12:28:13 info: [0mOPTIONS /api/v1/booking/purchasedtickets [32m204[0m 0.277 ms - 0[0m
2025-06-18 12:28:13 info: [0mOPTIONS /api/v1/booking/purchasedtickets [32m204[0m 0.089 ms - 0[0m
2025-06-18 12:28:13 info: [0mGET /api/v1/booking/purchasedtickets [36m304[0m 4.291 ms - -[0m
2025-06-18 12:28:13 info: [0mGET /api/v1/booking/purchasedtickets [36m304[0m 6.740 ms - -[0m
2025-06-18 12:29:51 info: [0mOPTIONS /api/v1/booking/activebookings [32m204[0m 0.450 ms - 0[0m
2025-06-18 12:29:51 info: [0mOPTIONS /api/v1/booking/activebookings [32m204[0m 0.102 ms - 0[0m
2025-06-18 12:29:51 info: [0mGET /api/v1/booking/activebookings [36m304[0m 6.848 ms - -[0m
2025-06-18 12:29:51 info: [0mGET /api/v1/booking/activebookings [36m304[0m 9.213 ms - -[0m
2025-06-18 12:30:00 info: [0mOPTIONS /api/v1/event/activeevents [32m204[0m 0.156 ms - 0[0m
2025-06-18 12:30:00 info: [0mOPTIONS /api/v1/event/activeevents [32m204[0m 0.126 ms - 0[0m
2025-06-18 12:30:00 info: [0mGET /api/v1/event/activeevents [36m304[0m 5.422 ms - -[0m
2025-06-18 12:30:00 info: [0mGET /api/v1/event/activeevents [36m304[0m 7.804 ms - -[0m
2025-06-18 12:30:05 info: [0mOPTIONS /api/v1/booking/activebookings [32m204[0m 0.159 ms - 0[0m
2025-06-18 12:30:05 info: [0mOPTIONS /api/v1/booking/activebookings [32m204[0m 0.128 ms - 0[0m
2025-06-18 12:30:05 info: [0mGET /api/v1/booking/activebookings [36m304[0m 9.181 ms - -[0m
2025-06-18 12:30:05 info: [0mGET /api/v1/booking/activebookings [36m304[0m 7.230 ms - -[0m
2025-06-18 12:30:06 info: [0mOPTIONS /api/v1/booking/purchasedtickets [32m204[0m 0.131 ms - 0[0m
2025-06-18 12:30:06 info: [0mOPTIONS /api/v1/booking/purchasedtickets [32m204[0m 0.318 ms - 0[0m
2025-06-18 12:30:06 info: [0mGET /api/v1/booking/purchasedtickets [36m304[0m 7.110 ms - -[0m
2025-06-18 12:30:06 info: [0mGET /api/v1/booking/purchasedtickets [36m304[0m 7.588 ms - -[0m
2025-06-18 12:30:07 info: [0mGET /api/v1/booking/purchasedtickets [36m304[0m 11.171 ms - -[0m
2025-06-18 12:30:07 info: [0mGET /api/v1/booking/purchasedtickets [36m304[0m 7.195 ms - -[0m
2025-06-18 12:30:09 info: [0mOPTIONS /api/v1/dynamicforms/all [32m204[0m 0.138 ms - 0[0m
2025-06-18 12:30:09 info: [0mOPTIONS /api/v1/dynamicforms/all [32m204[0m 0.710 ms - 0[0m
2025-06-18 12:30:09 info: [0mGET /api/v1/dynamicforms/all [36m304[0m 7.014 ms - -[0m
2025-06-18 12:30:09 info: [0mGET /api/v1/dynamicforms/all [36m304[0m 6.852 ms - -[0m
2025-06-18 12:30:11 info: [0mGET /api/v1/dynamicforms/all [36m304[0m 12.288 ms - -[0m
2025-06-18 12:30:11 info: [0mGET /api/v1/dynamicforms/all [36m304[0m 7.563 ms - -[0m
2025-06-18 12:30:12 info: [0mOPTIONS /api/v1/booking/activebookings [32m204[0m 0.443 ms - 0[0m
2025-06-18 12:30:12 info: [0mOPTIONS /api/v1/booking/activebookings [32m204[0m 0.127 ms - 0[0m
2025-06-18 12:30:13 info: [0mGET /api/v1/booking/activebookings [36m304[0m 5.174 ms - -[0m
2025-06-18 12:30:13 info: [0mGET /api/v1/booking/activebookings [36m304[0m 9.592 ms - -[0m
2025-06-18 12:31:26 info: [0mOPTIONS /api/v1/event/activeevents [32m204[0m 0.240 ms - 0[0m
2025-06-18 12:31:26 info: [0mOPTIONS /api/v1/event/activeevents [32m204[0m 0.184 ms - 0[0m
2025-06-18 12:31:26 info: [0mGET /api/v1/event/activeevents [36m304[0m 7.247 ms - -[0m
2025-06-18 12:31:26 info: [0mGET /api/v1/event/activeevents [36m304[0m 6.420 ms - -[0m
2025-06-18 12:31:27 info: [0mOPTIONS /api/v1/booking/purchasedtickets [32m204[0m 0.226 ms - 0[0m
2025-06-18 12:31:27 info: [0mOPTIONS /api/v1/booking/purchasedtickets [32m204[0m 0.095 ms - 0[0m
2025-06-18 12:31:27 info: [0mGET /api/v1/booking/purchasedtickets [36m304[0m 8.156 ms - -[0m
2025-06-18 12:31:27 info: [0mGET /api/v1/booking/purchasedtickets [36m304[0m 6.211 ms - -[0m
2025-06-18 12:31:32 info: [0mOPTIONS /api/v1/booking/activebookings [32m204[0m 0.122 ms - 0[0m
2025-06-18 12:31:32 info: [0mOPTIONS /api/v1/booking/activebookings [32m204[0m 0.088 ms - 0[0m
2025-06-18 12:31:32 info: [0mGET /api/v1/booking/activebookings [36m304[0m 6.854 ms - -[0m
2025-06-18 12:31:32 info: [0mGET /api/v1/booking/activebookings [36m304[0m 6.172 ms - -[0m
2025-06-18 12:31:33 info: [0mOPTIONS /api/v1/booking/purchasedtickets [32m204[0m 0.161 ms - 0[0m
2025-06-18 12:31:33 info: [0mOPTIONS /api/v1/booking/purchasedtickets [32m204[0m 0.211 ms - 0[0m
2025-06-18 12:31:33 info: [0mGET /api/v1/booking/purchasedtickets [36m304[0m 4.559 ms - -[0m
2025-06-18 12:31:33 info: [0mGET /api/v1/booking/purchasedtickets [36m304[0m 5.159 ms - -[0m
2025-06-18 12:32:13 info: [0mOPTIONS /api/v1/booking/purchasedtickets [32m204[0m 0.234 ms - 0[0m
2025-06-18 12:32:13 info: [0mOPTIONS /api/v1/booking/purchasedtickets [32m204[0m 0.765 ms - 0[0m
2025-06-18 12:32:13 info: [0mGET /api/v1/booking/purchasedtickets [36m304[0m 8.384 ms - -[0m
2025-06-18 12:32:13 info: [0mGET /api/v1/booking/purchasedtickets [36m304[0m 6.440 ms - -[0m
2025-06-18 12:55:29 info: [0mOPTIONS /api/v1/dynamicforms/all [32m204[0m 0.116 ms - 0[0m
2025-06-18 12:55:29 info: [0mOPTIONS /api/v1/dynamicforms/all [32m204[0m 0.089 ms - 0[0m
2025-06-18 12:55:29 info: [0mGET /api/v1/dynamicforms/all [36m304[0m 5.593 ms - -[0m
2025-06-18 12:55:29 info: [0mGET /api/v1/dynamicforms/all [36m304[0m 6.683 ms - -[0m
2025-06-18 12:55:38 info: [0mOPTIONS /api/v1/booking/activebookings [32m204[0m 0.124 ms - 0[0m
2025-06-18 12:55:38 info: [0mOPTIONS /api/v1/booking/activebookings [32m204[0m 0.099 ms - 0[0m
2025-06-18 12:55:38 info: [0mGET /api/v1/booking/activebookings [36m304[0m 7.426 ms - -[0m
2025-06-18 12:55:38 info: [0mGET /api/v1/booking/activebookings [36m304[0m 6.602 ms - -[0m
2025-06-18 12:55:40 info: [0mOPTIONS /api/v1/booking/purchasedtickets [32m204[0m 0.133 ms - 0[0m
2025-06-18 12:55:40 info: [0mOPTIONS /api/v1/booking/purchasedtickets [32m204[0m 0.114 ms - 0[0m
2025-06-18 12:55:40 info: [0mGET /api/v1/booking/purchasedtickets [36m304[0m 4.350 ms - -[0m
2025-06-18 12:55:40 info: [0mGET /api/v1/booking/purchasedtickets [36m304[0m 6.269 ms - -[0m
2025-06-18 12:57:36 info: [0mOPTIONS /api/v1/event/activeevents [32m204[0m 0.151 ms - 0[0m
2025-06-18 12:57:36 info: [0mOPTIONS /api/v1/event/activeevents [32m204[0m 0.133 ms - 0[0m
2025-06-18 12:57:36 info: [0mGET /api/v1/event/activeevents [36m304[0m 4.477 ms - -[0m
2025-06-18 12:57:36 info: [0mGET /api/v1/event/activeevents [36m304[0m 5.966 ms - -[0m
2025-06-18 13:00:19 info: [0mOPTIONS /api/v1/event/activeevents [32m204[0m 0.195 ms - 0[0m
2025-06-18 13:00:19 info: [0mOPTIONS /api/v1/event/activeevents [32m204[0m 0.147 ms - 0[0m
2025-06-18 13:00:19 info: [0mGET /api/v1/event/activeevents [36m304[0m 5.670 ms - -[0m
2025-06-18 13:00:19 info: [0mGET /api/v1/event/activeevents [36m304[0m 9.984 ms - -[0m
2025-06-18 13:00:26 info: [0mOPTIONS /api/v1/booking/activebookings [32m204[0m 0.161 ms - 0[0m
2025-06-18 13:00:26 info: [0mOPTIONS /api/v1/booking/activebookings [32m204[0m 0.228 ms - 0[0m
2025-06-18 13:00:26 info: [0mGET /api/v1/booking/activebookings [36m304[0m 8.737 ms - -[0m
2025-06-18 13:00:27 info: [0mGET /api/v1/booking/activebookings [36m304[0m 6.463 ms - -[0m
2025-06-18 13:01:30 info: [0mOPTIONS /api/v1/event/activeevents [32m204[0m 0.148 ms - 0[0m
2025-06-18 13:01:30 info: [0mOPTIONS /api/v1/event/activeevents [32m204[0m 0.265 ms - 0[0m
2025-06-18 13:01:30 info: [0mGET /api/v1/event/activeevents [36m304[0m 7.320 ms - -[0m
2025-06-18 13:01:30 info: [0mGET /api/v1/event/activeevents [36m304[0m 15.147 ms - -[0m
2025-06-18 13:05:13 info: [0mOPTIONS /api/v1/event/activeevents [32m204[0m 0.574 ms - 0[0m
2025-06-18 13:05:13 info: [0mGET /api/v1/event/activeevents [36m304[0m 6.332 ms - -[0m
2025-06-18 13:07:37 info: [0mOPTIONS /api/v1/event/activeevents [32m204[0m 0.093 ms - 0[0m
2025-06-18 13:07:37 info: [0mGET /api/v1/event/activeevents [36m304[0m 5.583 ms - -[0m
2025-06-18 13:07:43 info: [0mOPTIONS /api/v1/event/activeevents [32m204[0m 2.067 ms - 0[0m
2025-06-18 13:07:43 info: [0mGET /api/v1/event/activeevents [36m304[0m 3.149 ms - -[0m
2025-06-18 14:02:12 info: [0mOPTIONS /api/v1/dynamicforms/all [32m204[0m 0.125 ms - 0[0m
2025-06-18 14:02:12 info: [0mOPTIONS /api/v1/dynamicforms/all [32m204[0m 0.118 ms - 0[0m
2025-06-18 14:02:12 info: [0mGET /api/v1/dynamicforms/all [36m304[0m 7.483 ms - -[0m
2025-06-18 14:02:12 info: [0mGET /api/v1/dynamicforms/all [36m304[0m 13.222 ms - -[0m
2025-06-18 14:04:38 info: [0mOPTIONS /api/v1/dynamicforms/getformbyid [32m204[0m 0.302 ms - 0[0m
2025-06-18 14:04:38 info: [0mOPTIONS /api/v1/dynamicforms/getformbyid [32m204[0m 0.246 ms - 0[0m
2025-06-18 14:04:38 info: [0mPOST /api/v1/dynamicforms/getformbyid [32m200[0m 5.303 ms - -[0m
2025-06-18 14:04:38 info: [0mPOST /api/v1/dynamicforms/getformbyid [32m200[0m 24.284 ms - -[0m
2025-06-18 14:08:31 info: [0mOPTIONS /api/v1/dynamicforms/getformbyid [32m204[0m 0.122 ms - 0[0m
2025-06-18 14:08:31 info: [0mOPTIONS /api/v1/dynamicforms/getformbyid [32m204[0m 0.151 ms - 0[0m
2025-06-18 14:08:31 info: [0mPOST /api/v1/dynamicforms/getformbyid [32m200[0m 7.511 ms - -[0m
2025-06-18 14:08:31 info: [0mPOST /api/v1/dynamicforms/getformbyid [32m200[0m 11.794 ms - -[0m
2025-06-18 14:36:34 info: [0mOPTIONS /api/v1/dynamicforms/all [32m204[0m 0.233 ms - 0[0m
2025-06-18 14:36:34 info: [0mOPTIONS /api/v1/dynamicforms/all [32m204[0m 0.152 ms - 0[0m
2025-06-18 14:36:52 info: [0mOPTIONS /api/v1/event/activeevents [32m204[0m 0.558 ms - 0[0m
2025-06-18 14:36:52 info: [0mOPTIONS /api/v1/event/activeevents [32m204[0m 0.138 ms - 0[0m
2025-06-18 14:36:52 info: [0mGET /api/v1/event/activeevents [36m304[0m 11.863 ms - -[0m
2025-06-18 14:36:52 info: [0mGET /api/v1/event/activeevents [36m304[0m 10.255 ms - -[0m
2025-06-18 14:36:56 info: [0mOPTIONS /api/v1/tags/geteventtags [32m204[0m 0.092 ms - 0[0m
2025-06-18 14:36:56 info: [0mOPTIONS /api/v1/tags/geteventtags [32m204[0m 0.084 ms - 0[0m
2025-06-18 14:36:56 info: [0mGET /api/v1/tags/geteventtags [36m304[0m 14.672 ms - -[0m
2025-06-18 14:36:56 info: [0mGET /api/v1/tags/geteventtags [36m304[0m 25.324 ms - -[0m
2025-06-18 14:37:00 info: [0mOPTIONS /api/v1/event/activeevents [32m204[0m 0.128 ms - 0[0m
2025-06-18 14:37:00 info: [0mOPTIONS /api/v1/event/activeevents [32m204[0m 1.142 ms - 0[0m
2025-06-18 14:37:00 info: [0mGET /api/v1/event/activeevents [36m304[0m 7.790 ms - -[0m
2025-06-18 14:37:00 info: [0mGET /api/v1/event/activeevents [36m304[0m 8.090 ms - -[0m
2025-06-18 14:37:13 info: [0mOPTIONS /api/v1/booking/activebookings [32m204[0m 0.173 ms - 0[0m
2025-06-18 14:37:13 info: [0mOPTIONS /api/v1/booking/activebookings [32m204[0m 0.163 ms - 0[0m
2025-06-18 14:37:13 info: [0mGET /api/v1/booking/activebookings [36m304[0m 15.766 ms - -[0m
2025-06-18 14:37:13 info: [0mGET /api/v1/booking/activebookings [36m304[0m 4.888 ms - -[0m
2025-06-18 14:37:51 info: [0mOPTIONS /api/v1/event/activeevents [32m204[0m 0.229 ms - 0[0m
2025-06-18 14:37:51 info: [0mOPTIONS /api/v1/event/activeevents [32m204[0m 0.591 ms - 0[0m
2025-06-18 14:37:51 info: [0mGET /api/v1/event/activeevents [36m304[0m 8.704 ms - -[0m
2025-06-18 14:37:51 info: [0mGET /api/v1/event/activeevents [36m304[0m 7.035 ms - -[0m
2025-06-18 14:38:19 info: [0mOPTIONS /api/v1/event/activeevents [32m204[0m 0.171 ms - 0[0m
2025-06-18 14:38:19 info: [0mOPTIONS /api/v1/event/activeevents [32m204[0m 0.182 ms - 0[0m
2025-06-18 14:38:19 info: [0mGET /api/v1/event/activeevents [36m304[0m 14.857 ms - -[0m
2025-06-18 14:38:19 info: [0mGET /api/v1/event/activeevents [36m304[0m 6.924 ms - -[0m
2025-06-18 15:03:51 info: [0mOPTIONS /api/v1/event/editevent/16 [32m204[0m 0.134 ms - 0[0m
2025-06-18 15:03:51 info: [0mOPTIONS /api/v1/tags/geteventtags [32m204[0m 0.230 ms - 0[0m
2025-06-18 15:03:51 info: [0mOPTIONS /api/v1/event/editevent/16 [32m204[0m 0.163 ms - 0[0m
2025-06-18 15:03:51 info: [0mOPTIONS /api/v1/tags/geteventtags [32m204[0m 0.330 ms - 0[0m
2025-06-18 15:03:51 info: [0mGET /api/v1/event/editevent/16 [36m304[0m 47.774 ms - -[0m
2025-06-18 15:03:51 info: [0mGET /api/v1/tags/geteventtags [36m304[0m 46.896 ms - -[0m
2025-06-18 15:03:52 info: [0mGET /api/v1/event/editevent/16 [36m304[0m 9.164 ms - -[0m
2025-06-18 15:03:52 info: [0mGET /api/v1/tags/geteventtags [36m304[0m 3.643 ms - -[0m
2025-06-18 15:03:53 info: [0mOPTIONS /api/v1/dynamicforms/all [32m204[0m 0.165 ms - 0[0m
2025-06-18 15:03:53 info: [0mOPTIONS /api/v1/dynamicforms/all [32m204[0m 0.147 ms - 0[0m
2025-06-18 15:03:53 info: [0mGET /api/v1/dynamicforms/all [36m304[0m 5.456 ms - -[0m
2025-06-18 15:03:53 info: [0mGET /api/v1/dynamicforms/all [36m304[0m 4.750 ms - -[0m
2025-06-18 15:03:55 info: [0mOPTIONS /api/v1/dynamicforms/getformbyid [32m204[0m 0.233 ms - 0[0m
2025-06-18 15:03:55 info: [0mOPTIONS /api/v1/dynamicforms/getformbyid [32m204[0m 0.202 ms - 0[0m
2025-06-18 15:03:55 info: [0mPOST /api/v1/dynamicforms/getformbyid [32m200[0m 12.873 ms - -[0m
2025-06-18 15:03:55 info: [0mPOST /api/v1/dynamicforms/getformbyid [32m200[0m 9.957 ms - -[0m
2025-06-18 15:04:01 info: [0mOPTIONS /api/v1/dynamicforms/all [32m204[0m 0.126 ms - 0[0m
2025-06-18 15:04:01 info: [0mOPTIONS /api/v1/dynamicforms/all [32m204[0m 0.201 ms - 0[0m
2025-06-18 15:04:01 info: [0mGET /api/v1/dynamicforms/all [36m304[0m 6.037 ms - -[0m
2025-06-18 15:04:01 info: [0mGET /api/v1/dynamicforms/all [36m304[0m 7.012 ms - -[0m
2025-06-18 15:07:31 info: [0mOPTIONS /api/v1/dynamicforms/getformbyid [32m204[0m 0.120 ms - 0[0m
2025-06-18 15:07:31 info: [0mOPTIONS /api/v1/dynamicforms/getformbyid [32m204[0m 0.079 ms - 0[0m
2025-06-18 15:07:31 info: [0mPOST /api/v1/dynamicforms/getformbyid [32m200[0m 10.446 ms - -[0m
2025-06-18 15:07:31 info: [0mPOST /api/v1/dynamicforms/getformbyid [32m200[0m 14.791 ms - -[0m
2025-06-18 15:08:14 info: [0mOPTIONS /api/v1/dynamicforms/getformbyid [32m204[0m 0.106 ms - 0[0m
2025-06-18 15:08:14 info: [0mPOST /api/v1/dynamicforms/getformbyid [32m200[0m 4.300 ms - -[0m
2025-06-18 15:13:37 info: [0mOPTIONS /api/v1/dynamicforms/getformbyid [32m204[0m 0.467 ms - 0[0m
2025-06-18 15:13:37 info: [0mPOST /api/v1/dynamicforms/getformbyid [32m200[0m 6.972 ms - -[0m
2025-06-18 15:13:40 info: [0mPOST /api/v1/dynamicforms/getformbyid [32m200[0m 7.144 ms - -[0m
2025-06-18 15:14:07 info: [0mOPTIONS /api/v1/dynamicforms/getformbyid [32m204[0m 0.128 ms - 0[0m
2025-06-18 15:14:07 info: [0mPOST /api/v1/dynamicforms/getformbyid [32m200[0m 4.266 ms - -[0m
2025-06-18 15:16:21 info: [0mOPTIONS /api/v1/dynamicforms/getformbyid [32m204[0m 0.122 ms - 0[0m
2025-06-18 15:16:21 info: [0mOPTIONS /api/v1/dynamicforms/getformbyid [32m204[0m 0.437 ms - 0[0m
2025-06-18 15:16:21 info: [0mPOST /api/v1/dynamicforms/getformbyid [32m200[0m 8.760 ms - -[0m
2025-06-18 15:16:21 info: [0mPOST /api/v1/dynamicforms/getformbyid [32m200[0m 10.521 ms - -[0m
2025-06-18 15:17:39 info: [0mOPTIONS /api/v1/dynamicforms/getformbyid [32m204[0m 0.139 ms - 0[0m
2025-06-18 15:17:39 info: [0mPOST /api/v1/dynamicforms/getformbyid [32m200[0m 14.093 ms - -[0m
2025-06-18 15:17:51 info: [0mOPTIONS /api/v1/dynamicforms/getformbyid [32m204[0m 0.200 ms - 0[0m
2025-06-18 15:17:51 info: [0mPOST /api/v1/dynamicforms/getformbyid [32m200[0m 3.489 ms - -[0m
2025-06-18 15:19:01 info: [0mOPTIONS /api/v1/dynamicforms/getformbyid [32m204[0m 0.238 ms - 0[0m
2025-06-18 15:19:01 info: [0mOPTIONS /api/v1/dynamicforms/getformbyid [32m204[0m 0.174 ms - 0[0m
2025-06-18 15:19:01 info: [0mPOST /api/v1/dynamicforms/getformbyid [32m200[0m 23.915 ms - -[0m
2025-06-18 15:19:01 info: [0mPOST /api/v1/dynamicforms/getformbyid [32m200[0m 16.013 ms - -[0m
2025-06-18 15:19:23 info: [0mOPTIONS /api/v1/dynamicforms/getformbyid [32m204[0m 0.198 ms - 0[0m
2025-06-18 15:19:23 info: [0mPOST /api/v1/dynamicforms/getformbyid [32m200[0m 7.074 ms - -[0m
2025-06-18 15:22:00 info: [0mOPTIONS /api/v1/dynamicforms/getformbyid [32m204[0m 0.120 ms - 0[0m
2025-06-18 15:22:00 info: [0mPOST /api/v1/dynamicforms/getformbyid [32m200[0m 5.039 ms - -[0m
2025-06-18 15:22:37 info: [0mOPTIONS /api/v1/dynamicforms/getformbyid [32m204[0m 0.214 ms - 0[0m
2025-06-18 15:22:37 info: [0mOPTIONS /api/v1/dynamicforms/getformbyid [32m204[0m 0.505 ms - 0[0m
2025-06-18 15:22:37 info: [0mPOST /api/v1/dynamicforms/getformbyid [32m200[0m 27.563 ms - -[0m
2025-06-18 15:22:37 info: [0mPOST /api/v1/dynamicforms/getformbyid [32m200[0m 9.198 ms - -[0m
2025-06-18 15:23:31 info: [0mOPTIONS /api/v1/dynamicforms/getformbyid [32m204[0m 0.122 ms - 0[0m
2025-06-18 15:23:31 info: [0mPOST /api/v1/dynamicforms/getformbyid [32m200[0m 7.537 ms - -[0m
2025-06-18 15:23:39 info: [0mOPTIONS /api/v1/dynamicforms/getformbyid [32m204[0m 0.146 ms - 0[0m
2025-06-18 15:23:39 info: [0mPOST /api/v1/dynamicforms/getformbyid [32m200[0m 7.639 ms - -[0m
2025-06-18 15:23:49 info: [0mOPTIONS /api/v1/dynamicforms/getformbyid [32m204[0m 0.132 ms - 0[0m
2025-06-18 15:23:49 info: [0mPOST /api/v1/dynamicforms/getformbyid [32m200[0m 5.662 ms - -[0m
2025-06-18 15:25:04 info: [0mOPTIONS /api/v1/dynamicforms/getformbyid [32m204[0m 0.116 ms - 0[0m
2025-06-18 15:25:04 info: [0mPOST /api/v1/dynamicforms/getformbyid [32m200[0m 5.875 ms - -[0m
2025-06-18 15:25:23 info: [0mOPTIONS /api/v1/dynamicforms/getformbyid [32m204[0m 0.174 ms - 0[0m
2025-06-18 15:25:23 info: [0mPOST /api/v1/dynamicforms/getformbyid [32m200[0m 31.877 ms - -[0m
2025-06-18 15:25:26 info: [0mPOST /api/v1/dynamicforms/getformbyid [32m200[0m 49.325 ms - -[0m
2025-06-18 15:25:26 info: [0mPOST /api/v1/dynamicforms/getformbyid [32m200[0m 62.557 ms - -[0m
2025-06-18 15:26:29 info: [0mOPTIONS /api/v1/dynamicforms/getformbyid [32m204[0m 0.164 ms - 0[0m
2025-06-18 15:26:29 info: [0mPOST /api/v1/dynamicforms/getformbyid [32m200[0m 8.149 ms - -[0m
2025-06-18 15:26:42 info: [0mOPTIONS /api/v1/dynamicforms/getformbyid [32m204[0m 0.125 ms - 0[0m
2025-06-18 15:26:42 info: [0mOPTIONS /api/v1/dynamicforms/getformbyid [32m204[0m 0.111 ms - 0[0m
2025-06-18 15:26:42 info: [0mPOST /api/v1/dynamicforms/getformbyid [32m200[0m 7.462 ms - -[0m
2025-06-18 15:26:42 info: [0mPOST /api/v1/dynamicforms/getformbyid [32m200[0m 5.539 ms - -[0m
2025-06-18 15:27:06 info: [0mOPTIONS /api/v1/dynamicforms/getformbyid [32m204[0m 0.147 ms - 0[0m
2025-06-18 15:27:06 info: [0mPOST /api/v1/dynamicforms/getformbyid [32m200[0m 6.492 ms - -[0m
2025-06-18 15:29:40 info: [0mOPTIONS /api/v1/dynamicforms/getformbyid [32m204[0m 0.122 ms - 0[0m
2025-06-18 15:29:40 info: [0mOPTIONS /api/v1/dynamicforms/getformbyid [32m204[0m 0.145 ms - 0[0m
2025-06-18 15:29:40 info: [0mPOST /api/v1/dynamicforms/getformbyid [32m200[0m 15.994 ms - -[0m
2025-06-18 15:29:40 info: [0mPOST /api/v1/dynamicforms/getformbyid [32m200[0m 11.577 ms - -[0m
2025-06-18 15:34:06 error: StatusCode : 401, Message : Wrong authentication token
2025-06-18 15:34:06 info: [0mPOST /api/v1/dynamicforms/getformbyid [33m401[0m 4.971 ms - 40[0m
2025-06-18 15:34:17 info: [0mPOST /api/v1/users/login [32m200[0m 74.282 ms - -[0m
2025-06-18 15:34:33 info: [0mPOST /api/v1/dynamicforms/getformbyid [32m200[0m 7.281 ms - -[0m
2025-06-18 15:46:22 info: [0mOPTIONS /api/v1/dynamicforms/getformbyid [32m204[0m 0.123 ms - 0[0m
2025-06-18 15:46:22 info: [0mPOST /api/v1/dynamicforms/getformbyid [32m200[0m 6.817 ms - -[0m
2025-06-18 15:46:49 info: [0mOPTIONS /api/v1/dynamicforms/getformbyid [32m204[0m 0.240 ms - 0[0m
2025-06-18 15:46:50 info: [0mOPTIONS /api/v1/dynamicforms/getformbyid [32m204[0m 5.057 ms - 0[0m
2025-06-18 15:46:50 info: [0mPOST /api/v1/dynamicforms/getformbyid [32m200[0m 64.950 ms - -[0m
2025-06-18 15:46:50 info: [0mPOST /api/v1/dynamicforms/getformbyid [32m200[0m 18.692 ms - -[0m
2025-06-18 15:47:07 info: [0mOPTIONS /api/v1/dynamicforms/getformbyid [32m204[0m 0.102 ms - 0[0m
2025-06-18 15:47:07 info: [0mPOST /api/v1/dynamicforms/getformbyid [32m200[0m 5.602 ms - -[0m
2025-06-18 15:50:40 info: [0mOPTIONS /api/v1/dynamicforms/getformbyid [32m204[0m 0.193 ms - 0[0m
2025-06-18 15:50:40 info: [0mPOST /api/v1/dynamicforms/getformbyid [32m200[0m 5.675 ms - -[0m
2025-06-18 15:50:58 info: [0mOPTIONS /api/v1/dynamicforms/getformbyid [32m204[0m 4.236 ms - 0[0m
2025-06-18 15:50:58 info: [0mOPTIONS /api/v1/dynamicforms/getformbyid [32m204[0m 0.093 ms - 0[0m
2025-06-18 15:50:58 info: [0mPOST /api/v1/dynamicforms/getformbyid [32m200[0m 16.780 ms - -[0m
2025-06-18 15:50:58 info: [0mPOST /api/v1/dynamicforms/getformbyid [32m200[0m 6.058 ms - -[0m
2025-06-18 15:55:11 info: [0mOPTIONS /api/v1/dynamicforms/all [32m204[0m 0.157 ms - 0[0m
2025-06-18 15:55:11 info: [0mOPTIONS /api/v1/dynamicforms/all [32m204[0m 0.375 ms - 0[0m
2025-06-18 15:55:11 info: [0mGET /api/v1/dynamicforms/all [32m200[0m 6.480 ms - -[0m
2025-06-18 15:55:11 info: [0mGET /api/v1/dynamicforms/all [36m304[0m 5.014 ms - -[0m
2025-06-18 15:55:19 info: [0mOPTIONS /api/v1/dynamicforms/getformbyid [32m204[0m 0.356 ms - 0[0m
2025-06-18 15:55:19 info: [0mOPTIONS /api/v1/dynamicforms/getformbyid [32m204[0m 1.795 ms - 0[0m
2025-06-18 15:55:19 info: [0mPOST /api/v1/dynamicforms/getformbyid [32m200[0m 75.381 ms - 440[0m
2025-06-18 15:55:19 info: [0mPOST /api/v1/dynamicforms/getformbyid [32m200[0m 23.643 ms - 440[0m
2025-06-18 15:55:24 info: [0mPOST /api/v1/dynamicforms/getformbyid [32m200[0m 30.584 ms - -[0m
2025-06-18 15:55:24 info: [0mPOST /api/v1/dynamicforms/getformbyid [32m200[0m 5.932 ms - -[0m
2025-06-18 15:55:27 info: [0mOPTIONS /api/v1/dynamicforms/all [32m204[0m 0.167 ms - 0[0m
2025-06-18 15:55:27 info: [0mOPTIONS /api/v1/dynamicforms/all [32m204[0m 0.125 ms - 0[0m
2025-06-18 15:55:27 info: [0mGET /api/v1/dynamicforms/all [36m304[0m 3.638 ms - -[0m
2025-06-18 15:55:27 info: [0mGET /api/v1/dynamicforms/all [36m304[0m 5.654 ms - -[0m
2025-06-18 15:55:55 info: [0mOPTIONS /api/v1/dynamicforms/getformbyid [32m204[0m 0.221 ms - 0[0m
2025-06-18 15:55:55 info: [0mOPTIONS /api/v1/dynamicforms/getformbyid [32m204[0m 0.430 ms - 0[0m
2025-06-18 15:55:55 info: [0mPOST /api/v1/dynamicforms/getformbyid [32m200[0m 110.386 ms - -[0m
2025-06-18 15:55:55 info: [0mPOST /api/v1/dynamicforms/getformbyid [32m200[0m 11.586 ms - -[0m
2025-06-18 15:55:58 info: [0mOPTIONS /api/v1/dynamicforms/all [32m204[0m 0.157 ms - 0[0m
2025-06-18 15:55:58 info: [0mOPTIONS /api/v1/dynamicforms/all [32m204[0m 0.243 ms - 0[0m
2025-06-18 15:55:58 info: [0mGET /api/v1/dynamicforms/all [36m304[0m 11.790 ms - -[0m
2025-06-18 15:55:58 info: [0mGET /api/v1/dynamicforms/all [36m304[0m 7.449 ms - -[0m
2025-06-18 15:56:00 info: [0mOPTIONS /api/v1/dynamicforms/getformbyid [32m204[0m 0.141 ms - 0[0m
2025-06-18 15:56:00 info: [0mOPTIONS /api/v1/dynamicforms/getformbyid [32m204[0m 0.087 ms - 0[0m
2025-06-18 15:56:01 info: [0mPOST /api/v1/dynamicforms/getformbyid [32m200[0m 143.134 ms - 440[0m
2025-06-18 15:56:01 info: [0mPOST /api/v1/dynamicforms/getformbyid [32m200[0m 34.335 ms - 440[0m
2025-06-18 15:56:40 info: [0mOPTIONS /api/v1/dynamicforms/all [32m204[0m 0.120 ms - 0[0m
2025-06-18 15:56:40 info: [0mOPTIONS /api/v1/dynamicforms/all [32m204[0m 0.139 ms - 0[0m
2025-06-18 15:56:41 info: [0mGET /api/v1/dynamicforms/all [36m304[0m 3.917 ms - -[0m
2025-06-18 15:56:41 info: [0mGET /api/v1/dynamicforms/all [36m304[0m 6.903 ms - -[0m
2025-06-18 15:57:39 info: [0mOPTIONS /api/v1/dynamicforms/all [32m204[0m 0.211 ms - 0[0m
2025-06-18 15:57:39 info: [0mOPTIONS /api/v1/dynamicforms/all [32m204[0m 0.189 ms - 0[0m
2025-06-18 15:57:39 info: [0mGET /api/v1/dynamicforms/all [36m304[0m 6.359 ms - -[0m
2025-06-18 15:57:39 info: [0mGET /api/v1/dynamicforms/all [36m304[0m 4.072 ms - -[0m
2025-06-18 15:59:03 info: [0mGET /api/v1/dynamicforms/all [32m200[0m 10.053 ms - -[0m
2025-06-18 15:59:47 info: [0mGET /api/v1/dynamicforms/all [32m200[0m 9.737 ms - -[0m
2025-06-18 15:59:55 info: [0mOPTIONS /api/v1/dynamicforms/all [32m204[0m 0.150 ms - 0[0m
2025-06-18 15:59:55 info: [0mOPTIONS /api/v1/dynamicforms/all [32m204[0m 0.142 ms - 0[0m
2025-06-18 15:59:55 info: [0mGET /api/v1/dynamicforms/all [32m200[0m 10.477 ms - -[0m
2025-06-18 15:59:55 info: [0mGET /api/v1/dynamicforms/all [36m304[0m 6.947 ms - -[0m
2025-06-18 16:00:05 info: [0mOPTIONS /api/v1/dynamicforms/getformbyid [32m204[0m 0.214 ms - 0[0m
2025-06-18 16:00:05 info: [0mOPTIONS /api/v1/dynamicforms/getformbyid [32m204[0m 0.106 ms - 0[0m
2025-06-18 16:00:05 info: [0mPOST /api/v1/dynamicforms/getformbyid [32m200[0m 13.089 ms - -[0m
2025-06-18 16:00:05 info: [0mPOST /api/v1/dynamicforms/getformbyid [32m200[0m 10.696 ms - -[0m
2025-06-18 16:00:40 info: [0mOPTIONS /api/v1/dynamicforms/getformbyid [32m204[0m 0.094 ms - 0[0m
2025-06-18 16:00:40 info: [0mPOST /api/v1/dynamicforms/getformbyid [32m200[0m 3.005 ms - -[0m
2025-06-18 16:02:11 info: [0mOPTIONS /api/v1/dynamicforms/getformbyid [32m204[0m 0.192 ms - 0[0m
2025-06-18 16:02:11 info: [0mPOST /api/v1/dynamicforms/getformbyid [32m200[0m 8.064 ms - -[0m
2025-06-18 16:03:45 info: [0mOPTIONS /api/v1/dynamicforms/getformbyid [32m204[0m 0.144 ms - 0[0m
2025-06-18 16:03:45 info: [0mPOST /api/v1/dynamicforms/getformbyid [32m200[0m 4.369 ms - -[0m
2025-06-18 16:04:04 info: [0mOPTIONS /api/v1/dynamicforms/getformbyid [32m204[0m 0.305 ms - 0[0m
2025-06-18 16:04:04 info: [0mPOST /api/v1/dynamicforms/getformbyid [32m200[0m 7.294 ms - -[0m
2025-06-18 16:04:49 info: [0mOPTIONS /api/v1/dynamicforms/getformbyid [32m204[0m 0.182 ms - 0[0m
2025-06-18 16:04:49 info: [0mPOST /api/v1/dynamicforms/getformbyid [32m200[0m 12.372 ms - -[0m
2025-06-18 16:05:41 info: [0mOPTIONS /api/v1/dynamicforms/getformbyid [32m204[0m 0.176 ms - 0[0m
2025-06-18 16:05:41 info: [0mOPTIONS /api/v1/dynamicforms/getformbyid [32m204[0m 0.268 ms - 0[0m
2025-06-18 16:05:41 info: [0mPOST /api/v1/dynamicforms/getformbyid [32m200[0m 93.631 ms - -[0m
2025-06-18 16:05:41 info: [0mPOST /api/v1/dynamicforms/getformbyid [32m200[0m 9.473 ms - -[0m
2025-06-18 16:06:39 info: [0mOPTIONS /api/v1/dynamicforms/getformbyid [32m204[0m 0.129 ms - 0[0m
2025-06-18 16:06:39 info: [0mPOST /api/v1/dynamicforms/getformbyid [32m200[0m 3.001 ms - -[0m
2025-06-18 16:08:19 info: [0mOPTIONS /api/v1/dynamicforms/insertform [32m204[0m 0.110 ms - 0[0m
2025-06-18 16:08:19 info: [0mPOST /api/v1/dynamicforms/insertform [32m201[0m 42.146 ms - -[0m
2025-06-18 16:08:19 info: [0mOPTIONS /api/v1/dynamicforms/all [32m204[0m 0.366 ms - 0[0m
2025-06-18 16:08:19 info: [0mOPTIONS /api/v1/dynamicforms/all [32m204[0m 0.413 ms - 0[0m
2025-06-18 16:08:19 info: [0mGET /api/v1/dynamicforms/all [32m200[0m 6.401 ms - -[0m
2025-06-18 16:08:19 info: [0mGET /api/v1/dynamicforms/all [36m304[0m 3.338 ms - -[0m
2025-06-18 16:09:12 info: [0mOPTIONS /api/v1/dynamicforms/all [32m204[0m 0.188 ms - 0[0m
2025-06-18 16:09:12 info: [0mOPTIONS /api/v1/dynamicforms/all [32m204[0m 0.187 ms - 0[0m
2025-06-18 16:09:12 info: [0mGET /api/v1/dynamicforms/all [36m304[0m 55.757 ms - -[0m
2025-06-18 16:09:12 info: [0mGET /api/v1/dynamicforms/all [36m304[0m 8.301 ms - -[0m
2025-06-18 16:11:59 info: [0mGET /api/v1/dynamicforms/updateform [33m404[0m 7.219 ms - 169[0m
2025-06-18 16:12:05 error: StatusCode : 400, Message : form_data must be a json string
2025-06-18 16:12:05 info: [0mPUT /api/v1/dynamicforms/updateform [33m400[0m 10.694 ms - 45[0m
2025-06-18 16:12:43 info: [0mOPTIONS /api/v1/dynamicforms/all [32m204[0m 0.232 ms - 0[0m
2025-06-18 16:12:43 info: [0mOPTIONS /api/v1/dynamicforms/all [32m204[0m 0.120 ms - 0[0m
2025-06-18 16:12:43 info: [0mGET /api/v1/dynamicforms/all [36m304[0m 10.469 ms - -[0m
2025-06-18 16:12:43 info: [0mGET /api/v1/dynamicforms/all [36m304[0m 47.792 ms - -[0m
2025-06-18 16:13:03 info: [0mOPTIONS /api/v1/dynamicforms/all [32m204[0m 0.178 ms - 0[0m
2025-06-18 16:13:03 info: [0mGET /api/v1/dynamicforms/all [32m200[0m 5.542 ms - -[0m
2025-06-18 16:13:03 info: [0mGET /api/v1/dynamicforms/all [36m304[0m 3.364 ms - -[0m
2025-06-18 16:13:06 info: [0mOPTIONS /api/v1/dynamicforms/getformbyid [32m204[0m 0.198 ms - 0[0m
2025-06-18 16:13:06 info: [0mOPTIONS /api/v1/dynamicforms/getformbyid [32m204[0m 0.239 ms - 0[0m
2025-06-18 16:13:06 info: [0mPOST /api/v1/dynamicforms/getformbyid [32m200[0m 19.422 ms - -[0m
2025-06-18 16:13:06 info: [0mPOST /api/v1/dynamicforms/getformbyid [32m200[0m 9.537 ms - -[0m
2025-06-18 16:13:52 info: [0mOPTIONS /api/v1/dynamicforms/getformbyid [32m204[0m 0.163 ms - 0[0m
2025-06-18 16:13:52 info: [0mPOST /api/v1/dynamicforms/getformbyid [32m200[0m 8.232 ms - -[0m
2025-06-18 16:13:55 info: [0mOPTIONS /api/v1/dynamicforms/updateform [32m204[0m 0.099 ms - 0[0m
2025-06-18 16:13:55 error: StatusCode : 400, Message : id must be a number conforming to the specified constraints, created_by must be a number conforming to the specified constraints, created_by should not be empty
2025-06-18 16:13:55 info: [0mPUT /api/v1/dynamicforms/updateform [33m400[0m 6.971 ms - 174[0m
2025-06-18 16:17:16 info: 🚀 App listening on the port 8000. Current Env development.
2025-06-18 16:17:16 info: [0mOPTIONS /api/v1/dynamicforms/updateform [32m204[0m 1.761 ms - 0[0m
2025-06-18 16:17:16 error: StatusCode : 400, Message : id must be a number conforming to the specified constraints
2025-06-18 16:17:16 info: [0mPUT /api/v1/dynamicforms/updateform [33m400[0m 118.662 ms - 73[0m
2025-06-18 16:18:37 info: 🚀 App listening on the port 8000. Current Env development.
2025-06-18 16:18:37 info: [0mOPTIONS /api/v1/dynamicforms/updateform [32m204[0m 1.114 ms - 0[0m
2025-06-18 16:18:37 error: StatusCode : 400, Message : id must be an integer number
2025-06-18 16:18:37 info: [0mPUT /api/v1/dynamicforms/updateform [33m400[0m 180.654 ms - 42[0m
2025-06-18 16:22:13 info: [0mOPTIONS /api/v1/dynamicforms/getformbyid [32m204[0m 0.188 ms - 0[0m
2025-06-18 16:22:13 info: [0mPOST /api/v1/dynamicforms/getformbyid [32m200[0m 14.350 ms - -[0m
2025-06-18 16:23:51 info: [0mOPTIONS /api/v1/dynamicforms/updateform [32m204[0m 0.232 ms - 0[0m
2025-06-18 16:23:51 error: StatusCode : 400, Message : id must be an integer number
2025-06-18 16:23:51 info: [0mPUT /api/v1/dynamicforms/updateform [33m400[0m 10.439 ms - 42[0m
2025-06-18 16:23:52 info: [0mOPTIONS /api/v1/dynamicforms/getformbyid [32m204[0m 0.137 ms - 0[0m
2025-06-18 16:23:52 info: [0mPOST /api/v1/dynamicforms/getformbyid [32m200[0m 5.556 ms - -[0m
2025-06-18 16:23:58 info: [0mOPTIONS /api/v1/dynamicforms/updateform [32m204[0m 0.290 ms - 0[0m
2025-06-18 16:23:58 info: [0mPUT /api/v1/dynamicforms/updateform [32m200[0m 26.653 ms - -[0m
2025-06-18 16:23:58 info: [0mOPTIONS /api/v1/dynamicforms/all [32m204[0m 0.215 ms - 0[0m
2025-06-18 16:23:58 info: [0mOPTIONS /api/v1/dynamicforms/all [32m204[0m 0.121 ms - 0[0m
2025-06-18 16:23:58 info: [0mGET /api/v1/dynamicforms/all [32m200[0m 10.638 ms - -[0m
2025-06-18 16:23:58 info: [0mGET /api/v1/dynamicforms/all [36m304[0m 13.870 ms - -[0m
2025-06-18 16:24:06 info: [0mOPTIONS /api/v1/dynamicforms/all [32m204[0m 0.266 ms - 0[0m
2025-06-18 16:24:06 info: [0mOPTIONS /api/v1/dynamicforms/all [32m204[0m 0.293 ms - 0[0m
2025-06-18 16:24:06 info: [0mGET /api/v1/dynamicforms/all [36m304[0m 11.855 ms - -[0m
2025-06-18 16:24:06 info: [0mGET /api/v1/dynamicforms/all [36m304[0m 85.228 ms - -[0m
2025-06-18 16:24:10 info: [0mOPTIONS /api/v1/dynamicforms/getformbyid [32m204[0m 1.636 ms - 0[0m
2025-06-18 16:24:10 info: [0mOPTIONS /api/v1/dynamicforms/getformbyid [32m204[0m 0.170 ms - 0[0m
2025-06-18 16:24:10 info: [0mPOST /api/v1/dynamicforms/getformbyid [32m200[0m 37.058 ms - -[0m
2025-06-18 16:24:10 info: [0mPOST /api/v1/dynamicforms/getformbyid [32m200[0m 27.185 ms - -[0m
2025-06-18 16:24:26 info: [0mOPTIONS /api/v1/dynamicforms/updateform [32m204[0m 0.177 ms - 0[0m
2025-06-18 16:24:26 info: [0mPUT /api/v1/dynamicforms/updateform [32m200[0m 16.287 ms - -[0m
2025-06-18 16:24:26 info: [0mOPTIONS /api/v1/dynamicforms/all [32m204[0m 0.245 ms - 0[0m
2025-06-18 16:24:26 info: [0mOPTIONS /api/v1/dynamicforms/all [32m204[0m 0.107 ms - 0[0m
2025-06-18 16:24:26 info: [0mGET /api/v1/dynamicforms/all [32m200[0m 7.625 ms - -[0m
2025-06-18 16:24:26 info: [0mGET /api/v1/dynamicforms/all [36m304[0m 5.393 ms - -[0m
2025-06-18 16:24:29 info: [0mOPTIONS /api/v1/dynamicforms/getformbyid [32m204[0m 0.266 ms - 0[0m
2025-06-18 16:24:29 info: [0mOPTIONS /api/v1/dynamicforms/getformbyid [32m204[0m 0.408 ms - 0[0m
2025-06-18 16:24:30 info: [0mPOST /api/v1/dynamicforms/getformbyid [32m200[0m 167.998 ms - -[0m
2025-06-18 16:24:30 info: [0mPOST /api/v1/dynamicforms/getformbyid [32m200[0m 41.580 ms - -[0m
2025-06-18 16:25:07 info: [0mOPTIONS /api/v1/dynamicforms/updateform [32m204[0m 0.099 ms - 0[0m
2025-06-18 16:25:07 info: [0mPUT /api/v1/dynamicforms/updateform [32m200[0m 6.981 ms - -[0m
2025-06-18 16:25:07 info: [0mOPTIONS /api/v1/dynamicforms/all [32m204[0m 0.164 ms - 0[0m
2025-06-18 16:25:07 info: [0mOPTIONS /api/v1/dynamicforms/all [32m204[0m 0.147 ms - 0[0m
2025-06-18 16:25:07 info: [0mGET /api/v1/dynamicforms/all [32m200[0m 5.430 ms - -[0m
2025-06-18 16:25:07 info: [0mGET /api/v1/dynamicforms/all [36m304[0m 5.644 ms - -[0m
2025-06-18 16:25:15 info: [0mOPTIONS /api/v1/dynamicforms/getformbyid [32m204[0m 0.109 ms - 0[0m
2025-06-18 16:25:15 info: [0mOPTIONS /api/v1/dynamicforms/getformbyid [32m204[0m 0.086 ms - 0[0m
2025-06-18 16:25:15 info: [0mPOST /api/v1/dynamicforms/getformbyid [32m200[0m 8.770 ms - -[0m
2025-06-18 16:25:15 info: [0mPOST /api/v1/dynamicforms/getformbyid [32m200[0m 5.784 ms - -[0m
2025-06-18 16:26:05 info: [0mOPTIONS /api/v1/dynamicforms/all [32m204[0m 0.201 ms - 0[0m
2025-06-18 16:26:05 info: [0mOPTIONS /api/v1/dynamicforms/all [32m204[0m 0.443 ms - 0[0m
2025-06-18 16:26:06 info: [0mGET /api/v1/dynamicforms/all [36m304[0m 4.980 ms - -[0m
2025-06-18 16:26:06 info: [0mGET /api/v1/dynamicforms/all [36m304[0m 4.760 ms - -[0m
2025-06-18 16:41:50 info: [0mOPTIONS /api/v1/dynamicforms/getformbyid [32m204[0m 0.530 ms - 0[0m
2025-06-18 16:41:50 info: [0mOPTIONS /api/v1/dynamicforms/getformbyid [32m204[0m 0.099 ms - 0[0m
2025-06-18 16:41:50 info: [0mPOST /api/v1/dynamicforms/getformbyid [32m200[0m 18.826 ms - -[0m
2025-06-18 16:41:50 info: [0mPOST /api/v1/dynamicforms/getformbyid [32m200[0m 13.916 ms - -[0m
2025-06-18 16:44:29 info: [0mOPTIONS /api/v1/dynamicforms/getformbyid [32m204[0m 0.158 ms - 0[0m
2025-06-18 16:44:29 info: [0mOPTIONS /api/v1/dynamicforms/getformbyid [32m204[0m 0.114 ms - 0[0m
2025-06-18 16:44:29 info: [0mPOST /api/v1/dynamicforms/getformbyid [32m200[0m 9.246 ms - -[0m
2025-06-18 16:44:29 info: [0mPOST /api/v1/dynamicforms/getformbyid [32m200[0m 6.486 ms - -[0m
2025-06-18 16:45:30 info: [0mOPTIONS /api/v1/dynamicforms/getformbyid [32m204[0m 0.610 ms - 0[0m
2025-06-18 16:45:30 info: [0mPOST /api/v1/dynamicforms/getformbyid [32m200[0m 6.091 ms - -[0m
2025-06-18 16:45:38 info: [0mOPTIONS /api/v1/dynamicforms/getformbyid [32m204[0m 0.097 ms - 0[0m
2025-06-18 16:45:38 info: [0mPOST /api/v1/dynamicforms/getformbyid [32m200[0m 4.834 ms - -[0m
2025-06-18 16:45:44 info: [0mOPTIONS /api/v1/dynamicforms/getformbyid [32m204[0m 0.135 ms - 0[0m
2025-06-18 16:45:44 info: [0mPOST /api/v1/dynamicforms/getformbyid [32m200[0m 4.287 ms - -[0m
2025-06-18 16:47:09 info: [0mOPTIONS /api/v1/dynamicforms/getformbyid [32m204[0m 0.172 ms - 0[0m
2025-06-18 16:47:09 info: [0mOPTIONS /api/v1/dynamicforms/getformbyid [32m204[0m 0.166 ms - 0[0m
2025-06-18 16:47:09 info: [0mPOST /api/v1/dynamicforms/getformbyid [32m200[0m 191.403 ms - -[0m
2025-06-18 16:47:09 info: [0mPOST /api/v1/dynamicforms/getformbyid [32m200[0m 82.043 ms - -[0m
2025-06-18 16:51:54 info: [0mOPTIONS /api/v1/dynamicforms/all [32m204[0m 0.160 ms - 0[0m
2025-06-18 16:51:54 info: [0mOPTIONS /api/v1/dynamicforms/all [32m204[0m 0.180 ms - 0[0m
2025-06-18 16:51:54 info: [0mGET /api/v1/dynamicforms/all [36m304[0m 13.935 ms - -[0m
2025-06-18 16:51:54 info: [0mGET /api/v1/dynamicforms/all [36m304[0m 5.774 ms - -[0m
2025-06-18 16:51:58 info: [0mOPTIONS /api/v1/dynamicforms/getformbyid [32m204[0m 0.501 ms - 0[0m
2025-06-18 16:51:58 info: [0mOPTIONS /api/v1/dynamicforms/getformbyid [32m204[0m 0.127 ms - 0[0m
2025-06-18 16:51:58 info: [0mPOST /api/v1/dynamicforms/getformbyid [32m200[0m 11.330 ms - -[0m
2025-06-18 16:51:58 info: [0mPOST /api/v1/dynamicforms/getformbyid [32m200[0m 7.392 ms - -[0m
2025-06-18 16:53:22 info: [0mOPTIONS /api/v1/dynamicforms/getformbyid [32m204[0m 0.153 ms - 0[0m
2025-06-18 16:53:22 info: [0mOPTIONS /api/v1/dynamicforms/getformbyid [32m204[0m 0.199 ms - 0[0m
2025-06-18 16:53:22 info: [0mPOST /api/v1/dynamicforms/getformbyid [32m200[0m 12.822 ms - -[0m
2025-06-18 16:53:22 info: [0mPOST /api/v1/dynamicforms/getformbyid [32m200[0m 8.267 ms - -[0m
2025-06-18 17:37:21 info: [0mOPTIONS /api/v1/dynamicforms/getformbyid [32m204[0m 0.134 ms - 0[0m
2025-06-18 17:37:21 info: [0mPOST /api/v1/dynamicforms/getformbyid [32m200[0m 5.045 ms - -[0m
2025-06-18 17:37:45 info: [0mOPTIONS /api/v1/dynamicforms/getformbyid [32m204[0m 0.120 ms - 0[0m
2025-06-18 17:37:45 info: [0mPOST /api/v1/dynamicforms/getformbyid [32m200[0m 7.596 ms - -[0m
2025-06-18 17:39:38 info: [0mOPTIONS /api/v1/dynamicforms/getformbyid [32m204[0m 0.319 ms - 0[0m
2025-06-18 17:39:38 info: [0mOPTIONS /api/v1/dynamicforms/getformbyid [32m204[0m 0.161 ms - 0[0m
2025-06-18 17:39:38 info: [0mPOST /api/v1/dynamicforms/getformbyid [32m200[0m 22.117 ms - -[0m
2025-06-18 17:39:38 info: [0mPOST /api/v1/dynamicforms/getformbyid [32m200[0m 18.897 ms - -[0m
2025-06-18 18:15:02 info: [0mOPTIONS /api/v1/booking/purchasedtickets [32m204[0m 0.240 ms - 0[0m
2025-06-18 18:15:02 info: [0mOPTIONS /api/v1/booking/purchasedtickets [32m204[0m 0.112 ms - 0[0m
2025-06-18 18:15:02 info: [0mGET /api/v1/booking/purchasedtickets [36m304[0m 30.508 ms - -[0m
2025-06-18 18:15:02 info: [0mGET /api/v1/booking/purchasedtickets [36m304[0m 8.499 ms - -[0m
2025-06-18 18:21:51 info: [0mOPTIONS /api/v1/booking/purchasedtickets [32m204[0m 0.137 ms - 0[0m
2025-06-18 18:21:51 info: [0mOPTIONS /api/v1/booking/purchasedtickets [32m204[0m 0.351 ms - 0[0m
2025-06-18 18:21:51 info: [0mGET /api/v1/booking/purchasedtickets [36m304[0m 9.322 ms - -[0m
2025-06-18 18:21:51 info: [0mGET /api/v1/booking/purchasedtickets [36m304[0m 10.188 ms - -[0m
2025-06-18 18:21:59 info: [0mOPTIONS /api/v1/event/activeevents [32m204[0m 0.371 ms - 0[0m
2025-06-18 18:21:59 info: [0mOPTIONS /api/v1/event/activeevents [32m204[0m 0.244 ms - 0[0m
2025-06-18 18:21:59 info: [0mGET /api/v1/event/activeevents [36m304[0m 20.311 ms - -[0m
2025-06-18 18:21:59 info: [0mGET /api/v1/event/activeevents [36m304[0m 8.049 ms - -[0m
2025-06-18 18:22:16 info: [0mOPTIONS /api/v1/dynamicforms/all [32m204[0m 0.108 ms - 0[0m
2025-06-18 18:22:16 info: [0mOPTIONS /api/v1/dynamicforms/all [32m204[0m 0.104 ms - 0[0m
2025-06-18 18:22:16 info: [0mGET /api/v1/dynamicforms/all [36m304[0m 8.683 ms - -[0m
2025-06-18 18:22:16 info: [0mGET /api/v1/dynamicforms/all [36m304[0m 3.412 ms - -[0m
2025-06-18 18:22:19 info: [0mGET /api/v1/dynamicforms/all [36m304[0m 5.317 ms - -[0m
2025-06-18 18:22:19 info: [0mGET /api/v1/dynamicforms/all [36m304[0m 6.499 ms - -[0m
2025-06-18 18:22:23 info: [0mOPTIONS /api/v1/dynamicforms/getformbyid [32m204[0m 0.153 ms - 0[0m
2025-06-18 18:22:23 info: [0mOPTIONS /api/v1/dynamicforms/getformbyid [32m204[0m 0.099 ms - 0[0m
2025-06-18 18:22:23 info: [0mPOST /api/v1/dynamicforms/getformbyid [32m200[0m 24.770 ms - -[0m
2025-06-18 18:22:23 info: [0mPOST /api/v1/dynamicforms/getformbyid [32m200[0m 17.505 ms - -[0m
2025-06-18 18:22:28 info: [0mOPTIONS /api/v1/dynamicforms/all [32m204[0m 0.266 ms - 0[0m
2025-06-18 18:22:28 info: [0mOPTIONS /api/v1/dynamicforms/all [32m204[0m 0.145 ms - 0[0m
2025-06-18 18:22:28 info: [0mGET /api/v1/dynamicforms/all [36m304[0m 17.342 ms - -[0m
2025-06-18 18:22:28 info: [0mGET /api/v1/dynamicforms/all [36m304[0m 8.153 ms - -[0m
2025-06-18 18:22:38 info: [0mOPTIONS /api/v1/dynamicforms/getformbyid [32m204[0m 0.179 ms - 0[0m
2025-06-18 18:22:38 info: [0mOPTIONS /api/v1/dynamicforms/getformbyid [32m204[0m 0.151 ms - 0[0m
2025-06-18 18:22:38 info: [0mPOST /api/v1/dynamicforms/getformbyid [32m200[0m 10.703 ms - 440[0m
2025-06-18 18:22:38 info: [0mPOST /api/v1/dynamicforms/getformbyid [32m200[0m 6.448 ms - 440[0m
2025-06-18 18:22:41 info: [0mOPTIONS /api/v1/dynamicforms/deleteform [32m204[0m 0.154 ms - 0[0m
2025-06-18 18:22:41 info: [0mPOST /api/v1/dynamicforms/deleteform [33m404[0m 12.469 ms - 170[0m
2025-06-18 18:23:00 info: 🚀 App listening on the port 8000. Current Env development.
2025-06-18 18:23:54 info: 🚀 App listening on the port 8000. Current Env development.
2025-06-18 18:24:09 info: 🚀 App listening on the port 8000. Current Env development.
2025-06-18 18:24:38 info: 🚀 App listening on the port 8000. Current Env development.
2025-06-18 18:24:44 info: 🚀 App listening on the port 8000. Current Env development.
2025-06-18 18:24:48 info: 🚀 App listening on the port 8000. Current Env development.
2025-06-18 18:25:34 info: 🚀 App listening on the port 8000. Current Env development.
2025-06-18 18:25:43 info: 🚀 App listening on the port 8000. Current Env development.
2025-06-18 18:25:50 info: 🚀 App listening on the port 8000. Current Env development.
2025-06-18 18:26:45 info: 🚀 App listening on the port 8000. Current Env development.
2025-06-18 18:26:53 info: 🚀 App listening on the port 8000. Current Env development.
2025-06-18 18:27:24 info: 🚀 App listening on the port 8000. Current Env development.
2025-06-18 18:27:43 info: 🚀 App listening on the port 8000. Current Env development.
2025-06-18 18:27:52 info: 🚀 App listening on the port 8000. Current Env development.
2025-06-18 18:30:05 error: StatusCode : 400, Message : Unexpected token '}', ..."ed_at": 
}" is not valid JSON
2025-06-18 18:30:05 info: [0mPUT /api/v1/dynamicforms/deleteform [33m400[0m 24.206 ms - 75[0m
2025-06-18 18:30:49 error: StatusCode : 400, Message : form_title must be a string, form_title should not be empty, form_description must be a string, form_description should not be empty, form_data must be a json string, form_data should not be empty
2025-06-18 18:30:49 info: [0mPUT /api/v1/dynamicforms/deleteform [33m400[0m 164.547 ms - 210[0m
2025-06-18 18:31:08 info: 🚀 App listening on the port 8000. Current Env development.
2025-06-18 18:31:10 info: [0mPUT /api/v1/dynamicforms/deleteform [33m400[0m 73.525 ms - 51[0m
2025-06-18 18:31:26 info: 🚀 App listening on the port 8000. Current Env development.
2025-06-18 18:31:27 info: [0mPUT /api/v1/dynamicforms/deleteform [32m200[0m 79.543 ms - 458[0m
2025-06-18 18:31:38 info: 🚀 App listening on the port 8000. Current Env development.
2025-06-18 18:32:30 info: [0mOPTIONS /api/v1/dynamicforms/getformbyid [32m204[0m 4.138 ms - 0[0m
2025-06-18 18:32:31 info: [0mOPTIONS /api/v1/dynamicforms/getformbyid [32m204[0m 0.173 ms - 0[0m
2025-06-18 18:32:31 error: StatusCode : 404, Message : Form not found
2025-06-18 18:32:31 info: [0mPOST /api/v1/dynamicforms/getformbyid [33m404[0m 562.199 ms - 28[0m
2025-06-18 18:32:31 error: StatusCode : 404, Message : Form not found
2025-06-18 18:32:31 info: [0mPOST /api/v1/dynamicforms/getformbyid [33m404[0m 115.874 ms - 28[0m
2025-06-18 18:32:40 info: [0mOPTIONS /api/v1/dynamicforms/all [32m204[0m 0.281 ms - 0[0m
2025-06-18 18:32:40 info: [0mOPTIONS /api/v1/dynamicforms/all [32m204[0m 0.143 ms - 0[0m
2025-06-18 18:32:44 info: [0mOPTIONS /api/v1/dynamicforms/getformbyid [32m204[0m 0.553 ms - 0[0m
2025-06-18 18:32:44 info: [0mOPTIONS /api/v1/dynamicforms/getformbyid [32m204[0m 0.382 ms - 0[0m
2025-06-18 18:32:44 error: StatusCode : 404, Message : Form not found
2025-06-18 18:32:44 info: [0mPOST /api/v1/dynamicforms/getformbyid [33m404[0m 28.901 ms - 28[0m
2025-06-18 18:32:44 error: StatusCode : 404, Message : Form not found
2025-06-18 18:32:44 info: [0mPOST /api/v1/dynamicforms/getformbyid [33m404[0m 26.880 ms - 28[0m
2025-06-18 18:32:46 info: [0mOPTIONS /api/v1/dynamicforms/all [32m204[0m 0.164 ms - 0[0m
2025-06-18 18:32:50 info: [0mOPTIONS /api/v1/dynamicforms/getformbyid [32m204[0m 0.284 ms - 0[0m
2025-06-18 18:32:50 info: [0mOPTIONS /api/v1/dynamicforms/getformbyid [32m204[0m 0.405 ms - 0[0m
2025-06-18 18:32:50 info: [0mPOST /api/v1/dynamicforms/getformbyid [32m200[0m 24.194 ms - -[0m
2025-06-18 18:32:50 info: [0mPOST /api/v1/dynamicforms/getformbyid [32m200[0m 13.570 ms - -[0m
2025-06-18 18:33:06 info: [0mOPTIONS /api/v1/dynamicforms/getformbyid [32m204[0m 0.270 ms - 0[0m
2025-06-18 18:33:06 info: [0mOPTIONS /api/v1/dynamicforms/getformbyid [32m204[0m 0.442 ms - 0[0m
2025-06-18 18:33:06 info: [0mPOST /api/v1/dynamicforms/getformbyid [32m200[0m 48.336 ms - -[0m
2025-06-18 18:33:06 info: [0mPOST /api/v1/dynamicforms/getformbyid [32m200[0m 10.629 ms - -[0m
2025-06-18 18:33:08 info: [0mOPTIONS /api/v1/dynamicforms/all [32m204[0m 0.406 ms - 0[0m
2025-06-18 18:33:08 info: [0mOPTIONS /api/v1/dynamicforms/all [32m204[0m 2.826 ms - 0[0m
2025-06-18 18:33:11 info: [0mOPTIONS /api/v1/dynamicforms/getformbyid [32m204[0m 0.249 ms - 0[0m
2025-06-18 18:33:11 info: [0mOPTIONS /api/v1/dynamicforms/getformbyid [32m204[0m 1.067 ms - 0[0m
2025-06-18 18:33:11 info: [0mPOST /api/v1/dynamicforms/getformbyid [32m200[0m 19.151 ms - -[0m
2025-06-18 18:33:11 info: [0mPOST /api/v1/dynamicforms/getformbyid [32m200[0m 28.750 ms - -[0m
2025-06-18 18:33:18 info: [0mOPTIONS /api/v1/dynamicforms/all [32m204[0m 0.776 ms - 0[0m
2025-06-18 18:33:18 info: [0mOPTIONS /api/v1/dynamicforms/all [32m204[0m 0.747 ms - 0[0m
2025-06-18 18:33:18 info: [0mGET /api/v1/dynamicforms/all [32m200[0m 11.019 ms - -[0m
2025-06-18 18:33:18 info: [0mGET /api/v1/dynamicforms/all [36m304[0m 12.177 ms - -[0m
2025-06-18 18:34:18 info: 🚀 App listening on the port 8000. Current Env development.
2025-06-18 18:36:10 info: [0mOPTIONS /api/v1/dynamicforms/getformbyid [32m204[0m 3.257 ms - 0[0m
2025-06-18 18:36:10 info: [0mOPTIONS /api/v1/dynamicforms/getformbyid [32m204[0m 0.259 ms - 0[0m
2025-06-18 18:36:11 info: [0mPOST /api/v1/dynamicforms/getformbyid [32m200[0m 155.460 ms - 583[0m
2025-06-18 18:36:11 info: [0mPOST /api/v1/dynamicforms/getformbyid [32m200[0m 98.371 ms - 583[0m
2025-06-18 18:36:16 info: [0mOPTIONS /api/v1/dynamicforms/deleteform [32m204[0m 0.295 ms - 0[0m
2025-06-18 18:36:16 info: [0mPOST /api/v1/dynamicforms/deleteform [33m404[0m 5.269 ms - 170[0m
2025-06-18 18:36:50 info: [0mOPTIONS /api/v1/dynamicforms/getformbyid [32m204[0m 0.373 ms - 0[0m
2025-06-18 18:36:50 info: [0mPOST /api/v1/dynamicforms/getformbyid [32m200[0m 7.361 ms - 583[0m
2025-06-18 18:36:58 info: [0mOPTIONS /api/v1/dynamicforms/getformbyid [32m204[0m 0.250 ms - 0[0m
2025-06-18 18:36:58 info: [0mOPTIONS /api/v1/dynamicforms/getformbyid [32m204[0m 0.746 ms - 0[0m
2025-06-18 18:36:58 info: [0mPOST /api/v1/dynamicforms/getformbyid [32m200[0m 122.903 ms - 583[0m
2025-06-18 18:36:58 info: [0mPOST /api/v1/dynamicforms/getformbyid [32m200[0m 17.098 ms - 583[0m
2025-06-18 18:37:01 info: [0mOPTIONS /api/v1/dynamicforms/deleteform [32m204[0m 0.248 ms - 0[0m
2025-06-18 18:37:01 info: [0mPUT /api/v1/dynamicforms/deleteform [32m200[0m 28.840 ms - 601[0m
2025-06-18 18:37:01 info: [0mOPTIONS /api/v1/dynamicforms/all [32m204[0m 0.663 ms - 0[0m
2025-06-18 18:37:02 info: [0mOPTIONS /api/v1/dynamicforms/all [32m204[0m 0.184 ms - 0[0m
2025-06-18 18:37:02 info: [0mGET /api/v1/dynamicforms/all [32m200[0m 22.415 ms - -[0m
2025-06-18 18:37:02 info: [0mGET /api/v1/dynamicforms/all [36m304[0m 11.671 ms - -[0m
2025-06-18 18:37:08 info: [0mOPTIONS /api/v1/dynamicforms/getformbyid [32m204[0m 0.245 ms - 0[0m
2025-06-18 18:37:08 info: [0mOPTIONS /api/v1/dynamicforms/getformbyid [32m204[0m 0.285 ms - 0[0m
2025-06-18 18:37:08 info: [0mPOST /api/v1/dynamicforms/getformbyid [32m200[0m 39.878 ms - -[0m
2025-06-18 18:37:08 info: [0mPOST /api/v1/dynamicforms/getformbyid [32m200[0m 30.869 ms - -[0m
2025-06-18 18:37:11 info: [0mOPTIONS /api/v1/dynamicforms/deleteform [32m204[0m 0.263 ms - 0[0m
2025-06-18 18:37:11 info: [0mPUT /api/v1/dynamicforms/deleteform [32m200[0m 22.209 ms - -[0m
2025-06-18 18:37:11 info: [0mOPTIONS /api/v1/dynamicforms/all [32m204[0m 0.467 ms - 0[0m
2025-06-18 18:37:11 info: [0mOPTIONS /api/v1/dynamicforms/all [32m204[0m 0.144 ms - 0[0m
2025-06-18 18:37:11 info: [0mGET /api/v1/dynamicforms/all [32m200[0m 15.198 ms - -[0m
2025-06-18 18:37:11 info: [0mGET /api/v1/dynamicforms/all [36m304[0m 10.558 ms - -[0m
2025-06-18 18:37:13 info: [0mOPTIONS /api/v1/dynamicforms/getformbyid [32m204[0m 0.363 ms - 0[0m
2025-06-18 18:37:13 info: [0mOPTIONS /api/v1/dynamicforms/getformbyid [32m204[0m 0.163 ms - 0[0m
2025-06-18 18:37:13 info: [0mPOST /api/v1/dynamicforms/getformbyid [32m200[0m 24.562 ms - -[0m
2025-06-18 18:37:13 info: [0mPOST /api/v1/dynamicforms/getformbyid [32m200[0m 17.814 ms - -[0m
2025-06-18 18:37:16 info: [0mOPTIONS /api/v1/dynamicforms/all [32m204[0m 0.747 ms - 0[0m
2025-06-18 18:37:16 info: [0mOPTIONS /api/v1/dynamicforms/all [32m204[0m 0.196 ms - 0[0m
2025-06-18 18:38:37 info: [0mOPTIONS /api/v1/dynamicforms/all [32m204[0m 0.274 ms - 0[0m
2025-06-18 18:38:37 info: [0mOPTIONS /api/v1/dynamicforms/all [32m204[0m 0.178 ms - 0[0m
2025-06-18 18:38:37 info: [0mGET /api/v1/dynamicforms/all [32m200[0m 183.855 ms - -[0m
2025-06-18 18:38:37 info: [0mGET /api/v1/dynamicforms/all [36m304[0m 11.196 ms - -[0m
2025-06-18 18:38:42 info: [0mOPTIONS /api/v1/dynamicforms/getformbyid [32m204[0m 0.653 ms - 0[0m
2025-06-18 18:38:42 info: [0mOPTIONS /api/v1/dynamicforms/getformbyid [32m204[0m 0.294 ms - 0[0m
2025-06-18 18:38:42 info: [0mPOST /api/v1/dynamicforms/getformbyid [32m200[0m 30.835 ms - -[0m
2025-06-18 18:38:42 info: [0mPOST /api/v1/dynamicforms/getformbyid [32m200[0m 11.812 ms - -[0m
2025-06-18 18:39:11 info: [0mPUT /api/v1/dynamicforms/all [33m404[0m 8.960 ms - 162[0m
2025-06-18 18:39:14 info: [0mGET /api/v1/dynamicforms/all [32m200[0m 6.853 ms - -[0m
2025-06-18 18:39:41 info: 🚀 App listening on the port 8000. Current Env development.
2025-06-18 18:39:45 info: 🚀 App listening on the port 8000. Current Env development.
2025-06-18 18:39:55 info: [0mOPTIONS /api/v1/dynamicforms/all [32m204[0m 1.958 ms - 0[0m
2025-06-18 18:39:55 info: [0mOPTIONS /api/v1/dynamicforms/all [32m204[0m 0.243 ms - 0[0m
2025-06-18 18:39:55 info: [0mGET /api/v1/dynamicforms/all [36m304[0m 91.989 ms - -[0m
2025-06-18 18:39:55 info: [0mGET /api/v1/dynamicforms/all [36m304[0m 8.701 ms - -[0m
2025-06-18 18:40:00 info: [0mOPTIONS /api/v1/dynamicforms/getformbyid [32m204[0m 0.197 ms - 0[0m
2025-06-18 18:40:00 info: [0mOPTIONS /api/v1/dynamicforms/getformbyid [32m204[0m 0.332 ms - 0[0m
2025-06-18 18:40:00 info: [0mPOST /api/v1/dynamicforms/getformbyid [32m200[0m 104.558 ms - -[0m
2025-06-18 18:40:00 info: [0mPOST /api/v1/dynamicforms/getformbyid [32m200[0m 36.983 ms - -[0m
2025-06-18 18:40:01 info: [0mOPTIONS /api/v1/dynamicforms/all [32m204[0m 0.230 ms - 0[0m
2025-06-18 18:40:01 info: [0mOPTIONS /api/v1/dynamicforms/all [32m204[0m 0.292 ms - 0[0m
2025-06-18 18:40:01 info: [0mGET /api/v1/dynamicforms/all [36m304[0m 19.214 ms - -[0m
2025-06-18 18:40:01 info: [0mGET /api/v1/dynamicforms/all [36m304[0m 6.980 ms - -[0m
2025-06-18 18:40:07 info: [0mOPTIONS /api/v1/dynamicforms/getformbyid [32m204[0m 0.160 ms - 0[0m
2025-06-18 18:40:07 info: [0mOPTIONS /api/v1/dynamicforms/getformbyid [32m204[0m 0.799 ms - 0[0m
2025-06-18 18:40:07 info: [0mPOST /api/v1/dynamicforms/getformbyid [32m200[0m 26.223 ms - -[0m
2025-06-18 18:40:07 info: [0mPOST /api/v1/dynamicforms/getformbyid [32m200[0m 12.759 ms - -[0m
2025-06-18 18:40:10 info: [0mOPTIONS /api/v1/dynamicforms/all [32m204[0m 0.525 ms - 0[0m
2025-06-18 18:40:10 info: [0mOPTIONS /api/v1/dynamicforms/all [32m204[0m 0.129 ms - 0[0m
2025-06-18 18:40:10 info: [0mGET /api/v1/dynamicforms/all [36m304[0m 5.550 ms - -[0m
2025-06-18 18:40:10 info: [0mGET /api/v1/dynamicforms/all [36m304[0m 7.991 ms - -[0m
2025-06-18 18:41:43 info: [0mOPTIONS /api/v1/dynamicforms/getformbyid [32m204[0m 0.236 ms - 0[0m
2025-06-18 18:41:43 info: [0mOPTIONS /api/v1/dynamicforms/getformbyid [32m204[0m 0.277 ms - 0[0m
2025-06-18 18:41:43 info: [0mPOST /api/v1/dynamicforms/getformbyid [32m200[0m 17.236 ms - -[0m
2025-06-18 18:41:43 info: [0mPOST /api/v1/dynamicforms/getformbyid [32m200[0m 10.687 ms - -[0m
2025-06-18 18:41:46 info: [0mOPTIONS /api/v1/dynamicforms/all [32m204[0m 0.188 ms - 0[0m
2025-06-18 18:41:46 info: [0mOPTIONS /api/v1/dynamicforms/all [32m204[0m 0.168 ms - 0[0m
2025-06-18 18:41:46 info: [0mGET /api/v1/dynamicforms/all [36m304[0m 7.902 ms - -[0m
2025-06-18 18:41:46 info: [0mGET /api/v1/dynamicforms/all [36m304[0m 8.221 ms - -[0m
2025-06-18 18:50:25 info: [0mOPTIONS /api/v1/event/activeevents [32m204[0m 0.168 ms - 0[0m
2025-06-18 18:50:25 info: [0mOPTIONS /api/v1/event/activeevents [32m204[0m 0.195 ms - 0[0m
2025-06-18 18:50:25 info: [0mGET /api/v1/event/activeevents [36m304[0m 17.439 ms - -[0m
2025-06-18 18:50:25 info: [0mGET /api/v1/event/activeevents [36m304[0m 15.157 ms - -[0m
2025-06-18 18:51:11 info: [0mOPTIONS /api/v1/dynamicforms/all [32m204[0m 0.183 ms - 0[0m
2025-06-18 18:51:11 info: [0mGET /api/v1/dynamicforms/all [36m304[0m 3.395 ms - -[0m
2025-06-18 18:51:14 info: [0mGET /api/v1/dynamicforms/all [36m304[0m 4.519 ms - -[0m
2025-06-18 18:51:42 info: [0mOPTIONS /api/v1/dynamicforms/all [32m204[0m 0.129 ms - 0[0m
2025-06-18 18:51:42 info: [0mGET /api/v1/dynamicforms/all [36m304[0m 7.125 ms - -[0m
2025-06-18 18:52:06 info: [0mOPTIONS /api/v1/dynamicforms/all [32m204[0m 0.150 ms - 0[0m
2025-06-18 18:52:06 info: [0mGET /api/v1/dynamicforms/all [36m304[0m 4.973 ms - -[0m
2025-06-18 19:09:28 info: [0mOPTIONS /api/v1/event/activeevents [32m204[0m 0.205 ms - 0[0m
2025-06-18 19:09:28 info: [0mOPTIONS /api/v1/event/activeevents [32m204[0m 0.732 ms - 0[0m
2025-06-18 19:09:28 info: [0mGET /api/v1/event/activeevents [36m304[0m 8.458 ms - -[0m
2025-06-18 19:09:28 info: [0mGET /api/v1/event/activeevents [36m304[0m 5.862 ms - -[0m
2025-06-18 19:09:44 info: [0mOPTIONS /api/v1/event/activeevents [32m204[0m 0.139 ms - 0[0m
2025-06-18 19:09:44 info: [0mGET /api/v1/event/activeevents [36m304[0m 5.710 ms - -[0m
2025-06-18 19:09:44 info: [0mGET /api/v1/event/activeevents [36m304[0m 4.947 ms - -[0m
2025-06-18 19:09:56 info: [0mOPTIONS /api/v1/event/activeevents [32m204[0m 0.265 ms - 0[0m
2025-06-18 19:09:56 info: [0mGET /api/v1/event/activeevents [36m304[0m 7.406 ms - -[0m
2025-06-18 19:09:56 info: [0mGET /api/v1/event/activeevents [36m304[0m 6.397 ms - -[0m
2025-06-18 19:12:46 info: [0mOPTIONS /api/v1/event/activeevents [32m204[0m 0.175 ms - 0[0m
2025-06-18 19:12:46 info: [0mOPTIONS /api/v1/event/activeevents [32m204[0m 1.290 ms - 0[0m
2025-06-18 19:12:46 info: [0mGET /api/v1/event/activeevents [36m304[0m 12.208 ms - -[0m
2025-06-18 19:12:46 info: [0mGET /api/v1/event/activeevents [36m304[0m 7.328 ms - -[0m
2025-06-18 19:27:07 info: 🚀 App listening on the port 8000. Current Env development.
