2025-06-14 09:34:26 info: 🚀 App listening on the port 8000. Current Env development.
2025-06-14 09:41:58 info: [0mOPTIONS /api/v1/dynamicforms/all [32m204[0m 1.509 ms - 0[0m
2025-06-14 09:41:59 info: [0mOPTIONS /api/v1/dynamicforms/all [32m204[0m 0.307 ms - 0[0m
2025-06-14 09:41:59 info: [0mGET /api/v1/dynamicforms/all [36m304[0m 102.865 ms - -[0m
2025-06-14 09:41:59 info: [0mGET /api/v1/dynamicforms/all [36m304[0m 7.323 ms - -[0m
2025-06-14 10:04:06 info: [0mOPTIONS /api/v1/users/login [32m204[0m 0.156 ms - 0[0m
2025-06-14 10:04:06 info: [0mPOST /api/v1/users/login [32m200[0m 110.541 ms - -[0m
2025-06-14 10:04:15 info: [0mOPTIONS /api/v1/dynamicforms/all [32m204[0m 0.631 ms - 0[0m
2025-06-14 10:04:15 info: [0mOPTIONS /api/v1/dynamicforms/all [32m204[0m 0.286 ms - 0[0m
2025-06-14 10:04:15 info: [0mGET /api/v1/dynamicforms/all [36m304[0m 9.392 ms - -[0m
2025-06-14 10:04:15 info: [0mGET /api/v1/dynamicforms/all [36m304[0m 6.327 ms - -[0m
2025-06-14 10:27:10 info: [0mOPTIONS /api/v1/dynamicforms/all [32m204[0m 0.168 ms - 0[0m
2025-06-14 10:27:10 info: [0mOPTIONS /api/v1/dynamicforms/all [32m204[0m 0.192 ms - 0[0m
2025-06-14 10:27:10 info: [0mGET /api/v1/dynamicforms/all [36m304[0m 6.670 ms - -[0m
2025-06-14 10:27:10 info: [0mGET /api/v1/dynamicforms/all [36m304[0m 8.313 ms - -[0m
2025-06-14 11:10:35 info: [0mOPTIONS /api/v1/dynamicforms/insertform [32m204[0m 0.357 ms - 0[0m
2025-06-14 11:10:35 error: StatusCode : 400, Message : form_title should not be empty, form_description should not be empty, form_data must be a json string, form_data should not be empty, created_by must be a number conforming to the specified constraints, created_by should not be empty
2025-06-14 11:10:35 info: [0mPOST /api/v1/dynamicforms/insertform [33m400[0m 71.689 ms - 247[0m
2025-06-14 11:10:43 info: [0mOPTIONS /api/v1/dynamicforms/insertform [32m204[0m 0.161 ms - 0[0m
2025-06-14 11:10:43 error: StatusCode : 400, Message : form_title should not be empty, form_description should not be empty, form_data must be a json string, form_data should not be empty, created_by must be a number conforming to the specified constraints, created_by should not be empty
2025-06-14 11:10:43 info: [0mPOST /api/v1/dynamicforms/insertform [33m400[0m 9.602 ms - 247[0m
2025-06-14 11:10:57 info: [0mOPTIONS /api/v1/dynamicforms/insertform [32m204[0m 0.116 ms - 0[0m
2025-06-14 11:10:57 error: StatusCode : 400, Message : form_data must be a json string, form_data should not be empty, created_by must be a number conforming to the specified constraints, created_by should not be empty
2025-06-14 11:10:57 info: [0mPOST /api/v1/dynamicforms/insertform [33m400[0m 7.693 ms - 177[0m
2025-06-14 11:11:25 info: [0mOPTIONS /api/v1/dynamicforms/insertform [32m204[0m 0.145 ms - 0[0m
2025-06-14 11:11:25 error: StatusCode : 400, Message : form_data must be a json string, created_by must be a number conforming to the specified constraints, created_by should not be empty
2025-06-14 11:11:25 info: [0mPOST /api/v1/dynamicforms/insertform [33m400[0m 4.225 ms - 146[0m
2025-06-14 11:12:50 info: [0mOPTIONS /api/v1/dynamicforms/insertform [32m204[0m 0.233 ms - 0[0m
2025-06-14 11:12:50 error: StatusCode : 400, Message : form_title should not be empty, form_description should not be empty, form_data must be a json string, created_by must be a number conforming to the specified constraints, created_by should not be empty
2025-06-14 11:12:50 info: [0mPOST /api/v1/dynamicforms/insertform [33m400[0m 7.192 ms - 216[0m
2025-06-14 11:12:59 info: [0mOPTIONS /api/v1/dynamicforms/insertform [32m204[0m 0.153 ms - 0[0m
2025-06-14 11:12:59 error: StatusCode : 400, Message : form_data must be a json string, created_by must be a number conforming to the specified constraints, created_by should not be empty
2025-06-14 11:12:59 info: [0mPOST /api/v1/dynamicforms/insertform [33m400[0m 12.066 ms - 146[0m
2025-06-14 11:13:47 info: [0mOPTIONS /api/v1/dynamicforms/insertform [32m204[0m 0.131 ms - 0[0m
2025-06-14 11:13:47 error: StatusCode : 400, Message : form_title should not be empty, form_description should not be empty, created_by must be a number conforming to the specified constraints, created_by should not be empty
2025-06-14 11:13:47 info: [0mPOST /api/v1/dynamicforms/insertform [33m400[0m 13.817 ms - 183[0m
2025-06-14 11:13:55 info: [0mOPTIONS /api/v1/dynamicforms/insertform [32m204[0m 0.158 ms - 0[0m
2025-06-14 11:13:55 error: StatusCode : 400, Message : created_by must be a number conforming to the specified constraints, created_by should not be empty
2025-06-14 11:13:55 info: [0mPOST /api/v1/dynamicforms/insertform [33m400[0m 3.604 ms - 113[0m
2025-06-14 11:15:11 info: [0mOPTIONS /api/v1/dynamicforms/insertform [32m204[0m 0.147 ms - 0[0m
2025-06-14 11:15:11 info: [0mPOST /api/v1/dynamicforms/insertform [32m201[0m 38.708 ms - 571[0m
2025-06-14 11:15:11 info: [0mOPTIONS /api/v1/dynamicforms/all [32m204[0m 0.384 ms - 0[0m
2025-06-14 11:15:11 info: [0mOPTIONS /api/v1/dynamicforms/all [32m204[0m 0.193 ms - 0[0m
2025-06-14 11:15:11 info: [0mGET /api/v1/dynamicforms/all [36m304[0m 16.127 ms - -[0m
2025-06-14 11:15:11 info: [0mGET /api/v1/dynamicforms/all [36m304[0m 9.830 ms - -[0m
2025-06-14 11:16:41 info: [0mOPTIONS /api/v1/dynamicforms/all [32m204[0m 0.113 ms - 0[0m
2025-06-14 11:16:41 info: [0mOPTIONS /api/v1/dynamicforms/all [32m204[0m 0.118 ms - 0[0m
2025-06-14 11:16:41 info: [0mGET /api/v1/dynamicforms/all [36m304[0m 5.709 ms - -[0m
2025-06-14 11:16:41 info: [0mGET /api/v1/dynamicforms/all [36m304[0m 3.690 ms - -[0m
2025-06-14 11:24:46 info: [0mOPTIONS /api/v1/event/activeevents [32m204[0m 0.177 ms - 0[0m
2025-06-14 11:24:46 info: [0mOPTIONS /api/v1/event/activeevents [32m204[0m 0.138 ms - 0[0m
2025-06-14 11:24:46 info: [0mGET /api/v1/event/activeevents [36m304[0m 23.019 ms - -[0m
2025-06-14 11:24:46 info: [0mGET /api/v1/event/activeevents [36m304[0m 7.699 ms - -[0m
2025-06-14 11:24:47 info: [0mOPTIONS /api/v1/tags/geteventtags [32m204[0m 0.106 ms - 0[0m
2025-06-14 11:24:47 info: [0mOPTIONS /api/v1/tags/geteventtags [32m204[0m 0.085 ms - 0[0m
2025-06-14 11:24:47 info: [0mGET /api/v1/tags/geteventtags [36m304[0m 7.850 ms - -[0m
2025-06-14 11:24:47 info: [0mGET /api/v1/tags/geteventtags [36m304[0m 4.435 ms - -[0m
2025-06-14 11:39:11 info: [0mOPTIONS /api/v1/dynamicforms/insertform [32m204[0m 0.109 ms - 0[0m
2025-06-14 11:39:11 error: StatusCode : 400, Message : form_title should not be empty, form_description should not be empty
2025-06-14 11:39:11 info: [0mPOST /api/v1/dynamicforms/insertform [33m400[0m 4.405 ms - 82[0m
2025-06-14 11:39:17 info: [0mOPTIONS /api/v1/dynamicforms/insertform [32m204[0m 0.091 ms - 0[0m
2025-06-14 11:39:17 info: [0mPOST /api/v1/dynamicforms/insertform [32m201[0m 6.089 ms - 428[0m
2025-06-14 11:39:17 info: [0mOPTIONS /api/v1/dynamicforms/all [32m204[0m 0.125 ms - 0[0m
2025-06-14 11:39:17 info: [0mOPTIONS /api/v1/dynamicforms/all [32m204[0m 0.089 ms - 0[0m
2025-06-14 11:39:17 info: [0mGET /api/v1/dynamicforms/all [32m200[0m 7.754 ms - -[0m
2025-06-14 11:39:17 info: [0mGET /api/v1/dynamicforms/all [36m304[0m 3.955 ms - -[0m
2025-06-14 11:46:42 info: 🚀 App listening on the port 8000. Current Env development.
2025-06-14 11:47:00 info: 🚀 App listening on the port 8000. Current Env development.
2025-06-14 11:47:14 info: 🚀 App listening on the port 8000. Current Env development.
2025-06-14 11:47:17 info: 🚀 App listening on the port 8000. Current Env development.
2025-06-14 11:47:42 info: [0mPOST /api/v1/users/login [32m200[0m 145.129 ms - -[0m
2025-06-14 11:49:35 error: StatusCode : 401, Message : Wrong authentication token
2025-06-14 11:49:35 info: [0mPOST /api/v1/dynamicforms/insertform [33m401[0m 6.454 ms - 40[0m
2025-06-14 11:50:10 info: [0mPOST /api/v1/dynamicforms/getformbyid [32m200[0m 12.725 ms - -[0m
2025-06-14 11:50:42 error: StatusCode : 400, Message : form_data must be a json string
2025-06-14 11:50:42 info: [0mPUT /api/v1/dynamicforms/updateform [33m400[0m 10.247 ms - 45[0m
2025-06-14 11:52:10 info: [0mPUT /api/v1/dynamicforms/updateform [32m200[0m 25.734 ms - -[0m
2025-06-14 12:00:58 info: 🚀 App listening on the port 8000. Current Env development.
2025-06-14 12:01:26 info: 🚀 App listening on the port 8000. Current Env development.
2025-06-14 12:01:47 info: 🚀 App listening on the port 8000. Current Env development.
2025-06-14 12:01:55 info: [0mPUT /api/v1/dynamicforms/updateform [32m200[0m 189.935 ms - -[0m
2025-06-14 12:02:05 info: [0mPOST /api/v1/dynamicforms/getformbyid [32m200[0m 7.211 ms - -[0m
2025-06-14 12:08:24 info: 🚀 App listening on the port 8000. Current Env development.
2025-06-14 12:08:52 info: [0mPUT /api/v1/dynamicforms/updateform [32m200[0m 88.575 ms - -[0m
2025-06-14 12:09:33 info: [0mPUT /api/v1/dynamicforms/updateform [32m200[0m 14.017 ms - -[0m
2025-06-14 12:15:13 info: 🚀 App listening on the port 8000. Current Env development.
2025-06-14 12:21:04 info: 🚀 App listening on the port 8000. Current Env development.
2025-06-14 12:21:07 info: 🚀 App listening on the port 8000. Current Env development.
2025-06-14 12:23:22 info: 🚀 App listening on the port 8000. Current Env development.
2025-06-14 12:23:32 info: 🚀 App listening on the port 8000. Current Env development.
2025-06-14 12:23:39 info: 🚀 App listening on the port 8000. Current Env development.
2025-06-14 12:24:40 info: 🚀 App listening on the port 8000. Current Env development.
2025-06-14 12:24:56 info: 🚀 App listening on the port 8000. Current Env development.
2025-06-14 12:25:04 info: 🚀 App listening on the port 8000. Current Env development.
2025-06-14 12:27:13 info: 🚀 App listening on the port 8000. Current Env development.
2025-06-14 12:27:48 info: 🚀 App listening on the port 8000. Current Env development.
2025-06-14 12:27:51 error: StatusCode : 400, Message : updated_at must be a Date instance
2025-06-14 12:27:51 info: [0mPUT /api/v1/dynamicforms/updateform [33m400[0m 126.808 ms - 48[0m
2025-06-14 12:28:19 info: 🚀 App listening on the port 8000. Current Env development.
2025-06-14 12:28:19 error: StatusCode : 400, Message : updated_at must be a Date instance
2025-06-14 12:28:19 info: [0mPUT /api/v1/dynamicforms/updateform [33m400[0m 83.023 ms - 48[0m
2025-06-14 12:28:32 info: 🚀 App listening on the port 8000. Current Env development.
2025-06-14 12:28:34 info: [0mPUT /api/v1/dynamicforms/updateform [32m200[0m 186.235 ms - -[0m
2025-06-14 12:29:02 info: 🚀 App listening on the port 8000. Current Env development.
2025-06-14 12:41:29 info: [0mPOST /api/v1/dynamicforms/getformbyid [32m200[0m 91.489 ms - -[0m
2025-06-14 15:42:05 info: [0mOPTIONS /api/v1/dynamicforms/all [32m204[0m 1.155 ms - 0[0m
2025-06-14 15:42:05 info: [0mOPTIONS /api/v1/dynamicforms/all [32m204[0m 0.146 ms - 0[0m
2025-06-14 15:42:05 info: [0mGET /api/v1/dynamicforms/all [32m200[0m 32.312 ms - -[0m
2025-06-14 15:42:05 info: [0mGET /api/v1/dynamicforms/all [36m304[0m 7.339 ms - -[0m
2025-06-14 15:44:23 info: [0mOPTIONS /api/v1/dynamicforms/all [32m204[0m 0.185 ms - 0[0m
2025-06-14 15:44:23 info: [0mOPTIONS /api/v1/dynamicforms/all [32m204[0m 0.114 ms - 0[0m
2025-06-14 15:44:23 info: [0mGET /api/v1/dynamicforms/all [36m304[0m 12.644 ms - -[0m
2025-06-14 15:44:23 info: [0mGET /api/v1/dynamicforms/all [36m304[0m 13.524 ms - -[0m
2025-06-14 15:45:48 info: [0mOPTIONS /api/v1/dynamicforms/all [32m204[0m 0.160 ms - 0[0m
2025-06-14 15:45:48 info: [0mGET /api/v1/dynamicforms/all [36m304[0m 4.457 ms - -[0m
2025-06-14 15:47:19 info: [0mOPTIONS /api/v1/dynamicforms/all [32m204[0m 0.791 ms - 0[0m
2025-06-14 15:47:19 info: [0mOPTIONS /api/v1/dynamicforms/all [32m204[0m 0.137 ms - 0[0m
2025-06-14 15:47:19 info: [0mGET /api/v1/dynamicforms/all [36m304[0m 7.515 ms - -[0m
2025-06-14 15:47:19 info: [0mGET /api/v1/dynamicforms/all [36m304[0m 5.252 ms - -[0m
2025-06-14 15:48:25 info: [0mOPTIONS /api/v1/dynamicforms/all [32m204[0m 0.247 ms - 0[0m
2025-06-14 15:48:25 info: [0mGET /api/v1/dynamicforms/all [36m304[0m 5.655 ms - -[0m
2025-06-14 15:48:48 info: [0mOPTIONS /api/v1/dynamicforms/all [32m204[0m 0.184 ms - 0[0m
2025-06-14 15:48:48 info: [0mGET /api/v1/dynamicforms/all [36m304[0m 6.512 ms - -[0m
2025-06-14 15:48:57 info: [0mOPTIONS /api/v1/dynamicforms/all [32m204[0m 0.125 ms - 0[0m
2025-06-14 15:48:57 info: [0mGET /api/v1/dynamicforms/all [36m304[0m 5.935 ms - -[0m
2025-06-14 15:49:05 info: [0mOPTIONS /api/v1/dynamicforms/all [32m204[0m 0.166 ms - 0[0m
2025-06-14 15:49:05 info: [0mGET /api/v1/dynamicforms/all [36m304[0m 5.435 ms - -[0m
2025-06-14 16:19:54 info: [0mOPTIONS /api/v1/dynamicforms/all [32m204[0m 0.488 ms - 0[0m
2025-06-14 16:19:54 info: [0mOPTIONS /api/v1/dynamicforms/all [32m204[0m 0.333 ms - 0[0m
2025-06-14 16:20:11 info: [0mOPTIONS /api/v1/event/activeevents [32m204[0m 0.195 ms - 0[0m
2025-06-14 16:20:11 info: [0mOPTIONS /api/v1/event/activeevents [32m204[0m 1.145 ms - 0[0m
2025-06-14 16:20:11 info: [0mGET /api/v1/event/activeevents [36m304[0m 35.455 ms - -[0m
2025-06-14 16:20:11 info: [0mGET /api/v1/event/activeevents [36m304[0m 10.443 ms - -[0m
2025-06-14 16:20:12 info: [0mOPTIONS /api/v1/tags/geteventtags [32m204[0m 0.122 ms - 0[0m
2025-06-14 16:20:12 info: [0mOPTIONS /api/v1/tags/geteventtags [32m204[0m 0.552 ms - 0[0m
2025-06-14 16:20:12 info: [0mGET /api/v1/tags/geteventtags [36m304[0m 8.619 ms - -[0m
2025-06-14 16:20:12 info: [0mGET /api/v1/tags/geteventtags [36m304[0m 3.654 ms - -[0m
2025-06-14 16:27:47 info: [0mOPTIONS /api/v1/tags/geteventtags [32m204[0m 0.122 ms - 0[0m
2025-06-14 16:27:47 info: [0mOPTIONS /api/v1/tags/geteventtags [32m204[0m 0.099 ms - 0[0m
2025-06-14 16:29:11 info: [0mOPTIONS /api/v1/dynamicforms/all [32m204[0m 0.339 ms - 0[0m
2025-06-14 16:29:11 info: [0mOPTIONS /api/v1/dynamicforms/all [32m204[0m 0.130 ms - 0[0m
2025-06-14 16:29:11 info: [0mGET /api/v1/dynamicforms/all [36m304[0m 6.526 ms - -[0m
2025-06-14 16:29:11 info: [0mGET /api/v1/dynamicforms/all [36m304[0m 8.107 ms - -[0m
2025-06-14 16:29:18 info: [0mOPTIONS /api/v1/booking/purchasedtickets [32m204[0m 0.131 ms - 0[0m
2025-06-14 16:29:18 info: [0mOPTIONS /api/v1/booking/purchasedtickets [32m204[0m 0.232 ms - 0[0m
2025-06-14 16:29:18 info: [0mGET /api/v1/booking/purchasedtickets [32m200[0m 35.074 ms - -[0m
2025-06-14 16:29:18 info: [0mGET /api/v1/booking/purchasedtickets [36m304[0m 7.342 ms - -[0m
2025-06-14 16:29:21 info: [0mOPTIONS /api/v1/dynamicforms/all [32m204[0m 0.259 ms - 0[0m
2025-06-14 16:29:21 info: [0mOPTIONS /api/v1/dynamicforms/all [32m204[0m 0.085 ms - 0[0m
2025-06-14 16:29:21 info: [0mGET /api/v1/dynamicforms/all [36m304[0m 6.648 ms - -[0m
2025-06-14 16:29:21 info: [0mGET /api/v1/dynamicforms/all [36m304[0m 6.929 ms - -[0m
2025-06-14 16:30:43 info: [0mOPTIONS /api/v1/booking/activebookings [32m204[0m 0.156 ms - 0[0m
2025-06-14 16:30:43 info: [0mOPTIONS /api/v1/booking/activebookings [32m204[0m 0.130 ms - 0[0m
2025-06-14 16:30:43 info: [0mGET /api/v1/booking/activebookings [36m304[0m 13.023 ms - -[0m
2025-06-14 16:30:43 info: [0mGET /api/v1/booking/activebookings [36m304[0m 4.647 ms - -[0m
2025-06-14 16:30:50 info: [0mOPTIONS /api/v1/booking/purchasedtickets [32m204[0m 0.264 ms - 0[0m
2025-06-14 16:30:50 info: [0mOPTIONS /api/v1/booking/purchasedtickets [32m204[0m 0.106 ms - 0[0m
2025-06-14 16:30:50 info: [0mGET /api/v1/booking/purchasedtickets [36m304[0m 13.789 ms - -[0m
2025-06-14 16:30:50 info: [0mGET /api/v1/booking/purchasedtickets [36m304[0m 5.557 ms - -[0m
2025-06-14 16:31:05 info: [0mOPTIONS /api/v1/booking/purchasedtickets [32m204[0m 0.104 ms - 0[0m
2025-06-14 16:31:05 info: [0mOPTIONS /api/v1/booking/purchasedtickets [32m204[0m 0.150 ms - 0[0m
2025-06-14 16:31:05 info: [0mGET /api/v1/booking/purchasedtickets [36m304[0m 22.091 ms - -[0m
2025-06-14 16:31:05 info: [0mGET /api/v1/booking/purchasedtickets [36m304[0m 5.022 ms - -[0m
2025-06-14 16:33:13 info: [0mOPTIONS /api/v1/event/activeevents [32m204[0m 0.128 ms - 0[0m
2025-06-14 16:33:13 info: [0mOPTIONS /api/v1/event/activeevents [32m204[0m 0.168 ms - 0[0m
2025-06-14 16:33:13 info: [0mGET /api/v1/event/activeevents [36m304[0m 18.337 ms - -[0m
2025-06-14 16:33:13 info: [0mGET /api/v1/event/activeevents [36m304[0m 9.077 ms - -[0m
2025-06-14 16:33:17 info: [0mOPTIONS /api/v1/tags/geteventtags [32m204[0m 0.093 ms - 0[0m
2025-06-14 16:33:17 info: [0mOPTIONS /api/v1/tags/geteventtags [32m204[0m 0.121 ms - 0[0m
2025-06-14 16:33:17 info: [0mGET /api/v1/tags/geteventtags [36m304[0m 8.430 ms - -[0m
2025-06-14 16:33:17 info: [0mGET /api/v1/tags/geteventtags [36m304[0m 5.050 ms - -[0m
2025-06-14 16:33:28 info: [0mOPTIONS /api/v1/event/activeevents [32m204[0m 0.137 ms - 0[0m
2025-06-14 16:33:28 info: [0mOPTIONS /api/v1/event/activeevents [32m204[0m 0.121 ms - 0[0m
2025-06-14 16:33:28 info: [0mGET /api/v1/event/activeevents [36m304[0m 9.823 ms - -[0m
2025-06-14 16:33:28 info: [0mGET /api/v1/event/activeevents [36m304[0m 6.908 ms - -[0m
2025-06-14 16:33:31 info: [0mOPTIONS /api/v1/event/editevent/7 [32m204[0m 0.131 ms - 0[0m
2025-06-14 16:33:31 info: [0mOPTIONS /api/v1/tags/geteventtags [32m204[0m 0.102 ms - 0[0m
2025-06-14 16:33:31 info: [0mOPTIONS /api/v1/event/editevent/7 [32m204[0m 0.100 ms - 0[0m
2025-06-14 16:33:31 info: [0mOPTIONS /api/v1/tags/geteventtags [32m204[0m 0.970 ms - 0[0m
2025-06-14 16:33:31 info: [0mGET /api/v1/tags/geteventtags [36m304[0m 38.747 ms - -[0m
2025-06-14 16:33:31 info: [0mGET /api/v1/event/editevent/7 [36m304[0m 34.306 ms - -[0m
2025-06-14 16:33:31 info: [0mGET /api/v1/tags/geteventtags [36m304[0m 12.976 ms - -[0m
2025-06-14 16:33:31 info: [0mGET /api/v1/event/editevent/7 [36m304[0m 11.733 ms - -[0m
2025-06-14 16:34:16 info: [0mOPTIONS /api/v1/files/uploadtoaws [32m204[0m 0.408 ms - 0[0m
2025-06-14 16:34:17 info: [0mPOST /api/v1/files/uploadtoaws [32m200[0m 531.168 ms - 147[0m
2025-06-14 16:35:12 info: [0mOPTIONS /api/v1/event/editevent/7 [32m204[0m 0.436 ms - 0[0m
2025-06-14 16:35:12 info: [0mOPTIONS /api/v1/tags/geteventtags [32m204[0m 0.267 ms - 0[0m
2025-06-14 16:35:12 info: [0mOPTIONS /api/v1/event/editevent/7 [32m204[0m 0.141 ms - 0[0m
2025-06-14 16:35:12 info: [0mOPTIONS /api/v1/tags/geteventtags [32m204[0m 0.094 ms - 0[0m
2025-06-14 16:35:12 info: [0mGET /api/v1/tags/geteventtags [36m304[0m 35.474 ms - -[0m
2025-06-14 16:35:12 info: [0mGET /api/v1/event/editevent/7 [36m304[0m 79.524 ms - -[0m
2025-06-14 16:35:12 info: [0mGET /api/v1/event/editevent/7 [36m304[0m 29.874 ms - -[0m
2025-06-14 16:35:12 info: [0mGET /api/v1/tags/geteventtags [36m304[0m 42.545 ms - -[0m
2025-06-14 16:35:45 info: [0mOPTIONS /api/v1/files/uploadtoaws [32m204[0m 0.217 ms - 0[0m
2025-06-14 16:35:45 info: [0mPOST /api/v1/files/uploadtoaws [32m200[0m 374.624 ms - 147[0m
2025-06-14 16:35:53 info: [0mOPTIONS /api/v1/files/uploadtoaws [32m204[0m 0.377 ms - 0[0m
2025-06-14 16:35:54 info: [0mPOST /api/v1/files/uploadtoaws [32m200[0m 1089.585 ms - 151[0m
2025-06-14 16:36:21 info: [0mOPTIONS /api/v1/event/editevent/7 [32m204[0m 1.113 ms - 0[0m
2025-06-14 16:36:21 info: [0mOPTIONS /api/v1/tags/geteventtags [32m204[0m 0.155 ms - 0[0m
2025-06-14 16:36:21 info: [0mOPTIONS /api/v1/event/editevent/7 [32m204[0m 0.167 ms - 0[0m
2025-06-14 16:36:21 info: [0mOPTIONS /api/v1/tags/geteventtags [32m204[0m 0.143 ms - 0[0m
2025-06-14 16:36:21 info: [0mGET /api/v1/event/editevent/7 [36m304[0m 90.831 ms - -[0m
2025-06-14 16:36:21 info: [0mGET /api/v1/tags/geteventtags [36m304[0m 76.138 ms - -[0m
2025-06-14 16:36:21 info: [0mGET /api/v1/event/editevent/7 [36m304[0m 20.103 ms - -[0m
2025-06-14 16:36:21 info: [0mGET /api/v1/tags/geteventtags [36m304[0m 10.269 ms - -[0m
2025-06-14 16:37:54 info: [0mOPTIONS /api/v1/event/editevent/11 [32m204[0m 0.694 ms - 0[0m
2025-06-14 16:37:54 info: [0mOPTIONS /api/v1/tags/geteventtags [32m204[0m 0.119 ms - 0[0m
2025-06-14 16:37:54 info: [0mOPTIONS /api/v1/event/editevent/11 [32m204[0m 0.276 ms - 0[0m
2025-06-14 16:37:54 info: [0mOPTIONS /api/v1/tags/geteventtags [32m204[0m 0.182 ms - 0[0m
2025-06-14 16:37:54 info: [0mGET /api/v1/event/editevent/11 [32m200[0m 261.714 ms - -[0m
2025-06-14 16:37:54 info: [0mGET /api/v1/tags/geteventtags [36m304[0m 53.794 ms - -[0m
2025-06-14 16:37:54 info: [0mGET /api/v1/event/editevent/11 [36m304[0m 28.289 ms - -[0m
2025-06-14 16:37:54 info: [0mGET /api/v1/tags/geteventtags [36m304[0m 91.538 ms - -[0m
2025-06-14 16:39:52 info: [0mOPTIONS /api/v1/event/editevent/11 [32m204[0m 0.214 ms - 0[0m
2025-06-14 16:39:52 info: [0mOPTIONS /api/v1/tags/geteventtags [32m204[0m 1.014 ms - 0[0m
2025-06-14 16:39:52 info: [0mGET /api/v1/event/editevent/11 [36m304[0m 35.122 ms - -[0m
2025-06-14 16:39:52 info: [0mGET /api/v1/tags/geteventtags [36m304[0m 13.213 ms - -[0m
2025-06-14 16:39:55 info: [0mGET /api/v1/event/editevent/11 [36m304[0m 35.911 ms - -[0m
2025-06-14 16:39:55 info: [0mGET /api/v1/tags/geteventtags [36m304[0m 30.177 ms - -[0m
2025-06-14 16:39:55 info: [0mGET /api/v1/event/editevent/11 [36m304[0m 13.815 ms - -[0m
2025-06-14 16:39:55 info: [0mGET /api/v1/tags/geteventtags [36m304[0m 8.583 ms - -[0m
2025-06-14 16:41:49 info: [0mOPTIONS /api/v1/event/editevent/14 [32m204[0m 0.238 ms - 0[0m
2025-06-14 16:41:49 info: [0mOPTIONS /api/v1/tags/geteventtags [32m204[0m 0.120 ms - 0[0m
2025-06-14 16:41:49 info: [0mOPTIONS /api/v1/event/editevent/14 [32m204[0m 0.439 ms - 0[0m
2025-06-14 16:41:49 info: [0mOPTIONS /api/v1/tags/geteventtags [32m204[0m 0.261 ms - 0[0m
2025-06-14 16:41:49 info: [0mGET /api/v1/event/editevent/14 [36m304[0m 41.207 ms - -[0m
2025-06-14 16:41:49 info: [0mGET /api/v1/tags/geteventtags [36m304[0m 9.437 ms - -[0m
2025-06-14 16:41:49 info: [0mGET /api/v1/event/editevent/14 [36m304[0m 81.223 ms - -[0m
2025-06-14 16:41:49 info: [0mGET /api/v1/tags/geteventtags [36m304[0m 12.508 ms - -[0m
2025-06-14 16:44:39 info: [0mOPTIONS /api/v1/event/editevent/14 [32m204[0m 0.512 ms - 0[0m
2025-06-14 16:44:39 info: [0mOPTIONS /api/v1/tags/geteventtags [32m204[0m 0.112 ms - 0[0m
2025-06-14 16:44:39 info: [0mGET /api/v1/event/editevent/14 [36m304[0m 16.290 ms - -[0m
2025-06-14 16:44:39 info: [0mGET /api/v1/tags/geteventtags [36m304[0m 13.235 ms - -[0m
2025-06-14 16:44:43 info: [0mGET /api/v1/event/editevent/14 [36m304[0m 21.453 ms - -[0m
2025-06-14 16:44:43 info: [0mGET /api/v1/tags/geteventtags [36m304[0m 16.706 ms - -[0m
2025-06-14 16:44:43 info: [0mGET /api/v1/event/editevent/14 [36m304[0m 24.439 ms - -[0m
2025-06-14 16:44:43 info: [0mGET /api/v1/tags/geteventtags [36m304[0m 20.432 ms - -[0m
2025-06-14 16:45:53 info: [0mOPTIONS /api/v1/event/editevent/14 [32m204[0m 0.336 ms - 0[0m
2025-06-14 16:45:53 info: [0mOPTIONS /api/v1/tags/geteventtags [32m204[0m 0.101 ms - 0[0m
2025-06-14 16:45:53 info: [0mGET /api/v1/event/editevent/14 [36m304[0m 8.925 ms - -[0m
2025-06-14 16:45:53 info: [0mGET /api/v1/tags/geteventtags [36m304[0m 5.287 ms - -[0m
2025-06-14 16:46:13 info: [0mOPTIONS /api/v1/event/editevent/14 [32m204[0m 0.180 ms - 0[0m
2025-06-14 16:46:13 info: [0mOPTIONS /api/v1/tags/geteventtags [32m204[0m 0.448 ms - 0[0m
2025-06-14 16:46:13 info: [0mGET /api/v1/event/editevent/14 [36m304[0m 6.667 ms - -[0m
2025-06-14 16:46:13 info: [0mGET /api/v1/tags/geteventtags [36m304[0m 4.436 ms - -[0m
2025-06-14 16:48:48 info: [0mOPTIONS /api/v1/event/editevent/14 [32m204[0m 0.476 ms - 0[0m
2025-06-14 16:48:48 info: [0mOPTIONS /api/v1/tags/geteventtags [32m204[0m 0.099 ms - 0[0m
2025-06-14 16:48:48 info: [0mGET /api/v1/event/editevent/14 [36m304[0m 7.994 ms - -[0m
2025-06-14 16:48:48 info: [0mGET /api/v1/tags/geteventtags [36m304[0m 5.616 ms - -[0m
2025-06-14 16:50:04 info: [0mOPTIONS /api/v1/event/editevent/14 [32m204[0m 0.180 ms - 0[0m
2025-06-14 16:50:04 info: [0mOPTIONS /api/v1/tags/geteventtags [32m204[0m 0.091 ms - 0[0m
2025-06-14 16:50:04 info: [0mGET /api/v1/event/editevent/14 [36m304[0m 7.337 ms - -[0m
2025-06-14 16:50:04 info: [0mGET /api/v1/tags/geteventtags [36m304[0m 6.549 ms - -[0m
2025-06-14 16:51:14 info: [0mOPTIONS /api/v1/event/editevent/14 [32m204[0m 0.235 ms - 0[0m
2025-06-14 16:51:14 info: [0mOPTIONS /api/v1/tags/geteventtags [32m204[0m 0.260 ms - 0[0m
2025-06-14 16:51:14 info: [0mOPTIONS /api/v1/event/editevent/14 [32m204[0m 0.239 ms - 0[0m
2025-06-14 16:51:14 info: [0mOPTIONS /api/v1/tags/geteventtags [32m204[0m 0.582 ms - 0[0m
2025-06-14 16:51:14 info: [0mGET /api/v1/tags/geteventtags [36m304[0m 38.749 ms - -[0m
2025-06-14 16:51:14 info: [0mGET /api/v1/event/editevent/14 [36m304[0m 20.489 ms - -[0m
2025-06-14 16:51:14 info: [0mGET /api/v1/tags/geteventtags [36m304[0m 18.706 ms - -[0m
2025-06-14 16:51:14 info: [0mGET /api/v1/event/editevent/14 [36m304[0m 18.380 ms - -[0m
2025-06-14 16:55:23 info: [0mOPTIONS /api/v1/event/editevent/14 [32m204[0m 0.195 ms - 0[0m
2025-06-14 16:55:23 info: [0mOPTIONS /api/v1/tags/geteventtags [32m204[0m 0.168 ms - 0[0m
2025-06-14 16:55:23 info: [0mOPTIONS /api/v1/tags/geteventtags [32m204[0m 1.415 ms - 0[0m
2025-06-14 16:55:23 info: [0mOPTIONS /api/v1/event/editevent/14 [32m204[0m 0.163 ms - 0[0m
2025-06-14 16:55:23 info: [0mGET /api/v1/event/editevent/14 [36m304[0m 23.676 ms - -[0m
2025-06-14 16:55:23 info: [0mGET /api/v1/tags/geteventtags [36m304[0m 98.401 ms - -[0m
2025-06-14 16:55:23 info: [0mGET /api/v1/event/editevent/14 [36m304[0m 12.840 ms - -[0m
2025-06-14 16:55:23 info: [0mGET /api/v1/tags/geteventtags [36m304[0m 11.647 ms - -[0m
2025-06-14 16:57:48 info: [0mOPTIONS /api/v1/event/editevent/14 [32m204[0m 0.152 ms - 0[0m
2025-06-14 16:57:48 info: [0mOPTIONS /api/v1/tags/geteventtags [32m204[0m 0.122 ms - 0[0m
2025-06-14 16:57:48 info: [0mGET /api/v1/event/editevent/14 [36m304[0m 9.994 ms - -[0m
2025-06-14 16:57:48 info: [0mGET /api/v1/tags/geteventtags [36m304[0m 12.129 ms - -[0m
2025-06-14 16:59:42 info: [0mOPTIONS /api/v1/event/editevent/14 [32m204[0m 0.939 ms - 0[0m
2025-06-14 16:59:42 info: [0mOPTIONS /api/v1/tags/geteventtags [32m204[0m 0.183 ms - 0[0m
2025-06-14 16:59:42 info: [0mOPTIONS /api/v1/event/editevent/14 [32m204[0m 0.166 ms - 0[0m
2025-06-14 16:59:42 info: [0mOPTIONS /api/v1/tags/geteventtags [32m204[0m 0.108 ms - 0[0m
2025-06-14 16:59:42 info: [0mGET /api/v1/event/editevent/14 [36m304[0m 22.141 ms - -[0m
2025-06-14 16:59:42 info: [0mGET /api/v1/tags/geteventtags [36m304[0m 9.495 ms - -[0m
2025-06-14 16:59:42 info: [0mGET /api/v1/event/editevent/14 [36m304[0m 19.306 ms - -[0m
2025-06-14 16:59:42 info: [0mGET /api/v1/tags/geteventtags [36m304[0m 18.820 ms - -[0m
2025-06-14 17:00:49 info: [0mOPTIONS /api/v1/event/editevent/14 [32m204[0m 0.147 ms - 0[0m
2025-06-14 17:00:49 info: [0mOPTIONS /api/v1/tags/geteventtags [32m204[0m 0.139 ms - 0[0m
2025-06-14 17:00:49 info: [0mOPTIONS /api/v1/event/editevent/14 [32m204[0m 0.191 ms - 0[0m
2025-06-14 17:00:49 info: [0mOPTIONS /api/v1/tags/geteventtags [32m204[0m 0.224 ms - 0[0m
2025-06-14 17:00:49 info: [0mGET /api/v1/event/editevent/14 [36m304[0m 42.138 ms - -[0m
2025-06-14 17:00:49 info: [0mGET /api/v1/tags/geteventtags [36m304[0m 18.843 ms - -[0m
2025-06-14 17:00:49 info: [0mGET /api/v1/event/editevent/14 [36m304[0m 24.729 ms - -[0m
2025-06-14 17:00:49 info: [0mGET /api/v1/tags/geteventtags [36m304[0m 12.485 ms - -[0m
2025-06-14 17:01:05 info: [0mOPTIONS /api/v1/event/editevent/14 [32m204[0m 0.355 ms - 0[0m
2025-06-14 17:01:05 info: [0mOPTIONS /api/v1/tags/geteventtags [32m204[0m 0.786 ms - 0[0m
2025-06-14 17:01:06 info: [0mOPTIONS /api/v1/event/editevent/14 [32m204[0m 0.350 ms - 0[0m
2025-06-14 17:01:06 info: [0mOPTIONS /api/v1/tags/geteventtags [32m204[0m 0.106 ms - 0[0m
2025-06-14 17:01:06 info: [0mGET /api/v1/event/editevent/14 [36m304[0m 104.693 ms - -[0m
2025-06-14 17:01:06 info: [0mGET /api/v1/tags/geteventtags [36m304[0m 8.367 ms - -[0m
2025-06-14 17:01:06 info: [0mGET /api/v1/event/editevent/14 [36m304[0m 30.119 ms - -[0m
2025-06-14 17:01:06 info: [0mGET /api/v1/tags/geteventtags [36m304[0m 12.335 ms - -[0m
2025-06-14 17:30:28 info: [0mOPTIONS /api/v1/event/editevent/14 [32m204[0m 0.187 ms - 0[0m
2025-06-14 17:30:28 info: [0mOPTIONS /api/v1/tags/geteventtags [32m204[0m 0.496 ms - 0[0m
2025-06-14 17:30:28 info: [0mGET /api/v1/event/editevent/14 [36m304[0m 19.338 ms - -[0m
2025-06-14 17:30:28 info: [0mGET /api/v1/tags/geteventtags [36m304[0m 15.679 ms - -[0m
2025-06-14 17:30:30 info: [0mGET /api/v1/event/editevent/14 [36m304[0m 11.982 ms - -[0m
2025-06-14 17:30:30 info: [0mGET /api/v1/tags/geteventtags [36m304[0m 8.970 ms - -[0m
2025-06-14 17:30:43 info: [0mOPTIONS /api/v1/event/editevent/14 [32m204[0m 0.186 ms - 0[0m
2025-06-14 17:30:43 info: [0mOPTIONS /api/v1/tags/geteventtags [32m204[0m 0.172 ms - 0[0m
2025-06-14 17:30:43 info: [0mGET /api/v1/event/editevent/14 [36m304[0m 13.557 ms - -[0m
2025-06-14 17:30:43 info: [0mGET /api/v1/tags/geteventtags [36m304[0m 4.832 ms - -[0m
2025-06-14 17:56:21 info: [0mOPTIONS /api/v1/dynamicforms/all [32m204[0m 0.208 ms - 0[0m
2025-06-14 17:56:21 info: [0mOPTIONS /api/v1/dynamicforms/all [32m204[0m 0.232 ms - 0[0m
2025-06-14 17:56:21 info: [0mGET /api/v1/dynamicforms/all [36m304[0m 29.850 ms - -[0m
2025-06-14 17:56:21 info: [0mGET /api/v1/dynamicforms/all [36m304[0m 4.833 ms - -[0m
2025-06-14 17:56:27 info: [0mOPTIONS /api/v1/dynamicforms/all [32m204[0m 0.136 ms - 0[0m
2025-06-14 17:56:27 info: [0mOPTIONS /api/v1/dynamicforms/all [32m204[0m 0.251 ms - 0[0m
2025-06-14 17:56:27 info: [0mGET /api/v1/dynamicforms/all [36m304[0m 5.379 ms - -[0m
2025-06-14 17:56:27 info: [0mGET /api/v1/dynamicforms/all [36m304[0m 6.633 ms - -[0m
2025-06-14 18:22:27 info: [0mOPTIONS /api/v1/booking/purchasedtickets [32m204[0m 0.197 ms - 0[0m
2025-06-14 18:22:27 info: [0mOPTIONS /api/v1/booking/purchasedtickets [32m204[0m 0.430 ms - 0[0m
2025-06-14 18:22:27 info: [0mGET /api/v1/booking/purchasedtickets [36m304[0m 27.048 ms - -[0m
2025-06-14 18:22:27 info: [0mGET /api/v1/booking/purchasedtickets [36m304[0m 6.729 ms - -[0m
2025-06-14 18:22:28 info: [0mOPTIONS /api/v1/booking/activebookings [32m204[0m 0.133 ms - 0[0m
2025-06-14 18:22:28 info: [0mOPTIONS /api/v1/booking/activebookings [32m204[0m 0.092 ms - 0[0m
2025-06-14 18:22:28 info: [0mGET /api/v1/booking/activebookings [36m304[0m 5.837 ms - -[0m
2025-06-14 18:22:28 info: [0mGET /api/v1/booking/activebookings [36m304[0m 4.905 ms - -[0m
2025-06-14 18:41:01 info: [0mOPTIONS /api/v1/event/activeevents [32m204[0m 0.202 ms - 0[0m
2025-06-14 18:41:01 info: [0mOPTIONS /api/v1/event/activeevents [32m204[0m 0.136 ms - 0[0m
2025-06-14 18:41:01 info: [0mGET /api/v1/event/activeevents [36m304[0m 9.592 ms - -[0m
2025-06-14 18:41:01 info: [0mGET /api/v1/event/activeevents [36m304[0m 6.144 ms - -[0m
2025-06-14 18:41:03 info: [0mOPTIONS /api/v1/tags/geteventtags [32m204[0m 0.106 ms - 0[0m
2025-06-14 18:41:03 info: [0mOPTIONS /api/v1/tags/geteventtags [32m204[0m 0.262 ms - 0[0m
2025-06-14 18:41:03 info: [0mGET /api/v1/tags/geteventtags [36m304[0m 5.531 ms - -[0m
2025-06-14 18:41:03 info: [0mGET /api/v1/tags/geteventtags [36m304[0m 5.987 ms - -[0m
2025-06-14 18:41:15 info: [0mOPTIONS /api/v1/files/uploadtoaws [32m204[0m 0.212 ms - 0[0m
2025-06-14 18:41:15 info: [0mPOST /api/v1/files/uploadtoaws [32m200[0m 269.017 ms - 147[0m
2025-06-14 18:55:27 info: [0mOPTIONS /api/v1/tags/geteventtags [32m204[0m 0.250 ms - 0[0m
2025-06-14 18:55:27 info: [0mOPTIONS /api/v1/tags/geteventtags [32m204[0m 0.102 ms - 0[0m
2025-06-14 18:55:27 info: [0mGET /api/v1/tags/geteventtags [36m304[0m 4.313 ms - -[0m
2025-06-14 18:55:27 info: [0mGET /api/v1/tags/geteventtags [36m304[0m 4.149 ms - -[0m
2025-06-14 18:55:28 info: [0mOPTIONS /api/v1/event/activeevents [32m204[0m 0.119 ms - 0[0m
2025-06-14 18:55:28 info: [0mOPTIONS /api/v1/event/activeevents [32m204[0m 0.123 ms - 0[0m
2025-06-14 18:55:28 info: [0mGET /api/v1/event/activeevents [36m304[0m 7.839 ms - -[0m
2025-06-14 18:55:28 info: [0mGET /api/v1/event/activeevents [36m304[0m 6.252 ms - -[0m
2025-06-14 18:56:18 info: 🚀 App listening on the port 8000. Current Env development.
