2025-06-01 10:06:11 info: 🚀 App listening on the port 8000. Current Env development.
2025-06-01 10:12:56 info: [0mOPTIONS /api/v1/event/activeevents [32m204[0m 2.222 ms - 0[0m
2025-06-01 10:12:56 info: [0mOPTIONS /api/v1/event/activeevents [32m204[0m 0.137 ms - 0[0m
2025-06-01 10:12:56 info: [0mGET /api/v1/event/activeevents [36m304[0m 51.686 ms - -[0m
2025-06-01 10:12:56 info: [0mGET /api/v1/event/activeevents [36m304[0m 8.201 ms - -[0m
2025-06-01 10:13:03 info: [0mOPTIONS /api/v1/event/editevent/2 [32m204[0m 0.387 ms - 0[0m
2025-06-01 10:13:03 info: [0mOPTIONS /api/v1/event/editevent/2 [32m204[0m 0.320 ms - 0[0m
2025-06-01 10:13:03 info: [0mGET /api/v1/event/editevent/2 [36m304[0m 8.490 ms - -[0m
2025-06-01 10:13:03 info: [0mGET /api/v1/event/editevent/2 [36m304[0m 8.282 ms - -[0m
2025-06-01 10:13:09 info: [0mOPTIONS /api/v1/event/activeevents [32m204[0m 0.523 ms - 0[0m
2025-06-01 10:13:09 info: [0mOPTIONS /api/v1/event/activeevents [32m204[0m 0.134 ms - 0[0m
2025-06-01 10:13:09 info: [0mGET /api/v1/event/activeevents [36m304[0m 10.060 ms - -[0m
2025-06-01 10:13:09 info: [0mGET /api/v1/event/activeevents [36m304[0m 10.974 ms - -[0m
2025-06-01 10:13:10 info: [0mOPTIONS /api/v1/event/editevent/2 [32m204[0m 0.139 ms - 0[0m
2025-06-01 10:13:10 info: [0mOPTIONS /api/v1/event/editevent/2 [32m204[0m 0.132 ms - 0[0m
2025-06-01 10:13:10 info: [0mGET /api/v1/event/editevent/2 [36m304[0m 5.399 ms - -[0m
2025-06-01 10:13:10 info: [0mGET /api/v1/event/editevent/2 [36m304[0m 8.160 ms - -[0m
2025-06-01 10:14:04 info: [0mOPTIONS /api/v1/event/updateevent/2 [32m204[0m 0.114 ms - 0[0m
2025-06-01 10:14:04 info: [0mPUT /api/v1/event/updateevent/2 [32m200[0m 61.176 ms - -[0m
2025-06-01 10:14:04 info: [0mOPTIONS /api/v1/event/activeevents [32m204[0m 0.237 ms - 0[0m
2025-06-01 10:14:04 info: [0mOPTIONS /api/v1/event/activeevents [32m204[0m 0.469 ms - 0[0m
2025-06-01 10:14:04 info: [0mGET /api/v1/event/activeevents [32m200[0m 10.176 ms - -[0m
2025-06-01 10:14:04 info: [0mGET /api/v1/event/activeevents [36m304[0m 8.465 ms - -[0m
2025-06-01 10:14:09 info: [0mOPTIONS /api/v1/event/editevent/2 [32m204[0m 0.304 ms - 0[0m
2025-06-01 10:14:09 info: [0mOPTIONS /api/v1/event/editevent/2 [32m204[0m 0.646 ms - 0[0m
2025-06-01 10:14:09 info: [0mGET /api/v1/event/editevent/2 [32m200[0m 7.762 ms - -[0m
2025-06-01 10:14:09 info: [0mGET /api/v1/event/editevent/2 [36m304[0m 6.404 ms - -[0m
2025-06-01 10:14:55 info: [0mOPTIONS /api/v1/event/activeevents [32m204[0m 0.229 ms - 0[0m
2025-06-01 10:14:55 info: [0mOPTIONS /api/v1/event/activeevents [32m204[0m 0.195 ms - 0[0m
2025-06-01 10:14:55 info: [0mGET /api/v1/event/activeevents [36m304[0m 10.137 ms - -[0m
2025-06-01 10:14:55 info: [0mGET /api/v1/event/activeevents [36m304[0m 17.443 ms - -[0m
2025-06-01 10:15:00 info: [0mOPTIONS /api/v1/event/editevent/2 [32m204[0m 0.123 ms - 0[0m
2025-06-01 10:15:00 info: [0mOPTIONS /api/v1/event/editevent/2 [32m204[0m 0.476 ms - 0[0m
2025-06-01 10:15:00 info: [0mGET /api/v1/event/editevent/2 [36m304[0m 6.087 ms - -[0m
2025-06-01 10:15:00 info: [0mGET /api/v1/event/editevent/2 [36m304[0m 8.091 ms - -[0m
2025-06-01 10:16:31 info: [0mOPTIONS /api/v1/event/activeevents [32m204[0m 0.174 ms - 0[0m
2025-06-01 10:16:31 info: [0mOPTIONS /api/v1/event/activeevents [32m204[0m 0.193 ms - 0[0m
2025-06-01 10:16:31 info: [0mGET /api/v1/event/activeevents [36m304[0m 21.478 ms - -[0m
2025-06-01 10:16:31 info: [0mGET /api/v1/event/activeevents [36m304[0m 11.598 ms - -[0m
2025-06-01 10:26:52 info: [0mPOST /api/v1/employee/login [32m200[0m 84.366 ms - -[0m
2025-06-01 10:27:31 error: StatusCode : 404, Message : Event not found
2025-06-01 10:27:31 info: [0mGET /api/v1/event/editevent/1 [33m404[0m 10.003 ms - 29[0m
2025-06-01 10:28:13 info: [0mGET /api/v1/event/editevent/2 [32m200[0m 5.614 ms - -[0m
2025-06-01 10:30:44 info: [0mOPTIONS /api/v1/event/activeevents [32m204[0m 0.645 ms - 0[0m
2025-06-01 10:30:44 info: [0mOPTIONS /api/v1/event/activeevents [32m204[0m 0.213 ms - 0[0m
2025-06-01 10:30:44 info: [0mGET /api/v1/event/activeevents [36m304[0m 23.937 ms - -[0m
2025-06-01 10:30:44 info: [0mGET /api/v1/event/activeevents [36m304[0m 7.811 ms - -[0m
2025-06-01 10:30:46 info: [0mOPTIONS /api/v1/booking/activebookings [32m204[0m 0.665 ms - 0[0m
2025-06-01 10:30:46 info: [0mOPTIONS /api/v1/booking/activebookings [32m204[0m 0.164 ms - 0[0m
2025-06-01 10:30:46 info: [0mGET /api/v1/booking/activebookings [36m304[0m 17.516 ms - -[0m
2025-06-01 10:30:46 info: [0mGET /api/v1/booking/activebookings [36m304[0m 12.447 ms - -[0m
2025-06-01 10:33:36 info: [0mOPTIONS /api/v1/event/activeevents [32m204[0m 0.127 ms - 0[0m
2025-06-01 10:33:36 info: [0mOPTIONS /api/v1/event/activeevents [32m204[0m 0.118 ms - 0[0m
2025-06-01 10:33:36 info: [0mGET /api/v1/event/activeevents [36m304[0m 8.557 ms - -[0m
2025-06-01 10:33:36 info: [0mGET /api/v1/event/activeevents [36m304[0m 7.786 ms - -[0m
2025-06-01 10:33:38 info: [0mOPTIONS /api/v1/event/editevent/2 [32m204[0m 0.114 ms - 0[0m
2025-06-01 10:33:38 info: [0mOPTIONS /api/v1/event/editevent/2 [32m204[0m 0.100 ms - 0[0m
2025-06-01 10:33:38 info: [0mGET /api/v1/event/editevent/2 [36m304[0m 5.121 ms - -[0m
2025-06-01 10:33:38 info: [0mGET /api/v1/event/editevent/2 [36m304[0m 3.386 ms - -[0m
2025-06-01 10:35:02 info: [0mOPTIONS /api/v1/event/editevent/2 [32m204[0m 0.164 ms - 0[0m
2025-06-01 10:35:02 info: [0mGET /api/v1/event/editevent/2 [36m304[0m 3.274 ms - -[0m
2025-06-01 10:36:24 info: [0mOPTIONS /api/v1/event/editevent/2 [32m204[0m 0.115 ms - 0[0m
2025-06-01 10:36:24 info: [0mGET /api/v1/event/editevent/2 [36m304[0m 4.557 ms - -[0m
2025-06-01 10:53:49 info: [0mOPTIONS /api/v1/event/editevent/2 [32m204[0m 0.128 ms - 0[0m
2025-06-01 10:53:49 info: [0mGET /api/v1/event/editevent/2 [36m304[0m 5.490 ms - -[0m
2025-06-01 10:56:22 info: [0mOPTIONS /api/v1/event/editevent/2 [32m204[0m 0.118 ms - 0[0m
2025-06-01 10:56:22 info: [0mGET /api/v1/event/editevent/2 [36m304[0m 2.970 ms - -[0m
2025-06-01 10:57:35 info: [0mOPTIONS /api/v1/event/editevent/2 [32m204[0m 0.106 ms - 0[0m
2025-06-01 10:57:35 info: [0mGET /api/v1/event/editevent/2 [36m304[0m 2.944 ms - -[0m
2025-06-01 10:58:17 info: [0mOPTIONS /api/v1/event/editevent/2 [32m204[0m 0.118 ms - 0[0m
2025-06-01 10:58:17 info: [0mGET /api/v1/event/editevent/2 [36m304[0m 2.942 ms - -[0m
2025-06-01 10:58:43 info: [0mOPTIONS /api/v1/event/editevent/2 [32m204[0m 0.097 ms - 0[0m
2025-06-01 10:58:43 info: [0mGET /api/v1/event/editevent/2 [36m304[0m 3.072 ms - -[0m
2025-06-01 10:58:50 info: [0mOPTIONS /api/v1/event/editevent/2 [32m204[0m 0.090 ms - 0[0m
2025-06-01 10:58:50 info: [0mGET /api/v1/event/editevent/2 [36m304[0m 3.190 ms - -[0m
2025-06-01 10:59:02 info: [0mOPTIONS /api/v1/event/editevent/2 [32m204[0m 0.114 ms - 0[0m
2025-06-01 10:59:02 info: [0mGET /api/v1/event/editevent/2 [36m304[0m 2.950 ms - -[0m
2025-06-01 10:59:21 info: [0mOPTIONS /api/v1/event/editevent/2 [32m204[0m 0.177 ms - 0[0m
2025-06-01 10:59:21 info: [0mOPTIONS /api/v1/event/editevent/2 [32m204[0m 0.203 ms - 0[0m
2025-06-01 10:59:21 info: [0mGET /api/v1/event/editevent/2 [32m200[0m 30.793 ms - -[0m
2025-06-01 10:59:21 info: [0mGET /api/v1/event/editevent/2 [32m200[0m 24.550 ms - -[0m
2025-06-01 11:00:23 info: [0mOPTIONS /api/v1/event/editevent/2 [32m204[0m 0.204 ms - 0[0m
2025-06-01 11:00:23 info: [0mGET /api/v1/event/editevent/2 [36m304[0m 11.950 ms - -[0m
2025-06-01 11:00:26 info: [0mOPTIONS /api/v1/event/editevent/2 [32m204[0m 0.380 ms - 0[0m
2025-06-01 11:00:26 info: [0mOPTIONS /api/v1/event/editevent/2 [32m204[0m 0.536 ms - 0[0m
2025-06-01 11:00:26 info: [0mGET /api/v1/event/editevent/2 [32m200[0m 12.311 ms - -[0m
2025-06-01 11:00:26 info: [0mGET /api/v1/event/editevent/2 [32m200[0m 23.115 ms - -[0m
2025-06-01 11:44:20 info: [0mOPTIONS /api/v1/event/editevent/2 [32m204[0m 0.606 ms - 0[0m
2025-06-01 11:44:20 info: [0mGET /api/v1/event/editevent/2 [36m304[0m 6.254 ms - -[0m
2025-06-01 11:50:16 info: [0mOPTIONS /api/v1/event/editevent/2 [32m204[0m 0.250 ms - 0[0m
2025-06-01 11:50:16 info: [0mGET /api/v1/event/editevent/2 [36m304[0m 10.952 ms - -[0m
2025-06-01 11:50:20 info: [0mOPTIONS /api/v1/event/editevent/2 [32m204[0m 0.301 ms - 0[0m
2025-06-01 11:50:20 info: [0mOPTIONS /api/v1/event/editevent/2 [32m204[0m 0.187 ms - 0[0m
2025-06-01 11:50:20 info: [0mGET /api/v1/event/editevent/2 [32m200[0m 10.313 ms - -[0m
2025-06-01 11:50:20 info: [0mGET /api/v1/event/editevent/2 [32m200[0m 13.352 ms - -[0m
2025-06-01 11:50:39 info: [0mOPTIONS /api/v1/event/activeevents [32m204[0m 0.146 ms - 0[0m
2025-06-01 11:50:39 info: [0mOPTIONS /api/v1/event/activeevents [32m204[0m 0.643 ms - 0[0m
2025-06-01 11:50:39 info: [0mGET /api/v1/event/activeevents [36m304[0m 4.590 ms - -[0m
2025-06-01 11:50:39 info: [0mGET /api/v1/event/activeevents [36m304[0m 5.739 ms - -[0m
2025-06-01 12:22:33 info: 🚀 App listening on the port 8000. Current Env development.
2025-06-01 12:22:39 info: 🚀 App listening on the port 8000. Current Env development.
2025-06-01 13:13:00 info: [0mOPTIONS /api/v1/booking/activebookings [32m204[0m 3.362 ms - 0[0m
2025-06-01 13:13:00 info: [0mOPTIONS /api/v1/booking/activebookings [32m204[0m 0.240 ms - 0[0m
2025-06-01 13:13:00 info: [0mGET /api/v1/booking/activebookings [36m304[0m 29.170 ms - -[0m
2025-06-01 13:13:00 info: [0mGET /api/v1/booking/activebookings [36m304[0m 6.190 ms - -[0m
2025-06-01 13:22:08 info: 🚀 App listening on the port 8000. Current Env development.
2025-06-01 14:32:50 info: 🚀 App listening on the port 8000. Current Env development.
2025-06-01 14:34:12 info: 🚀 App listening on the port 8000. Current Env development.
2025-06-01 14:36:06 info: 🚀 App listening on the port 8000. Current Env development.
2025-06-01 14:37:17 info: 🚀 App listening on the port 8000. Current Env development.
2025-06-01 14:38:21 info: 🚀 App listening on the port 8000. Current Env development.
2025-06-01 14:38:25 info: 🚀 App listening on the port 8000. Current Env development.
2025-06-01 14:38:28 info: 🚀 App listening on the port 8000. Current Env development.
2025-06-01 14:39:18 info: 🚀 App listening on the port 8000. Current Env development.
2025-06-01 14:39:31 info: 🚀 App listening on the port 8000. Current Env development.
2025-06-01 14:39:46 info: 🚀 App listening on the port 8000. Current Env development.
2025-06-01 14:39:50 info: 🚀 App listening on the port 8000. Current Env development.
2025-06-01 14:39:54 info: 🚀 App listening on the port 8000. Current Env development.
2025-06-01 14:42:47 info: 🚀 App listening on the port 8000. Current Env development.
2025-06-01 14:43:22 error: StatusCode : 400, Message : tag_name must be a string, tag_value must be a string
2025-06-01 14:43:22 info: [0mPOST /api/v1/tags/insertetag [33m400[0m 182.903 ms - 67[0m
2025-06-01 14:43:52 error: StatusCode : 500, Message : insert into "bookings" ("booking_status", "created_by", "email_address", "event_id", "location", "name", "notes", "notify_via_email_sms", "payment_method", "phone_number", "promo_code", "quantity", "tags", "terms_and_conditions", "ticket_download_link", "ticket_price", "ticket_type", "total_amount") values ($1, $2, $3, $4, $5, $6, $7, $8, $9, $10, $11, $12, $13, $14, $15, $16, $17, $18) returning * - invalid input syntax for type json
2025-06-01 14:43:52 info: [0mPOST /api/v1/booking/insertbooking [31m500[0m 15.982 ms - 490[0m
2025-06-01 14:50:14 info: [0mPOST /api/v1/booking/insertbooking [32m201[0m 12.181 ms - 734[0m
2025-06-01 14:50:51 info: [0mPOST /api/v1/booking/insertbooking [32m201[0m 10.252 ms - 761[0m
2025-06-01 14:51:01 info: [0mPOST /api/v1/booking/insertbooking [32m201[0m 8.925 ms - 767[0m
2025-06-01 14:51:10 info: [0mPOST /api/v1/booking/insertbooking [32m201[0m 8.594 ms - 715[0m
2025-06-01 14:51:11 info: [0mPOST /api/v1/booking/insertbooking [32m201[0m 9.990 ms - 715[0m
2025-06-01 14:52:42 info: [0mPOST /api/v1/booking/activebookings [33m404[0m 5.646 ms - 169[0m
2025-06-01 14:52:45 info: [0mGET /api/v1/booking/activebookings [32m200[0m 8.440 ms - 47[0m
2025-06-01 14:53:19 info: 🚀 App listening on the port 8000. Current Env development.
2025-06-01 14:53:24 info: 🚀 App listening on the port 8000. Current Env development.
2025-06-01 14:53:32 info: 🚀 App listening on the port 8000. Current Env development.
2025-06-01 14:53:39 info: 🚀 App listening on the port 8000. Current Env development.
2025-06-01 14:53:52 info: 🚀 App listening on the port 8000. Current Env development.
2025-06-01 14:54:49 info: 🚀 App listening on the port 8000. Current Env development.
2025-06-01 14:54:51 info: [0mGET /api/v1/booking/activebookings [32m200[0m 80.658 ms - -[0m
2025-06-01 15:00:44 info: [0mOPTIONS /api/v1/employee/login [32m204[0m 0.385 ms - 0[0m
2025-06-01 15:00:44 info: [0mPOST /api/v1/employee/login [32m200[0m 77.446 ms - -[0m
2025-06-01 15:00:46 info: [0mOPTIONS /api/v1/event/activeevents [32m204[0m 0.308 ms - 0[0m
2025-06-01 15:00:46 info: [0mOPTIONS /api/v1/event/activeevents [32m204[0m 0.212 ms - 0[0m
2025-06-01 15:00:46 info: [0mGET /api/v1/event/activeevents [36m304[0m 13.915 ms - -[0m
2025-06-01 15:00:46 info: [0mGET /api/v1/event/activeevents [36m304[0m 10.345 ms - -[0m
2025-06-01 15:00:51 info: [0mOPTIONS /api/v1/booking/activebookings [32m204[0m 0.183 ms - 0[0m
2025-06-01 15:00:51 info: [0mOPTIONS /api/v1/booking/activebookings [32m204[0m 0.154 ms - 0[0m
2025-06-01 15:00:51 info: [0mGET /api/v1/booking/activebookings [32m200[0m 9.094 ms - -[0m
2025-06-01 15:00:51 info: [0mGET /api/v1/booking/activebookings [36m304[0m 12.467 ms - -[0m
2025-06-01 15:03:22 info: [0mOPTIONS /api/v1/booking/activebookings [32m204[0m 0.289 ms - 0[0m
2025-06-01 15:03:22 info: [0mOPTIONS /api/v1/booking/activebookings [32m204[0m 0.164 ms - 0[0m
2025-06-01 15:03:22 info: [0mGET /api/v1/booking/activebookings [36m304[0m 9.062 ms - -[0m
2025-06-01 15:03:22 info: [0mGET /api/v1/booking/activebookings [36m304[0m 7.464 ms - -[0m
2025-06-01 15:40:19 info: 🚀 App listening on the port 8000. Current Env development.
2025-06-01 15:43:38 info: 🚀 App listening on the port 8000. Current Env development.
2025-06-01 15:44:14 info: 🚀 App listening on the port 8000. Current Env development.
2025-06-01 15:45:40 info: 🚀 App listening on the port 8000. Current Env development.
2025-06-01 15:45:42 info: [0mOPTIONS /api/v1/booking/activebookings [32m204[0m 1.081 ms - 0[0m
2025-06-01 15:45:42 info: [0mOPTIONS /api/v1/booking/activebookings [32m204[0m 0.146 ms - 0[0m
2025-06-01 15:45:42 error: StatusCode : 500, Message : select "bookings".*, "event"."event_title", "event"."venue_name", "event"."date", "event"."time" from "bookings" inner join "event" on "bookings"."event_id" = "event"."event_id" where "bookings"."booking_id" = $1 and "bookings"."is_deleted" = $2 limit $3 - invalid input syntax for type integer: "NaN"
2025-06-01 15:45:42 info: [0mGET /api/v1/booking/activebookings [31m500[0m 199.393 ms - 355[0m
2025-06-01 15:45:42 error: StatusCode : 500, Message : select "bookings".*, "event"."event_title", "event"."venue_name", "event"."date", "event"."time" from "bookings" inner join "event" on "bookings"."event_id" = "event"."event_id" where "bookings"."booking_id" = $1 and "bookings"."is_deleted" = $2 limit $3 - invalid input syntax for type integer: "NaN"
2025-06-01 15:45:42 info: [0mGET /api/v1/booking/activebookings [31m500[0m 4.950 ms - 355[0m
2025-06-01 15:45:58 error: StatusCode : 500, Message : select "bookings".*, "event"."event_title", "event"."venue_name", "event"."date", "event"."time" from "bookings" inner join "event" on "bookings"."event_id" = "event"."event_id" where "bookings"."booking_id" = $1 and "bookings"."is_deleted" = $2 limit $3 - invalid input syntax for type integer: "NaN"
2025-06-01 15:45:58 info: [0mGET /api/v1/booking/activebookings [31m500[0m 23.998 ms - 355[0m
2025-06-01 15:47:51 info: 🚀 App listening on the port 8000. Current Env development.
2025-06-01 15:48:42 info: 🚀 App listening on the port 8000. Current Env development.
2025-06-01 15:48:44 info: [0mGET /api/v1/booking/activebookings [33m400[0m 63.404 ms - 32[0m
2025-06-01 15:50:13 info: [0mGET /api/v1/booking/activebookings [33m400[0m 8.020 ms - 32[0m
2025-06-01 15:50:19 info: [0mGET /api/v1/booking/activebookings [33m400[0m 3.090 ms - 32[0m
2025-06-01 15:51:50 info: 🚀 App listening on the port 8000. Current Env development.
2025-06-01 15:51:57 info: 🚀 App listening on the port 8000. Current Env development.
2025-06-01 15:52:09 info: 🚀 App listening on the port 8000. Current Env development.
2025-06-01 15:58:32 info: 🚀 App listening on the port 8000. Current Env development.
2025-06-01 15:58:34 info: [0mGET /api/v1/booking/activebookings [32m200[0m 72.770 ms - -[0m
2025-06-01 15:59:03 info: 🚀 App listening on the port 8000. Current Env development.
2025-06-01 15:59:03 info: [0mGET /api/v1/booking/activebookings [32m200[0m 68.644 ms - -[0m
2025-06-01 15:59:10 info: [0mOPTIONS /api/v1/booking/activebookings [32m204[0m 0.711 ms - 0[0m
2025-06-01 15:59:10 info: [0mOPTIONS /api/v1/booking/activebookings [32m204[0m 0.120 ms - 0[0m
2025-06-01 15:59:10 info: [0mGET /api/v1/booking/activebookings [32m200[0m 5.842 ms - -[0m
2025-06-01 15:59:10 info: [0mGET /api/v1/booking/activebookings [36m304[0m 6.186 ms - -[0m
2025-06-01 16:37:39 info: [0mOPTIONS /api/v1/booking/activebookings [32m204[0m 0.239 ms - 0[0m
2025-06-01 16:37:39 info: [0mOPTIONS /api/v1/booking/activebookings [32m204[0m 0.146 ms - 0[0m
2025-06-01 16:37:39 info: [0mGET /api/v1/booking/activebookings [32m200[0m 15.847 ms - -[0m
2025-06-01 16:37:40 info: [0mGET /api/v1/booking/activebookings [32m200[0m 15.493 ms - -[0m
2025-06-01 16:38:29 info: [0mOPTIONS /api/v1/booking/activebookings [32m204[0m 0.319 ms - 0[0m
2025-06-01 16:38:29 info: [0mOPTIONS /api/v1/booking/activebookings [32m204[0m 0.161 ms - 0[0m
2025-06-01 16:38:29 info: [0mGET /api/v1/booking/activebookings [32m200[0m 11.246 ms - -[0m
2025-06-01 16:38:29 info: [0mGET /api/v1/booking/activebookings [32m200[0m 65.416 ms - -[0m
2025-06-01 16:39:09 info: [0mOPTIONS /api/v1/booking/activebookings [32m204[0m 0.791 ms - 0[0m
2025-06-01 16:39:09 info: [0mOPTIONS /api/v1/booking/activebookings [32m204[0m 0.259 ms - 0[0m
2025-06-01 16:39:09 info: [0mGET /api/v1/booking/activebookings [36m304[0m 10.090 ms - -[0m
2025-06-01 16:39:09 info: [0mGET /api/v1/booking/activebookings [36m304[0m 9.502 ms - -[0m
2025-06-01 16:43:50 info: [0mOPTIONS /api/v1/booking/activebookings [32m204[0m 0.191 ms - 0[0m
2025-06-01 16:43:50 info: [0mOPTIONS /api/v1/booking/activebookings [32m204[0m 0.324 ms - 0[0m
2025-06-01 16:43:50 info: [0mGET /api/v1/booking/activebookings [32m200[0m 27.151 ms - -[0m
2025-06-01 16:43:50 info: [0mGET /api/v1/booking/activebookings [32m200[0m 12.206 ms - -[0m
2025-06-01 16:45:13 info: [0mOPTIONS /api/v1/event/activeevents [32m204[0m 0.229 ms - 0[0m
2025-06-01 16:45:13 info: [0mOPTIONS /api/v1/event/activeevents [32m204[0m 0.352 ms - 0[0m
2025-06-01 16:45:13 info: [0mGET /api/v1/event/activeevents [36m304[0m 59.345 ms - -[0m
2025-06-01 16:45:13 info: [0mGET /api/v1/event/activeevents [36m304[0m 12.967 ms - -[0m
2025-06-01 16:45:17 info: [0mOPTIONS /api/v1/booking/activebookings [32m204[0m 2.621 ms - 0[0m
2025-06-01 16:45:17 info: [0mOPTIONS /api/v1/booking/activebookings [32m204[0m 0.374 ms - 0[0m
2025-06-01 16:45:17 info: [0mGET /api/v1/booking/activebookings [36m304[0m 7.551 ms - -[0m
2025-06-01 16:45:17 info: [0mGET /api/v1/booking/activebookings [36m304[0m 5.367 ms - -[0m
2025-06-01 17:05:32 info: [0mOPTIONS /api/v1/booking/activebookings [32m204[0m 0.325 ms - 0[0m
2025-06-01 17:05:32 info: [0mOPTIONS /api/v1/booking/activebookings [32m204[0m 0.208 ms - 0[0m
2025-06-01 17:05:32 info: [0mGET /api/v1/booking/activebookings [32m200[0m 13.291 ms - -[0m
2025-06-01 17:05:32 info: [0mGET /api/v1/booking/activebookings [32m200[0m 13.862 ms - -[0m
2025-06-01 17:05:44 info: [0mOPTIONS /api/v1/booking/activebookings [32m204[0m 0.179 ms - 0[0m
2025-06-01 17:05:44 info: [0mOPTIONS /api/v1/booking/activebookings [32m204[0m 0.131 ms - 0[0m
2025-06-01 17:05:44 info: [0mGET /api/v1/booking/activebookings [32m200[0m 9.933 ms - -[0m
2025-06-01 17:05:44 info: [0mGET /api/v1/booking/activebookings [32m200[0m 7.380 ms - -[0m
2025-06-01 17:07:12 info: 🚀 App listening on the port 8000. Current Env development.
2025-06-01 17:11:12 info: [0mGET /api/v1/booking/activebookings [32m200[0m 79.883 ms - -[0m
2025-06-01 17:11:21 error: StatusCode : 500, Message : insert into "bookings" ("booking_id", "date", "email_address", "event_id", "event_title", "location", "name", "notify_via_email_sms", "payment_method", "phone_number", "promo_code", "quantity", "terms_and_conditions", "ticket_type", "time", "venue_name") values ($1, $2, $3, $4, $5, $6, $7, $8, $9, $10, $11, $12, $13, $14, $15, $16) returning * - column "date" of relation "bookings" does not exist
2025-06-01 17:11:21 info: [0mPOST /api/v1/booking/insertbooking [31m500[0m 16.801 ms - 451[0m
2025-06-01 17:12:44 error: StatusCode : 500, Message : insert into "bookings" ("booking_status", "created_by", "email_address", "event_id", "is_active", "location", "name", "notes", "notify_via_email_sms", "payment_method", "phone_number", "promo_code", "quantity", "tags", "terms_and_conditions", "ticket_download_link", "ticket_price", "ticket_type", "total_amount") values ($1, $2, $3, $4, $5, $6, $7, $8, $9, $10, $11, $12, $13, $14, $15, $16, $17, $18, $19) returning * - invalid input syntax for type json
2025-06-01 17:12:44 info: [0mPOST /api/v1/booking/insertbooking [31m500[0m 12.358 ms - 510[0m
2025-06-01 17:13:23 error: StatusCode : 500, Message : insert into "bookings" ("booking_status", "created_by", "email_address", "event_id", "is_active", "location", "name", "notes", "notify_via_email_sms", "payment_method", "phone_number", "promo_code", "quantity", "tags", "terms_and_conditions", "ticket_download_link", "ticket_price", "ticket_type", "total_amount") values ($1, $2, $3, $4, $5, $6, $7, $8, $9, $10, $11, $12, $13, $14, $15, $16, $17, $18, $19) returning * - invalid input syntax for type json
2025-06-01 17:13:23 info: [0mPOST /api/v1/booking/insertbooking [31m500[0m 8.161 ms - 510[0m
2025-06-01 17:20:32 error: StatusCode : 500, Message : insert into "bookings" ("booking_status", "created_by", "email_address", "event_id", "is_active", "location", "name", "notes", "notify_via_email_sms", "payment_method", "phone_number", "promo_code", "quantity", "tags", "terms_and_conditions", "ticket_download_link", "ticket_price", "ticket_type", "total_amount") values ($1, $2, $3, $4, $5, $6, $7, $8, $9, $10, $11, $12, $13, $14, $15, $16, $17, $18, $19) returning * - invalid input syntax for type json
2025-06-01 17:20:32 info: [0mPOST /api/v1/booking/insertbooking [31m500[0m 6.592 ms - 510[0m
2025-06-01 17:21:06 error: StatusCode : 400, Message : Unexpected token ''', ..."  "tags": '["music","... is not valid JSON
2025-06-01 17:21:06 info: [0mPOST /api/v1/booking/insertbooking [33m400[0m 10.875 ms - 88[0m
2025-06-01 17:21:34 error: StatusCode : 400, Message : Unexpected token 'J', ..."  "tags": JSON.strin"... is not valid JSON
2025-06-01 17:21:34 info: [0mPOST /api/v1/booking/insertbooking [33m400[0m 1.864 ms - 86[0m
2025-06-01 17:23:40 error: StatusCode : 400, Message : Unexpected token ''', ..."  "tags": '["music","... is not valid JSON
2025-06-01 17:23:40 info: [0mPOST /api/v1/booking/insertbooking [33m400[0m 1.823 ms - 88[0m
2025-06-01 17:24:28 error: StatusCode : 400, Message : Unexpected token ''', ..."  "tags": '[\"music\"... is not valid JSON
2025-06-01 17:24:28 info: [0mPOST /api/v1/booking/insertbooking [33m400[0m 3.144 ms - 89[0m
2025-06-01 17:25:08 info: [0mPOST /api/v1/booking/insertbooking [32m201[0m 8.079 ms - 675[0m
2025-06-01 17:38:44 info: 🚀 App listening on the port 8000. Current Env development.
2025-06-01 17:38:59 info: 🚀 App listening on the port 8000. Current Env development.
2025-06-01 17:39:02 info: 🚀 App listening on the port 8000. Current Env development.
2025-06-01 17:39:39 info: 🚀 App listening on the port 8000. Current Env development.
2025-06-01 17:40:30 info: 🚀 App listening on the port 8000. Current Env development.
2025-06-01 17:41:09 info: 🚀 App listening on the port 8000. Current Env development.
2025-06-01 17:41:39 info: 🚀 App listening on the port 8000. Current Env development.
2025-06-01 17:46:13 info: 🚀 App listening on the port 8000. Current Env development.
2025-06-01 17:46:25 info: 🚀 App listening on the port 8000. Current Env development.
2025-06-01 17:46:44 info: 🚀 App listening on the port 8000. Current Env development.
2025-06-01 17:46:51 info: 🚀 App listening on the port 8000. Current Env development.
2025-06-01 17:46:52 error: StatusCode : 500, Message : ENOENT: no such file or directory, open 'D:\React Apps\Event Management\Event Management Backend\itw-backend\src\uploads\qr_codes\booking_7.png'
2025-06-01 17:46:52 info: [0mPOST /api/v1/booking/insertbooking [31m500[0m 146.045 ms - 166[0m
2025-06-01 17:47:42 error: StatusCode : 500, Message : ENOENT: no such file or directory, open 'D:\React Apps\Event Management\Event Management Backend\itw-backend\src\uploads\qr_codes\booking_8.png'
2025-06-01 17:47:42 info: [0mPOST /api/v1/booking/insertbooking [31m500[0m 45.722 ms - 166[0m
2025-06-01 17:47:44 error: StatusCode : 500, Message : ENOENT: no such file or directory, open 'D:\React Apps\Event Management\Event Management Backend\itw-backend\src\uploads\qr_codes\booking_9.png'
2025-06-01 17:47:44 info: [0mPOST /api/v1/booking/insertbooking [31m500[0m 26.853 ms - 166[0m
2025-06-01 17:48:00 info: 🚀 App listening on the port 8000. Current Env development.
2025-06-01 17:49:45 error: StatusCode : 500, Message : ENOENT: no such file or directory, open 'D:\React Apps\Event Management\Event Management Backend\itw-backend\src\uploads\qr_codes\booking_10.png'
2025-06-01 17:49:45 info: [0mPOST /api/v1/booking/insertbooking [31m500[0m 134.187 ms - 167[0m
2025-06-01 17:52:16 error: StatusCode : 500, Message : ENOENT: no such file or directory, open 'D:\React Apps\Event Management\Event Management Backend\itw-backend\src\uploads\qr_codes\booking_11.png'
2025-06-01 17:52:16 info: [0mPOST /api/v1/booking/insertbooking [31m500[0m 31.657 ms - 167[0m
2025-06-01 17:52:56 info: 🚀 App listening on the port 8000. Current Env development.
2025-06-01 17:53:48 info: [0mPOST /api/v1/booking/insertbooking [32m201[0m 132.897 ms - 822[0m
2025-06-01 17:58:50 info: 🚀 App listening on the port 8000. Current Env development.
2025-06-01 18:01:44 info: 🚀 App listening on the port 8000. Current Env development.
2025-06-01 18:03:20 info: 🚀 App listening on the port 8000. Current Env development.
2025-06-01 18:03:23 info: 🚀 App listening on the port 8000. Current Env development.
2025-06-01 18:03:35 info: 🚀 App listening on the port 8000. Current Env development.
2025-06-01 18:03:42 info: [0mPOST /api/v1/booking/insertbooking [32m201[0m 133.032 ms - 822[0m
2025-06-01 18:04:34 info: 🚀 App listening on the port 8000. Current Env development.
2025-06-01 18:04:50 info: 🚀 App listening on the port 8000. Current Env development.
2025-06-01 18:05:11 info: 🚀 App listening on the port 8000. Current Env development.
2025-06-01 18:05:14 error: StatusCode : 500, Message : (0 , email_1.sendBookingEmail) is not a function
2025-06-01 18:05:14 info: [0mPOST /api/v1/booking/insertbooking [31m500[0m 237.571 ms - 62[0m
2025-06-01 18:11:31 info: 🚀 App listening on the port 8000. Current Env development.
2025-06-01 18:11:32 error: StatusCode : 500, Message : (0 , email_1.sendBookingEmail) is not a function
2025-06-01 18:11:32 info: [0mPOST /api/v1/booking/insertbooking [31m500[0m 257.726 ms - 62[0m
2025-06-01 18:12:49 info: 🚀 App listening on the port 8000. Current Env development.
2025-06-01 18:13:17 info: 🚀 App listening on the port 8000. Current Env development.
2025-06-01 18:13:21 error: StatusCode : 500, Message : Failed to send email
2025-06-01 18:13:21 info: [0mPOST /api/v1/booking/insertbooking [31m500[0m 4016.883 ms - 34[0m
2025-06-01 18:13:56 info: 🚀 App listening on the port 8000. Current Env development.
2025-06-01 18:14:00 info: 🚀 App listening on the port 8000. Current Env development.
2025-06-01 18:14:32 info: 🚀 App listening on the port 8000. Current Env development.
2025-06-01 18:15:19 info: 🚀 App listening on the port 8000. Current Env development.
2025-06-01 19:10:48 info: 🚀 App listening on the port 8000. Current Env development.
2025-06-01 19:33:59 info: [0mOPTIONS /api/v1/booking/activebookings [32m204[0m 2.508 ms - 0[0m
2025-06-01 19:33:59 info: [0mOPTIONS /api/v1/booking/activebookings [32m204[0m 0.179 ms - 0[0m
2025-06-01 19:33:59 info: [0mGET /api/v1/booking/activebookings [36m304[0m 108.286 ms - -[0m
2025-06-01 19:33:59 info: [0mGET /api/v1/booking/activebookings [36m304[0m 6.740 ms - -[0m
2025-06-01 19:40:40 info: 🚀 App listening on the port 8000. Current Env development.
